
MIKRO5 (Client)	Tue Feb 15 13:42:56 2011
	Guardian starting: "C:\Program Files\Firebird\Firebird_2_5\bin\fbserver.exe"



MIKRO5 (Server)	Thu Mar 10 00:36:11 2011
	INET/inet_error: read errno = 10054


MIKRO5 (Server)	Thu Mar 10 02:45:33 2011
	INET/inet_error: read errno = 10054


MIKRO5 (Server)	Wed Mar 16 06:47:42 2011
	INET/select_wait: select failed, errno = 10013


MIKRO5 (Server)	Wed Mar 16 06:47:42 2011
	SRVR_multi_thread/RECEIVE: error on main_port, shutting down


MIKRO5 (Client)	Wed Mar 16 09:43:25 2011
	Guardian starting: "C:\Program Files\Firebird\Firebird_2_5\bin\fbserver.exe"



MIKRO5 (Server)	Wed Mar 16 16:14:25 2011
	INET/inet_error: read errno = 10054


MIKRO5 (Server)	Wed Mar 16 16:14:26 2011
	INET/inet_error: read errno = 10054


MIKRO5 (Server)	Wed Mar 16 16:14:26 2011
	INET/inet_error: read errno = 10054


MIKRO5 (Server)	Wed Mar 16 16:14:26 2011
	INET/inet_error: read errno = 10054


MIKRO5 (Server)	Wed Mar 16 16:14:26 2011
	INET/inet_error: read errno = 10054


MIKRO5 (Server)	Wed Mar 30 09:46:18 2011
	INET/select_wait: select failed, errno = 10013


MIKRO5 (Server)	Wed Mar 30 09:46:18 2011
	SRVR_multi_thread/RECEIVE: error on main_port, shutting down


MIKRO5 (Client)	Wed Mar 30 09:57:12 2011
	INET/inet_error: connect errno = 10061


MIKRO5 (Client)	Wed Mar 30 09:57:15 2011
	INET/inet_error: connect errno = 10061


MIKRO5 (Client)	Wed Mar 30 09:58:59 2011
	INET/inet_error: connect errno = 10061


MIKRO5 (Client)	Wed Mar 30 09:59:02 2011
	INET/inet_error: connect errno = 10061


MIKRO5 (Client)	Wed Mar 30 09:59:13 2011
	INET/inet_error: connect errno = 10061


MIKRO5 (Client)	Wed Mar 30 09:59:15 2011
	INET/inet_error: connect errno = 10061


MIKRO5 (Client)	Wed Mar 30 10:02:13 2011
	Guardian starting: "C:\Program Files\Firebird\Firebird_2_5\bin\fbserver.exe"



MIKRO5 (Client)	Wed Mar 30 10:09:44 2011
	Guardian starting: "C:\Program Files\Firebird\Firebird_2_5\bin\fbserver.exe"



MIKRO5 (Server)	Tue Apr 12 10:34:44 2011
	Shutting down the server with 3 active connection(s) to 1 database(s), 0 active service(s)


MIKRO5 (Client)	Tue Apr 12 10:34:59 2011
	Guardian starting: "C:\Program Files\Firebird\Firebird_2_5\bin\fbserver.exe"



MIKRO5 (Server)	Mon May 09 13:51:20 2011
	INET/select_wait: select failed, errno = 10013


MIKRO5 (Server)	Mon May 09 13:51:20 2011
	SRVR_multi_thread/RECEIVE: error on main_port, shutting down


MIKRO5 (Client)	Mon May 09 14:07:02 2011
	Guardian starting: "C:\Program Files\Firebird\Firebird_2_5\bin\fbserver.exe"


