select(6, [0 5], NULL, NULL, {16, 103000}) = 0 (Timeout)
time(NULL)                              = 1180527194
select(6, [0 5], NULL, NULL, {60, 0})   = 0 (Timeout)
time(NULL)                              = 1180527254
select(6, [0 5], NULL, NULL, {60, 0})   = 1 (in [0], left {13, 500000})
uname({sys="Linux", node="512092serv", ...}) = 0
accept(0, {sa_family=AF_INET, sin_port=htons(42424), sin_addr=inet_addr("127.0.0.1")}, [16]) = 1
setsockopt(1, SOL_SOCKET, SO_KEEPALIVE, [1], 4) = 0
time(NULL)                              = 1180527301
select(6, [0 1 5], NULL, NULL, {60, 0}) = 1 (in [1], left {60, 0})
select(2, [1], NULL, NULL, {180, 0})    = 1 (in [1], left {180, 0})
recv(1, "\0\0\0\1\0\0\0\23\0\0\0\2\0\0\0$\0\0\0\36/var/opt/thg"..., 8192, 0) = 120
futex(0x832d388, FUTEX_WAKE, 1)         = 1
futex(0xb7fe07ac, 0x4 /* FUTEX_??? */, 1) = 1
futex(0xb7fe0790, FUTEX_WAKE, 1)        = 1
futex(0x8334cdc, FUTEX_WAKE, 1)         = 1
time(NULL)                              = 1180527301
select(6, [0 1 5], NULL, NULL, {60, 0}) = 1 (in [1], left {60, 0})
select(2, [1], NULL, NULL, NULL)        = 1 (in [1])
recv(1, "\0\0\0\23\0\0\0\0\0\0\0\36/var/opt/thgg/data/t"..., 8192, 0) = 84
futex(0x832d388, FUTEX_WAKE, 1)         = 1
futex(0xb7fd7c7c, 0x4 /* FUTEX_??? */, 1) = 1
futex(0xb7fd7c60, FUTEX_WAKE, 1)        = 1
futex(0x8334cdc, FUTEX_WAKE, 1)         = 1
time(NULL)                              = 1180527301
select(6, [0 1 5], NULL, NULL, {60, 0}) = 1 (in [1], left {59, 987000})
select(2, [1], NULL, NULL, NULL)        = 1 (in [1])
recv(1, "\0\0\0\35\0\0\0\0\0\0\0\6\3\t\17\21\6\3\0\0", 8192, 0) = 20
futex(0x832d388, FUTEX_WAKE, 1)         = 1
futex(0xb7fe07ac, 0x4 /* FUTEX_??? */, 1) = 1
futex(0xb7fe0790, FUTEX_WAKE, 1)        = 1
futex(0x8334cdc, FUTEX_WAKE, 1)         = 1
time(NULL)                              = 1180527301
select(6, [0 1 5], NULL, NULL, {60, 0}) = 1 (in [1], left {60, 0})
select(2, [1], NULL, NULL, NULL)        = 1 (in [1])
recv(1, "\0\0\0>\0\0\0\0", 8192, 0)     = 8
futex(0x832d388, FUTEX_WAKE, 1)         = 1
time(NULL)                              = 1180527301
select(6, [0 1 5], NULL, NULL, {60, 0}) = 1 (in [1], left {60, 0})
select(2, [1], NULL, NULL, NULL)        = 1 (in [1])
recv(1, "\0\0\0D\0\0\0\1\0\0\0\2\0\0\0\1\0\0\0[\nselect max("..., 8192, 0) = 132
futex(0x832d388, FUTEX_WAKE, 1)         = 1
futex(0xb7fd7c7c, 0x4 /* FUTEX_??? */, 1) = 1
futex(0xb7fd7c60, FUTEX_WAKE, 1)        = 1
futex(0x8334cdc, FUTEX_WAKE, 1)         = 1
futex(0xb7fe07ac, FUTEX_WAIT, 15783, NULL) = -1 EAGAIN (Resource temporarily unavailable)
futex(0xb7fe0790, FUTEX_WAKE, 1)        = 0
futex(0xb7fd7c7c, 0x4 /* FUTEX_??? */, 1) = 1
futex(0xb7fd7c60, FUTEX_WAKE, 1)        = 1
futex(0x8334cdc, FUTEX_WAKE, 1)         = 1
time(NULL)                              = 1180527301
select(6, [0 1 5], NULL, NULL, {60, 0}) = 1 (in [1], left {60, 0})
select(2, [1], NULL, NULL, NULL)        = 1 (in [1])
recv(1, "\0\0\0F\0\0\0\2\0\0\0\0\0\0\0\1\25\0\0\0\0\0\0\10", 8192, 0) = 24
futex(0x832d388, FUTEX_WAKE, 1)         = 1
time(NULL)                              = 1180527301
select(6, [0 1 5], NULL, NULL, {60, 0}) = 1 (in [1], left {60, 0})
select(2, [1], NULL, NULL, NULL)        = 1 (in [1])
recv(1, "\0\0\0F\0\0\0\2\0\0\0\0\0\0\0\f\5\7\t\v\f\r\16\20\21\22"..., 8192, 0) = 32
futex(0x832d388, FUTEX_WAKE, 1)         = 1
futex(0xb7fe07ac, 0x4 /* FUTEX_??? */, 1) = 1
futex(0xb7fe0790, FUTEX_WAKE, 1)        = 1
futex(0x8334cdc, FUTEX_WAKE, 1)         = 1
time(NULL)                              = 1180527301
select(6, [0 1 5], NULL, NULL, {60, 0}) = 1 (in [1], left {60, 0})
select(2, [1], NULL, NULL, NULL)        = 1 (in [1])
recv(1, "\0\0\0?\0\0\0\2\0\0\0\1\0\0\0\r\4\2\4\0\2\0\16\20\0\7\0"..., 8192, 0) = 60
futex(0x832d388, FUTEX_WAKE, 1)         = 1
time(NULL)                              = 1180527301
select(6, [0 1 5], NULL, NULL, {60, 0}) = 1 (in [1], left {59, 999000})
select(2, [1], NULL, NULL, NULL)        = 1 (in [1])
recv(1, "\0\0\0A\0\0\0\2\0\0\0\f\4\2\4\0\2\0\10\0\7\0\377L\0\0\0"..., 8192, 0) = 32
futex(0x832d388, FUTEX_WAKE, 1)         = 1
futex(0xb7fd7c7c, 0x4 /* FUTEX_??? */, 1) = 1
futex(0xb7fd7c60, FUTEX_WAKE, 1)        = 1
futex(0x8334cdc, FUTEX_WAKE, 1)         = 1
time(NULL)                              = 1180527301
select(6, [0 1 5], NULL, NULL, {60, 0}) = 1 (in [1], left {60, 0})
select(2, [1], NULL, NULL, NULL)        = 1 (in [1])
recv(1, "\0\0\0\36\0\0\0\1", 8192, 0)   = 8
futex(0x832d388, FUTEX_WAKE, 1)         = 1
time(NULL)                              = 1180527301
select(6, [0 1 5], NULL, NULL, {60, 0}) = 1 (in [1], left {60, 0})
select(2, [1], NULL, NULL, NULL)        = 1 (in [1])
recv(1, "\0\0\0C\0\0\0\2\0\0\0\2", 8192, 0) = 12
futex(0x832d388, FUTEX_WAKE, 1)         = 1
futex(0xb7fe07ac, 0x4 /* FUTEX_??? */, 1) = 1
futex(0xb7fe0790, FUTEX_WAKE, 1)        = 1
futex(0x8334cdc, FUTEX_WAKE, 1)         = 1
time(NULL)                              = 1180527301
select(6, [0 1 5], NULL, NULL, {60, 0}) = 1 (in [1], left {60, 0})
select(2, [1], NULL, NULL, NULL)        = 1 (in [1])
recv(1, "\0\0\0\25\0\0\0\0", 8192, 0)   = 8
futex(0x832d388, FUTEX_WAKE, 1)         = 1
time(NULL)                              = 1180527301
select(6, [0 1 5], NULL, NULL, {60, 0}) = 1 (in [1], left {59, 993000})
select(2, [1], NULL, NULL, NULL)        = 1 (in [1])
recv(1, "\0\0\0\6", 8192, 0)            = 4
futex(0x832d388, FUTEX_WAKE, 1)         = 1
futex(0xb7fe07ac, 0x4 /* FUTEX_??? */, 1) = 1
futex(0xb7fe0790, FUTEX_WAKE, 1)        = 1
futex(0x8334cdc, FUTEX_WAKE, 1)         = 1
time(NULL)                              = 1180527301
select(6, [0 5], NULL, NULL, {60, 0})   = 1 (in [0], left {59, 999000})
uname({sys="Linux", node="512092serv", ...}) = 0
accept(0, {sa_family=AF_INET, sin_port=htons(42426), sin_addr=inet_addr("127.0.0.1")}, [16]) = 1
setsockopt(1, SOL_SOCKET, SO_KEEPALIVE, [1], 4) = 0
time(NULL)                              = 1180527301
select(6, [0 1 5], NULL, NULL, {60, 0}) = 1 (in [1], left {60, 0})
select(2, [1], NULL, NULL, {180, 0})    = 1 (in [1], left {180, 0})
recv(1, "\0\0\0\1\0\0\0\23\0\0\0\2\0\0\0$\0\0\0\36/var/opt/thg"..., 8192, 0) = 120
futex(0x832d388, FUTEX_WAKE, 1)         = 1
time(NULL)                              = 1180527301
select(6, [0 1 5], NULL, NULL, {60, 0}) = 1 (in [1], left {60, 0})
select(2, [1], NULL, NULL, NULL)        = 1 (in [1])
recv(1, "\0\0\0\23\0\0\0\0\0\0\0\36/var/opt/thgg/data/t"..., 8192, 0) = 84
futex(0x832d388, FUTEX_WAKE, 1)         = 1
futex(0xb7fd7c7c, 0x4 /* FUTEX_??? */, 1) = 1
futex(0xb7fd7c60, FUTEX_WAKE, 1)        = 1
futex(0x8334cdc, FUTEX_WAKE, 1)         = 1
time(NULL)                              = 1180527301
select(6, [0 1 5], NULL, NULL, {60, 0}) = 1 (in [1], left {59, 989000})
select(2, [1], NULL, NULL, NULL)        = 1 (in [1])
recv(1, "\0\0\0\35\0\0\0\0\0\0\0\6\3\t\17\21\6\3\0\0", 8192, 0) = 20
futex(0x832d388, FUTEX_WAKE, 1)         = 1
time(NULL)                              = 1180527301
select(6, [0 1 5], NULL, NULL, {60, 0}) = 1 (in [1], left {60, 0})
select(2, [1], NULL, NULL, NULL)        = 1 (in [1])
recv(1, "\0\0\0>\0\0\0\0", 8192, 0)     = 8
futex(0x832d388, FUTEX_WAKE, 1)         = 1
time(NULL)                              = 1180527301
select(6, [0 1 5], NULL, NULL, {60, 0}) = 1 (in [1], left {59, 999000})
select(2, [1], NULL, NULL, NULL)        = 1 (in [1])
recv(1, "\0\0\0D\0\0\0\1\0\0\0\2\0\0\0\1\0\0\3!\nselect a.co"..., 8192, 0) = 844
futex(0x832d388, FUTEX_WAKE, 1)         = 1
time(NULL)                              = 1180527301
select(6, [0 1 5], NULL, NULL, {60, 0}) = 1 (in [1], left {59, 993000})
select(2, [1], NULL, NULL, NULL)        = 1 (in [1])
recv(1, "\0\0\0F\0\0\0\2\0\0\0\0\0\0\0\1\25\0\0\0\0\0\0\10", 8192, 0) = 24
futex(0x832d388, FUTEX_WAKE, 1)         = 1
time(NULL)                              = 1180527301
select(6, [0 1 5], NULL, NULL, {60, 0}) = 1 (in [1], left {60, 0})
select(2, [1], NULL, NULL, NULL)        = 1 (in [1])
recv(1, "\0\0\0F\0\0\0\2\0\0\0\0\0\0\0\f\5\7\t\v\f\r\16\20\21\22"..., 8192, 0) = 32
futex(0x832d388, FUTEX_WAKE, 1)         = 1
time(NULL)                              = 1180527301
select(6, [0 1 5], NULL, NULL, {60, 0}) = 1 (in [1], left {60, 0})
select(2, [1], NULL, NULL, NULL)        = 1 (in [1])
recv(1, "\0\0\0?\0\0\0\2\0\0\0\1\0\0\0\f\4\2\4\0\2\0\10\0\7\0\377"..., 8192, 0) = 44
futex(0x832d388, FUTEX_WAKE, 1)         = 1
time(NULL)                              = 1180527301
select(6, [0 1 5], NULL, NULL, {60, 0}) = 1 (in [1], left {60, 0})
select(2, [1], NULL, NULL, NULL)        = 1 (in [1])
recv(1, "\0\0\0A\0\0\0\2\0\0\0G\4\2\4\0 \0\10\0\7\0\10\0\7\0#\7"..., 8192, 0) = 92
futex(0x832d388, FUTEX_WAKE, 1)         = 1
time(NULL)                              = 1180527301
select(6, [0 1 5], NULL, NULL, {60, 0}) = 1 (in [1], left {60, 0})
select(2, [1], NULL, NULL, NULL)        = 1 (in [1])
recv(1, "\0\0\0C\0\0\0\2\0\0\0\1", 8192, 0) = 12
futex(0x832d388, FUTEX_WAKE, 1)         = 1
time(NULL)                              = 1180527301
select(6, [0 1 5], NULL, NULL, {60, 0}) = 1 (in [1], left {60, 0})
select(2, [1], NULL, NULL, NULL)        = 1 (in [1])
recv(1, "\0\0\0>\0\0\0\0", 8192, 0)     = 8
futex(0x832d388, FUTEX_WAKE, 1)         = 1
time(NULL)                              = 1180527301
select(6, [0 1 5], NULL, NULL, {60, 0}) = 1 (in [1], left {59, 999000})
select(2, [1], NULL, NULL, NULL)        = 1 (in [1])
recv(1, "\0\0\0D\0\0\0\1\0\0\0\3\0\0\0\1\0\0\0000select max(C"..., 8192, 0) = 88
futex(0x832d388, FUTEX_WAKE, 1)         = 1
time(NULL)                              = 1180527301
select(6, [0 1 5], NULL, NULL, {60, 0}) = 1 (in [1], left {60, 0})
select(2, [1], NULL, NULL, NULL)        = 1 (in [1])
recv(1, "\0\0\0F\0\0\0\3\0\0\0\0\0\0\0\1\25\0\0\0\0\0\0\10", 8192, 0) = 24
futex(0x832d388, FUTEX_WAKE, 1)         = 1
time(NULL)                              = 1180527301
select(6, [0 1 5], NULL, NULL, {60, 0}) = 1 (in [1], left {60, 0})
select(2, [1], NULL, NULL, NULL)        = 1 (in [1])
recv(1, "\0\0\0F\0\0\0\3\0\0\0\0\0\0\0\f\5\7\t\v\f\r\16\20\21\22"..., 8192, 0) = 32
futex(0x832d388, FUTEX_WAKE, 1)         = 1
time(NULL)                              = 1180527301
select(6, [0 1 5], NULL, NULL, {60, 0}) = 1 (in [1], left {60, 0})
select(2, [1], NULL, NULL, NULL)        = 1 (in [1])
recv(1, "\0\0\0?\0\0\0\3\0\0\0\1\0\0\0\0\0\0\0\0\0\0\0\0", 8192, 0) = 24
futex(0x832d388, FUTEX_WAKE, 1)         = 1
time(NULL)                              = 1180527301
select(6, [0 1 5], NULL, NULL, {60, 0}) = 1 (in [1], left {60, 0})
select(2, [1], NULL, NULL, NULL)        = 1 (in [1])
recv(1, "\0\0\0A\0\0\0\3\0\0\0\f\4\2\4\0\2\0\10\0\7\0\377L\0\0\0"..., 8192, 0) = 32
futex(0x832d388, FUTEX_WAKE, 1)         = 1
time(NULL)                              = 1180527301
select(6, [0 1 5], NULL, NULL, {60, 0}) = 1 (in [1], left {59, 452000})
select(2, [1], NULL, NULL, NULL)        = 1 (in [1])
recv(1, "\0\0\0C\0\0\0\3\0\0\0\1", 8192, 0) = 12
time(NULL)                              = 1180527301
select(6, [0 1 5], NULL, NULL, {60, 0}) = 1 (in [1], left {60, 0})
select(2, [1], NULL, NULL, NULL)        = 1 (in [1])
recv(1, "\0\0\0>\0\0\0\0", 8192, 0)     = 8
time(NULL)                              = 1180527301
select(6, [0 1 5], NULL, NULL, {60, 0}) = 1 (in [1], left {59, 999000})
select(2, [1], NULL, NULL, NULL)        = 1 (in [1])
recv(1, "\0\0\0D\0\0\0\1\0\0\0\4\0\0\0\1\0\0\0kUPDATE NM_LE"..., 8192, 0) = 148
time(NULL)                              = 1180527301
select(6, [0 1 5], NULL, NULL, {60, 0}) = 1 (in [1], left {59, 999000})
select(2, [1], NULL, NULL, NULL)        = 1 (in [1])
recv(1, "\0\0\0F\0\0\0\4\0\0\0\0\0\0\0\1\25\0\0\0\0\0\0\10", 8192, 0) = 24
time(NULL)                              = 1180527301
select(6, [0 1 5], NULL, NULL, {60, 0}) = 1 (in [1], left {60, 0})
select(2, [1], NULL, NULL, NULL)        = 1 (in [1])
recv(1, "\0\0\0F\0\0\0\4\0\0\0\0\0\0\0\f\5\7\t\v\f\r\16\20\21\22"..., 8192, 0) = 32
time(NULL)                              = 1180527301
select(6, [0 1 5], NULL, NULL, {60, 0}) = 1 (in [1], left {59, 999000})
select(2, [1], NULL, NULL, NULL)        = 1 (in [1])
recv(1, "\0\0\0?\0\0\0\4\0\0\0\1\0\0\0\0\0\0\0\0\0\0\0\0", 8192, 0) = 24
time(NULL)                              = 1180527301
select(6, [0 1 5], NULL, NULL, {60, 0}) = 1 (in [1], left {60, 0})
select(2, [1], NULL, NULL, NULL)        = 1 (in [1])
recv(1, "\0\0\0\36\0\0\0\1", 8192, 0)   = 8
time(NULL)                              = 1180527301
select(6, [0 1 5], NULL, NULL, {60, 0}) = 1 (in [1], left {60, 0})
select(2, [1], NULL, NULL, NULL)        = 1 (in [1])
recv(1, "\0\0\0C\0\0\0\4\0\0\0\2", 8192, 0) = 12
time(NULL)                              = 1180527301
select(6, [0 1 5], NULL, NULL, {60, 0}) = 1 (in [1], left {60, 0})
select(2, [1], NULL, NULL, NULL)        = 1 (in [1])
recv(1, "\0\0\0C\0\0\0\3\0\0\0\2", 8192, 0) = 12
time(NULL)                              = 1180527301
select(6, [0 1 5], NULL, NULL, {60, 0}) = 1 (in [1], left {60, 0})
select(2, [1], NULL, NULL, NULL)        = 1 (in [1])
recv(1, "\0\0\0C\0\0\0\2\0\0\0\2", 8192, 0) = 12
time(NULL)                              = 1180527301
select(6, [0 1 5], NULL, NULL, {60, 0}) = 1 (in [1], left {60, 0})
select(2, [1], NULL, NULL, NULL)        = 1 (in [1])
recv(1, "\0\0\0\35\0\0\0\0\0\0\0\6\3\t\17\21\6\3\0\0", 8192, 0) = 20
time(NULL)                              = 1180527301
select(6, [0 1 5], NULL, NULL, {60, 0}) = 1 (in [1], left {59, 999000})
select(2, [1], NULL, NULL, NULL)        = 1 (in [1])
recv(1, "\0\0\0>\0\0\0\0", 8192, 0)     = 8
time(NULL)                              = 1180527301
select(6, [0 1 5], NULL, NULL, {60, 0}) = 1 (in [1], left {60, 0})
select(2, [1], NULL, NULL, NULL)        = 1 (in [1])
recv(1, "\0\0\0D\0\0\0\1\0\0\0\2\0\0\0\1\0\0\0[\nselect max("..., 8192, 0) = 132
time(NULL)                              = 1180527301
select(6, [0 1 5], NULL, NULL, {60, 0}) = 1 (in [1], left {59, 999000})
select(2, [1], NULL, NULL, NULL)        = 1 (in [1])
recv(1, "\0\0\0F\0\0\0\2\0\0\0\0\0\0\0\1\25\0\0\0\0\0\0\10", 8192, 0) = 24
time(NULL)                              = 1180527301
select(6, [0 1 5], NULL, NULL, {60, 0}) = 1 (in [1], left {60, 0})
select(2, [1], NULL, NULL, NULL)        = 1 (in [1])
recv(1, "\0\0\0F\0\0\0\2\0\0\0\0\0\0\0\f\5\7\t\v\f\r\16\20\21\22"..., 8192, 0) = 32
time(NULL)                              = 1180527301
select(6, [0 1 5], NULL, NULL, {60, 0}) = 1 (in [1], left {60, 0})
select(2, [1], NULL, NULL, NULL)        = 1 (in [1])
recv(1, "\0\0\0?\0\0\0\2\0\0\0\1\0\0\0\r\4\2\4\0\2\0\16\7\0\7\0"..., 8192, 0) = 52
time(NULL)                              = 1180527301
select(6, [0 1 5], NULL, NULL, {60, 0}) = 1 (in [1], left {60, 0})
select(2, [1], NULL, NULL, NULL)        = 1 (in [1])
recv(1, "\0\0\0A\0\0\0\2\0\0\0\f\4\2\4\0\2\0\10\0\7\0\377L\0\0\0"..., 8192, 0) = 32
time(NULL)                              = 1180527301
select(6, [0 1 5], NULL, NULL, {60, 0}) = 1 (in [1], left {60, 0})
select(2, [1], NULL, NULL, NULL)        = 1 (in [1])
recv(1, "\0\0\0\36\0\0\0\1", 8192, 0)   = 8
time(NULL)                              = 1180527301
select(6, [0 1 5], NULL, NULL, {60, 0}) = 1 (in [1], left {60, 0})
select(2, [1], NULL, NULL, NULL)        = 1 (in [1])
recv(1, "\0\0\0C\0\0\0\2\0\0\0\2", 8192, 0) = 12
time(NULL)                              = 1180527301
select(6, [0 1 5], NULL, NULL, {60, 0}) = 1 (in [1], left {60, 0})
select(2, [1], NULL, NULL, NULL)        = 1 (in [1])
recv(1, "\0\0\0\25\0\0\0\0", 8192, 0)   = 8
time(NULL)                              = 1180527301
select(6, [0 1 5], NULL, NULL, {60, 0}) = 2 (in [0 1], left {59, 994000})
uname({sys="Linux", node="512092serv", ...}) = 0
accept(0, {sa_family=AF_INET, sin_port=htons(42427), sin_addr=inet_addr("127.0.0.1")}, [16]) = 3
setsockopt(3, SOL_SOCKET, SO_KEEPALIVE, [1], 4) = 0
select(2, [1], NULL, NULL, NULL)        = 1 (in [1])
recv(1, "\0\0\0\6", 8192, 0)            = 4
futex(0x832d388, FUTEX_WAKE, 1)         = 1
futex(0xb7fe07ac, 0x4 /* FUTEX_??? */, 1) = 1
futex(0xb7fe0790, FUTEX_WAKE, 1)        = 1
futex(0x8334cdc, FUTEX_WAKE, 1)         = 1
time(NULL)                              = 1180527301
select(6, [0 3 5], NULL, NULL, {60, 0}) = 1 (in [3], left {60, 0})
select(4, [3], NULL, NULL, {180, 0})    = 1 (in [3], left {180, 0})
recv(3, "\0\0\0\1\0\0\0\23\0\0\0\2\0\0\0$\0\0\0\36/var/opt/thg"..., 8192, 0) = 120
futex(0x832d388, FUTEX_WAKE, 1)         = 1
futex(0xb7fd7c7c, 0x4 /* FUTEX_??? */, 1) = 1
futex(0xb7fd7c60, FUTEX_WAKE, 1)        = 1
futex(0x8334cdc, FUTEX_WAKE, 1)         = 1
futex(0xb7fe07ac, FUTEX_WAIT, 15805, NULL) = -1 EAGAIN (Resource temporarily unavailable)
futex(0xb7fe0790, FUTEX_WAKE, 1)        = 0
futex(0xb7fd7c7c, 0x4 /* FUTEX_??? */, 1) = 1
futex(0xb7fd7c60, FUTEX_WAKE, 1)        = 1
futex(0x8334cdc, FUTEX_WAKE, 1)         = 1
time(NULL)                              = 1180527301
select(6, [0 3 5], NULL, NULL, {60, 0}) = 1 (in [3], left {60, 0})
select(4, [3], NULL, NULL, NULL)        = 1 (in [3])
recv(3, "\0\0\0\23\0\0\0\0\0\0\0\36/var/opt/thgg/data/t"..., 8192, 0) = 84
futex(0x832d388, FUTEX_WAKE, 1)         = 1
futex(0xb7fe07ac, 0x4 /* FUTEX_??? */, 1) = 1
futex(0xb7fe0790, FUTEX_WAKE, 1)        = 1
futex(0x8334cdc, FUTEX_WAKE, 1)         = 1
time(NULL)                              = 1180527301
select(6, [0 3 5], NULL, NULL, {60, 0}) = 1 (in [3], left {59, 988000})
select(4, [3], NULL, NULL, NULL)        = 1 (in [3])
recv(3, "\0\0\0\35\0\0\0\0\0\0\0\6\3\t\17\21\6\3\0\0", 8192, 0) = 20
time(NULL)                              = 1180527301
select(6, [0 3 5], NULL, NULL, {60, 0}) = 1 (in [3], left {60, 0})
select(4, [3], NULL, NULL, NULL)        = 1 (in [3])
recv(3, "\0\0\0>\0\0\0\0", 8192, 0)     = 8
time(NULL)                              = 1180527301
select(6, [0 3 5], NULL, NULL, {60, 0}) = 1 (in [3], left {59, 999000})
select(4, [3], NULL, NULL, NULL)        = 1 (in [3])
recv(3, "\0\0\0D\0\0\0\1\0\0\0\2\0\0\0\1\0\0\0023\nselect c.co"..., 8192, 0) = 604
time(NULL)                              = 1180527301
select(6, [0 3 5], NULL, NULL, {60, 0}) = 1 (in [3], left {59, 993000})
select(4, [3], NULL, NULL, NULL)        = 1 (in [3])
recv(3, "\0\0\0F\0\0\0\2\0\0\0\0\0\0\0\1\25\0\0\0\0\0\0\10", 8192, 0) = 24
time(NULL)                              = 1180527301
select(6, [0 3 5], NULL, NULL, {60, 0}) = 1 (in [3], left {60, 0})
select(4, [3], NULL, NULL, NULL)        = 1 (in [3])
recv(3, "\0\0\0F\0\0\0\2\0\0\0\0\0\0\0\f\5\7\t\v\f\r\16\20\21\22"..., 8192, 0) = 32
time(NULL)                              = 1180527301
select(6, [0 3 5], NULL, NULL, {60, 0}) = 1 (in [3], left {60, 0})
select(4, [3], NULL, NULL, NULL)        = 1 (in [3])
recv(3, "\0\0\0?\0\0\0\2\0\0\0\1\0\0\0\f\4\2\4\0\2\0\10\0\7\0\377"..., 8192, 0) = 44
time(NULL)                              = 1180527301
select(6, [0 3 5], NULL, NULL, {60, 0}) = 1 (in [3], left {60, 0})
select(4, [3], NULL, NULL, NULL)        = 1 (in [3])
recv(3, "\0\0\0A\0\0\0\2\0\0\0;\4\2\4\0\32\0\10\0\7\0\10\0\7\0#"..., 8192, 0) = 80
time(NULL)                              = 1180527301
select(6, [0 3 5], NULL, NULL, {60, 0}) = 1 (in [3], left {60, 0})
select(4, [3], NULL, NULL, NULL)        = 1 (in [3])
recv(3, "\0\0\0C\0\0\0\2\0\0\0\1", 8192, 0) = 12
time(NULL)                              = 1180527301
select(6, [0 3 5], NULL, NULL, {60, 0}) = 1 (in [3], left {60, 0})
select(4, [3], NULL, NULL, NULL)        = 1 (in [3])
recv(3, "\0\0\0>\0\0\0\0", 8192, 0)     = 8
time(NULL)                              = 1180527301
select(6, [0 3 5], NULL, NULL, {60, 0}) = 1 (in [3], left {60, 0})
select(4, [3], NULL, NULL, NULL)        = 1 (in [3])
recv(3, "\0\0\0D\0\0\0\1\0\0\0\3\0\0\0\1\0\0\0\"select max(C"..., 8192, 0) = 76
time(NULL)                              = 1180527301
select(6, [0 3 5], NULL, NULL, {60, 0}) = 1 (in [3], left {60, 0})
select(4, [3], NULL, NULL, NULL)        = 1 (in [3])
recv(3, "\0\0\0F\0\0\0\3\0\0\0\0\0\0\0\1\25\0\0\0\0\0\0\10", 8192, 0) = 24
time(NULL)                              = 1180527301
select(6, [0 3 5], NULL, NULL, {60, 0}) = 1 (in [3], left {60, 0})
select(4, [3], NULL, NULL, NULL)        = 1 (in [3])
recv(3, "\0\0\0F\0\0\0\3\0\0\0\0\0\0\0\f\5\7\t\v\f\r\16\20\21\22"..., 8192, 0) = 32
time(NULL)                              = 1180527301
select(6, [0 3 5], NULL, NULL, {60, 0}) = 1 (in [3], left {60, 0})
select(4, [3], NULL, NULL, NULL)        = 1 (in [3])
recv(3, "\0\0\0?\0\0\0\3\0\0\0\1\0\0\0\0\0\0\0\0\0\0\0\0", 8192, 0) = 24
time(NULL)                              = 1180527301
select(6, [0 3 5], NULL, NULL, {60, 0}) = 1 (in [3], left {59, 999000})
select(4, [3], NULL, NULL, NULL)        = 1 (in [3])
recv(3, "\0\0\0A\0\0\0\3\0\0\0\f\4\2\4\0\2\0\10\0\7\0\377L\0\0\0"..., 8192, 0) = 32
time(NULL)                              = 1180527301
select(6, [0 3 5], NULL, NULL, {60, 0}) = 1 (in [3], left {58, 716000})
select(4, [3], NULL, NULL, NULL)        = 1 (in [3])
recv(3, "\0\0\0C\0\0\0\3\0\0\0\1", 8192, 0) = 12
time(NULL)                              = 1180527303
select(6, [0 3 5], NULL, NULL, {60, 0}) = 1 (in [3], left {60, 0})
select(4, [3], NULL, NULL, NULL)        = 1 (in [3])
recv(3, "\0\0\0>\0\0\0\0", 8192, 0)     = 8
time(NULL)                              = 1180527303
select(6, [0 3 5], NULL, NULL, {60, 0}) = 1 (in [3], left {60, 0})
select(4, [3], NULL, NULL, NULL)        = 1 (in [3])
recv(3, "\0\0\0D\0\0\0\1\0\0\0\4\0\0\0\1\0\0\0cUPDATE NM_LE"..., 8192, 0) = 140
time(NULL)                              = 1180527303
select(6, [0 3 5], NULL, NULL, {60, 0}) = 1 (in [3], left {59, 999000})
select(4, [3], NULL, NULL, NULL)        = 1 (in [3])
recv(3, "\0\0\0F\0\0\0\4\0\0\0\0\0\0\0\1\25\0\0\0\0\0\0\10", 8192, 0) = 24
time(NULL)                              = 1180527303
select(6, [0 3 5], NULL, NULL, {60, 0}) = 1 (in [3], left {60, 0})
select(4, [3], NULL, NULL, NULL)        = 1 (in [3])
recv(3, "\0\0\0F\0\0\0\4\0\0\0\0\0\0\0\f\5\7\t\v\f\r\16\20\21\22"..., 8192, 0) = 32
time(NULL)                              = 1180527303
select(6, [0 3 5], NULL, NULL, {60, 0}) = 1 (in [3], left {60, 0})
select(4, [3], NULL, NULL, NULL)        = 1 (in [3])
recv(3, "\0\0\0?\0\0\0\4\0\0\0\1\0\0\0\0\0\0\0\0\0\0\0\0", 8192, 0) = 24
time(NULL)                              = 1180527303
select(6, [0 3 5], NULL, NULL, {60, 0}) = 1 (in [3], left {60, 0})
select(4, [3], NULL, NULL, NULL)        = 1 (in [3])
recv(3, "\0\0\0\36\0\0\0\1", 8192, 0)   = 8
time(NULL)                              = 1180527303
select(6, [0 3 5], NULL, NULL, {60, 0}) = 1 (in [3], left {60, 0})
select(4, [3], NULL, NULL, NULL)        = 1 (in [3])
recv(3, "\0\0\0C\0\0\0\4\0\0\0\2", 8192, 0) = 12
time(NULL)                              = 1180527303
select(6, [0 3 5], NULL, NULL, {60, 0}) = 1 (in [3], left {60, 0})
select(4, [3], NULL, NULL, NULL)        = 1 (in [3])
recv(3, "\0\0\0C\0\0\0\3\0\0\0\2", 8192, 0) = 12
time(NULL)                              = 1180527303
select(6, [0 3 5], NULL, NULL, {60, 0}) = 1 (in [3], left {59, 999000})
select(4, [3], NULL, NULL, NULL)        = 1 (in [3])
recv(3, "\0\0\0C\0\0\0\2\0\0\0\2", 8192, 0) = 12
time(NULL)                              = 1180527303
select(6, [0 3 5], NULL, NULL, {60, 0}) = 1 (in [3], left {60, 0})
select(4, [3], NULL, NULL, NULL)        = 1 (in [3])
recv(3, "\0\0\0\25\0\0\0\0", 8192, 0)   = 8
time(NULL)                              = 1180527303
select(6, [0 3 5], NULL, NULL, {60, 0}) = 1 (in [3], left {59, 992000})
select(4, [3], NULL, NULL, NULL)        = 1 (in [3])
recv(3, "\0\0\0\6", 8192, 0)            = 4
time(NULL)                              = 1180527303
select(6, [0 3 5], NULL, NULL, {60, 0}) = 1 (in [3], left {60, 0})
select(4, [3], NULL, NULL, NULL)        = 1 (in [3])
recv(3, "", 8192, 0)                    = 0
time(NULL)                              = 1180527303
select(6, [0 5], NULL, NULL, {60, 0})   = 0 (Timeout)
time(NULL)                              = 1180527363
select(6, [0 5], NULL, NULL, {60, 0})   = 0 (Timeout)
time(NULL)                              = 1180527423
select(6, [0 5], NULL, NULL, {60, 0})   = 0 (Timeout)
time(NULL)                              = 1180527483
select(6, [0 5], NULL, NULL, {60, 0})   = 0 (Timeout)
time(NULL)                              = 1180527543
select(6, [0 5], NULL, NULL, {60, 0})   = ? ERESTARTNOHAND (To be restarted)
--- SIGTERM (Terminated) @ 0 (0) ---
futex(0x832d2c0, FUTEX_WAKE, 1)         = 1
sigreturn()                             = ? (mask now [])
select(6, [0 5], NULL, NULL, {60, 0})   = ? ERESTARTNOHAND (To be restarted)


