#
# A fatal error has been detected by the Java Runtime Environment:
#
#  EXCEPTION_ACCESS_VIOLATION (0xc0000005) at pc=0x033e04f6, pid=4120, tid=4968
#
# JRE version: 6.0_29-b11
# Java VM: Java HotSpot(TM) Client VM (20.4-b02 mixed mode, sharing windows-x86 )
# Problematic frame:
# C  [fbembed.dll+0x404f6]
#
# If you would like to submit a bug report, please visit:
#   http://java.sun.com/webapps/bugreport/crash.jsp
#

---------------  T H R E A D  ---------------

Current thread (0x02c4a400):  VMThread [stack: 0x02d30000,0x02d80000] [id=4968]

siginfo: ExceptionCode=0xc0000005, reading address 0x00000000

Registers:
EAX=0x02d7f8d0, EBX=0x02d7f968, ECX=0x00000000, EDX=0x02d7f968
ESP=0x02d7f8a0, EBP=0x02d7f9dc, ESI=0x00000000, EDI=0x038f7a38
EIP=0x033e04f6, EFLAGS=0x00010202

Top of Stack: (sp=0x02d7f8a0)
0x02d7f8a0:   00000000 00000000 00000000 035a470a
0x02d7f8b0:   038f7a34 02d7f968 030bf9e0 033ff4c0
0x02d7f8c0:   df058828 030bf9e0 03e81a0c 030b3a74
0x02d7f8d0:   02d7f8f0 035cc258 ffffffff 033ff67c
0x02d7f8e0:   02d7f968 038f7a34 df058800 03e81a0c
0x02d7f8f0:   02d7f9d0 035cc2b8 ffffffff 03403ec6
0x02d7f900:   02d7f968 03e81a0c df058930 030bf9e0
0x02d7f910:   030bf8ec 030b3a74 02d7f988 7c8109ff 

Instructions: (pc=0x033e04f6)
0x033e04d6:   50 c3 00 00 56 ff d7 3d b0 3c ff ff 75 07 8b ce
0x033e04e6:   e8 d5 fe ff ff 5f 32 c0 5e c3 83 ec 08 56 8b f1
0x033e04f6:   8b 06 85 c0 7c 21 56 ff 15 74 90 5e 03 85 c0 0f
0x033e0506:   8f 91 00 00 00 56 ff 15 88 90 5e 03 85 c0 75 07 


Register to memory mapping:

EAX=
[error occurred during error reporting (printing register info), id 0xc0000005]

Stack: [0x02d30000,0x02d80000],  sp=0x02d7f8a0,  free space=318k
Native frames: (J=compiled Java code, j=interpreted, Vv=VM code, C=native code)
C  [fbembed.dll+0x404f6]  isc_modify_user+0x716

VM_Operation (0x03f5eef0): Exit, mode: safepoint, requested by thread 0x0321a800


---------------  P R O C E S S  ---------------

Java Threads: ( => current thread )
  0x00946400 JavaThread "DestroyJavaVM" [_thread_blocked, id=3280, stack(0x009d0000,0x00a20000)]
  0x0321a800 JavaThread "AWT-EventQueue-0" [_thread_blocked, id=3464, stack(0x03f10000,0x03f60000)]
  0x031e9800 JavaThread "AWT-Shutdown" [_thread_blocked, id=2292, stack(0x03ec0000,0x03f10000)]
  0x02ce9000 JavaThread "Java2D Disposer" daemon [_thread_blocked, id=3008, stack(0x03040000,0x03090000)]
  0x02c97400 JavaThread "Low Memory Detector" daemon [_thread_blocked, id=3712, stack(0x02f10000,0x02f60000)]
  0x02c92400 JavaThread "C1 CompilerThread0" daemon [_thread_blocked, id=4628, stack(0x02ec0000,0x02f10000)]
  0x02c8fc00 JavaThread "Attach Listener" daemon [_thread_blocked, id=5056, stack(0x02e70000,0x02ec0000)]
  0x02c8e800 JavaThread "Signal Dispatcher" daemon [_thread_blocked, id=380, stack(0x02e20000,0x02e70000)]
  0x02c87c00 JavaThread "Finalizer" daemon [_thread_blocked, id=2964, stack(0x02dd0000,0x02e20000)]
  0x02c86400 JavaThread "Reference Handler" daemon [_thread_blocked, id=5500, stack(0x02d80000,0x02dd0000)]

Other Threads:
=>0x02c4a400 VMThread [stack: 0x02d30000,0x02d80000] [id=4968]

VM state:at safepoint (shutting down)

VM Mutex/Monitor currently owned by a thread:  ([mutex/lock_event])
[0x00945598] Threads_lock - owner thread: 0x02c4a400

Heap
 def new generation   total 4608K, used 1554K [0x229e0000, 0x22ee0000, 0x279e0000)
  eden space 4096K,  25% used [0x229e0000, 0x22ae4a88, 0x22de0000)
  from space 512K, 100% used [0x22e60000, 0x22ee0000, 0x22ee0000)
  to   space 512K,   0% used [0x22de0000, 0x22de0000, 0x22e60000)
 tenured generation   total 10240K, used 291K [0x279e0000, 0x283e0000, 0x319e0000)
   the space 10240K,   2% used [0x279e0000, 0x27a28e48, 0x27a29000, 0x283e0000)
 compacting perm gen  total 12288K, used 1353K [0x319e0000, 0x325e0000, 0x359e0000)
   the space 12288K,  11% used [0x319e0000, 0x31b325b8, 0x31b32600, 0x325e0000)
    ro space 10240K,  51% used [0x359e0000, 0x35f0d0b8, 0x35f0d200, 0x363e0000)
    rw space 12288K,  54% used [0x363e0000, 0x36a79570, 0x36a79600, 0x36fe0000)

Code Cache  [0x00a50000, 0x00ae8000, 0x02a50000)
 total_blobs=266 nmethods=73 adapters=129 free_code_cache=32933312 largest_free_block=0

Dynamic libraries:
0x00400000 - 0x00424000 	C:\Programmi\Java\jre6\bin\javaw.exe
0x7c910000 - 0x7c9c8000 	C:\WINDOWS\system32\ntdll.dll
0x7c800000 - 0x7c901000 	C:\WINDOWS\system32\kernel32.dll
0x64d00000 - 0x64d34000 	C:\Programmi\Alwil Software\Avast5\snxhk.dll
0x77f40000 - 0x77feb000 	C:\WINDOWS\system32\ADVAPI32.dll
0x77da0000 - 0x77e33000 	C:\WINDOWS\system32\RPCRT4.dll
0x77f10000 - 0x77f21000 	C:\WINDOWS\system32\Secur32.dll
0x7e390000 - 0x7e421000 	C:\WINDOWS\system32\USER32.dll
0x77e40000 - 0x77e89000 	C:\WINDOWS\system32\GDI32.dll
0x76340000 - 0x7635d000 	C:\WINDOWS\system32\IMM32.DLL
0x7c340000 - 0x7c396000 	C:\Programmi\Java\jre6\bin\msvcr71.dll
0x6d7f0000 - 0x6da9f000 	C:\Programmi\Java\jre6\bin\client\jvm.dll
0x76b00000 - 0x76b2e000 	C:\WINDOWS\system32\WINMM.dll
0x6d7a0000 - 0x6d7ac000 	C:\Programmi\Java\jre6\bin\verify.dll
0x6d320000 - 0x6d33f000 	C:\Programmi\Java\jre6\bin\java.dll
0x6d7e0000 - 0x6d7ef000 	C:\Programmi\Java\jre6\bin\zip.dll
0x6d000000 - 0x6d14c000 	C:\Programmi\Java\jre6\bin\awt.dll
0x72f70000 - 0x72f96000 	C:\WINDOWS\system32\WINSPOOL.DRV
0x77be0000 - 0x77c38000 	C:\WINDOWS\system32\msvcrt.dll
0x774b0000 - 0x775ee000 	C:\WINDOWS\system32\ole32.dll
0x773a0000 - 0x774a3000 	C:\WINDOWS\WinSxS\x86_Microsoft.Windows.Common-Controls_6595b64144ccf1df_6.0.2600.6028_x-ww_61e65202\COMCTL32.dll
0x77e90000 - 0x77f06000 	C:\WINDOWS\system32\SHLWAPI.dll
0x5b180000 - 0x5b1b8000 	C:\WINDOWS\system32\uxtheme.dll
0x6d230000 - 0x6d27f000 	C:\Programmi\Java\jre6\bin\fontmanager.dll
0x64910000 - 0x6491e000 	C:\Documents and Settings\All Users\Dati applicazioni\Real\RealPlayer\BrowserRecordPlugin\Chrome\Hook\rpchrome14browserrecordhelper.dll
0x78520000 - 0x785c3000 	C:\WINDOWS\WinSxS\x86_Microsoft.VC90.CRT_1fc8b3b9a1e18e3b_9.0.30729.4148_x-ww_d495ac4e\MSVCR90.dll
0x7c9d0000 - 0x7d1ee000 	C:\WINDOWS\system32\SHELL32.dll
0x78480000 - 0x7850e000 	C:\WINDOWS\WinSxS\x86_Microsoft.VC90.CRT_1fc8b3b9a1e18e3b_9.0.30729.4148_x-ww_d495ac4e\MSVCP90.dll
0x746b0000 - 0x746fc000 	C:\WINDOWS\system32\MSCTF.dll
0x77b10000 - 0x77b32000 	C:\WINDOWS\system32\apphelp.dll
0x752e0000 - 0x7530e000 	C:\WINDOWS\system32\msctfime.ime
0x10000000 - 0x10012000 	C:\Documents and Settings\Marco\Desktop\Test251\jaybird21.dll
0x033a0000 - 0x03743000 	C:\Documents and Settings\Marco\Desktop\Test251\fbembed.dll
0x71a30000 - 0x71a47000 	C:\WINDOWS\system32\WS2_32.dll
0x71a20000 - 0x71a28000 	C:\WINDOWS\system32\WS2HELP.dll
0x78130000 - 0x781cb000 	C:\WINDOWS\WinSxS\x86_Microsoft.VC80.CRT_1fc8b3b9a1e18e3b_8.0.50727.4053_x-ww_e6967989\MSVCR80.dll
0x71aa0000 - 0x71ab2000 	C:\WINDOWS\system32\MPR.dll
0x4a800000 - 0x4a8a8000 	C:\Documents and Settings\Marco\Desktop\Test251\icuuc30.dll
0x4ad00000 - 0x4ae7f000 	C:\Documents and Settings\Marco\Desktop\Test251\icudt30.dll
0x030a0000 - 0x030a6000 	C:\Documents and Settings\Marco\Desktop\Test251\ib_util.dll
0x037e0000 - 0x038c2000 	C:\Documents and Settings\Marco\Desktop\Test251\intl\fbintl.dll
0x77660000 - 0x77681000 	C:\WINDOWS\system32\NTMARTA.DLL
0x71b80000 - 0x71b93000 	C:\WINDOWS\system32\SAMLIB.dll
0x76f20000 - 0x76f4d000 	C:\WINDOWS\system32\WLDAP32.dll
0x6d600000 - 0x6d613000 	C:\Programmi\Java\jre6\bin\net.dll
0x6d620000 - 0x6d629000 	C:\Programmi\Java\jre6\bin\nio.dll
0x770f0000 - 0x7717b000 	C:\WINDOWS\system32\OLEAUT32.DLL
0x76bb0000 - 0x76bbb000 	C:\WINDOWS\system32\PSAPI.DLL
0x59e60000 - 0x59f01000 	C:\WINDOWS\system32\dbghelp.dll
0x77bd0000 - 0x77bd8000 	C:\WINDOWS\system32\VERSION.dll

VM Arguments:
java_command: C:\Documents and Settings\Marco\Desktop\Test251\testFB.jar
Launcher Type: SUN_STANDARD

Environment Variables:
CLASSPATH=.;C:\Programmi\Java\jre6\lib\ext\QTJava.zip
PATH=C:\PROGRA~1\Borland\Delphi5\Projects\Bpl;C:\PROGRA~1\Borland\Delphi5\Bin;C:\WINDOWS\system32;C:\WINDOWS;C:\WINDOWS\System32\Wbem;C:\Programmi\QuickTime\QTSystem\;;C:\PROGRA~1\NcFTP;C:\WINDOWS\system32\WindowsPowerShell\v1.0;C:\Programmi\jEdit;C:\Programmi\LuxRender
USERNAME=Marco
OS=Windows_NT
PROCESSOR_IDENTIFIER=x86 Family 15 Model 75 Stepping 2, AuthenticAMD



---------------  S Y S T E M  ---------------

OS: Windows XP Build 2600 Service Pack 3

CPU:total 2 (2 cores per cpu, 1 threads per core) family 15 model 75 stepping 2, cmov, cx8, fxsr, mmx, sse, sse2, sse3, mmxext, 3dnow, 3dnowext

Memory: 4k page, physical 981484k(190752k free), swap 2369096k(1469956k free)

vm_info: Java HotSpot(TM) Client VM (20.4-b02) for windows-x86 JRE (1.6.0_29-b11), built on Oct  3 2011 01:01:08 by "java_re" with MS VC++ 7.1 (VS2003)

time: Tue Nov 22 13:55:19 2011
elapsed time: 7 seconds

