Reading symbols from /opt/firebird/bin/fb_smp_server...Reading symbols from /opt/firebird/bin/.debug/fb_smp_server.debug...done.
done.
[New Thread 20773]
[New Thread 19639]
[New Thread 20215]
[New Thread 20216]
[New Thread 3494]
[New Thread 19098]
[New Thread 10622]
[New Thread 3492]
[New Thread 20339]
[New Thread 20542]
[New Thread 20653]
[New Thread 20792]
[New Thread 20679]
[New Thread 20656]
[New Thread 3499]
[New Thread 3493]
[New Thread 3498]
Reading symbols from /opt/firebird/lib/libfbembed.so.2.5...Reading symbols from /opt/firebird/lib/.debug/libfbembed.so.2.5.6.debug...done.
done.
Loaded symbols for /opt/firebird/lib/libfbembed.so.2.5
Reading symbols from /lib64/librt.so.1...(no debugging symbols found)...done.
Loaded symbols for /lib64/librt.so.1
Reading symbols from /lib64/libdl.so.2...(no debugging symbols found)...done.
Loaded symbols for /lib64/libdl.so.2
Reading symbols from /lib64/libncurses.so.5...(no debugging symbols found)...done.
Loaded symbols for /lib64/libncurses.so.5
Reading symbols from /usr/lib64/libstdc++.so.6...(no debugging symbols found)...done.
Loaded symbols for /usr/lib64/libstdc++.so.6
Reading symbols from /lib64/libm.so.6...(no debugging symbols found)...done.
Loaded symbols for /lib64/libm.so.6
Reading symbols from /lib64/libgcc_s.so.1...(no debugging symbols found)...done.
Loaded symbols for /lib64/libgcc_s.so.1
Reading symbols from /lib64/libpthread.so.0...(no debugging symbols found)...done.
[Thread debugging using libthread_db enabled]
Loaded symbols for /lib64/libpthread.so.0
Reading symbols from /lib64/libc.so.6...(no debugging symbols found)...done.
Loaded symbols for /lib64/libc.so.6
Reading symbols from /lib64/ld-linux-x86-64.so.2...(no debugging symbols found)...done.
Loaded symbols for /lib64/ld-linux-x86-64.so.2
Reading symbols from /opt/firebird/lib/libicuuc.so.30...Reading symbols from /opt/firebird/lib/.debug/libicuuc.so.30.0.debug...done.
done.
Loaded symbols for /opt/firebird/lib/libicuuc.so.30
Reading symbols from /opt/firebird/lib/libicudata.so.30...Reading symbols from /opt/firebird/lib/.debug/libicudata.so.30.0.debug...done.
done.
Loaded symbols for /opt/firebird/lib/libicudata.so.30
Reading symbols from /opt/firebird/lib/libicui18n.so.30...Reading symbols from /opt/firebird/lib/.debug/libicui18n.so.30.0.debug...done.
done.
Loaded symbols for /opt/firebird/lib/libicui18n.so.30
Reading symbols from /lib64/libtinfo.so.5...(no debugging symbols found)...done.
Loaded symbols for /lib64/libtinfo.so.5
Reading symbols from /lib64/libnss_files.so.2...(no debugging symbols found)...done.
Loaded symbols for /lib64/libnss_files.so.2
Reading symbols from /opt/firebird/lib/libib_util.so...Reading symbols from /opt/firebird/lib/.debug/libib_util.so.debug...done.
done.
Loaded symbols for /opt/firebird/lib/libib_util.so
Reading symbols from /opt/firebird/intl/fbintl...Reading symbols from /opt/firebird/intl/.debug/fbintl.debug...done.
done.
Loaded symbols for /opt/firebird/intl/fbintl
Reading symbols from /opt/firebird/plugins/libfbtrace.so...Reading symbols from /opt/firebird/plugins/.debug/libfbtrace.so.debug...done.
done.
Loaded symbols for /opt/firebird/plugins/libfbtrace.so
Reading symbols from /lib/modules/2.6.32-504.23.4.el6.x86_64/vdso/vdso.so...Reading symbols from /usr/lib/debug/lib/modules/2.6.32-504.23.4.el6.x86_64/vdso/vdso.so.debug...done.
done.
Loaded symbols for /lib/modules/2.6.32-504.23.4.el6.x86_64/vdso/vdso.so
Core was generated by `/opt/firebird/bin/fb_smp_server'.
Program terminated with signal 11, Segmentation fault.
#0  par_field (tdbb=0x7f116d803cc0, csb=0x7f11edb516e0, expected=<value optimized out>) at ../src/jrd/par.cpp:1350
1350	../src/jrd/par.cpp: No such file or directory.
	in ../src/jrd/par.cpp

Thread 17 (Thread 0x7f128924c700 (LWP 3498)):
#0  0x00007f128cf795bc in pthread_cond_wait@@GLIBC_2.3.2 () from /lib64/libpthread.so.0
#1  0x00007f128e0e2fbe in ISC_event_wait (event=0x7f128e59db90, value=1, micro_seconds=<value optimized out>) at ../src/jrd/isc_sync.cpp:1873
#2  0x00007f128e242d4b in Jrd::LockManager::blocking_action_thread (this=0x7f128b66cac8) at ../src/lock/lock.cpp:1580
#3  0x00007f128e246c09 in Jrd::LockManager::blocking_action_thread (arg=0x7f128e59dbc4) at ../src/lock/../lock/lock_proto.h:468
#4  0x00007f128dfac8e2 in run (arg=0x7f128b86fef0) at ../src/jrd/ThreadStart.cpp:128
#5  (anonymous namespace)::threadStart (arg=0x7f128b86fef0) at ../src/jrd/ThreadStart.cpp:139
#6  0x00007f128cf759d1 in start_thread () from /lib64/libpthread.so.0
#7  0x00007f128ccc28fd in clone () from /lib64/libc.so.6

Thread 16 (Thread 0x7f128c387700 (LWP 3493)):
#0  0x00007f128cf7b930 in sem_wait () from /lib64/libpthread.so.0
#1  0x00007f128e2c46e8 in Firebird::SignalSafeSemaphore::enter (this=<value optimized out>) at ../src/common/classes/semaphore.cpp:132
#2  0x00007f128dfbe7a9 in (anonymous namespace)::shutdownThread () at ../src/jrd/why.cpp:933
#3  0x00007f128dfac8e2 in run (arg=0x7f128c5b2258) at ../src/jrd/ThreadStart.cpp:128
#4  (anonymous namespace)::threadStart (arg=0x7f128c5b2258) at ../src/jrd/ThreadStart.cpp:139
#5  0x00007f128cf759d1 in start_thread () from /lib64/libpthread.so.0
#6  0x00007f128ccc28fd in clone () from /lib64/libc.so.6

Thread 15 (Thread 0x7f1283fff700 (LWP 3499)):
#0  0x00007f128cf795bc in pthread_cond_wait@@GLIBC_2.3.2 () from /lib64/libpthread.so.0
#1  0x00007f128e0e2fbe in ISC_event_wait (event=0x7f128e59bb90, value=1, micro_seconds=<value optimized out>) at ../src/jrd/isc_sync.cpp:1873
#2  0x00007f128e242d4b in Jrd::LockManager::blocking_action_thread (this=0x7f128b66b980) at ../src/lock/lock.cpp:1580
#3  0x00007f128e246c09 in Jrd::LockManager::blocking_action_thread (arg=0x7f128e59bbc4) at ../src/lock/../lock/lock_proto.h:468
#4  0x00007f128dfac8e2 in run (arg=0x7f128b871cc0) at ../src/jrd/ThreadStart.cpp:128
#5  (anonymous namespace)::threadStart (arg=0x7f128b871cc0) at ../src/jrd/ThreadStart.cpp:139
#6  0x00007f128cf759d1 in start_thread () from /lib64/libpthread.so.0
#7  0x00007f128ccc28fd in clone () from /lib64/libc.so.6

Thread 14 (Thread 0x7f115e3aa700 (LWP 20656)):
#0  0x00007f128cf7ba21 in sem_timedwait () from /lib64/libpthread.so.0
#1  0x000000000042f890 in Firebird::SignalSafeSemaphore::tryEnter (this=0x7f115e3a9d90, seconds=<value optimized out>, milliseconds=<value optimized out>) at ../src/common/classes/semaphore.cpp:171
#2  0x000000000040e4fa in Worker::wait (this=0x7f115e3a9d80, timeout=393) at ../src/remote/server.cpp:5582
#3  0x00000000004130aa in loopThread () at ../src/remote/server.cpp:5395
#4  0x00007f128dfac8e2 in run (arg=0x7f124c3af330) at ../src/jrd/ThreadStart.cpp:128
#5  (anonymous namespace)::threadStart (arg=0x7f124c3af330) at ../src/jrd/ThreadStart.cpp:139
#6  0x00007f128cf759d1 in start_thread () from /lib64/libpthread.so.0
#7  0x00007f128ccc28fd in clone () from /lib64/libc.so.6

Thread 13 (Thread 0x7f0df92af700 (LWP 20679)):
#0  0x00007f128cf7998e in pthread_cond_timedwait@@GLIBC_2.3.2 () from /lib64/libpthread.so.0
#1  0x00007f128e0e2fde in ISC_event_wait (event=0x7f0d94f52498, value=63877, micro_seconds=<value optimized out>) at ../src/jrd/isc_sync.cpp:1857
#2  0x00007f128e240ba9 in Jrd::LockManager::wait_for_request (this=0x7f128b66b980, tdbb=0x7f0df92ae4f0, request=0x7f1178223a20, lck_wait=<value optimized out>) at ../src/lock/lock.cpp:4033
#3  0x00007f128e2411ff in Jrd::LockManager::grant_or_que (this=0x7f128b66b980, tdbb=0x109, request=0x7f0d991d8330, lock=<value optimized out>, lck_wait=-1) at ../src/lock/lock.cpp:2320
#4  0x00007f128e24458b in Jrd::LockManager::enqueue (this=0x7f128b66b980, tdbb=0x7f0df92ae4f0, prior_request=<value optimized out>, parent_request=<value optimized out>, series=3, value=0x7f126d47d764 "\237rw\001\001", length=8, type=6 '\006', ast_routine=0x7f128e076630 <blocking_ast_bdb(void*)>, ast_argument=0x7f126d47d788, data=0, lck_wait=9376, owner_offset=5182536) at ../src/lock/lock.cpp:569
#5  0x00007f128e1073d2 in enqueue (tdbb=0x7f0df92ae4f0, lock=0x7f126d47d6f0, level=<value optimized out>, wait=1) at ../src/jrd/lck.cpp:916
#6  ENQUEUE (tdbb=0x7f0df92ae4f0, lock=0x7f126d47d6f0, level=<value optimized out>, wait=1) at ../src/jrd/lck.cpp:144
#7  LCK_lock (tdbb=0x7f0df92ae4f0, lock=0x7f126d47d6f0, level=<value optimized out>, wait=1) at ../src/jrd/lck.cpp:627
#8  0x00007f128e0733cf in lock_buffer (tdbb=0x7f0df92ae4f0, bdb=0x7f126d47d788, wait=-1, page_type=4 '\004') at ../src/jrd/cch.cpp:5540
#9  0x00007f128e075d73 in CCH_fetch_lock (tdbb=0x7f0df92ae4f0, window=0x7f0df92accd0, lock_type=6, wait=1, page_type=-1 '\377') at ../src/jrd/cch.cpp:916
#10 0x00007f128e07623c in CCH_FETCH_LOCK (tdbb=0x7f0df92ae4f0, window=0x7f0df92accd0, lock_type=21529, page_type=4 '\004', checksum=1, latch_wait=-1, read_shadow=true) at ../src/jrd/../jrd/cch_proto.h:91
#11 CCH_fetch (tdbb=0x7f0df92ae4f0, window=0x7f0df92accd0, lock_type=21529, page_type=4 '\004', checksum=1, latch_wait=-1, read_shadow=true) at ../src/jrd/cch.cpp:779
#12 0x00007f128dfcb9ad in CCH_FETCH (tdbb=0x7f0df92ae4f0, relation=0x7f126c1bede0, relPages=0x7f126c1bef80, window=0x7f0df92accd0, sequence=158, lock=<value optimized out>) at ../src/include/../jrd/cch_proto.h:71
#13 get_pointer_page (tdbb=0x7f0df92ae4f0, relation=0x7f126c1bede0, relPages=0x7f126c1bef80, window=0x7f0df92accd0, sequence=158, lock=<value optimized out>) at ../temp/std/jrd/dpm.cpp:3135
#14 0x00007f128dfceccf in extend_relation (tdbb=0x7f0df92ae4f0, rpb=0x7f1260911da0, size=158, stack=..., record=0x0, type=1) at ../temp/std/jrd/dpm.cpp:2817
#15 locate_space (tdbb=0x7f0df92ae4f0, rpb=0x7f1260911da0, size=158, stack=..., record=0x0, type=1) at ../temp/std/jrd/dpm.cpp:3255
#16 0x00007f128dfcf617 in DPM_store (tdbb=0x7f0df92ae4f0, rpb=0x7f1260911da0, stack=..., type=65535) at ../temp/std/jrd/dpm.cpp:2147
#17 0x00007f128e1846d3 in VIO_store (tdbb=0x7f0df92ae4f0, rpb=0x7f1260911da0, transaction=0x7f126b3cd9b0) at ../src/jrd/vio.cpp:2949
#18 0x00007f128e0b74d6 in store (tdbb=0x7f0df92ae4f0, node=0x7f12615192b0, which_trig=0) at ../src/jrd/exe.cpp:3771
#19 0x00007f128e0b28e1 in EXE_looper (tdbb=0x7f0df92ae4f0, request=0x7f1260911840, in_node=0x7f126151a330) at ../src/jrd/exe.cpp:2689
#20 0x00007f128e0b5442 in looper_seh (tdbb=0x7f0df92ae4f0, request=0x7f1260911840, transaction=0x7f126b3cd9b0, node=0x7f126151a330, next_state=Jrd::jrd_req::req_proceed) at ../src/jrd/exe.cpp:2917
#21 execute_looper (tdbb=0x7f0df92ae4f0, request=0x7f1260911840, transaction=0x7f126b3cd9b0, node=0x7f126151a330, next_state=Jrd::jrd_req::req_proceed) at ../src/jrd/exe.cpp:1369
#22 0x00007f128e0b7e82 in EXE_send (tdbb=0x7f0df92ae4f0, request=0x109, msg=9804, length=40928, buffer=0x7f126150c058 "\377\377") at ../src/jrd/exe.cpp:971
#23 0x00007f128e0e474c in JRD_start_and_send (tdbb=0x7f0df92ae4f0, request=0x7f1260911840, transaction=0x7f126b3cd9b0, msg_type=21529, msg_length=65535, msg=0x7f126150c058 "\377\377", level=0) at ../src/jrd/jrd.cpp:7105
#24 0x00007f128e1e9745 in execute_request (tdbb=0x7f0df92ae4f0, request=0x7f1262f724c8, tra_handle=<value optimized out>, in_blr_length=<value optimized out>, in_blr=0x7f12303a41c8 "\005\002\004", in_msg_length=<value optimized out>, in_msg=0x7f127a482b40 "\023", out_blr_length=0, out_blr=0x0, out_msg_length=0, out_msg=0x0, singleton=false) at ../src/dsql/dsql.cpp:1287
#25 0x00007f128e1eb669 in DSQL_execute (tdbb=0x7f0df92ae4f0, tra_handle=0x7f0df92ae7f8, request=0x7f1262f724c8, in_blr_length=65535, in_blr=0x7f12303a41c8 "\005\002\004", in_msg_type=<value optimized out>, in_msg_length=65535, in_msg=0x7f127a482b40 "\023", out_blr_length=<value optimized out>, out_blr=0x0, out_msg_length=<value optimized out>, out_msg=0x0) at ../src/dsql/dsql.cpp:271
#26 0x00007f128e0ff0ff in jrd8_execute (user_status=0x7f0df92ae8d0, tra_handle=0x7f0df92ae7f8, stmt_handle=<value optimized out>, in_blr_length=65535, in_blr=0x7f12303a41c8 "\005\002\004", in_msg_type=65535, in_msg_length=65020, in_msg=0x7f127a482b40 "\023", out_blr_length=<value optimized out>, out_blr=0x0, out_msg_length=<value optimized out>, out_msg=0x0) at ../src/jrd/jrd.cpp:4049
#27 0x00007f128dfba95c in isc_dsql_execute2_m (user_status=<value optimized out>, tra_handle=0x7f0df92ae99c, stmt_handle=<value optimized out>, in_blr_length=65535, in_blr=0x7f12303a41c8 "\005\002\004", in_msg_type=65535, in_msg_length=<value optimized out>, in_msg=0x7f127a482b40 "\023", out_blr_length=<value optimized out>, out_blr=0x0, out_msg_type=<value optimized out>, out_msg_length=<value optimized out>, out_msg=0x0) at ../src/jrd/why.cpp:2725
#28 0x000000000040f050 in rem_port::execute_statement (this=0x7f11b3535020, op=op_execute, sqldata=0x7f125e9467a0, sendL=0x7f125e946070) at ../src/remote/server.cpp:2330
#29 0x00000000004115b4 in process_packet (port=0x7f11b3535020, sendL=0x7f125e946070, receive=0x7f125e946480, result=0x7f0df92aee08) at ../src/remote/server.cpp:3534
#30 0x0000000000412bf7 in loopThread () at ../src/remote/server.cpp:5265
#31 0x00007f128dfac8e2 in run (arg=0x7f1260f973b8) at ../src/jrd/ThreadStart.cpp:128
#32 (anonymous namespace)::threadStart (arg=0x7f1260f973b8) at ../src/jrd/ThreadStart.cpp:139
#33 0x00007f128cf759d1 in start_thread () from /lib64/libpthread.so.0
#34 0x00007f128ccc28fd in clone () from /lib64/libc.so.6

Thread 12 (Thread 0x7f11161ff700 (LWP 20792)):
#0  DPM_data_pages (tdbb=0x7f11161fcda0, relation=0x7f127ca6c1c8) at ../temp/std/jrd/dpm.cpp:708
#1  0x00007f128dfcd3a7 in DPM_cardinality (tdbb=0x7f11161fcda0, relation=0x7f127ca6c1c8, format=0x7f126bf5b340) at ../temp/std/jrd/dpm.cpp:263
#2  0x00007f128e11d5e9 in Jrd::OPT_getRelationCardinality (tdbb=0x7f11161fcda0, relation=0x7f127ca6c1c8, format=0x7f126bf5b340) at ../src/jrd/Optimizer.cpp:871
#3  0x00007f128e117fc8 in OPT_compile (tdbb=0x7f11161fcda0, csb=0x7f12469c7890, rse=0x7f12469c8480, parent_stack=0x7f11161fbd80) at ../src/jrd/opt.cpp:599
#4  0x00007f128e1189c9 in OPT_compile (tdbb=0x7f11161fcda0, csb=0x7f12469c7890, rse=0x7f12469c8520, parent_stack=0x0) at ../src/jrd/opt.cpp:506
#5  0x00007f128e07db61 in post_rse (tdbb=0x7f11161fcda0, csb=0x7f12469c7890, node=0x7f12469c85f8, parent=<value optimized out>) at ../src/jrd/cmp.cpp:6249
#6  CMP_pass2 (tdbb=0x7f11161fcda0, csb=0x7f12469c7890, node=0x7f12469c85f8, parent=<value optimized out>) at ../src/jrd/cmp.cpp:5840
#7  0x00007f128e07da3c in CMP_pass2 (tdbb=0x7f11161fcda0, csb=0x7f12469c7890, node=0x7f0fddef299c, parent=<value optimized out>) at ../src/jrd/cmp.cpp:5484
#8  0x00007f128e086d0b in CMP_make_request (tdbb=0x7f11161fcda0, csb=0x7f12469c7890, internal_flag=false) at ../src/jrd/cmp.cpp:2124
#9  0x00007f128e087fa0 in CMP_compile2 (tdbb=0x7f11161fcda0, blr=0x7f11ddb640a8 "\005\002\004\001\005", blr_length=240, internal_flag=false, dbginfo_length=<value optimized out>, dbginfo=0x7f11ddb64560 "") at ../src/jrd/cmp.cpp:611
#10 0x00007f128e0e619c in JRD_compile (tdbb=0x7f11161fcda0, attachment=0x7f124ff16430, req_handle=0x7f11ddb64098, blr_length=240, blr=0x7f11ddb640a8 "\005\002\004\001\005", ref_str=..., dbginfo_length=0, dbginfo=0x7f11ddb64560 "") at ../src/jrd/jrd.cpp:7293
#11 0x00007f128e1ec28b in prepare (tdbb=0x7f11161fcda0, database=<value optimized out>, transaction=0x7f12781589b0, string_length=<value optimized out>, string=<value optimized out>, client_dialect=3, parser_version=<value optimized out>) at ../src/dsql/dsql.cpp:2746
#12 0x00007f128e1ed529 in DSQL_prepare (tdbb=0x7f11161fcda0, transaction=0x7f12781589b0, req_handle=0x7f124648e1e0, length=10652, string=0x7f1272c122c8 "select DISTINCT dn.recid, dn.baseid from tbl_doc_nakl_pos dnp  left join tbl_doc_nakl dn on dn.recid = dnp.docrecno and dn.baseid = dnp.baseid  where 1=1 and dnp.localcode = 4144244 and dnp.baseid = 1"..., dialect=1, item_length=0, items=0x0, buffer_length=0, buffer=0x0) at ../src/dsql/dsql.cpp:732
#13 0x00007f128e0efc8e in jrd8_prepare (user_status=0x7f11161fcf00, tra_handle=0x7f11161fcfd0, stmt_handle=0x7f124648e1e0, length=10652, string=0x7f1272c122c8 "select DISTINCT dn.recid, dn.baseid from tbl_doc_nakl_pos dnp  left join tbl_doc_nakl dn on dn.recid = dnp.docrecno and dn.baseid = dnp.baseid  where 1=1 and dnp.localcode = 4144244 and dnp.baseid = 1"..., dialect=1, item_length=<value optimized out>, items=0x0, buffer_length=<value optimized out>, buffer=0x0) at ../src/jrd/jrd.cpp:4248
#14 0x00007f128e1ad491 in EDS::InternalStatement::doPrepare (this=0x7f124648e048, tdbb=0x7f11161fe610, sql=...) at ../src/jrd/extds/InternalDS.cpp:360
#15 0x00007f128e1a9da0 in EDS::Statement::prepare (this=0x7f124648e048, tdbb=0x7f11161fe610, tran=0x7f1199c4f8c8, sql=..., named=false) at ../src/jrd/extds/ExtDS.cpp:855
#16 0x00007f128e0b35f9 in execute_statement (tdbb=0x7f11161fe610, request=0x7f1272c0fa00, in_node=0x7f1272c0c410) at ../src/jrd/exe.cpp:1582
#17 EXE_looper (tdbb=0x7f11161fe610, request=0x7f1272c0fa00, in_node=0x7f1272c0c410) at ../src/jrd/exe.cpp:2618
#18 0x00007f128e0b5442 in looper_seh (tdbb=0x7f11161fe610, request=0x7f1272c0fa00, transaction=0x7f12781589b0, node=0x7f1272c0c410, next_state=Jrd::jrd_req::req_sync) at ../src/jrd/exe.cpp:2917
#19 execute_looper (tdbb=0x7f11161fe610, request=0x7f1272c0fa00, transaction=0x7f12781589b0, node=0x7f1272c0c410, next_state=Jrd::jrd_req::req_sync) at ../src/jrd/exe.cpp:1369
#20 0x00007f128e0b89fe in EXE_receive (tdbb=0x7f11161fe610, request=0x7f1272c0fa00, msg=1, length=16, buffer=0x7f125e64a9b0 "", top_level=false) at ../src/jrd/exe.cpp:723
#21 0x00007f128e1408b2 in get_procedure (tdbb=0x7f11161fe610, rsb=0x7f1252d815a0, impure=0x0, rpb=<value optimized out>) at ../src/jrd/rse.cpp:1737
#22 0x00007f128e141c8b in get_record (tdbb=0x7f11161fe610, rsb=0x7f1252d815a0, parent_rsb=0x0, mode=Jrd::RSE_get_forward) at ../src/jrd/rse.cpp:2287
#23 0x00007f128e143a60 in RSE_get_record (tdbb=0x7f11161fe610, rsb=0x7f1252d815a0, mode=Jrd::RSE_get_forward) at ../src/jrd/rse.cpp:312
#24 0x00007f128e0b2c91 in EXE_looper (tdbb=0x7f11161fe610, request=0x7f11b3d5c940, in_node=0x7f1252d82d78) at ../src/jrd/exe.cpp:1989
#25 0x00007f128e0b5442 in looper_seh (tdbb=0x7f11161fe610, request=0x7f11b3d5c940, transaction=0x7f12781589b0, node=0x7f1252d82d78, next_state=Jrd::jrd_req::req_sync) at ../src/jrd/exe.cpp:2917
#26 execute_looper (tdbb=0x7f11161fe610, request=0x7f11b3d5c940, transaction=0x7f12781589b0, node=0x7f1252d82d78, next_state=Jrd::jrd_req::req_sync) at ../src/jrd/exe.cpp:1369
#27 0x00007f128e0b89fe in EXE_receive (tdbb=0x7f11161fe610, request=0x7f11b3d5c940, msg=1, length=16, buffer=0x7f124e85dad8 "", top_level=true) at ../src/jrd/exe.cpp:723
#28 0x00007f128e0e6f74 in JRD_receive (tdbb=0x7f11161fe610, request=0x7f11b3d5c940, msg_type=10516, msg_length=10652, msg=0x7f124e85dad8 "", level=<value optimized out>) at ../src/jrd/jrd.cpp:6961
#29 0x00007f128e1e8716 in DSQL_fetch (tdbb=0x7f11161fe610, request=0x7f127835ccc8, blr_length=16, blr=0x7f116f810a68 "\005\002\004", msg_length=14, dsql_msg_buf=0x7f1254d6a020 "\v") at ../src/dsql/dsql.cpp:517
#30 0x00007f128e0f0873 in jrd8_fetch (user_status=0x7f11161fe8f0, stmt_handle=<value optimized out>, blr_length=10516, blr=0x7f116f810a68 "\005\002\004", msg_length=0, dsql_msg_buf=0x7f1254d6a020 "\v") at ../src/jrd/jrd.cpp:4140
#31 0x00007f128dfb726e in isc_dsql_fetch_m (user_status=<value optimized out>, stmt_handle=<value optimized out>, blr_length=10516, blr=0x7f116f810a68 "\005\002\004", msg_type=0, msg_length=1, msg=0x7f1254d6a020 "\v") at ../src/jrd/why.cpp:3266
#32 0x0000000000409904 in rem_port::fetch (this=0x7f12138300c8, sqldata=0x7f125fb0b4f0, sendL=0x7f125fb0adc0) at ../src/remote/server.cpp:2472
#33 0x0000000000411e52 in process_packet (port=0x7f12138300c8, sendL=0x7f125fb0adc0, receive=0x7f125fb0b1d0, result=0x7f11161fee08) at ../src/remote/server.cpp:3543
#34 0x0000000000412bf7 in loopThread () at ../src/remote/server.cpp:5265
#35 0x00007f128dfac8e2 in run (arg=0x7f128a313978) at ../src/jrd/ThreadStart.cpp:128
#36 (anonymous namespace)::threadStart (arg=0x7f128a313978) at ../src/jrd/ThreadStart.cpp:139
#37 0x00007f128cf759d1 in start_thread () from /lib64/libpthread.so.0
#38 0x00007f128ccc28fd in clone () from /lib64/libc.so.6

Thread 11 (Thread 0x7f1163646700 (LWP 20653)):
#0  0x00007f128cf7ba21 in sem_timedwait () from /lib64/libpthread.so.0
#1  0x000000000042f890 in Firebird::SignalSafeSemaphore::tryEnter (this=0x7f1163645d90, seconds=<value optimized out>, milliseconds=<value optimized out>) at ../src/common/classes/semaphore.cpp:171
#2  0x000000000040e4fa in Worker::wait (this=0x7f1163645d80, timeout=393) at ../src/remote/server.cpp:5582
#3  0x00000000004130aa in loopThread () at ../src/remote/server.cpp:5395
#4  0x00007f128dfac8e2 in run (arg=0x7f128c5ab3a0) at ../src/jrd/ThreadStart.cpp:128
#5  (anonymous namespace)::threadStart (arg=0x7f128c5ab3a0) at ../src/jrd/ThreadStart.cpp:139
#6  0x00007f128cf759d1 in start_thread () from /lib64/libpthread.so.0
#7  0x00007f128ccc28fd in clone () from /lib64/libc.so.6

Thread 10 (Thread 0x7f1165447700 (LWP 20542)):
#0  0x00007f128cf7d063 in pread64 () from /lib64/libpthread.so.0
#1  0x00007f128e197ac0 in PIO_read (file=0x7f12332e3070, bdb=0x7f124431fd08, page=0x7f0e4f8bc000, status_vector=0x7f1165444e30) at ../src/jrd/os/posix/unix.cpp:774
#2  0x00007f128e072f4e in CCH_fetch_page (tdbb=0x7f1165444ce0, window=0x7f1165443570, compute_checksum=<value optimized out>, read_shadow=true) at ../src/jrd/cch.cpp:995
#3  0x00007f128e076017 in CCH_FETCH_PAGE (tdbb=0x7f1165444ce0, window=0x7f1165443570, page=57659582, lock=<value optimized out>, page_type=7 '\a', latch_wait=<value optimized out>, release_tail=false) at ../src/jrd/../jrd/cch_proto.h:96
#4  CCH_handoff (tdbb=0x7f1165444ce0, window=0x7f1165443570, page=57659582, lock=<value optimized out>, page_type=7 '\a', latch_wait=<value optimized out>, release_tail=false) at ../src/jrd/cch.cpp:1635
#5  0x00007f128e066534 in CCH_HANDOFF (tdbb=0x7f1165444ce0, retrieval=0x7f11b2a26430, window=0x7f1165443570, idx=0x7f1165443470, lower=0x7f1165442460, upper=<value optimized out>) at ../src/jrd/../jrd/cch_proto.h:121
#6  BTR_find_page (tdbb=0x7f1165444ce0, retrieval=0x7f11b2a26430, window=0x7f1165443570, idx=0x7f1165443470, lower=0x7f1165442460, upper=<value optimized out>) at ../src/jrd/btr.cpp:1027
#7  0x00007f128e066abd in BTR_evaluate (tdbb=0x7f1165444ce0, retrieval=0x7f11b2a26430, bitmap=0x7f1268cc1c88, bitmap_and=0x0) at ../src/jrd/btr.cpp:746
#8  0x00007f128e0ae658 in EVL_bitmap (tdbb=0x7f1165444ce0, node=0x7f11b2a26560, bitmap_and=0x0) at ../src/jrd/evl.cpp:353
#9  0x00007f128e142948 in RSE_open (tdbb=0x7f1165444ce0, rsb=0x7f11b2a2a7c0) at ../src/jrd/rse.cpp:400
#10 0x00007f128e14266b in fetch_left (tdbb=0x7f1165444ce0, rsb=0x7f11b2a2a688, parent_rsb=0x0, mode=Jrd::RSE_get_forward) at ../src/jrd/rse.cpp:1020
#11 get_record (tdbb=0x7f1165444ce0, rsb=0x7f11b2a2a688, parent_rsb=0x0, mode=Jrd::RSE_get_forward) at ../src/jrd/rse.cpp:2429
#12 0x00007f128e1425e0 in fetch_left (tdbb=0x7f1165444ce0, rsb=0x7f11b2a26330, parent_rsb=0x0, mode=Jrd::RSE_get_forward) at ../src/jrd/rse.cpp:997
#13 get_record (tdbb=0x7f1165444ce0, rsb=0x7f11b2a26330, parent_rsb=0x0, mode=Jrd::RSE_get_forward) at ../src/jrd/rse.cpp:2429
#14 0x00007f128e1425e0 in fetch_left (tdbb=0x7f1165444ce0, rsb=0x7f11b2a295d0, parent_rsb=0x0, mode=Jrd::RSE_get_forward) at ../src/jrd/rse.cpp:997
#15 get_record (tdbb=0x7f1165444ce0, rsb=0x7f11b2a295d0, parent_rsb=0x0, mode=Jrd::RSE_get_forward) at ../src/jrd/rse.cpp:2429
#16 0x00007f128e1425e0 in fetch_left (tdbb=0x7f1165444ce0, rsb=0x7f11b2a2a490, parent_rsb=0x0, mode=Jrd::RSE_get_forward) at ../src/jrd/rse.cpp:997
#17 get_record (tdbb=0x7f1165444ce0, rsb=0x7f11b2a2a490, parent_rsb=0x0, mode=Jrd::RSE_get_forward) at ../src/jrd/rse.cpp:2429
#18 0x00007f128e1425e0 in fetch_left (tdbb=0x7f1165444ce0, rsb=0x7f11b2a26640, parent_rsb=0x0, mode=Jrd::RSE_get_forward) at ../src/jrd/rse.cpp:997
#19 get_record (tdbb=0x7f1165444ce0, rsb=0x7f11b2a26640, parent_rsb=0x0, mode=Jrd::RSE_get_forward) at ../src/jrd/rse.cpp:2429
#20 0x00007f128e1425e0 in fetch_left (tdbb=0x7f1165444ce0, rsb=0x7f11b2a26890, parent_rsb=0x0, mode=Jrd::RSE_get_forward) at ../src/jrd/rse.cpp:997
#21 get_record (tdbb=0x7f1165444ce0, rsb=0x7f11b2a26890, parent_rsb=0x0, mode=Jrd::RSE_get_forward) at ../src/jrd/rse.cpp:2429
#22 0x00007f128e1425e0 in fetch_left (tdbb=0x7f1165444ce0, rsb=0x7f11b2a29528, parent_rsb=0x0, mode=Jrd::RSE_get_forward) at ../src/jrd/rse.cpp:997
#23 get_record (tdbb=0x7f1165444ce0, rsb=0x7f11b2a29528, parent_rsb=0x0, mode=Jrd::RSE_get_forward) at ../src/jrd/rse.cpp:2429
#24 0x00007f128e1425e0 in fetch_left (tdbb=0x7f1165444ce0, rsb=0x7f11b2a261c8, parent_rsb=0x0, mode=Jrd::RSE_get_forward) at ../src/jrd/rse.cpp:997
#25 get_record (tdbb=0x7f1165444ce0, rsb=0x7f11b2a261c8, parent_rsb=0x0, mode=Jrd::RSE_get_forward) at ../src/jrd/rse.cpp:2429
#26 0x00007f128e1425e0 in fetch_left (tdbb=0x7f1165444ce0, rsb=0x7f11b2a28258, parent_rsb=0x0, mode=Jrd::RSE_get_forward) at ../src/jrd/rse.cpp:997
#27 get_record (tdbb=0x7f1165444ce0, rsb=0x7f11b2a28258, parent_rsb=0x0, mode=Jrd::RSE_get_forward) at ../src/jrd/rse.cpp:2429
#28 0x00007f128e1425e0 in fetch_left (tdbb=0x7f1165444ce0, rsb=0x7f126ba4c6d8, parent_rsb=0x0, mode=Jrd::RSE_get_forward) at ../src/jrd/rse.cpp:997
#29 get_record (tdbb=0x7f1165444ce0, rsb=0x7f126ba4c6d8, parent_rsb=0x0, mode=Jrd::RSE_get_forward) at ../src/jrd/rse.cpp:2429
#30 0x00007f128e1425e0 in fetch_left (tdbb=0x7f1165444ce0, rsb=0x7f11b2a28668, parent_rsb=0x0, mode=Jrd::RSE_get_forward) at ../src/jrd/rse.cpp:997
#31 get_record (tdbb=0x7f1165444ce0, rsb=0x7f11b2a28668, parent_rsb=0x0, mode=Jrd::RSE_get_forward) at ../src/jrd/rse.cpp:2429
#32 0x00007f128e1425e0 in fetch_left (tdbb=0x7f1165444ce0, rsb=0x7f11b2a2c120, parent_rsb=0x0, mode=Jrd::RSE_get_forward) at ../src/jrd/rse.cpp:997
#33 get_record (tdbb=0x7f1165444ce0, rsb=0x7f11b2a2c120, parent_rsb=0x0, mode=Jrd::RSE_get_forward) at ../src/jrd/rse.cpp:2429
#34 0x00007f128e1425e0 in fetch_left (tdbb=0x7f1165444ce0, rsb=0x7f11b2a2a160, parent_rsb=0x0, mode=Jrd::RSE_get_forward) at ../src/jrd/rse.cpp:997
#35 get_record (tdbb=0x7f1165444ce0, rsb=0x7f11b2a2a160, parent_rsb=0x0, mode=Jrd::RSE_get_forward) at ../src/jrd/rse.cpp:2429
#36 0x00007f128e1425e0 in fetch_left (tdbb=0x7f1165444ce0, rsb=0x7f11b2a29df0, parent_rsb=0x7f126ba4a2f0, mode=Jrd::RSE_get_forward) at ../src/jrd/rse.cpp:997
#37 get_record (tdbb=0x7f1165444ce0, rsb=0x7f11b2a29df0, parent_rsb=0x7f126ba4a2f0, mode=Jrd::RSE_get_forward) at ../src/jrd/rse.cpp:2429
#38 0x00007f128e14258a in get_record (tdbb=0x7f1165444ce0, rsb=0x7f126ba4a2f0, parent_rsb=0x0, mode=Jrd::RSE_get_forward) at ../src/jrd/rse.cpp:2156
#39 0x00007f128e143a60 in RSE_get_record (tdbb=0x7f1165444ce0, rsb=0x7f126ba4a2f0, mode=Jrd::RSE_get_forward) at ../src/jrd/rse.cpp:312
#40 0x00007f128e0b2c91 in EXE_looper (tdbb=0x7f1165444ce0, request=0x7f1268cbc950, in_node=0x7f12536e6860) at ../src/jrd/exe.cpp:1989
#41 0x00007f128e0b5442 in looper_seh (tdbb=0x7f1165444ce0, request=0x7f1268cbc950, transaction=0x7f126a00b870, node=0x7f12536e6860, next_state=Jrd::jrd_req::req_sync) at ../src/jrd/exe.cpp:2917
#42 execute_looper (tdbb=0x7f1165444ce0, request=0x7f1268cbc950, transaction=0x7f126a00b870, node=0x7f12536e6860, next_state=Jrd::jrd_req::req_sync) at ../src/jrd/exe.cpp:1369
#43 0x00007f128e0b89fe in EXE_receive (tdbb=0x7f1165444ce0, request=0x7f1268cbc950, msg=1, length=2716, buffer=0x7f125366dff8 "\001", top_level=true) at ../src/jrd/exe.cpp:723
#44 0x00007f128e0e6f74 in JRD_receive (tdbb=0x7f1165444ce0, request=0x7f1268cbc950, msg_type=16384, msg_length=65535, msg=0x7f125366dff8 "\001", level=<value optimized out>) at ../src/jrd/jrd.cpp:6961
#45 0x00007f128e1e8716 in DSQL_fetch (tdbb=0x7f1165444ce0, request=0x7f1213d53798, blr_length=0, blr=0x0, msg_length=2714, dsql_msg_buf=0x7f128a2391e8 "\004") at ../src/dsql/dsql.cpp:517
#46 0x00007f128e0f0873 in jrd8_fetch (user_status=0x7f1165444e30, stmt_handle=<value optimized out>, blr_length=16384, blr=0x0, msg_length=0, dsql_msg_buf=0x7f128a2391e8 "\004") at ../src/jrd/jrd.cpp:4140
#47 0x00007f128e1ad0dd in EDS::InternalStatement::doFetch (this=0x7f11dc90e4b8, tdbb=0x7f1165446610) at ../src/jrd/extds/InternalDS.cpp:482
#48 0x00007f128e1a83cd in EDS::Statement::fetch (this=0x122, tdbb=0x7f0e4f8bc000, out_count=16384, out_params=0xffffffffffffffff) at ../src/jrd/extds/ExtDS.cpp:899
#49 0x00007f128e0b3ba6 in execute_statement (tdbb=0x7f1165446610, request=0x7f1213d58ea0, in_node=0x7f12564bf7d8) at ../src/jrd/exe.cpp:1596
#50 EXE_looper (tdbb=0x7f1165446610, request=0x7f1213d58ea0, in_node=0x7f12564bf7d8) at ../src/jrd/exe.cpp:2618
#51 0x00007f128e0b5442 in looper_seh (tdbb=0x7f1165446610, request=0x7f1213d58ea0, transaction=0x7f126a00b870, node=0x7f12564bf7d8, next_state=Jrd::jrd_req::req_sync) at ../src/jrd/exe.cpp:2917
#52 execute_looper (tdbb=0x7f1165446610, request=0x7f1213d58ea0, transaction=0x7f126a00b870, node=0x7f12564bf7d8, next_state=Jrd::jrd_req::req_sync) at ../src/jrd/exe.cpp:1369
#53 0x00007f128e0b89fe in EXE_receive (tdbb=0x7f1165446610, request=0x7f1213d58ea0, msg=1, length=2760, buffer=0x7f1239948048 "\004", top_level=false) at ../src/jrd/exe.cpp:723
#54 0x00007f128e1408b2 in get_procedure (tdbb=0x7f1165446610, rsb=0x7f11efd4dec8, impure=0x0, rpb=<value optimized out>) at ../src/jrd/rse.cpp:1737
#55 0x00007f128e141c8b in get_record (tdbb=0x7f1165446610, rsb=0x7f11efd4dec8, parent_rsb=0x7f11efd4dd50, mode=Jrd::RSE_get_forward) at ../src/jrd/rse.cpp:2287
#56 0x00007f128e14258a in get_record (tdbb=0x7f1165446610, rsb=0x7f11efd4dd50, parent_rsb=0x0, mode=Jrd::RSE_get_forward) at ../src/jrd/rse.cpp:2156
#57 0x00007f128e143a60 in RSE_get_record (tdbb=0x7f1165446610, rsb=0x7f11efd4dd50, mode=Jrd::RSE_get_forward) at ../src/jrd/rse.cpp:312
#58 0x00007f128e0b2c91 in EXE_looper (tdbb=0x7f1165446610, request=0x7f123994d9e0, in_node=0x7f127235a840) at ../src/jrd/exe.cpp:1989
#59 0x00007f128e0b5442 in looper_seh (tdbb=0x7f1165446610, request=0x7f123994d9e0, transaction=0x7f126a00b870, node=0x7f127235a840, next_state=Jrd::jrd_req::req_sync) at ../src/jrd/exe.cpp:2917
#60 execute_looper (tdbb=0x7f1165446610, request=0x7f123994d9e0, transaction=0x7f126a00b870, node=0x7f127235a840, next_state=Jrd::jrd_req::req_sync) at ../src/jrd/exe.cpp:1369
#61 0x00007f128e0b89fe in EXE_receive (tdbb=0x7f1165446610, request=0x7f123994d9e0, msg=1, length=2756, buffer=0x7f11ed9f4ba8 "", top_level=true) at ../src/jrd/exe.cpp:723
#62 0x00007f128e0e6f74 in JRD_receive (tdbb=0x7f1165446610, request=0x7f123994d9e0, msg_type=16384, msg_length=65535, msg=0x7f11ed9f4ba8 "", level=<value optimized out>) at ../src/jrd/jrd.cpp:6961
#63 0x00007f128e1e8716 in DSQL_fetch (tdbb=0x7f1165446610, request=0x7f118ed9b020, blr_length=194, blr=0x7f125fff6628 "\005\002\004", msg_length=2758, dsql_msg_buf=0x7f11edb067e0 " ") at ../src/dsql/dsql.cpp:517
#64 0x00007f128e0f0873 in jrd8_fetch (user_status=0x7f11654468f0, stmt_handle=<value optimized out>, blr_length=16384, blr=0x7f125fff6628 "\005\002\004", msg_length=0, dsql_msg_buf=0x7f11edb067e0 " ") at ../src/jrd/jrd.cpp:4140
#65 0x00007f128dfb726e in isc_dsql_fetch_m (user_status=<value optimized out>, stmt_handle=<value optimized out>, blr_length=16384, blr=0x7f125fff6628 "\005\002\004", msg_type=0, msg_length=22984, msg=0x7f11edb067e0 " ") at ../src/jrd/why.cpp:3266
#66 0x0000000000409904 in rem_port::fetch (this=0x7f1253fc8850, sqldata=0x7f125d03fe70, sendL=0x7f125d03f740) at ../src/remote/server.cpp:2472
#67 0x0000000000411e52 in process_packet (port=0x7f1253fc8850, sendL=0x7f125d03f740, receive=0x7f125d03fb50, result=0x7f1165446e08) at ../src/remote/server.cpp:3543
#68 0x0000000000412bf7 in loopThread () at ../src/remote/server.cpp:5265
#69 0x00007f128dfac8e2 in run (arg=0x7f1199c4f8b0) at ../src/jrd/ThreadStart.cpp:128
#70 (anonymous namespace)::threadStart (arg=0x7f1199c4f8b0) at ../src/jrd/ThreadStart.cpp:139
#71 0x00007f128cf759d1 in start_thread () from /lib64/libpthread.so.0
#72 0x00007f128ccc28fd in clone () from /lib64/libc.so.6

Thread 9 (Thread 0x7f107ee9b700 (LWP 20339)):
#0  0x00007f128cf7ba21 in sem_timedwait () from /lib64/libpthread.so.0
#1  0x000000000042f890 in Firebird::SignalSafeSemaphore::tryEnter (this=0x7f107ee9ad90, seconds=<value optimized out>, milliseconds=<value optimized out>) at ../src/common/classes/semaphore.cpp:171
#2  0x000000000040e4fa in Worker::wait (this=0x7f107ee9ad80, timeout=393) at ../src/remote/server.cpp:5582
#3  0x00000000004130aa in loopThread () at ../src/remote/server.cpp:5395
#4  0x00007f128dfac8e2 in run (arg=0x7f1238a01718) at ../src/jrd/ThreadStart.cpp:128
#5  (anonymous namespace)::threadStart (arg=0x7f1238a01718) at ../src/jrd/ThreadStart.cpp:139
#6  0x00007f128cf759d1 in start_thread () from /lib64/libpthread.so.0
#7  0x00007f128ccc28fd in clone () from /lib64/libc.so.6

Thread 8 (Thread 0x7f128e59f740 (LWP 3492)):
#0  0x00007f128ccb90d3 in poll () from /lib64/libc.so.6
#1  0x0000000000422775 in select (main_port=0x7f128c59f3f8, buffer=0x7f128c599228 "", bufsize=8192, length=0x7ffff4d936fe, port=...) at ../src/remote/inet.cpp:375
#2  select_wait (main_port=0x7f128c59f3f8, buffer=0x7f128c599228 "", bufsize=8192, length=0x7ffff4d936fe, port=...) at ../src/remote/inet.cpp:2447
#3  select_multi (main_port=0x7f128c59f3f8, buffer=0x7f128c599228 "", bufsize=8192, length=0x7ffff4d936fe, port=...) at ../src/remote/inet.cpp:2222
#4  0x000000000040fb20 in SRVR_multi_thread (main_port=0x7f128c59f3f8, flags=<value optimized out>) at ../src/remote/server.cpp:636
#5  0x0000000000407f8c in server_main (argc=<value optimized out>, argv=<value optimized out>) at ../src/remote/inet_server.cpp:430
#6  0x00007f128cbf8d5d in __libc_start_main () from /lib64/libc.so.6
#7  0x0000000000407759 in _start ()

Thread 7 (Thread 0x7f112501e700 (LWP 10622)):
#0  0x00007f128cf795bc in pthread_cond_wait@@GLIBC_2.3.2 () from /lib64/libpthread.so.0
#1  0x00007f128e0e2fbe in ISC_event_wait (event=0x7f128a961b90, value=1, micro_seconds=<value optimized out>) at ../src/jrd/isc_sync.cpp:1873
#2  0x00007f128e242d4b in Jrd::LockManager::blocking_action_thread (this=0x7f127fc018f0) at ../src/lock/lock.cpp:1580
#3  0x00007f128e246c09 in Jrd::LockManager::blocking_action_thread (arg=0x7f128a961bc4) at ../src/lock/../lock/lock_proto.h:468
#4  0x00007f128dfac8e2 in run (arg=0x7f12551119a8) at ../src/jrd/ThreadStart.cpp:128
#5  (anonymous namespace)::threadStart (arg=0x7f12551119a8) at ../src/jrd/ThreadStart.cpp:139
#6  0x00007f128cf759d1 in start_thread () from /lib64/libpthread.so.0
#7  0x00007f128ccc28fd in clone () from /lib64/libc.so.6

Thread 6 (Thread 0x7f112461d700 (LWP 19098)):
#0  0x00007f128cf7ba21 in sem_timedwait () from /lib64/libpthread.so.0
#1  0x000000000042f890 in Firebird::SignalSafeSemaphore::tryEnter (this=0x7f112461cd90, seconds=<value optimized out>, milliseconds=<value optimized out>) at ../src/common/classes/semaphore.cpp:171
#2  0x000000000040e4fa in Worker::wait (this=0x7f112461cd80, timeout=393) at ../src/remote/server.cpp:5582
#3  0x00000000004130aa in loopThread () at ../src/remote/server.cpp:5395
#4  0x00007f128dfac8e2 in run (arg=0x7f117af8bf80) at ../src/jrd/ThreadStart.cpp:128
#5  (anonymous namespace)::threadStart (arg=0x7f117af8bf80) at ../src/jrd/ThreadStart.cpp:139
#6  0x00007f128cf759d1 in start_thread () from /lib64/libpthread.so.0
#7  0x00007f128ccc28fd in clone () from /lib64/libc.so.6

Thread 5 (Thread 0x7f128b663700 (LWP 3494)):
#0  0x00007f128cf7ba21 in sem_timedwait () from /lib64/libpthread.so.0
#1  0x00007f128e2c4810 in Firebird::SignalSafeSemaphore::tryEnter (this=0x7f128b86fca0, seconds=<value optimized out>, milliseconds=<value optimized out>) at ../src/common/classes/semaphore.cpp:171
#2  0x00007f128e1b2f41 in Jrd::ConfigStorage::touchThreadFunc (this=0x7f128b874788) at ../src/jrd/trace/TraceConfigStorage.cpp:352
#3  0x00007f128e1b3049 in Jrd::ConfigStorage::touchThread (arg=0x7f128b86fca0) at ../src/jrd/trace/TraceConfigStorage.cpp:338
#4  0x00007f128dfac8e2 in run (arg=0x7f128b874768) at ../src/jrd/ThreadStart.cpp:128
#5  (anonymous namespace)::threadStart (arg=0x7f128b874768) at ../src/jrd/ThreadStart.cpp:139
#6  0x00007f128cf759d1 in start_thread () from /lib64/libpthread.so.0
#7  0x00007f128ccc28fd in clone () from /lib64/libc.so.6

Thread 4 (Thread 0x7f116ee39700 (LWP 20216)):
#0  0x00007f128cf7c264 in __lll_lock_wait () from /lib64/libpthread.so.0
#1  0x00007f128cf77523 in _L_lock_892 () from /lib64/libpthread.so.0
#2  0x00007f128cf77407 in pthread_mutex_lock () from /lib64/libpthread.so.0
#3  0x00007f128e0e731a in enter (this=0x7f116ee35d80, dbb=0x7f124ff1cdc0, attachment=0x0) at ../src/jrd/../jrd/../jrd/../common/classes/locks.h:170
#4  lock (this=0x7f116ee35d80, dbb=0x7f124ff1cdc0, attachment=0x0) at ../src/jrd/../jrd/../jrd/Database.h:140
#5  SyncGuard (this=0x7f116ee35d80, dbb=0x7f124ff1cdc0, attachment=0x0) at ../src/jrd/../jrd/../jrd/Database.h:221
#6  Jrd::AstContextHolder::AstContextHolder (this=0x7f116ee35d80, dbb=0x7f124ff1cdc0, attachment=0x0) at ../src/jrd/jrd.cpp:7461
#7  0x00007f128e076666 in blocking_ast_bdb (ast_object=<value optimized out>) at ../src/jrd/cch.cpp:2719
#8  0x00007f128e240103 in Jrd::LockManager::blocking_action (this=0x7f128b66b980, tdbb=0x7f116ee384f0, blocking_owner_offset=5068480, blocked_owner_offset=5436096) at ../src/lock/lock.cpp:1488
#9  0x00007f128e240345 in Jrd::LockManager::signal_owner (this=0x7f11b05eef38, tdbb=0x80, blocking_owner=<value optimized out>, blocked_owner_offset=-1) at ../src/lock/lock.cpp:3396
#10 0x00007f128e2405b4 in Jrd::LockManager::post_blockage (this=0x7f128b66b980, tdbb=0x7f116ee384f0, request=0x7f0d9862b8b0, lock=<value optimized out>) at ../src/lock/lock.cpp:2828
#11 0x00007f128e240845 in Jrd::LockManager::wait_for_request (this=0x7f128b66b980, tdbb=0x7f116ee384f0, request=0x7f0d9862b8b0, lck_wait=1) at ../src/lock/lock.cpp:3978
#12 0x00007f128e2411ff in Jrd::LockManager::grant_or_que (this=0x7f128b66b980, tdbb=0x80, request=0x7f0d9862b8b0, lock=<value optimized out>, lck_wait=-1) at ../src/lock/lock.cpp:2320
#13 0x00007f128e24458b in Jrd::LockManager::enqueue (this=0x7f128b66b980, tdbb=0x7f116ee384f0, prior_request=<value optimized out>, parent_request=<value optimized out>, series=3, value=0x7f127ebf99c4 "\237rw\001\001", length=8, type=6 '\006', ast_routine=0x7f128e076630 <blocking_ast_bdb(void*)>, ast_argument=0x7f127ebf99e8, data=0, lck_wait=-4296, owner_offset=5436096) at ../src/lock/lock.cpp:569
#14 0x00007f128e1073d2 in enqueue (tdbb=0x7f116ee384f0, lock=0x7f127ebf9950, level=<value optimized out>, wait=1) at ../src/jrd/lck.cpp:916
#15 ENQUEUE (tdbb=0x7f116ee384f0, lock=0x7f127ebf9950, level=<value optimized out>, wait=1) at ../src/jrd/lck.cpp:144
#16 LCK_lock (tdbb=0x7f116ee384f0, lock=0x7f127ebf9950, level=<value optimized out>, wait=1) at ../src/jrd/lck.cpp:627
#17 0x00007f128e0733cf in lock_buffer (tdbb=0x7f116ee384f0, bdb=0x7f127ebf99e8, wait=-1, page_type=4 '\004') at ../src/jrd/cch.cpp:5540
#18 0x00007f128e075d73 in CCH_fetch_lock (tdbb=0x7f116ee384f0, window=0x7f116ee36cd0, lock_type=6, wait=1, page_type=-1 '\377') at ../src/jrd/cch.cpp:916
#19 0x00007f128e07623c in CCH_FETCH_LOCK (tdbb=0x7f116ee384f0, window=0x7f116ee36cd0, lock_type=1, page_type=4 '\004', checksum=1, latch_wait=-1, read_shadow=true) at ../src/jrd/../jrd/cch_proto.h:91
#20 CCH_fetch (tdbb=0x7f116ee384f0, window=0x7f116ee36cd0, lock_type=1, page_type=4 '\004', checksum=1, latch_wait=-1, read_shadow=true) at ../src/jrd/cch.cpp:779
#21 0x00007f128dfcb9ad in CCH_FETCH (tdbb=0x7f116ee384f0, relation=0x7f1273a31de0, relPages=0x7f1273a31f80, window=0x7f116ee36cd0, sequence=158, lock=<value optimized out>) at ../src/include/../jrd/cch_proto.h:71
#22 get_pointer_page (tdbb=0x7f116ee384f0, relation=0x7f1273a31de0, relPages=0x7f1273a31f80, window=0x7f116ee36cd0, sequence=158, lock=<value optimized out>) at ../temp/std/jrd/dpm.cpp:3135
#23 0x00007f128dfceccf in extend_relation (tdbb=0x7f116ee384f0, rpb=0x7f1253d1bda0, size=172, stack=..., record=0x0, type=1) at ../temp/std/jrd/dpm.cpp:2817
#24 locate_space (tdbb=0x7f116ee384f0, rpb=0x7f1253d1bda0, size=172, stack=..., record=0x0, type=1) at ../temp/std/jrd/dpm.cpp:3255
#25 0x00007f128dfcf617 in DPM_store (tdbb=0x7f116ee384f0, rpb=0x7f1253d1bda0, stack=..., type=20216) at ../temp/std/jrd/dpm.cpp:2147
#26 0x00007f128e1846d3 in VIO_store (tdbb=0x7f116ee384f0, rpb=0x7f1253d1bda0, transaction=0x7f1271e579b0) at ../src/jrd/vio.cpp:2949
#27 0x00007f128e0b74d6 in store (tdbb=0x7f116ee384f0, node=0x7f1253d322b0, which_trig=0) at ../src/jrd/exe.cpp:3771
#28 0x00007f128e0b28e1 in EXE_looper (tdbb=0x7f116ee384f0, request=0x7f1253d1b840, in_node=0x7f1253d33330) at ../src/jrd/exe.cpp:2689
#29 0x00007f128e0b5442 in looper_seh (tdbb=0x7f116ee384f0, request=0x7f1253d1b840, transaction=0x7f1271e579b0, node=0x7f1253d33330, next_state=Jrd::jrd_req::req_proceed) at ../src/jrd/exe.cpp:2917
#30 execute_looper (tdbb=0x7f116ee384f0, request=0x7f1253d1b840, transaction=0x7f1271e579b0, node=0x7f1253d33330, next_state=Jrd::jrd_req::req_proceed) at ../src/jrd/exe.cpp:1369
#31 0x00007f128e0b7e82 in EXE_send (tdbb=0x7f116ee384f0, request=0x80, msg=50764, length=12256, buffer=0x7f1253d25058 "\377\377") at ../src/jrd/exe.cpp:971
#32 0x00007f128e0e474c in JRD_start_and_send (tdbb=0x7f116ee384f0, request=0x7f1253d1b840, transaction=0x7f1271e579b0, msg_type=1, msg_length=65535, msg=0x7f1253d25058 "\377\377", level=0) at ../src/jrd/jrd.cpp:7105
#33 0x00007f128e1e9745 in execute_request (tdbb=0x7f116ee384f0, request=0x7f1263fa04c8, tra_handle=<value optimized out>, in_blr_length=<value optimized out>, in_blr=0x7f125ebc9bc0 "\005\002\004", in_msg_length=<value optimized out>, in_msg=0x7f12534d0cb0 "\005", out_blr_length=0, out_blr=0x0, out_msg_length=0, out_msg=0x0, singleton=false) at ../src/dsql/dsql.cpp:1287
#34 0x00007f128e1eb669 in DSQL_execute (tdbb=0x7f116ee384f0, tra_handle=0x7f116ee387f8, request=0x7f1263fa04c8, in_blr_length=65535, in_blr=0x7f125ebc9bc0 "\005\002\004", in_msg_type=<value optimized out>, in_msg_length=20216, in_msg=0x7f12534d0cb0 "\005", out_blr_length=<value optimized out>, out_blr=0x0, out_msg_length=<value optimized out>, out_msg=0x0) at ../src/dsql/dsql.cpp:271
#35 0x00007f128e0ff0ff in jrd8_execute (user_status=0x7f116ee388d0, tra_handle=0x7f116ee387f8, stmt_handle=<value optimized out>, in_blr_length=65535, in_blr=0x7f125ebc9bc0 "\005\002\004", in_msg_type=20216, in_msg_length=65024, in_msg=0x7f12534d0cb0 "\005", out_blr_length=<value optimized out>, out_blr=0x0, out_msg_length=<value optimized out>, out_msg=0x0) at ../src/jrd/jrd.cpp:4049
#36 0x00007f128dfba95c in isc_dsql_execute2_m (user_status=<value optimized out>, tra_handle=0x7f116ee3899c, stmt_handle=<value optimized out>, in_blr_length=65535, in_blr=0x7f125ebc9bc0 "\005\002\004", in_msg_type=20216, in_msg_length=<value optimized out>, in_msg=0x7f12534d0cb0 "\005", out_blr_length=<value optimized out>, out_blr=0x0, out_msg_type=<value optimized out>, out_msg_length=<value optimized out>, out_msg=0x0) at ../src/jrd/why.cpp:2725
#37 0x000000000040f050 in rem_port::execute_statement (this=0x7f11b06b4908, op=op_execute, sqldata=0x7f1213831f10, sendL=0x7f12138317e0) at ../src/remote/server.cpp:2330
#38 0x00000000004115b4 in process_packet (port=0x7f11b06b4908, sendL=0x7f12138317e0, receive=0x7f1213831bf0, result=0x7f116ee38e08) at ../src/remote/server.cpp:3534
#39 0x0000000000412bf7 in loopThread () at ../src/remote/server.cpp:5265
#40 0x00007f128dfac8e2 in run (arg=0x7f128a072020) at ../src/jrd/ThreadStart.cpp:128
#41 (anonymous namespace)::threadStart (arg=0x7f128a072020) at ../src/jrd/ThreadStart.cpp:139
#42 0x00007f128cf759d1 in start_thread () from /lib64/libpthread.so.0
#43 0x00007f128ccc28fd in clone () from /lib64/libc.so.6

Thread 3 (Thread 0x7f107d496700 (LWP 20215)):
#0  DPM_data_pages (tdbb=0x7f107d494cc0, relation=0x7f12614f11c8) at ../temp/std/jrd/dpm.cpp:710
#1  0x00007f128dfcd3a7 in DPM_cardinality (tdbb=0x7f107d494cc0, relation=0x7f12614f11c8, format=0x7f125b9bd340) at ../temp/std/jrd/dpm.cpp:263
#2  0x00007f128e11d5e9 in Jrd::OPT_getRelationCardinality (tdbb=0x7f107d494cc0, relation=0x7f12614f11c8, format=0x7f125b9bd340) at ../src/jrd/Optimizer.cpp:871
#3  0x00007f128e117fc8 in OPT_compile (tdbb=0x7f107d494cc0, csb=0x7f124d433fd0, rse=0x7f124d435da0, parent_stack=0x0) at ../src/jrd/opt.cpp:599
#4  0x00007f128e07db61 in post_rse (tdbb=0x7f107d494cc0, csb=0x7f124d433fd0, node=0x7f124d435e78, parent=<value optimized out>) at ../src/jrd/cmp.cpp:6249
#5  CMP_pass2 (tdbb=0x7f107d494cc0, csb=0x7f124d433fd0, node=0x7f124d435e78, parent=<value optimized out>) at ../src/jrd/cmp.cpp:5840
#6  0x00007f128e07da3c in CMP_pass2 (tdbb=0x7f107d494cc0, csb=0x7f124d433fd0, node=0x7f0fe442c42c, parent=<value optimized out>) at ../src/jrd/cmp.cpp:5484
#7  0x00007f128e07da3c in CMP_pass2 (tdbb=0x7f107d494cc0, csb=0x7f124d433fd0, node=0x7f0fe442c42c, parent=<value optimized out>) at ../src/jrd/cmp.cpp:5484
#8  0x00007f128e086d0b in CMP_make_request (tdbb=0x7f107d494cc0, csb=0x7f124d433fd0, internal_flag=false) at ../src/jrd/cmp.cpp:2124
#9  0x00007f128e087fa0 in CMP_compile2 (tdbb=0x7f107d494cc0, blr=0x7f1253ad4048 "\005\002\004\001\003", blr_length=100, internal_flag=false, dbginfo_length=<value optimized out>, dbginfo=0x7f1253ad4500 "") at ../src/jrd/cmp.cpp:611
#10 0x00007f128e0e619c in JRD_compile (tdbb=0x7f107d494cc0, attachment=0x7f126161a430, req_handle=0x7f1253ad4038, blr_length=100, blr=0x7f1253ad4048 "\005\002\004\001\003", ref_str=..., dbginfo_length=0, dbginfo=0x7f1253ad4500 "") at ../src/jrd/jrd.cpp:7293
#11 0x00007f128e1ec28b in prepare (tdbb=0x7f107d494cc0, database=<value optimized out>, transaction=0x7f125eb969b0, string_length=<value optimized out>, string=<value optimized out>, client_dialect=3, parser_version=<value optimized out>) at ../src/dsql/dsql.cpp:2746
#12 0x00007f128e1ed529 in DSQL_prepare (tdbb=0x7f107d494cc0, transaction=0x7f125eb969b0, req_handle=0x7f125f1a6198, length=50220, string=0x7f124ec71b70 "select docdate from tbl_doc_nakl dn where dn.recid = ?      and dn.baseid = ?      \r\n   \r\n     , ?     , ?        , ?         )\r\nPRC_ZAV, C_ED_TOV, SUM_TOV, DAT_RLZ, POLUTCH, OTMETKA, N_DOC_OPL, N_NAC"..., dialect=1, item_length=26, items=0x7f107d494ff8 "~\025\004\a\t\v\f\r\016\020\021\022\023\b\005\a\t\v\f\r\016\020\021\022\023\bba\022\177", buffer_length=32768, buffer=0x7f11b0e41fb8 "@>\371{\021\177") at ../src/dsql/dsql.cpp:732
#13 0x00007f128e0efc8e in jrd8_prepare (user_status=0x7f107d4958d0, tra_handle=0x7f107d494f38, stmt_handle=0x7f125f1a6198, length=50220, string=0x7f124ec71b70 "select docdate from tbl_doc_nakl dn where dn.recid = ?      and dn.baseid = ?      \r\n   \r\n     , ?     , ?        , ?         )\r\nPRC_ZAV, C_ED_TOV, SUM_TOV, DAT_RLZ, POLUTCH, OTMETKA, N_DOC_OPL, N_NAC"..., dialect=1, item_length=<value optimized out>, items=0x7f107d494ff8 "~\025\004\a\t\v\f\r\016\020\021\022\023\b\005\a\t\v\f\r\016\020\021\022\023\bba\022\177", buffer_length=<value optimized out>, buffer=0x7f11b0e41fb8 "@>\371{\021\177") at ../src/jrd/jrd.cpp:4248
#14 0x00007f128dfb83a4 in isc_dsql_prepare_m (user_status=<value optimized out>, tra_handle=0x7f12130ced18, stmt_handle=<value optimized out>, length=50220, string=0x7f124ec71b70 "select docdate from tbl_doc_nakl dn where dn.recid = ?      and dn.baseid = ?      \r\n   \r\n     , ?     , ?        , ?         )\r\nPRC_ZAV, C_ED_TOV, SUM_TOV, DAT_RLZ, POLUTCH, OTMETKA, N_DOC_OPL, N_NAC"..., dialect=1, item_length=<value optimized out>, items=0x7f107d494ff8 "~\025\004\a\t\v\f\r\016\020\021\022\023\b\005\a\t\v\f\r\016\020\021\022\023\bba\022\177", buffer_length=<value optimized out>, buffer=0x7f11b0e41fb8 "@>\371{\021\177") at ../src/jrd/why.cpp:3638
#15 0x000000000040c7f3 in rem_port::prepare_statement (this=0x7f125214afe8, prepareL=0x7f125becbeb0, sendL=0x7f125becb7e0) at ../src/remote/server.cpp:3251
#16 0x0000000000411e12 in process_packet (port=0x7f125214afe8, sendL=0x7f125becb7e0, receive=0x7f125becbbf0, result=0x7f107d495e08) at ../src/remote/server.cpp:3555
#17 0x0000000000412bf7 in loopThread () at ../src/remote/server.cpp:5265
#18 0x00007f128dfac8e2 in run (arg=0x7f128a072020) at ../src/jrd/ThreadStart.cpp:128
#19 (anonymous namespace)::threadStart (arg=0x7f128a072020) at ../src/jrd/ThreadStart.cpp:139
#20 0x00007f128cf759d1 in start_thread () from /lib64/libpthread.so.0
#21 0x00007f128ccc28fd in clone () from /lib64/libc.so.6

Thread 2 (Thread 0x7f118ab51700 (LWP 19639)):
#0  0x00007f128cf7ba21 in sem_timedwait () from /lib64/libpthread.so.0
#1  0x000000000042f890 in Firebird::SignalSafeSemaphore::tryEnter (this=0x7f118ab50d90, seconds=<value optimized out>, milliseconds=<value optimized out>) at ../src/common/classes/semaphore.cpp:171
#2  0x000000000040e4fa in Worker::wait (this=0x7f118ab50d80, timeout=393) at ../src/remote/server.cpp:5582
#3  0x00000000004130aa in loopThread () at ../src/remote/server.cpp:5395
#4  0x00007f128dfac8e2 in run (arg=0x7f124c3a6108) at ../src/jrd/ThreadStart.cpp:128
#5  (anonymous namespace)::threadStart (arg=0x7f124c3a6108) at ../src/jrd/ThreadStart.cpp:139
#6  0x00007f128cf759d1 in start_thread () from /lib64/libpthread.so.0
#7  0x00007f128ccc28fd in clone () from /lib64/libc.so.6

Thread 1 (Thread 0x7f116d805700 (LWP 20773)):
#0  par_field (tdbb=0x7f116d803cc0, csb=0x7f11edb516e0, expected=<value optimized out>) at ../src/jrd/par.cpp:1350
#1  PAR_parse_node (tdbb=0x7f116d803cc0, csb=0x7f11edb516e0, expected=<value optimized out>) at ../src/jrd/par.cpp:3111
#2  0x00007f128e12f55e in PAR_parse_node (tdbb=0x7f116d803cc0, csb=0x7f11edb516e0, expected=<value optimized out>) at ../src/jrd/par.cpp:2985
#3  0x00007f128e13089e in PAR_parse_node (tdbb=0x7f116d803cc0, csb=0x7f11edb516e0, expected=<value optimized out>) at ../src/jrd/par.cpp:2707
#4  0x00007f128e13033c in PAR_parse_node (tdbb=0x7f116d803cc0, csb=0x7f11edb516e0, expected=<value optimized out>) at ../src/jrd/par.cpp:2729
#5  0x00007f128e13089e in PAR_parse_node (tdbb=0x7f116d803cc0, csb=0x7f11edb516e0, expected=<value optimized out>) at ../src/jrd/par.cpp:2707
#6  0x00007f128e13089e in PAR_parse_node (tdbb=0x7f116d803cc0, csb=0x7f11edb516e0, expected=<value optimized out>) at ../src/jrd/par.cpp:2707
#7  0x00007f128e13036a in PAR_parse_node (tdbb=0x7f116d803cc0, csb=0x7f11edb516e0, expected=1) at ../src/jrd/par.cpp:3337
#8  0x00007f128e130dd3 in PAR_parse_node (tdbb=0x7f116d803cc0, csb=0x7f11edb516e0, expected=<value optimized out>) at ../src/jrd/par.cpp:3299
#9  0x00007f128e130dd3 in PAR_parse_node (tdbb=0x7f116d803cc0, csb=0x7f11edb516e0, expected=<value optimized out>) at ../src/jrd/par.cpp:3299
#10 0x00007f128e1309d8 in PAR_parse_node (tdbb=0x7f116d803cc0, csb=0x7f11edb516e0, expected=1) at ../src/jrd/par.cpp:3349
#11 0x00007f128e130dd3 in PAR_parse_node (tdbb=0x7f116d803cc0, csb=0x7f11edb516e0, expected=<value optimized out>) at ../src/jrd/par.cpp:3299
#12 0x00007f128e135407 in PAR_blr (tdbb=0x7f116d803cc0, relation=0x1b001b0fffd000c, blr=0x7f11edcae878 "\005\002\003", blr_length=<value optimized out>, view_csb=0x0, csb=..., request_ptr=0x7f11edcaedf0, trigger=true, flags=16) at ../src/jrd/par.cpp:201
#13 0x00007f128e0ee96f in Jrd::Trigger::compile (this=0x7f11edcaecb0, tdbb=0x7f116d803cc0) at ../src/jrd/jrd.cpp:477
#14 0x00007f128e07a314 in triggers_external_access (tdbb=0x7f116d803cc0, list=..., request=0x7f124fa9b860) at ../src/jrd/cmp.cpp:268
#15 build_external_access (tdbb=0x7f116d803cc0, list=..., request=0x7f124fa9b860) at ../src/jrd/cmp.cpp:329
#16 0x00007f128e07a210 in build_external_access (tdbb=0x7f116d803cc0, list=..., request=0x7f123b818ff0) at ../src/jrd/cmp.cpp:303
#17 0x00007f128e07abc3 in CMP_verify_access (tdbb=0x7f116d803cc0, request=0x7f123b818ff0) at ../src/jrd/cmp.cpp:417
#18 0x00007f128e087fcb in CMP_compile2 (tdbb=0x7f116d803cc0, blr=0x7f121364cce0 "\005\002\004\001\005", blr_length=113, internal_flag=false, dbginfo_length=<value optimized out>, dbginfo=0x7f121364d198 "") at ../src/jrd/cmp.cpp:618
#19 0x00007f128e0e619c in JRD_compile (tdbb=0x7f116d803cc0, attachment=0x7f12522c6430, req_handle=0x7f121364ccd0, blr_length=113, blr=0x7f121364cce0 "\005\002\004\001\005", ref_str=..., dbginfo_length=56, dbginfo=0x7f121364d198 "") at ../src/jrd/jrd.cpp:7293
#20 0x00007f128e1ec28b in prepare (tdbb=0x7f116d803cc0, database=<value optimized out>, transaction=0x7f1250b6c9b8, string_length=<value optimized out>, string=<value optimized out>, client_dialect=3, parser_version=<value optimized out>) at ../src/dsql/dsql.cpp:2746
#21 0x00007f128e1ed529 in DSQL_prepare (tdbb=0x7f116d803cc0, transaction=0x7f1250b6c9b8, req_handle=0x7f126d3e3660, length=6560, string=0x7f12538aac60 " select NEW_RECID, NEW_BASEID from SP_MAKE_COPY_DOC_N_KASSA(?     , ?      , ?", ' ' <repeats 15 times>, ") \r\n?     , ?        , ?         )\r\n    , 1)  matching (BASEID, FARMID, DATE_CHANGE, DATE_DOC, DOCTYPE)\r\n  "..., dialect=257, item_length=26, items=0x7f116d803ff8 "~\025\004\a\t\v\f\r\016\020\021\022\023\b\005\a\t\v\f\r\016\020\021\022\023\b\354Y\022\177", buffer_length=32768, buffer=0x7f117bf93e40 "") at ../src/dsql/dsql.cpp:732
#22 0x00007f128e0efc8e in jrd8_prepare (user_status=0x7f116d8048d0, tra_handle=0x7f116d803f38, stmt_handle=0x7f126d3e3660, length=6560, string=0x7f12538aac60 " select NEW_RECID, NEW_BASEID from SP_MAKE_COPY_DOC_N_KASSA(?     , ?      , ?", ' ' <repeats 15 times>, ") \r\n?     , ?        , ?         )\r\n    , 1)  matching (BASEID, FARMID, DATE_CHANGE, DATE_DOC, DOCTYPE)\r\n  "..., dialect=257, item_length=<value optimized out>, items=0x7f116d803ff8 "~\025\004\a\t\v\f\r\016\020\021\022\023\b\005\a\t\v\f\r\016\020\021\022\023\b\354Y\022\177", buffer_length=<value optimized out>, buffer=0x7f117bf93e40 "") at ../src/jrd/jrd.cpp:4248
#23 0x00007f128dfb83a4 in isc_dsql_prepare_m (user_status=<value optimized out>, tra_handle=0x7f128230da10, stmt_handle=<value optimized out>, length=6560, string=0x7f12538aac60 " select NEW_RECID, NEW_BASEID from SP_MAKE_COPY_DOC_N_KASSA(?     , ?      , ?", ' ' <repeats 15 times>, ") \r\n?     , ?        , ?         )\r\n    , 1)  matching (BASEID, FARMID, DATE_CHANGE, DATE_DOC, DOCTYPE)\r\n  "..., dialect=257, item_length=<value optimized out>, items=0x7f116d803ff8 "~\025\004\a\t\v\f\r\016\020\021\022\023\b\005\a\t\v\f\r\016\020\021\022\023\b\354Y\022\177", buffer_length=<value optimized out>, buffer=0x7f117bf93e40 "") at ../src/jrd/why.cpp:3638
#24 0x000000000040c7f3 in rem_port::prepare_statement (this=0x7f11de013f38, prepareL=0x7f126964d250, sendL=0x7f126964cb80) at ../src/remote/server.cpp:3251
#25 0x0000000000411e12 in process_packet (port=0x7f11de013f38, sendL=0x7f126964cb80, receive=0x7f126964cf90, result=0x7f116d804e08) at ../src/remote/server.cpp:3555
#26 0x0000000000412bf7 in loopThread () at ../src/remote/server.cpp:5265
#27 0x00007f128dfac8e2 in run (arg=0x7f11ed4cb6b0) at ../src/jrd/ThreadStart.cpp:128
#28 (anonymous namespace)::threadStart (arg=0x7f11ed4cb6b0) at ../src/jrd/ThreadStart.cpp:139
#29 0x00007f128cf759d1 in start_thread () from /lib64/libpthread.so.0
#30 0x00007f128ccc28fd in clone () from /lib64/libc.so.6
