Reading symbols from /opt/firebird/bin/fb_smp_server...Reading symbols from /opt/firebird/bin/.debug/fb_smp_server.debug...done.
done.
[New Thread 3107]
[New Thread 29477]
[New Thread 17168]
[New Thread 2843]
[New Thread 2406]
[New Thread 3112]
[New Thread 2384]
[New Thread 1187]
[New Thread 2865]
[New Thread 2685]
[New Thread 2742]
[New Thread 17169]
[New Thread 28701]
[New Thread 2871]
[New Thread 2986]
[New Thread 2868]
[New Thread 2987]
[New Thread 1605]
[New Thread 1183]
[New Thread 1186]
Reading symbols from /opt/firebird/lib/libfbembed.so.2.5...Reading symbols from /opt/firebird/lib/.debug/libfbembed.so.2.5.6.debug...done.
done.
Loaded symbols for /opt/firebird/lib/libfbembed.so.2.5
Reading symbols from /lib64/librt.so.1...(no debugging symbols found)...done.
Loaded symbols for /lib64/librt.so.1
Reading symbols from /lib64/libdl.so.2...(no debugging symbols found)...done.
Loaded symbols for /lib64/libdl.so.2
Reading symbols from /lib64/libncurses.so.5...(no debugging symbols found)...done.
Loaded symbols for /lib64/libncurses.so.5
Reading symbols from /usr/lib64/libstdc++.so.6...(no debugging symbols found)...done.
Loaded symbols for /usr/lib64/libstdc++.so.6
Reading symbols from /lib64/libm.so.6...(no debugging symbols found)...done.
Loaded symbols for /lib64/libm.so.6
Reading symbols from /lib64/libgcc_s.so.1...(no debugging symbols found)...done.
Loaded symbols for /lib64/libgcc_s.so.1
Reading symbols from /lib64/libpthread.so.0...(no debugging symbols found)...done.
[Thread debugging using libthread_db enabled]
Loaded symbols for /lib64/libpthread.so.0
Reading symbols from /lib64/libc.so.6...(no debugging symbols found)...done.
Loaded symbols for /lib64/libc.so.6
Reading symbols from /lib64/ld-linux-x86-64.so.2...(no debugging symbols found)...done.
Loaded symbols for /lib64/ld-linux-x86-64.so.2
Reading symbols from /opt/firebird/lib/libicuuc.so.30...Reading symbols from /opt/firebird/lib/.debug/libicuuc.so.30.0.debug...done.
done.
Loaded symbols for /opt/firebird/lib/libicuuc.so.30
Reading symbols from /opt/firebird/lib/libicudata.so.30...Reading symbols from /opt/firebird/lib/.debug/libicudata.so.30.0.debug...done.
done.
Loaded symbols for /opt/firebird/lib/libicudata.so.30
Reading symbols from /opt/firebird/lib/libicui18n.so.30...Reading symbols from /opt/firebird/lib/.debug/libicui18n.so.30.0.debug...done.
done.
Loaded symbols for /opt/firebird/lib/libicui18n.so.30
Reading symbols from /lib64/libtinfo.so.5...(no debugging symbols found)...done.
Loaded symbols for /lib64/libtinfo.so.5
Reading symbols from /lib64/libnss_files.so.2...(no debugging symbols found)...done.
Loaded symbols for /lib64/libnss_files.so.2
Reading symbols from /opt/firebird/lib/libib_util.so...Reading symbols from /opt/firebird/lib/.debug/libib_util.so.debug...done.
done.
Loaded symbols for /opt/firebird/lib/libib_util.so
Reading symbols from /opt/firebird/intl/fbintl...Reading symbols from /opt/firebird/intl/.debug/fbintl.debug...done.
done.
Loaded symbols for /opt/firebird/intl/fbintl
Reading symbols from /opt/firebird/plugins/libfbtrace.so...Reading symbols from /opt/firebird/plugins/.debug/libfbtrace.so.debug...done.
done.
Loaded symbols for /opt/firebird/plugins/libfbtrace.so
Reading symbols from /lib/modules/2.6.32-504.23.4.el6.x86_64/vdso/vdso.so...Reading symbols from /usr/lib/debug/lib/modules/2.6.32-504.23.4.el6.x86_64/vdso/vdso.so.debug...done.
done.
Loaded symbols for /lib/modules/2.6.32-504.23.4.el6.x86_64/vdso/vdso.so
Core was generated by `/opt/firebird/bin/fb_smp_server'.
Program terminated with signal 11, Segmentation fault.
#0  0x00007fe8b2606b05 in execute_triggers (tdbb=0x7fe7ee6354f0, triggers=0x7fe8393b4648, old_rpb=0x7fe833462e20, 
    new_rpb=0x7fe833462ec0, trigger_action=Jrd::jrd_req::req_trigger_update, which_trig=<value optimized out>)
    at ../src/jrd/exe.cpp:1670
1670	../src/jrd/exe.cpp: No such file or directory.
	in ../src/jrd/exe.cpp

Thread 20 (Thread 0x7fe8b08d8700 (LWP 1186)):
#0  0x00007fe8b14cc930 in sem_wait () from /lib64/libpthread.so.0
#1  0x00007fe8b28156e8 in Firebird::SignalSafeSemaphore::enter (this=<value optimized out>) at ../src/common/classes/semaphore.cpp:132
#2  0x00007fe8b250f7a9 in (anonymous namespace)::shutdownThread () at ../src/jrd/why.cpp:933
#3  0x00007fe8b24fd8e2 in run (arg=0x7fe8b0b03258) at ../src/jrd/ThreadStart.cpp:128
#4  (anonymous namespace)::threadStart (arg=0x7fe8b0b03258) at ../src/jrd/ThreadStart.cpp:139
#5  0x00007fe8b14c69d1 in start_thread () from /lib64/libpthread.so.0
#6  0x00007fe8b12138fd in clone () from /lib64/libc.so.6

Thread 19 (Thread 0x7fe8b2af0740 (LWP 1183)):
#0  0x00007fe8b120a0d3 in poll () from /lib64/libc.so.6
#1  0x0000000000422775 in select (main_port=0x7fe8b0af03f8, buffer=0x7fe8b0aea228 "", bufsize=8192, length=0x7fffadea9e7e, port=...) at ../src/remote/inet.cpp:375
#2  select_wait (main_port=0x7fe8b0af03f8, buffer=0x7fe8b0aea228 "", bufsize=8192, length=0x7fffadea9e7e, port=...) at ../src/remote/inet.cpp:2447
#3  select_multi (main_port=0x7fe8b0af03f8, buffer=0x7fe8b0aea228 "", bufsize=8192, length=0x7fffadea9e7e, port=...) at ../src/remote/inet.cpp:2222
#4  0x000000000040fb20 in SRVR_multi_thread (main_port=0x7fe8b0af03f8, flags=<value optimized out>) at ../src/remote/server.cpp:636
#5  0x0000000000407f8c in server_main (argc=<value optimized out>, argv=<value optimized out>) at ../src/remote/inet_server.cpp:430
#6  0x00007fe8b1149d5d in __libc_start_main () from /lib64/libc.so.6
#7  0x0000000000407759 in _start ()

Thread 18 (Thread 0x7fe7c98f4700 (LWP 1605)):
#0  readNode (tdbb=0x7fe7c98f34f0, retrieval=0x7fe877a69120, bitmap=0x7fe87059d7a8, bitmap_and=0x0) at ../src/jrd/../jrd/../jrd/btn.h:149
#1  scan (tdbb=0x7fe7c98f34f0, retrieval=0x7fe877a69120, bitmap=0x7fe87059d7a8, bitmap_and=0x0) at ../src/jrd/btr.cpp:7313
#2  BTR_evaluate (tdbb=0x7fe7c98f34f0, retrieval=0x7fe877a69120, bitmap=0x7fe87059d7a8, bitmap_and=0x0) at ../src/jrd/btr.cpp:820
#3  0x00007fe8b25ff658 in EVL_bitmap (tdbb=0x7fe7c98f34f0, node=0x7fe877a69260, bitmap_and=0x0) at ../src/jrd/evl.cpp:353
#4  0x00007fe8b25ff6dc in EVL_bitmap (tdbb=0x7fe7c98f34f0, node=0x7fe877a68f78, bitmap_and=0x0) at ../src/jrd/evl.cpp:296
#5  0x00007fe8b2693948 in RSE_open (tdbb=0x7fe7c98f34f0, rsb=0x7fe877b37740) at ../src/jrd/rse.cpp:400
#6  0x00007fe8b2693a49 in RSE_open (tdbb=0x7fe7c98f34f0, rsb=0x7fe877b33a70) at ../src/jrd/rse.cpp:546
#7  0x00007fe8b2693a49 in RSE_open (tdbb=0x7fe7c98f34f0, rsb=0x7fe877b33890) at ../src/jrd/rse.cpp:546
#8  0x00007fe8b2692f92 in get_record (tdbb=0x7fe7c98f34f0, rsb=0x7fe877b357d8, parent_rsb=0x0, mode=Jrd::RSE_get_forward) at ../src/jrd/rse.cpp:2334
#9  0x00007fe8b2694108 in open_sort (tdbb=0x7fe7c98f34f0, rsb=0x7fe877a69930) at ../src/jrd/rse.cpp:2947
#10 RSE_open (tdbb=0x7fe7c98f34f0, rsb=0x7fe877a69930) at ../src/jrd/rse.cpp:459
#11 0x00007fe8b2693ea8 in open_merge (tdbb=0x7fe7c98f34f0, rsb=<value optimized out>) at ../src/jrd/rse.cpp:2806
#12 RSE_open (tdbb=0x7fe7c98f34f0, rsb=<value optimized out>) at ../src/jrd/rse.cpp:531
#13 0x00007fe8b2693a49 in RSE_open (tdbb=0x7fe7c98f34f0, rsb=0x7fe877b33440) at ../src/jrd/rse.cpp:546
#14 0x00007fe8b2693a49 in RSE_open (tdbb=0x7fe7c98f34f0, rsb=0x7fe877a68438) at ../src/jrd/rse.cpp:546
#15 0x00007fe8b269402f in open_sort (tdbb=0x7fe7c98f34f0, rsb=0x7fe877b34988) at ../src/jrd/rse.cpp:2923
#16 RSE_open (tdbb=0x7fe7c98f34f0, rsb=0x7fe877b34988) at ../src/jrd/rse.cpp:459
#17 0x00007fe8b2693ea8 in open_merge (tdbb=0x7fe7c98f34f0, rsb=<value optimized out>) at ../src/jrd/rse.cpp:2806
#18 RSE_open (tdbb=0x7fe7c98f34f0, rsb=<value optimized out>) at ../src/jrd/rse.cpp:531
#19 0x00007fe8b2693a49 in RSE_open (tdbb=0x7fe7c98f34f0, rsb=0x7fe877b35470) at ../src/jrd/rse.cpp:546
#20 0x00007fe8b2693a49 in RSE_open (tdbb=0x7fe7c98f34f0, rsb=0x7fe877b34380) at ../src/jrd/rse.cpp:546
#21 0x00007fe8b2693a49 in RSE_open (tdbb=0x7fe7c98f34f0, rsb=0x7fe877b37080) at ../src/jrd/rse.cpp:546
#22 0x00007fe8b2603c66 in EXE_looper (tdbb=0x7fe7c98f34f0, request=0x7fe870593010, in_node=0x7fe86688b260) at ../src/jrd/exe.cpp:1981
#23 0x00007fe8b2606442 in looper_seh (tdbb=0x7fe7c98f34f0, request=0x7fe870593010, transaction=0x7fe8334eed98, node=0x7fe86688b260, next_state=Jrd::jrd_req::req_sync) at ../src/jrd/exe.cpp:2917
#24 execute_looper (tdbb=0x7fe7c98f34f0, request=0x7fe870593010, transaction=0x7fe8334eed98, node=0x7fe86688b260, next_state=Jrd::jrd_req::req_sync) at ../src/jrd/exe.cpp:1369
#25 0x00007fe8b26099fe in EXE_receive (tdbb=0x7fe7c98f34f0, request=0x7fe870593010, msg=1, length=2548, buffer=0x7fe82fdb1048 "&", top_level=false) at ../src/jrd/exe.cpp:723
#26 0x00007fe8b26918b2 in get_procedure (tdbb=0x7fe7c98f34f0, rsb=0x7fe86afef4a0, impure=0x0, rpb=<value optimized out>) at ../src/jrd/rse.cpp:1737
#27 0x00007fe8b2692c8b in get_record (tdbb=0x7fe7c98f34f0, rsb=0x7fe86afef4a0, parent_rsb=0x0, mode=Jrd::RSE_get_forward) at ../src/jrd/rse.cpp:2287
#28 0x00007fe8b2694a60 in RSE_get_record (tdbb=0x7fe7c98f34f0, rsb=0x7fe86afef4a0, mode=Jrd::RSE_get_forward) at ../src/jrd/rse.cpp:312
#29 0x00007fe8b2603c91 in EXE_looper (tdbb=0x7fe7c98f34f0, request=0x7fe87088f040, in_node=0x7fe85e0ba680) at ../src/jrd/exe.cpp:1989
#30 0x00007fe8b2606442 in looper_seh (tdbb=0x7fe7c98f34f0, request=0x7fe87088f040, transaction=0x7fe8334eed98, node=0x7fe85e0ba680, next_state=Jrd::jrd_req::req_sync) at ../src/jrd/exe.cpp:2917
#31 execute_looper (tdbb=0x7fe7c98f34f0, request=0x7fe87088f040, transaction=0x7fe8334eed98, node=0x7fe85e0ba680, next_state=Jrd::jrd_req::req_sync) at ../src/jrd/exe.cpp:1369
#32 0x00007fe8b26099fe in EXE_receive (tdbb=0x7fe7c98f34f0, request=0x7fe87088f040, msg=1, length=2548, buffer=0x7fe8721a67a8 "&", top_level=false) at ../src/jrd/exe.cpp:723
#33 0x00007fe8b26918b2 in get_procedure (tdbb=0x7fe7c98f34f0, rsb=0x7fe8721a7ee8, impure=0x0, rpb=<value optimized out>) at ../src/jrd/rse.cpp:1737
#34 0x00007fe8b2692c8b in get_record (tdbb=0x7fe7c98f34f0, rsb=0x7fe8721a7ee8, parent_rsb=0x0, mode=Jrd::RSE_get_forward) at ../src/jrd/rse.cpp:2287
#35 0x00007fe8b2694108 in open_sort (tdbb=0x7fe7c98f34f0, rsb=0x7fe8721a7678) at ../src/jrd/rse.cpp:2947
#36 RSE_open (tdbb=0x7fe7c98f34f0, rsb=0x7fe8721a7678) at ../src/jrd/rse.cpp:459
#37 0x00007fe8b269402f in open_sort (tdbb=0x7fe7c98f34f0, rsb=0x7fe8721a75e8) at ../src/jrd/rse.cpp:2923
#38 RSE_open (tdbb=0x7fe7c98f34f0, rsb=0x7fe8721a75e8) at ../src/jrd/rse.cpp:459
#39 0x00007fe8b2603c66 in EXE_looper (tdbb=0x7fe7c98f34f0, request=0x7fe877b40de0, in_node=0x7fe86b095f98) at ../src/jrd/exe.cpp:1981
#40 0x00007fe8b2606442 in looper_seh (tdbb=0x7fe7c98f34f0, request=0x7fe877b40de0, transaction=0x7fe8334eed98, node=0x7fe86b095f98, next_state=Jrd::jrd_req::req_evaluate) at ../src/jrd/exe.cpp:2917
#41 execute_looper (tdbb=0x7fe7c98f34f0, request=0x7fe877b40de0, transaction=0x7fe8334eed98, node=0x7fe86b095f98, next_state=Jrd::jrd_req::req_evaluate) at ../src/jrd/exe.cpp:1369
#42 0x00007fe8b26066a7 in EXE_start (tdbb=0x7fe7c98f34f0, request=0x7fe877b40de0, transaction=0x7fe8334eed98) at ../src/jrd/exe.cpp:1052
#43 0x00007fe8b263584f in JRD_start (tdbb=0x7fe7c98f34f0, request=0x7fe877b40de0, transaction=0x7fe8334eed98, level=<value optimized out>) at ../src/jrd/jrd.cpp:7009
#44 0x00007fe8b273be83 in execute_request (tdbb=0x7fe7c98f34f0, request=0x7fe87ce36f18, tra_handle=<value optimized out>, in_blr_length=0, in_blr=0x7fe835a9aa60 "", in_msg_length=0, in_msg=0x0, out_blr_length=0, out_blr=0x0, out_msg_length=0, out_msg=0x0, singleton=false) at ../src/dsql/dsql.cpp:1282
#45 0x00007fe8b273c669 in DSQL_execute (tdbb=0x7fe7c98f34f0, tra_handle=0x7fe7c98f37f8, request=0x7fe87ce36f18, in_blr_length=136, in_blr=0x7fe835a9aa60 "", in_msg_type=<value optimized out>, in_msg_length=13120, in_msg=0x0, out_blr_length=<value optimized out>, out_blr=0x0, out_msg_length=<value optimized out>, out_msg=0x0) at ../src/dsql/dsql.cpp:271
#46 0x00007fe8b26500ff in jrd8_execute (user_status=0x7fe7c98f38d0, tra_handle=0x7fe7c98f37f8, stmt_handle=<value optimized out>, in_blr_length=136, in_blr=0x7fe835a9aa60 "", in_msg_type=13120, in_msg_length=0, in_msg=0x0, out_blr_length=<value optimized out>, out_blr=0x0, out_msg_length=<value optimized out>, out_msg=0x0) at ../src/jrd/jrd.cpp:4049
#47 0x00007fe8b250b95c in isc_dsql_execute2_m (user_status=<value optimized out>, tra_handle=0x7fe7c98f399c, stmt_handle=<value optimized out>, in_blr_length=136, in_blr=0x7fe835a9aa60 "", in_msg_type=13120, in_msg_length=<value optimized out>, in_msg=0x0, out_blr_length=<value optimized out>, out_blr=0x0, out_msg_type=<value optimized out>, out_msg_length=<value optimized out>, out_msg=0x0) at ../src/jrd/why.cpp:2725
#48 0x000000000040f050 in rem_port::execute_statement (this=0x7fe868ae0008, op=op_execute, sqldata=0x7fe8a5ba85b8, sendL=0x7fe8a5ba7e88) at ../src/remote/server.cpp:2330
#49 0x00000000004115b4 in process_packet (port=0x7fe868ae0008, sendL=0x7fe8a5ba7e88, receive=0x7fe8a5ba8298, result=0x7fe7c98f3e08) at ../src/remote/server.cpp:3534
#50 0x0000000000412bf7 in loopThread () at ../src/remote/server.cpp:5265
#51 0x00007fe8b24fd8e2 in run (arg=0x7fe8a3b685a0) at ../src/jrd/ThreadStart.cpp:128
#52 (anonymous namespace)::threadStart (arg=0x7fe8a3b685a0) at ../src/jrd/ThreadStart.cpp:139
#53 0x00007fe8b14c69d1 in start_thread () from /lib64/libpthread.so.0
#54 0x00007fe8b12138fd in clone () from /lib64/libc.so.6

Thread 17 (Thread 0x7fe7ffb1a700 (LWP 2987)):
#0  0x00007fe8b14cca21 in sem_timedwait () from /lib64/libpthread.so.0
#1  0x000000000042f890 in Firebird::SignalSafeSemaphore::tryEnter (this=0x7fe7ffb19d90, seconds=<value optimized out>, milliseconds=<value optimized out>) at ../src/common/classes/semaphore.cpp:171
#2  0x000000000040e4fa in Worker::wait (this=0x7fe7ffb19d80, timeout=393) at ../src/remote/server.cpp:5582
#3  0x00000000004130aa in loopThread () at ../src/remote/server.cpp:5395
#4  0x00007fe8b24fd8e2 in run (arg=0x7fe8ae64c2a0) at ../src/jrd/ThreadStart.cpp:128
#5  (anonymous namespace)::threadStart (arg=0x7fe8ae64c2a0) at ../src/jrd/ThreadStart.cpp:139
#6  0x00007fe8b14c69d1 in start_thread () from /lib64/libpthread.so.0
#7  0x00007fe8b12138fd in clone () from /lib64/libc.so.6

Thread 16 (Thread 0x7fe7cf3e5700 (LWP 2868)):
#0  0x00007fe8b14cca21 in sem_timedwait () from /lib64/libpthread.so.0
#1  0x000000000042f890 in Firebird::SignalSafeSemaphore::tryEnter (this=0x7fe7cf3e4d90, seconds=<value optimized out>, milliseconds=<value optimized out>) at ../src/common/classes/semaphore.cpp:171
#2  0x000000000040e4fa in Worker::wait (this=0x7fe7cf3e4d80, timeout=393) at ../src/remote/server.cpp:5582
#3  0x00000000004130aa in loopThread () at ../src/remote/server.cpp:5395
#4  0x00007fe8b24fd8e2 in run (arg=0x7fe8a3bb2500) at ../src/jrd/ThreadStart.cpp:128
#5  (anonymous namespace)::threadStart (arg=0x7fe8a3bb2500) at ../src/jrd/ThreadStart.cpp:139
#6  0x00007fe8b14c69d1 in start_thread () from /lib64/libpthread.so.0
#7  0x00007fe8b12138fd in clone () from /lib64/libc.so.6

Thread 15 (Thread 0x7fe8095d9700 (LWP 2986)):
#0  0x00007fe8b14cca21 in sem_timedwait () from /lib64/libpthread.so.0
#1  0x000000000042f890 in Firebird::SignalSafeSemaphore::tryEnter (this=0x7fe8095d8d90, seconds=<value optimized out>, milliseconds=<value optimized out>) at ../src/common/classes/semaphore.cpp:171
#2  0x000000000040e4fa in Worker::wait (this=0x7fe8095d8d80, timeout=393) at ../src/remote/server.cpp:5582
#3  0x00000000004130aa in loopThread () at ../src/remote/server.cpp:5395
#4  0x00007fe8b24fd8e2 in run (arg=0x7fe8ae64c2a0) at ../src/jrd/ThreadStart.cpp:128
#5  (anonymous namespace)::threadStart (arg=0x7fe8ae64c2a0) at ../src/jrd/ThreadStart.cpp:139
#6  0x00007fe8b14c69d1 in start_thread () from /lib64/libpthread.so.0
#7  0x00007fe8b12138fd in clone () from /lib64/libc.so.6

Thread 14 (Thread 0x7fe7c6849700 (LWP 2871)):
#0  0x00007fe8b11b4691 in memcpy () from /lib64/libc.so.6
#1  0x00007fe8b2515c98 in CVT_move_common (from=0x7fe7c68460b0, to=0x7fe7c68460c0, cb=0x7fe8b0b03b30) at ../src/common/cvt.cpp:1630
#2  0x00007fe8b2694262 in open_sort (tdbb=0x7fe7c68484f0, rsb=0x7fe86af63878) at ../src/jrd/rse.cpp:3016
#3  RSE_open (tdbb=0x7fe7c68484f0, rsb=0x7fe86af63878) at ../src/jrd/rse.cpp:459
#4  0x00007fe8b2693ea8 in open_merge (tdbb=0x7fe7c68484f0, rsb=<value optimized out>) at ../src/jrd/rse.cpp:2806
#5  RSE_open (tdbb=0x7fe7c68484f0, rsb=<value optimized out>) at ../src/jrd/rse.cpp:531
#6  0x00007fe8b2693a49 in RSE_open (tdbb=0x7fe7c68484f0, rsb=0x7fe86af63570) at ../src/jrd/rse.cpp:546
#7  0x00007fe8b2693a49 in RSE_open (tdbb=0x7fe7c68484f0, rsb=0x7fe86af63290) at ../src/jrd/rse.cpp:546
#8  0x00007fe8b2693a49 in RSE_open (tdbb=0x7fe7c68484f0, rsb=0x7fe86af64e50) at ../src/jrd/rse.cpp:546
#9  0x00007fe8b2693a49 in RSE_open (tdbb=0x7fe7c68484f0, rsb=0x7fe86b3ab050) at ../src/jrd/rse.cpp:546
#10 0x00007fe8b269402f in open_sort (tdbb=0x7fe7c68484f0, rsb=0x7fe86b3ac5e8) at ../src/jrd/rse.cpp:2923
#11 RSE_open (tdbb=0x7fe7c68484f0, rsb=0x7fe86b3ac5e8) at ../src/jrd/rse.cpp:459
#12 0x00007fe8b25fc824 in EVL_group (tdbb=0x7fe7c68484f0, rsb=0x7fe86b3ac5e8, node=0x7fe87600bd68, state=3) at ../src/jrd/evl.cpp:1552
#13 0x00007fe8b2692da5 in get_record (tdbb=0x7fe7c68484f0, rsb=0x7fe86e3c9ac8, parent_rsb=0x0, mode=Jrd::RSE_get_forward) at ../src/jrd/rse.cpp:2399
#14 0x00007fe8b2694a60 in RSE_get_record (tdbb=0x7fe7c68484f0, rsb=0x7fe86e3c9ac8, mode=Jrd::RSE_get_forward) at ../src/jrd/rse.cpp:312
#15 0x00007fe8b2603c91 in EXE_looper (tdbb=0x7fe7c68484f0, request=0x7fe887d1b010, in_node=0x7fe8892e7e58) at ../src/jrd/exe.cpp:1989
#16 0x00007fe8b2606442 in looper_seh (tdbb=0x7fe7c68484f0, request=0x7fe887d1b010, transaction=0x7fe843814da0, node=0x7fe8892e7e58, next_state=Jrd::jrd_req::req_sync) at ../src/jrd/exe.cpp:2917
#17 execute_looper (tdbb=0x7fe7c68484f0, request=0x7fe887d1b010, transaction=0x7fe843814da0, node=0x7fe8892e7e58, next_state=Jrd::jrd_req::req_sync) at ../src/jrd/exe.cpp:1369
#18 0x00007fe8b26099fe in EXE_receive (tdbb=0x7fe7c68484f0, request=0x7fe887d1b010, msg=1, length=2, buffer=0x7fe8892e9168 "", top_level=false) at ../src/jrd/exe.cpp:723
#19 0x00007fe8b260a2c8 in execute_procedure (tdbb=0x7fe7c68484f0, node=0x7fe843709e88) at ../src/jrd/exe.cpp:1480
#20 0x00007fe8b260379f in EXE_looper (tdbb=0x7fe7c68484f0, request=0x7fe8892e6628, in_node=0x7fe8892e6128) at ../src/jrd/exe.cpp:1971
#21 0x00007fe8b2606442 in looper_seh (tdbb=0x7fe7c68484f0, request=0x7fe8892e6628, transaction=0x7fe843814da0, node=0x7fe8892e6128, next_state=Jrd::jrd_req::req_evaluate) at ../src/jrd/exe.cpp:2917
#22 execute_looper (tdbb=0x7fe7c68484f0, request=0x7fe8892e6628, transaction=0x7fe843814da0, node=0x7fe8892e6128, next_state=Jrd::jrd_req::req_evaluate) at ../src/jrd/exe.cpp:1369
#23 0x00007fe8b26066a7 in EXE_start (tdbb=0x7fe7c68484f0, request=0x7fe8892e6628, transaction=0x7fe843814da0) at ../src/jrd/exe.cpp:1052
#24 0x00007fe8b263584f in JRD_start (tdbb=0x7fe7c68484f0, request=0x7fe8892e6628, transaction=0x7fe843814da0, level=<value optimized out>) at ../src/jrd/jrd.cpp:7009
#25 0x00007fe8b273be83 in execute_request (tdbb=0x7fe7c68484f0, request=0x7fe84bffe020, tra_handle=<value optimized out>, in_blr_length=0, in_blr=0x7fe8978b51a8 "", in_msg_length=0, in_msg=0x0, out_blr_length=0, out_blr=0x0, out_msg_length=0, out_msg=0x0, singleton=false) at ../src/dsql/dsql.cpp:1282
#26 0x00007fe8b273c669 in DSQL_execute (tdbb=0x7fe7c68484f0, tra_handle=0x7fe7c68487f8, request=0x7fe84bffe020, in_blr_length=4, in_blr=0x7fe8978b51a8 "", in_msg_type=<value optimized out>, in_msg_length=0, in_msg=0x0, out_blr_length=<value optimized out>, out_blr=0x0, out_msg_length=<value optimized out>, out_msg=0x0) at ../src/dsql/dsql.cpp:271
#27 0x00007fe8b26500ff in jrd8_execute (user_status=0x7fe7c68488d0, tra_handle=0x7fe7c68487f8, stmt_handle=<value optimized out>, in_blr_length=4, in_blr=0x7fe8978b51a8 "", in_msg_type=0, in_msg_length=50034, in_msg=0x0, out_blr_length=<value optimized out>, out_blr=0x0, out_msg_length=<value optimized out>, out_msg=0x0) at ../src/jrd/jrd.cpp:4049
#28 0x00007fe8b250b95c in isc_dsql_execute2_m (user_status=<value optimized out>, tra_handle=0x7fe7c684899c, stmt_handle=<value optimized out>, in_blr_length=4, in_blr=0x7fe8978b51a8 "", in_msg_type=0, in_msg_length=<value optimized out>, in_msg=0x0, out_blr_length=<value optimized out>, out_blr=0x0, out_msg_type=<value optimized out>, out_msg_length=<value optimized out>, out_msg=0x0) at ../src/jrd/why.cpp:2725
#29 0x000000000040f050 in rem_port::execute_statement (this=0x7fe875c65200, op=op_execute, sqldata=0x7fe88a810f10, sendL=0x7fe88a8107e0) at ../src/remote/server.cpp:2330
#30 0x00000000004115b4 in process_packet (port=0x7fe875c65200, sendL=0x7fe88a8107e0, receive=0x7fe88a810bf0, result=0x7fe7c6848e08) at ../src/remote/server.cpp:3534
#31 0x0000000000412bf7 in loopThread () at ../src/remote/server.cpp:5265
#32 0x00007fe8b24fd8e2 in run (arg=0x7fe8509c7f88) at ../src/jrd/ThreadStart.cpp:128
#33 (anonymous namespace)::threadStart (arg=0x7fe8509c7f88) at ../src/jrd/ThreadStart.cpp:139
#34 0x00007fe8b14c69d1 in start_thread () from /lib64/libpthread.so.0
#35 0x00007fe8b12138fd in clone () from /lib64/libc.so.6

Thread 13 (Thread 0x7fe80ffff700 (LWP 28701)):
#0  0x00007fe8b14ca5bc in pthread_cond_wait@@GLIBC_2.3.2 () from /lib64/libpthread.so.0
#1  0x00007fe8b2633fbe in ISC_event_wait (event=0x7fe8aef57b90, value=1, micro_seconds=<value optimized out>) at ../src/jrd/isc_sync.cpp:1873
#2  0x00007fe8b2793d4b in Jrd::LockManager::blocking_action_thread (this=0x7fe88a1ff5f0) at ../src/lock/lock.cpp:1580
#3  0x00007fe8b2797c09 in Jrd::LockManager::blocking_action_thread (arg=0x7fe8aef57bc4) at ../src/lock/../lock/lock_proto.h:468
#4  0x00007fe8b24fd8e2 in run (arg=0x7fe87da4b808) at ../src/jrd/ThreadStart.cpp:128
#5  (anonymous namespace)::threadStart (arg=0x7fe87da4b808) at ../src/jrd/ThreadStart.cpp:139
#6  0x00007fe8b14c69d1 in start_thread () from /lib64/libpthread.so.0
#7  0x00007fe8b12138fd in clone () from /lib64/libc.so.6

Thread 12 (Thread 0x7fe82ab1b700 (LWP 17169)):
#0  0x00007fe8b14ca5bc in pthread_cond_wait@@GLIBC_2.3.2 () from /lib64/libpthread.so.0
#1  0x00007fe8b2633fbe in ISC_event_wait (event=0x7fe8b2aecb90, value=1, micro_seconds=<value optimized out>) at ../src/jrd/isc_sync.cpp:1873
#2  0x00007fe8b2793d4b in Jrd::LockManager::blocking_action_thread (this=0x7fe89593c8e8) at ../src/lock/lock.cpp:1580
#3  0x00007fe8b2797c09 in Jrd::LockManager::blocking_action_thread (arg=0x7fe8b2aecbc4) at ../src/lock/../lock/lock_proto.h:468
#4  0x00007fe8b24fd8e2 in run (arg=0x7fe88bc6af00) at ../src/jrd/ThreadStart.cpp:128
#5  (anonymous namespace)::threadStart (arg=0x7fe88bc6af00) at ../src/jrd/ThreadStart.cpp:139
#6  0x00007fe8b14c69d1 in start_thread () from /lib64/libpthread.so.0
#7  0x00007fe8b12138fd in clone () from /lib64/libc.so.6

Thread 11 (Thread 0x7fe7fce41700 (LWP 2742)):
#0  0x00007fe8b14cd264 in __lll_lock_wait () from /lib64/libpthread.so.0
#1  0x00007fe8b14c8523 in _L_lock_892 () from /lib64/libpthread.so.0
#2  0x00007fe8b14c8407 in pthread_mutex_lock () from /lib64/libpthread.so.0
#3  0x00007fe8b263831a in enter (this=0x7fe7fce3dd80, dbb=0x7fe8330fbdc0, attachment=0x0) at ../src/jrd/../jrd/../jrd/../common/classes/locks.h:170
#4  lock (this=0x7fe7fce3dd80, dbb=0x7fe8330fbdc0, attachment=0x0) at ../src/jrd/../jrd/../jrd/Database.h:140
#5  SyncGuard (this=0x7fe7fce3dd80, dbb=0x7fe8330fbdc0, attachment=0x0) at ../src/jrd/../jrd/../jrd/Database.h:221
#6  Jrd::AstContextHolder::AstContextHolder (this=0x7fe7fce3dd80, dbb=0x7fe8330fbdc0, attachment=0x0) at ../src/jrd/jrd.cpp:7461
#7  0x00007fe8b25c7666 in blocking_ast_bdb (ast_object=<value optimized out>) at ../src/jrd/cch.cpp:2719
#8  0x00007fe8b2791103 in Jrd::LockManager::blocking_action (this=0x7fe89593c8e8, tdbb=0x7fe7fce404f0, blocking_owner_offset=16936048, blocked_owner_offset=18353528) at ../src/lock/lock.cpp:1488
#9  0x00007fe8b2791345 in Jrd::LockManager::signal_owner (this=0x7fe8a39ea790, tdbb=0x80, blocking_owner=<value optimized out>, blocked_owner_offset=-1) at ../src/lock/lock.cpp:3396
#10 0x00007fe8b27915b4 in Jrd::LockManager::post_blockage (this=0x7fe89593c8e8, tdbb=0x7fe7fce404f0, request=0x7fe5e927f7b8, lock=<value optimized out>) at ../src/lock/lock.cpp:2828
#11 0x00007fe8b2791845 in Jrd::LockManager::wait_for_request (this=0x7fe89593c8e8, tdbb=0x7fe7fce404f0, request=0x7fe5e927f7b8, lck_wait=1) at ../src/lock/lock.cpp:3978
#12 0x00007fe8b27921ff in Jrd::LockManager::grant_or_que (this=0x7fe89593c8e8, tdbb=0x80, request=0x7fe5e927f7b8, lock=<value optimized out>, lck_wait=-1) at ../src/lock/lock.cpp:2320
#13 0x00007fe8b279558b in Jrd::LockManager::enqueue (this=0x7fe89593c8e8, tdbb=0x7fe7fce404f0, prior_request=<value optimized out>, parent_request=<value optimized out>, series=3, value=0x7fe83924d6b4 "\227C", <incomplete sequence \372>, length=8, type=6 '\006', ast_routine=0x7fe8b25c7630 <blocking_ast_bdb(void*)>, ast_argument=0x7fe83924d6d8, data=0, lck_wait=-22640, owner_offset=18353528) at ../src/lock/lock.cpp:569
#14 0x00007fe8b26583d2 in enqueue (tdbb=0x7fe7fce404f0, lock=0x7fe83924d640, level=<value optimized out>, wait=1) at ../src/jrd/lck.cpp:916
#15 ENQUEUE (tdbb=0x7fe7fce404f0, lock=0x7fe83924d640, level=<value optimized out>, wait=1) at ../src/jrd/lck.cpp:144
#16 LCK_lock (tdbb=0x7fe7fce404f0, lock=0x7fe83924d640, level=<value optimized out>, wait=1) at ../src/jrd/lck.cpp:627
#17 0x00007fe8b25c4264 in lock_buffer (tdbb=0x7fe7fce404f0, bdb=0x7fe83924d6d8, wait=-1, page_type=4 '\004') at ../src/jrd/cch.cpp:5606
#18 0x00007fe8b25c6d73 in CCH_fetch_lock (tdbb=0x7fe7fce404f0, window=0x7fe7fce3ecd0, lock_type=6, wait=1, page_type=-1 '\377') at ../src/jrd/cch.cpp:916
#19 0x00007fe8b25c723c in CCH_FETCH_LOCK (tdbb=0x7fe7fce404f0, window=0x7fe7fce3ecd0, lock_type=1, page_type=4 '\004', checksum=1, latch_wait=-1, read_shadow=true) at ../src/jrd/../jrd/cch_proto.h:91
#20 CCH_fetch (tdbb=0x7fe7fce404f0, window=0x7fe7fce3ecd0, lock_type=1, page_type=4 '\004', checksum=1, latch_wait=-1, read_shadow=true) at ../src/jrd/cch.cpp:779
#21 0x00007fe8b251c9ad in CCH_FETCH (tdbb=0x7fe7fce404f0, relation=0x7fe8354fc1c8, relPages=0x7fe8354fc368, window=0x7fe7fce3ecd0, sequence=1589, lock=<value optimized out>) at ../src/include/../jrd/cch_proto.h:71
#22 get_pointer_page (tdbb=0x7fe7fce404f0, relation=0x7fe8354fc1c8, relPages=0x7fe8354fc368, window=0x7fe7fce3ecd0, sequence=1589, lock=<value optimized out>) at ../temp/std/jrd/dpm.cpp:3135
#23 0x00007fe8b251fccf in extend_relation (tdbb=0x7fe7fce404f0, rpb=0x7fe831093d40, size=320, stack=..., record=0x0, type=1) at ../temp/std/jrd/dpm.cpp:2817
#24 locate_space (tdbb=0x7fe7fce404f0, rpb=0x7fe831093d40, size=320, stack=..., record=0x0, type=1) at ../temp/std/jrd/dpm.cpp:3255
#25 0x00007fe8b2520617 in DPM_store (tdbb=0x7fe7fce404f0, rpb=0x7fe831093d40, stack=..., type=2742) at ../temp/std/jrd/dpm.cpp:2147
#26 0x00007fe8b26d56d3 in VIO_store (tdbb=0x7fe7fce404f0, rpb=0x7fe831093d40, transaction=0x7fe834b4ad98) at ../src/jrd/vio.cpp:2949
#27 0x00007fe8b26084d6 in store (tdbb=0x7fe7fce404f0, node=0x7fe831069b38, which_trig=0) at ../src/jrd/exe.cpp:3771
#28 0x00007fe8b26038e1 in EXE_looper (tdbb=0x7fe7fce404f0, request=0x7fe8310937e0, in_node=0x7fe83107b370) at ../src/jrd/exe.cpp:2689
#29 0x00007fe8b2606442 in looper_seh (tdbb=0x7fe7fce404f0, request=0x7fe8310937e0, transaction=0x7fe834b4ad98, node=0x7fe83107b370, next_state=Jrd::jrd_req::req_proceed) at ../src/jrd/exe.cpp:2917
#30 execute_looper (tdbb=0x7fe7fce404f0, request=0x7fe8310937e0, transaction=0x7fe834b4ad98, node=0x7fe83107b370, next_state=Jrd::jrd_req::req_proceed) at ../src/jrd/exe.cpp:1369
#31 0x00007fe8b2608e82 in EXE_send (tdbb=0x7fe7fce404f0, request=0x80, msg=19128, length=45072, buffer=0x7fe83107f088 "\377\377") at ../src/jrd/exe.cpp:971
#32 0x00007fe8b263574c in JRD_start_and_send (tdbb=0x7fe7fce404f0, request=0x7fe8310937e0, transaction=0x7fe834b4ad98, msg_type=1, msg_length=65535, msg=0x7fe83107f088 "\377\377", level=0) at ../src/jrd/jrd.cpp:7105
#33 0x00007fe8b273a745 in execute_request (tdbb=0x7fe7fce404f0, request=0x7fe83136fca8, tra_handle=<value optimized out>, in_blr_length=<value optimized out>, in_blr=0x7fe8654bf040 "\005\002\004", in_msg_length=<value optimized out>, in_msg=0x7fe843193c48 "\024", out_blr_length=16, out_blr=0x7fe7c8a4e300 "\005\002\004", out_msg_length=14, out_msg=0x7fe85d8f9cc0 "k\373\377\030", singleton=false) at ../src/dsql/dsql.cpp:1287
#34 0x00007fe8b273c669 in DSQL_execute (tdbb=0x7fe7fce404f0, tra_handle=0x7fe7fce407f8, request=0x7fe83136fca8, in_blr_length=65535, in_blr=0x7fe8654bf040 "\005\002\004", in_msg_type=<value optimized out>, in_msg_length=2742, in_msg=0x7fe843193c48 "\024", out_blr_length=<value optimized out>, out_blr=0x7fe7c8a4e300 "\005\002\004", out_msg_length=<value optimized out>, out_msg=0x7fe85d8f9cc0 "k\373\377\030") at ../src/dsql/dsql.cpp:271
#35 0x00007fe8b26500ff in jrd8_execute (user_status=0x7fe7fce408d0, tra_handle=0x7fe7fce407f8, stmt_handle=<value optimized out>, in_blr_length=65535, in_blr=0x7fe8654bf040 "\005\002\004", in_msg_type=2742, in_msg_length=65024, in_msg=0x7fe843193c48 "\024", out_blr_length=<value optimized out>, out_blr=0x7fe7c8a4e300 "\005\002\004", out_msg_length=<value optimized out>, out_msg=0x7fe85d8f9cc0 "k\373\377\030") at ../src/jrd/jrd.cpp:4049
#36 0x00007fe8b250b95c in isc_dsql_execute2_m (user_status=<value optimized out>, tra_handle=0x7fe7fce4099c, stmt_handle=<value optimized out>, in_blr_length=65535, in_blr=0x7fe8654bf040 "\005\002\004", in_msg_type=2742, in_msg_length=<value optimized out>, in_msg=0x7fe843193c48 "\024", out_blr_length=<value optimized out>, out_blr=0x7fe7c8a4e300 "\005\002\004", out_msg_type=<value optimized out>, out_msg_length=<value optimized out>, out_msg=0x7fe85d8f9cc0 "k\373\377\030") at ../src/jrd/why.cpp:2725
#37 0x000000000040f050 in rem_port::execute_statement (this=0x7fe85a5b4780, op=op_execute2, sqldata=0x7fe85572cad8, sendL=0x7fe85572c3a8) at ../src/remote/server.cpp:2330
#38 0x00000000004115b4 in process_packet (port=0x7fe85a5b4780, sendL=0x7fe85572c3a8, receive=0x7fe85572c7b8, result=0x7fe7fce40e08) at ../src/remote/server.cpp:3534
#39 0x0000000000412bf7 in loopThread () at ../src/remote/server.cpp:5265
#40 0x00007fe8b24fd8e2 in run (arg=0x7fe88b5a3128) at ../src/jrd/ThreadStart.cpp:128
#41 (anonymous namespace)::threadStart (arg=0x7fe88b5a3128) at ../src/jrd/ThreadStart.cpp:139
#42 0x00007fe8b14c69d1 in start_thread () from /lib64/libpthread.so.0
#43 0x00007fe8b12138fd in clone () from /lib64/libc.so.6

Thread 10 (Thread 0x7fe7f9b37700 (LWP 2685)):
#0  0x00007fe8b14cca21 in sem_timedwait () from /lib64/libpthread.so.0
#1  0x000000000042f890 in Firebird::SignalSafeSemaphore::tryEnter (this=0x7fe7f9b36d90, seconds=<value optimized out>, milliseconds=<value optimized out>) at ../src/common/classes/semaphore.cpp:171
#2  0x000000000040e4fa in Worker::wait (this=0x7fe7f9b36d80, timeout=393) at ../src/remote/server.cpp:5582
#3  0x00000000004130aa in loopThread () at ../src/remote/server.cpp:5395
#4  0x00007fe8b24fd8e2 in run (arg=0x7fe8a3b43780) at ../src/jrd/ThreadStart.cpp:128
#5  (anonymous namespace)::threadStart (arg=0x7fe8a3b43780) at ../src/jrd/ThreadStart.cpp:139
#6  0x00007fe8b14c69d1 in start_thread () from /lib64/libpthread.so.0
#7  0x00007fe8b12138fd in clone () from /lib64/libc.so.6

Thread 9 (Thread 0x7fe7f3143700 (LWP 2865)):
#0  0x00007fe8b14cca21 in sem_timedwait () from /lib64/libpthread.so.0
#1  0x000000000042f890 in Firebird::SignalSafeSemaphore::tryEnter (this=0x7fe7f3142d90, seconds=<value optimized out>, milliseconds=<value optimized out>) at ../src/common/classes/semaphore.cpp:171
#2  0x000000000040e4fa in Worker::wait (this=0x7fe7f3142d80, timeout=393) at ../src/remote/server.cpp:5582
#3  0x00000000004130aa in loopThread () at ../src/remote/server.cpp:5395
#4  0x00007fe8b24fd8e2 in run (arg=0x7fe8a3bb2500) at ../src/jrd/ThreadStart.cpp:128
#5  (anonymous namespace)::threadStart (arg=0x7fe8a3bb2500) at ../src/jrd/ThreadStart.cpp:139
#6  0x00007fe8b14c69d1 in start_thread () from /lib64/libpthread.so.0
#7  0x00007fe8b12138fd in clone () from /lib64/libc.so.6

Thread 8 (Thread 0x7fe8afbb4700 (LWP 1187)):
#0  0x00007fe8b14cca21 in sem_timedwait () from /lib64/libpthread.so.0
#1  0x00007fe8b2815810 in Firebird::SignalSafeSemaphore::tryEnter (this=0x7fe8afdc0ca0, seconds=<value optimized out>, milliseconds=<value optimized out>) at ../src/common/classes/semaphore.cpp:171
#2  0x00007fe8b2703f41 in Jrd::ConfigStorage::touchThreadFunc (this=0x7fe8afdc5788) at ../src/jrd/trace/TraceConfigStorage.cpp:352
#3  0x00007fe8b2704049 in Jrd::ConfigStorage::touchThread (arg=0x7fe8afdc0ca0) at ../src/jrd/trace/TraceConfigStorage.cpp:338
#4  0x00007fe8b24fd8e2 in run (arg=0x7fe8afdc5768) at ../src/jrd/ThreadStart.cpp:128
#5  (anonymous namespace)::threadStart (arg=0x7fe8afdc5768) at ../src/jrd/ThreadStart.cpp:139
#6  0x00007fe8b14c69d1 in start_thread () from /lib64/libpthread.so.0
#7  0x00007fe8b12138fd in clone () from /lib64/libc.so.6

Thread 7 (Thread 0x7fe80bf18700 (LWP 2384)):
#0  0x00007fe8b14cca21 in sem_timedwait () from /lib64/libpthread.so.0
#1  0x000000000042f890 in Firebird::SignalSafeSemaphore::tryEnter (this=0x7fe80bf17d90, seconds=<value optimized out>, milliseconds=<value optimized out>) at ../src/common/classes/semaphore.cpp:171
#2  0x000000000040e4fa in Worker::wait (this=0x7fe80bf17d80, timeout=393) at ../src/remote/server.cpp:5582
#3  0x00000000004130aa in loopThread () at ../src/remote/server.cpp:5395
#4  0x00007fe8b24fd8e2 in run (arg=0x7fe87eb66a10) at ../src/jrd/ThreadStart.cpp:128
#5  (anonymous namespace)::threadStart (arg=0x7fe87eb66a10) at ../src/jrd/ThreadStart.cpp:139
#6  0x00007fe8b14c69d1 in start_thread () from /lib64/libpthread.so.0
#7  0x00007fe8b12138fd in clone () from /lib64/libc.so.6

Thread 6 (Thread 0x7fe7cc572700 (LWP 3112)):
#0  0x00007fe8b14cca21 in sem_timedwait () from /lib64/libpthread.so.0
#1  0x000000000042f890 in Firebird::SignalSafeSemaphore::tryEnter (this=0x7fe7cc571d90, seconds=<value optimized out>, milliseconds=<value optimized out>) at ../src/common/classes/semaphore.cpp:171
#2  0x000000000040e4fa in Worker::wait (this=0x7fe7cc571d80, timeout=393) at ../src/remote/server.cpp:5582
#3  0x00000000004130aa in loopThread () at ../src/remote/server.cpp:5395
#4  0x00007fe8b24fd8e2 in run (arg=0x7fe8ae5c27c8) at ../src/jrd/ThreadStart.cpp:128
#5  (anonymous namespace)::threadStart (arg=0x7fe8ae5c27c8) at ../src/jrd/ThreadStart.cpp:139
#6  0x00007fe8b14c69d1 in start_thread () from /lib64/libpthread.so.0
#7  0x00007fe8b12138fd in clone () from /lib64/libc.so.6

Thread 5 (Thread 0x7fe7d8a52700 (LWP 2406)):
#0  0x00007fe8b14ca98e in pthread_cond_timedwait@@GLIBC_2.3.2 () from /lib64/libpthread.so.0
#1  0x00007fe8b2633fde in ISC_event_wait (event=0x7fe5e8d25a80, value=48893, micro_seconds=<value optimized out>) at ../src/jrd/isc_sync.cpp:1857
#2  0x00007fe8b2791ba9 in Jrd::LockManager::wait_for_request (this=0x7fe89593c8e8, tdbb=0x7fe7d8a514f0, request=0x7fe5e8fc3518, lck_wait=<value optimized out>) at ../src/lock/lock.cpp:4033
#3  0x00007fe8b27921ff in Jrd::LockManager::grant_or_que (this=0x7fe89593c8e8, tdbb=0x109, request=0x7fe5e8fc3518, lock=<value optimized out>, lck_wait=-1) at ../src/lock/lock.cpp:2320
#4  0x00007fe8b279558b in Jrd::LockManager::enqueue (this=0x7fe89593c8e8, tdbb=0x7fe7d8a514f0, prior_request=<value optimized out>, parent_request=<value optimized out>, series=3, value=0x7fe868b4a2f4 "\227C", <incomplete sequence \372>, length=8, type=6 '\006', ast_routine=0x7fe8b25c7630 <blocking_ast_bdb(void*)>, ast_argument=0x7fe868b4a318, data=0, lck_wait=23176, owner_offset=22440496) at ../src/lock/lock.cpp:569
#5  0x00007fe8b26583d2 in enqueue (tdbb=0x7fe7d8a514f0, lock=0x7fe868b4a280, level=<value optimized out>, wait=1) at ../src/jrd/lck.cpp:916
#6  ENQUEUE (tdbb=0x7fe7d8a514f0, lock=0x7fe868b4a280, level=<value optimized out>, wait=1) at ../src/jrd/lck.cpp:144
#7  LCK_lock (tdbb=0x7fe7d8a514f0, lock=0x7fe868b4a280, level=<value optimized out>, wait=1) at ../src/jrd/lck.cpp:627
#8  0x00007fe8b25c4264 in lock_buffer (tdbb=0x7fe7d8a514f0, bdb=0x7fe868b4a318, wait=-1, page_type=4 '\004') at ../src/jrd/cch.cpp:5606
#9  0x00007fe8b25c6d73 in CCH_fetch_lock (tdbb=0x7fe7d8a514f0, window=0x7fe7d8a4fcd0, lock_type=6, wait=1, page_type=-1 '\377') at ../src/jrd/cch.cpp:916
#10 0x00007fe8b25c723c in CCH_FETCH_LOCK (tdbb=0x7fe7d8a514f0, window=0x7fe7d8a4fcd0, lock_type=9097, page_type=4 '\004', checksum=1, latch_wait=-1, read_shadow=true) at ../src/jrd/../jrd/cch_proto.h:91
#11 CCH_fetch (tdbb=0x7fe7d8a514f0, window=0x7fe7d8a4fcd0, lock_type=9097, page_type=4 '\004', checksum=1, latch_wait=-1, read_shadow=true) at ../src/jrd/cch.cpp:779
#12 0x00007fe8b251c9ad in CCH_FETCH (tdbb=0x7fe7d8a514f0, relation=0x7fe8649dd1c8, relPages=0x7fe8649dd368, window=0x7fe7d8a4fcd0, sequence=1589, lock=<value optimized out>) at ../src/include/../jrd/cch_proto.h:71
#13 get_pointer_page (tdbb=0x7fe7d8a514f0, relation=0x7fe8649dd1c8, relPages=0x7fe8649dd368, window=0x7fe7d8a4fcd0, sequence=1589, lock=<value optimized out>) at ../temp/std/jrd/dpm.cpp:3135
#14 0x00007fe8b251fccf in extend_relation (tdbb=0x7fe7d8a514f0, rpb=0x7fe85f9c6d40, size=329, stack=..., record=0x0, type=1) at ../temp/std/jrd/dpm.cpp:2817
#15 locate_space (tdbb=0x7fe7d8a514f0, rpb=0x7fe85f9c6d40, size=329, stack=..., record=0x0, type=1) at ../temp/std/jrd/dpm.cpp:3255
#16 0x00007fe8b2520617 in DPM_store (tdbb=0x7fe7d8a514f0, rpb=0x7fe85f9c6d40, stack=..., type=65535) at ../temp/std/jrd/dpm.cpp:2147
#17 0x00007fe8b26d56d3 in VIO_store (tdbb=0x7fe7d8a514f0, rpb=0x7fe85f9c6d40, transaction=0x7fe8642c9d98) at ../src/jrd/vio.cpp:2949
#18 0x00007fe8b26084d6 in store (tdbb=0x7fe7d8a514f0, node=0x7fe85fa9db38, which_trig=0) at ../src/jrd/exe.cpp:3771
#19 0x00007fe8b26038e1 in EXE_looper (tdbb=0x7fe7d8a514f0, request=0x7fe85f9c67e0, in_node=0x7fe85f494370) at ../src/jrd/exe.cpp:2689
#20 0x00007fe8b2606442 in looper_seh (tdbb=0x7fe7d8a514f0, request=0x7fe85f9c67e0, transaction=0x7fe8642c9d98, node=0x7fe85f494370, next_state=Jrd::jrd_req::req_proceed) at ../src/jrd/exe.cpp:2917
#21 execute_looper (tdbb=0x7fe7d8a514f0, request=0x7fe85f9c67e0, transaction=0x7fe8642c9d98, node=0x7fe85f494370, next_state=Jrd::jrd_req::req_proceed) at ../src/jrd/exe.cpp:1369
#22 0x00007fe8b2608e82 in EXE_send (tdbb=0x7fe7d8a514f0, request=0x109, msg=31416, length=61456, buffer=0x7fe85f498088 "\377\377") at ../src/jrd/exe.cpp:971
#23 0x00007fe8b263574c in JRD_start_and_send (tdbb=0x7fe7d8a514f0, request=0x7fe85f9c67e0, transaction=0x7fe8642c9d98, msg_type=9097, msg_length=65535, msg=0x7fe85f498088 "\377\377", level=0) at ../src/jrd/jrd.cpp:7105
#24 0x00007fe8b273a745 in execute_request (tdbb=0x7fe7d8a514f0, request=0x7fe85ff09ca8, tra_handle=<value optimized out>, in_blr_length=<value optimized out>, in_blr=0x7fe87f1f6e80 "\005\002\004", in_msg_length=<value optimized out>, in_msg=0x7fe8729ec7c8 "\033", out_blr_length=16, out_blr=0x7fe85f93a490 "\005\002\004", out_msg_length=14, out_msg=0x7fe8461173e0 "j\373\377\030", singleton=false) at ../src/dsql/dsql.cpp:1287
#25 0x00007fe8b273c669 in DSQL_execute (tdbb=0x7fe7d8a514f0, tra_handle=0x7fe7d8a517f8, request=0x7fe85ff09ca8, in_blr_length=65535, in_blr=0x7fe87f1f6e80 "\005\002\004", in_msg_type=<value optimized out>, in_msg_length=65535, in_msg=0x7fe8729ec7c8 "\033", out_blr_length=<value optimized out>, out_blr=0x7fe85f93a490 "\005\002\004", out_msg_length=<value optimized out>, out_msg=0x7fe8461173e0 "j\373\377\030") at ../src/dsql/dsql.cpp:271
#26 0x00007fe8b26500ff in jrd8_execute (user_status=0x7fe7d8a518d0, tra_handle=0x7fe7d8a517f8, stmt_handle=<value optimized out>, in_blr_length=65535, in_blr=0x7fe87f1f6e80 "\005\002\004", in_msg_type=65535, in_msg_length=65020, in_msg=0x7fe8729ec7c8 "\033", out_blr_length=<value optimized out>, out_blr=0x7fe85f93a490 "\005\002\004", out_msg_length=<value optimized out>, out_msg=0x7fe8461173e0 "j\373\377\030") at ../src/jrd/jrd.cpp:4049
#27 0x00007fe8b250b95c in isc_dsql_execute2_m (user_status=<value optimized out>, tra_handle=0x7fe7d8a5199c, stmt_handle=<value optimized out>, in_blr_length=65535, in_blr=0x7fe87f1f6e80 "\005\002\004", in_msg_type=65535, in_msg_length=<value optimized out>, in_msg=0x7fe8729ec7c8 "\033", out_blr_length=<value optimized out>, out_blr=0x7fe85f93a490 "\005\002\004", out_msg_type=<value optimized out>, out_msg_length=<value optimized out>, out_msg=0x7fe8461173e0 "j\373\377\030") at ../src/jrd/why.cpp:2725
#28 0x000000000040f050 in rem_port::execute_statement (this=0x7fe858d0bcb0, op=op_execute2, sqldata=0x7fe87ec68b28, sendL=0x7fe87ec683f8) at ../src/remote/server.cpp:2330
#29 0x00000000004115b4 in process_packet (port=0x7fe858d0bcb0, sendL=0x7fe87ec683f8, receive=0x7fe87ec68808, result=0x7fe7d8a51e08) at ../src/remote/server.cpp:3534
#30 0x0000000000412bf7 in loopThread () at ../src/remote/server.cpp:5265
#31 0x00007fe8b24fd8e2 in run (arg=0x7fe8a567b540) at ../src/jrd/ThreadStart.cpp:128
#32 (anonymous namespace)::threadStart (arg=0x7fe8a567b540) at ../src/jrd/ThreadStart.cpp:139
#33 0x00007fe8b14c69d1 in start_thread () from /lib64/libpthread.so.0
#34 0x00007fe8b12138fd in clone () from /lib64/libc.so.6

Thread 4 (Thread 0x7fe7f467d700 (LWP 2843)):
#0  0x00007fe8b14ca98e in pthread_cond_timedwait@@GLIBC_2.3.2 () from /lib64/libpthread.so.0
#1  0x00007fe8b2633fde in ISC_event_wait (event=0x7fe5ea0fe9f0, value=86327, micro_seconds=<value optimized out>) at ../src/jrd/isc_sync.cpp:1857
#2  0x00007fe8b2791ba9 in Jrd::LockManager::wait_for_request (this=0x7fe89593c8e8, tdbb=0x7fe7f467c4f0, request=0x7fe5e926e778, lck_wait=<value optimized out>) at ../src/lock/lock.cpp:4033
#3  0x00007fe8b27921ff in Jrd::LockManager::grant_or_que (this=0x7fe89593c8e8, tdbb=0x109, request=0x7fe5e926e778, lock=<value optimized out>, lck_wait=-1) at ../src/lock/lock.cpp:2320
#4  0x00007fe8b279558b in Jrd::LockManager::enqueue (this=0x7fe89593c8e8, tdbb=0x7fe7f467c4f0, prior_request=<value optimized out>, parent_request=<value optimized out>, series=3, value=0x7fe889e53a34 "\227C", <incomplete sequence \372>, length=8, type=6 '\006', ast_routine=0x7fe8b25c7630 <blocking_ast_bdb(void*)>, ast_argument=0x7fe889e53a58, data=0, lck_wait=-5640, owner_offset=43252128) at ../src/lock/lock.cpp:569
#5  0x00007fe8b26583d2 in enqueue (tdbb=0x7fe7f467c4f0, lock=0x7fe889e539c0, level=<value optimized out>, wait=1) at ../src/jrd/lck.cpp:916
#6  ENQUEUE (tdbb=0x7fe7f467c4f0, lock=0x7fe889e539c0, level=<value optimized out>, wait=1) at ../src/jrd/lck.cpp:144
#7  LCK_lock (tdbb=0x7fe7f467c4f0, lock=0x7fe889e539c0, level=<value optimized out>, wait=1) at ../src/jrd/lck.cpp:627
#8  0x00007fe8b25c43cf in lock_buffer (tdbb=0x7fe7f467c4f0, bdb=0x7fe889e53a58, wait=-1, page_type=4 '\004') at ../src/jrd/cch.cpp:5540
#9  0x00007fe8b25c6d73 in CCH_fetch_lock (tdbb=0x7fe7f467c4f0, window=0x7fe7f467acd0, lock_type=6, wait=1, page_type=-1 '\377') at ../src/jrd/cch.cpp:916
#10 0x00007fe8b25c723c in CCH_FETCH_LOCK (tdbb=0x7fe7f467c4f0, window=0x7fe7f467acd0, lock_type=17301, page_type=4 '\004', checksum=1, latch_wait=-1, read_shadow=true) at ../src/jrd/../jrd/cch_proto.h:91
#11 CCH_fetch (tdbb=0x7fe7f467c4f0, window=0x7fe7f467acd0, lock_type=17301, page_type=4 '\004', checksum=1, latch_wait=-1, read_shadow=true) at ../src/jrd/cch.cpp:779
#12 0x00007fe8b251c9ad in CCH_FETCH (tdbb=0x7fe7f467c4f0, relation=0x7fe889d851c8, relPages=0x7fe889d85368, window=0x7fe7f467acd0, sequence=1589, lock=<value optimized out>) at ../src/include/../jrd/cch_proto.h:71
#13 get_pointer_page (tdbb=0x7fe7f467c4f0, relation=0x7fe889d851c8, relPages=0x7fe889d85368, window=0x7fe7f467acd0, sequence=1589, lock=<value optimized out>) at ../temp/std/jrd/dpm.cpp:3135
#14 0x00007fe8b251fccf in extend_relation (tdbb=0x7fe7f467c4f0, rpb=0x7fe83bd33d40, size=323, stack=..., record=0x0, type=1) at ../temp/std/jrd/dpm.cpp:2817
#15 locate_space (tdbb=0x7fe7f467c4f0, rpb=0x7fe83bd33d40, size=323, stack=..., record=0x0, type=1) at ../temp/std/jrd/dpm.cpp:3255
#16 0x00007fe8b2520617 in DPM_store (tdbb=0x7fe7f467c4f0, rpb=0x7fe83bd33d40, stack=..., type=65535) at ../temp/std/jrd/dpm.cpp:2147
#17 0x00007fe8b26d56d3 in VIO_store (tdbb=0x7fe7f467c4f0, rpb=0x7fe83bd33d40, transaction=0x7fe886cdcd98) at ../src/jrd/vio.cpp:2949
#18 0x00007fe8b26084d6 in store (tdbb=0x7fe7f467c4f0, node=0x7fe83bd8ab38, which_trig=0) at ../src/jrd/exe.cpp:3771
#19 0x00007fe8b26038e1 in EXE_looper (tdbb=0x7fe7f467c4f0, request=0x7fe83bd337e0, in_node=0x7fe83be89370) at ../src/jrd/exe.cpp:2689
#20 0x00007fe8b2606442 in looper_seh (tdbb=0x7fe7f467c4f0, request=0x7fe83bd337e0, transaction=0x7fe886cdcd98, node=0x7fe83be89370, next_state=Jrd::jrd_req::req_proceed) at ../src/jrd/exe.cpp:2917
#21 execute_looper (tdbb=0x7fe7f467c4f0, request=0x7fe83bd337e0, transaction=0x7fe886cdcd98, node=0x7fe83be89370, next_state=Jrd::jrd_req::req_proceed) at ../src/jrd/exe.cpp:1369
#22 0x00007fe8b2608e82 in EXE_send (tdbb=0x7fe7f467c4f0, request=0x109, msg=19128, length=49168, buffer=0x7fe83be8d088 "\377\377") at ../src/jrd/exe.cpp:971
#23 0x00007fe8b263574c in JRD_start_and_send (tdbb=0x7fe7f467c4f0, request=0x7fe83bd337e0, transaction=0x7fe886cdcd98, msg_type=17301, msg_length=65535, msg=0x7fe83be8d088 "\377\377", level=0) at ../src/jrd/jrd.cpp:7105
#24 0x00007fe8b273a745 in execute_request (tdbb=0x7fe7f467c4f0, request=0x7fe84148cca8, tra_handle=<value optimized out>, in_blr_length=<value optimized out>, in_blr=0x7fe8570b1d90 "\005\002\004", in_msg_length=<value optimized out>, in_msg=0x7fe866cc5db8 "\016", out_blr_length=16, out_blr=0x7fe83529d020 "\005\002\004", out_msg_length=14, out_msg=0x7fe865f13d70 "g\373\377\030", singleton=false) at ../src/dsql/dsql.cpp:1287
#25 0x00007fe8b273c669 in DSQL_execute (tdbb=0x7fe7f467c4f0, tra_handle=0x7fe7f467c7f8, request=0x7fe84148cca8, in_blr_length=65535, in_blr=0x7fe8570b1d90 "\005\002\004", in_msg_type=<value optimized out>, in_msg_length=65535, in_msg=0x7fe866cc5db8 "\016", out_blr_length=<value optimized out>, out_blr=0x7fe83529d020 "\005\002\004", out_msg_length=<value optimized out>, out_msg=0x7fe865f13d70 "g\373\377\030") at ../src/dsql/dsql.cpp:271
#26 0x00007fe8b26500ff in jrd8_execute (user_status=0x7fe7f467c8d0, tra_handle=0x7fe7f467c7f8, stmt_handle=<value optimized out>, in_blr_length=65535, in_blr=0x7fe8570b1d90 "\005\002\004", in_msg_type=65535, in_msg_length=65020, in_msg=0x7fe866cc5db8 "\016", out_blr_length=<value optimized out>, out_blr=0x7fe83529d020 "\005\002\004", out_msg_length=<value optimized out>, out_msg=0x7fe865f13d70 "g\373\377\030") at ../src/jrd/jrd.cpp:4049
#27 0x00007fe8b250b95c in isc_dsql_execute2_m (user_status=<value optimized out>, tra_handle=0x7fe7f467c99c, stmt_handle=<value optimized out>, in_blr_length=65535, in_blr=0x7fe8570b1d90 "\005\002\004", in_msg_type=65535, in_msg_length=<value optimized out>, in_msg=0x7fe866cc5db8 "\016", out_blr_length=<value optimized out>, out_blr=0x7fe83529d020 "\005\002\004", out_msg_type=<value optimized out>, out_msg_length=<value optimized out>, out_msg=0x7fe865f13d70 "g\373\377\030") at ../src/jrd/why.cpp:2725
#28 0x000000000040f050 in rem_port::execute_statement (this=0x7fe85572a4f8, op=op_execute2, sqldata=0x7fe844bc5640, sendL=0x7fe844bc4f10) at ../src/remote/server.cpp:2330
#29 0x00000000004115b4 in process_packet (port=0x7fe85572a4f8, sendL=0x7fe844bc4f10, receive=0x7fe844bc5320, result=0x7fe7f467ce08) at ../src/remote/server.cpp:3534
#30 0x0000000000412bf7 in loopThread () at ../src/remote/server.cpp:5265
#31 0x00007fe8b24fd8e2 in run (arg=0x7fe88b5a3128) at ../src/jrd/ThreadStart.cpp:128
#32 (anonymous namespace)::threadStart (arg=0x7fe88b5a3128) at ../src/jrd/ThreadStart.cpp:139
#33 0x00007fe8b14c69d1 in start_thread () from /lib64/libpthread.so.0
#34 0x00007fe8b12138fd in clone () from /lib64/libc.so.6

Thread 3 (Thread 0x7fe837f6e700 (LWP 17168)):
#0  0x00007fe8b14ca5bc in pthread_cond_wait@@GLIBC_2.3.2 () from /lib64/libpthread.so.0
#1  0x00007fe8b2633fbe in ISC_event_wait (event=0x7fe8b2aeeb90, value=1, micro_seconds=<value optimized out>) at ../src/jrd/isc_sync.cpp:1873
#2  0x00007fe8b2793d4b in Jrd::LockManager::blocking_action_thread (this=0x7fe88b79b7b8) at ../src/lock/lock.cpp:1580
#3  0x00007fe8b2797c09 in Jrd::LockManager::blocking_action_thread (arg=0x7fe8b2aeebc4) at ../src/lock/../lock/lock_proto.h:468
#4  0x00007fe8b24fd8e2 in run (arg=0x7fe88bc6af00) at ../src/jrd/ThreadStart.cpp:128
#5  (anonymous namespace)::threadStart (arg=0x7fe88bc6af00) at ../src/jrd/ThreadStart.cpp:139
#6  0x00007fe8b14c69d1 in start_thread () from /lib64/libpthread.so.0
#7  0x00007fe8b12138fd in clone () from /lib64/libc.so.6

Thread 2 (Thread 0x7fe80f4b3700 (LWP 29477)):
#0  0x00007fe8b25f9cf1 in EVL_expr (tdbb=0x7fe80f4b2610, node=0x7fe8722c3c20) at ../src/jrd/evl.cpp:835
#1  0x00007fe8b25f9ea3 in EVL_expr (tdbb=0x7fe80f4b2610, node=0x7fe8722c3c68) at ../src/jrd/evl.cpp:1169
#2  0x00007fe8b25f8f04 in EVL_boolean (tdbb=0x7fe80f4b2610, node=0x7fe8722c3d00) at ../src/jrd/evl.cpp:481
#3  0x00007fe8b25f8ee5 in EVL_boolean (tdbb=0x7fe80f4b2610, node=0x7fe870b3f088) at ../src/jrd/evl.cpp:529
#4  0x00007fe8b25f8ee5 in EVL_boolean (tdbb=0x7fe80f4b2610, node=0x7fe871d89258) at ../src/jrd/evl.cpp:529
#5  0x00007fe8b25f8ee5 in EVL_boolean (tdbb=0x7fe80f4b2610, node=0x7fe871d89210) at ../src/jrd/evl.cpp:529
#6  0x00007fe8b25f8ee5 in EVL_boolean (tdbb=0x7fe80f4b2610, node=0x7fe871d891c8) at ../src/jrd/evl.cpp:529
#7  0x00007fe8b25f8ee5 in EVL_boolean (tdbb=0x7fe80f4b2610, node=0x7fe871d89180) at ../src/jrd/evl.cpp:529
#8  0x00007fe8b25f8ee5 in EVL_boolean (tdbb=0x7fe80f4b2610, node=0x7fe871d89138) at ../src/jrd/evl.cpp:529
#9  0x00007fe8b2693564 in get_record (tdbb=0x7fe80f4b2610, rsb=0x7fe871d88608, parent_rsb=0x0, mode=Jrd::RSE_get_forward) at ../src/jrd/rse.cpp:2158
#10 0x00007fe8b2693232 in fetch_left (tdbb=0x7fe80f4b2610, rsb=0x7fe871d88560, parent_rsb=0x0, mode=Jrd::RSE_get_forward) at ../src/jrd/rse.cpp:1023
#11 get_record (tdbb=0x7fe80f4b2610, rsb=0x7fe871d88560, parent_rsb=0x0, mode=Jrd::RSE_get_forward) at ../src/jrd/rse.cpp:2429
#12 0x00007fe8b2694108 in open_sort (tdbb=0x7fe80f4b2610, rsb=0x7fe871d88348) at ../src/jrd/rse.cpp:2947
#13 RSE_open (tdbb=0x7fe80f4b2610, rsb=0x7fe871d88348) at ../src/jrd/rse.cpp:459
#14 0x00007fe8b25fc824 in EVL_group (tdbb=0x7fe80f4b2610, rsb=0x7fe871d88f60, node=0x7fe871e3c578, state=3) at ../src/jrd/evl.cpp:1552
#15 0x00007fe8b2692da5 in get_record (tdbb=0x7fe80f4b2610, rsb=0x7fe870b3f210, parent_rsb=0x0, mode=Jrd::RSE_get_forward) at ../src/jrd/rse.cpp:2399
#16 0x00007fe8b2694a60 in RSE_get_record (tdbb=0x7fe80f4b2610, rsb=0x7fe870b3f210, mode=Jrd::RSE_get_forward) at ../src/jrd/rse.cpp:312
#17 0x00007fe8b2603c91 in EXE_looper (tdbb=0x7fe80f4b2610, request=0x7fe87240a040, in_node=0x7fe870c2e1f8) at ../src/jrd/exe.cpp:1989
#18 0x00007fe8b2606442 in looper_seh (tdbb=0x7fe80f4b2610, request=0x7fe87240a040, transaction=0x7fe874421fc8, node=0x7fe870c2e1f8, next_state=Jrd::jrd_req::req_sync) at ../src/jrd/exe.cpp:2917
#19 execute_looper (tdbb=0x7fe80f4b2610, request=0x7fe87240a040, transaction=0x7fe874421fc8, node=0x7fe870c2e1f8, next_state=Jrd::jrd_req::req_sync) at ../src/jrd/exe.cpp:1369
#20 0x00007fe8b26099fe in EXE_receive (tdbb=0x7fe80f4b2610, request=0x7fe87240a040, msg=1, length=372, buffer=0x7fe870b3ce90 "", top_level=false) at ../src/jrd/exe.cpp:723
#21 0x00007fe8b26918b2 in get_procedure (tdbb=0x7fe80f4b2610, rsb=0x7fe87226a2a8, impure=0x0, rpb=<value optimized out>) at ../src/jrd/rse.cpp:1737
#22 0x00007fe8b2692c8b in get_record (tdbb=0x7fe80f4b2610, rsb=0x7fe87226a2a8, parent_rsb=0x0, mode=Jrd::RSE_get_forward) at ../src/jrd/rse.cpp:2287
#23 0x00007fe8b26935e0 in fetch_left (tdbb=0x7fe80f4b2610, rsb=0x7fe872414418, parent_rsb=0x0, mode=Jrd::RSE_get_forward) at ../src/jrd/rse.cpp:997
#24 get_record (tdbb=0x7fe80f4b2610, rsb=0x7fe872414418, parent_rsb=0x0, mode=Jrd::RSE_get_forward) at ../src/jrd/rse.cpp:2429
#25 0x00007fe8b26935e0 in fetch_left (tdbb=0x7fe80f4b2610, rsb=0x7fe870b3ed00, parent_rsb=0x0, mode=Jrd::RSE_get_forward) at ../src/jrd/rse.cpp:997
#26 get_record (tdbb=0x7fe80f4b2610, rsb=0x7fe870b3ed00, parent_rsb=0x0, mode=Jrd::RSE_get_forward) at ../src/jrd/rse.cpp:2429
#27 0x00007fe8b26935e0 in fetch_left (tdbb=0x7fe80f4b2610, rsb=0x7fe872414260, parent_rsb=0x0, mode=Jrd::RSE_get_forward) at ../src/jrd/rse.cpp:997
#28 get_record (tdbb=0x7fe80f4b2610, rsb=0x7fe872414260, parent_rsb=0x0, mode=Jrd::RSE_get_forward) at ../src/jrd/rse.cpp:2429
#29 0x00007fe8b2694a60 in RSE_get_record (tdbb=0x7fe80f4b2610, rsb=0x7fe872414260, mode=Jrd::RSE_get_forward) at ../src/jrd/rse.cpp:312
#30 0x00007fe8b2603c91 in EXE_looper (tdbb=0x7fe80f4b2610, request=0x7fe870b3b040, in_node=0x7fe870c28c00) at ../src/jrd/exe.cpp:1989
#31 0x00007fe8b2606442 in looper_seh (tdbb=0x7fe80f4b2610, request=0x7fe870b3b040, transaction=0x7fe874421fc8, node=0x7fe870c28c00, next_state=Jrd::jrd_req::req_sync) at ../src/jrd/exe.cpp:2917
#32 execute_looper (tdbb=0x7fe80f4b2610, request=0x7fe870b3b040, transaction=0x7fe874421fc8, node=0x7fe870c28c00, next_state=Jrd::jrd_req::req_sync) at ../src/jrd/exe.cpp:1369
#33 0x00007fe8b26099fe in EXE_receive (tdbb=0x7fe80f4b2610, request=0x7fe870b3b040, msg=1, length=1932, buffer=0x7fe884fc49d0 "", top_level=true) at ../src/jrd/exe.cpp:723
#34 0x00007fe8b2637f74 in JRD_receive (tdbb=0x7fe80f4b2610, request=0x7fe870b3b040, msg_type=53712, msg_length=4609, msg=0x7fe884fc49d0 "", level=<value optimized out>) at ../src/jrd/jrd.cpp:6961
#35 0x00007fe8b2739716 in DSQL_fetch (tdbb=0x7fe80f4b2610, request=0x7fe872e6a040, blr_length=68, blr=0x7fe86a3fb658 "\005\002\004", msg_length=1928, dsql_msg_buf=0x7fe8804cd7c8 "") at ../src/dsql/dsql.cpp:517
#36 0x00007fe8b2641873 in jrd8_fetch (user_status=0x7fe80f4b28f0, stmt_handle=<value optimized out>, blr_length=53712, blr=0x7fe86a3fb658 "\005\002\004", msg_length=13, dsql_msg_buf=0x7fe8804cd7c8 "") at ../src/jrd/jrd.cpp:4140
#37 0x00007fe8b250826e in isc_dsql_fetch_m (user_status=<value optimized out>, stmt_handle=<value optimized out>, blr_length=53712, blr=0x7fe86a3fb658 "\005\002\004", msg_type=13, msg_length=38232, msg=0x7fe8804cd7c8 "") at ../src/jrd/why.cpp:3266
#38 0x0000000000409904 in rem_port::fetch (this=0x7fe875a95b60, sqldata=0x7fe876845a10, sendL=0x7fe8768452e0) at ../src/remote/server.cpp:2472
#39 0x0000000000411e52 in process_packet (port=0x7fe875a95b60, sendL=0x7fe8768452e0, receive=0x7fe8768456f0, result=0x7fe80f4b2e08) at ../src/remote/server.cpp:3543
#40 0x0000000000412bf7 in loopThread () at ../src/remote/server.cpp:5265
#41 0x00007fe8b24fd8e2 in run (arg=0x7fe889b62268) at ../src/jrd/ThreadStart.cpp:128
#42 (anonymous namespace)::threadStart (arg=0x7fe889b62268) at ../src/jrd/ThreadStart.cpp:139
#43 0x00007fe8b14c69d1 in start_thread () from /lib64/libpthread.so.0
#44 0x00007fe8b12138fd in clone () from /lib64/libc.so.6

Thread 1 (Thread 0x7fe7ee636700 (LWP 3107)):
#0  0x00007fe8b2606b05 in execute_triggers (tdbb=0x7fe7ee6354f0, triggers=0x7fe8393b4648, old_rpb=0x7fe833462e20, new_rpb=0x7fe833462ec0, trigger_action=Jrd::jrd_req::req_trigger_update, which_trig=<value optimized out>) at ../src/jrd/exe.cpp:1670
#1  0x00007fe8b260be79 in PreModifyEraseTriggers(Jrd::thread_db*, Firebird::ObjectsArray<Jrd::Trigger, Firebird::Array<Jrd::Trigger*, Firebird::InlineStorage<Jrd::Trigger*, 8ul> > >**, short, Jrd::record_param*, Jrd::record_param*, Jrd::jrd_req::req_ta) () from /opt/firebird/lib/libfbembed.so.2.5
#2  0x00007fe8b2607cf6 in modify (tdbb=0x7fe7ee6354f0, node=0x7fe834690290, which_trig=0) at ../src/jrd/exe.cpp:2993
#3  0x00007fe8b2604988 in EXE_looper (tdbb=0x7fe7ee6354f0, request=0x7fe8334628c0, in_node=0x7fe834690bf8) at ../src/jrd/exe.cpp:2564
#4  0x00007fe8b2606442 in looper_seh (tdbb=0x7fe7ee6354f0, request=0x7fe8334628c0, transaction=0x7fe86ce83d88, node=0x7fe834690bf8, next_state=Jrd::jrd_req::req_proceed) at ../src/jrd/exe.cpp:2917
#5  execute_looper (tdbb=0x7fe7ee6354f0, request=0x7fe8334628c0, transaction=0x7fe86ce83d88, node=0x7fe834690bf8, next_state=Jrd::jrd_req::req_proceed) at ../src/jrd/exe.cpp:1369
#6  0x00007fe8b2608e82 in EXE_send (tdbb=0x7fe7ee6354f0, request=0x0, msg=16780, length=2216, buffer=0x7fe834693578 "") at ../src/jrd/exe.cpp:971
#7  0x00007fe8b263574c in JRD_start_and_send (tdbb=0x7fe7ee6354f0, request=0x7fe8334628c0, transaction=0x7fe86ce83d88, msg_type=0, msg_length=0, msg=0x7fe834693578 "", level=0) at ../src/jrd/jrd.cpp:7105
#8  0x00007fe8b273a745 in execute_request (tdbb=0x7fe7ee6354f0, request=0x7fe8346a1f30, tra_handle=<value optimized out>, in_blr_length=<value optimized out>, in_blr=0x7fe875e8e128 "\005\002\004", in_msg_length=<value optimized out>, in_msg=0x7fe833feb888 "", out_blr_length=0, out_blr=0x0, out_msg_length=0, out_msg=0x0, singleton=false) at ../src/dsql/dsql.cpp:1287
#9  0x00007fe8b273c669 in DSQL_execute (tdbb=0x7fe7ee6354f0, tra_handle=0x7fe7ee6357f8, request=0x7fe8346a1f30, in_blr_length=0, in_blr=0x7fe875e8e128 "\005\002\004", in_msg_type=<value optimized out>, in_msg_length=7952, in_msg=0x7fe833feb888 "", out_blr_length=<value optimized out>, out_blr=0x0, out_msg_length=<value optimized out>, out_msg=0x0) at ../src/dsql/dsql.cpp:271
#10 0x00007fe8b26500ff in jrd8_execute (user_status=0x7fe7ee6358d0, tra_handle=0x7fe7ee6357f8, stmt_handle=<value optimized out>, in_blr_length=0, in_blr=0x7fe875e8e128 "\005\002\004", in_msg_type=7952, in_msg_length=0, in_msg=0x7fe833feb888 "", out_blr_length=<value optimized out>, out_blr=0x0, out_msg_length=<value optimized out>, out_msg=0x0) at ../src/jrd/jrd.cpp:4049
#11 0x00007fe8b250b95c in isc_dsql_execute2_m (user_status=<value optimized out>, tra_handle=0x7fe7ee63599c, stmt_handle=<value optimized out>, in_blr_length=0, in_blr=0x7fe875e8e128 "\005\002\004", in_msg_type=7952, in_msg_length=<value optimized out>, in_msg=0x7fe833feb888 "", out_blr_length=<value optimized out>, out_blr=0x0, out_msg_type=<value optimized out>, out_msg_length=<value optimized out>, out_msg=0x0) at ../src/jrd/why.cpp:2725
#12 0x000000000040f050 in rem_port::execute_statement (this=0x7fe84ae6a078, op=op_execute, sqldata=0x7fe8aef8eed0, sendL=0x7fe8aef8e7a0) at ../src/remote/server.cpp:2330
#13 0x00000000004115b4 in process_packet (port=0x7fe84ae6a078, sendL=0x7fe8aef8e7a0, receive=0x7fe8aef8ebb0, result=0x7fe7ee635e08) at ../src/remote/server.cpp:3534
#14 0x0000000000412bf7 in loopThread () at ../src/remote/server.cpp:5265
#15 0x00007fe8b24fd8e2 in run (arg=0x7fe8766d74a0) at ../src/jrd/ThreadStart.cpp:128
#16 (anonymous namespace)::threadStart (arg=0x7fe8766d74a0) at ../src/jrd/ThreadStart.cpp:139
#17 0x00007fe8b14c69d1 in start_thread () from /lib64/libpthread.so.0
#18 0x00007fe8b12138fd in clone () from /lib64/libc.so.6
