This file contains any messages produced by compilers while
running configure, to aid debugging if configure makes a mistake.

It was created by libedit configure 2.10, which was
generated by GNU Autoconf 2.61.  Invocation command line was

  $ ./configure --enable-static --disable-shared

## --------- ##
## Platform. ##
## --------- ##

hostname = 
uname -m = i686
uname -r = 2.6.18-ovz-smp-alt14
uname -s = Linux
uname -v = #1 SMP Wed May 2 15:41:15 MSD 2007

/usr/bin/uname -p = unknown
/bin/uname -X     = unknown

/bin/arch              = i686
/usr/bin/arch -k       = unknown
/usr/convex/getsysinfo = unknown
/usr/bin/hostinfo      = unknown
/bin/machine           = unknown
/usr/bin/oslevel       = unknown
/bin/universe          = unknown

PATH: /root/bin
PATH: /sbin
PATH: /usr/sbin
PATH: /usr/local/sbin
PATH: /bin
PATH: /usr/bin
PATH: /usr/local/bin


## ----------- ##
## Core tests. ##
## ----------- ##

configure:1981: checking for a BSD-compatible install
configure:2037: result: /bin/install -c
configure:2048: checking whether build environment is sane
configure:2091: result: yes
configure:2156: checking for gawk
configure:2172: found /bin/gawk
configure:2183: result: gawk
configure:2194: checking whether make sets $(MAKE)
configure:2215: result: yes
configure:2477: checking build system type
configure:2495: result: i686-pc-linux-gnu
configure:2517: checking host system type
configure:2532: result: i686-pc-linux-gnu
configure:2566: checking for style of include used by make
configure:2594: result: GNU
configure:2667: checking for gcc
configure:2683: found /usr/bin/gcc
configure:2694: result: gcc
configure:2932: checking for C compiler version
configure:2939: gcc --version >&5
i586-alt-linux-gcc (GCC) 4.1.1 20070105 (ALT Linux, build 4.1.1-alt11)
Copyright (C) 2006 Free Software Foundation, Inc.
This is free software; see the source for copying conditions.  There is NO
warranty; not even for MERCHANTABILITY or FITNESS FOR A PARTICULAR PURPOSE.

configure:2942: $? = 0
configure:2949: gcc -v >&5
Using built-in specs.
Target: i586-alt-linux
Configured with: ../configure --host=i586-alt-linux --build=i586-alt-linux --target=i586-alt-linux --prefix=/usr --exec-prefix=/usr --bindir=/usr/bin --sbindir=/usr/sbin --sysconfdir=/etc --datadir=/usr/share --includedir=/usr/include --libdir=/usr/lib --libexecdir=/usr/libexec --localstatedir=/var/lib --sharedstatedir=/usr/com --mandir=/usr/share/man --infodir=/usr/share/info --disable-dependency-tracking --without-included-gettext --program-suffix=-4.1 --with-slibdir=/lib --enable-shared --enable-__cxa_atexit --enable-threads=posix --enable-checking=release --with-system-zlib --without-included-gettext --disable-multilib --enable-languages=c,c++,fortran,objc,obj-c++,treelang,java,ada --enable-java-awt=gtk --disable-plugin --with-native-libdir=/usr/lib/gcj-4.1 --enable-libgcj-multifile --with-cpu=i586 --with-arch=i586 --with-tune=pentium4
Thread model: posix
gcc version 4.1.1 20070105 (ALT Linux, build 4.1.1-alt11)
configure:2952: $? = 0
configure:2959: gcc -V >&5
i586-alt-linux-gcc: '-V' option must have argument
configure:2962: $? = 1
configure:2985: checking for C compiler default output file name
configure:3012: gcc    conftest.c  >&5
configure:3015: $? = 0
configure:3053: result: a.out
configure:3070: checking whether the C compiler works
configure:3080: ./a.out
configure:3083: $? = 0
configure:3100: result: yes
configure:3107: checking whether we are cross compiling
configure:3109: result: no
configure:3112: checking for suffix of executables
configure:3119: gcc -o conftest    conftest.c  >&5
configure:3122: $? = 0
configure:3146: result: 
configure:3152: checking for suffix of object files
configure:3178: gcc -c   conftest.c >&5
configure:3181: $? = 0
configure:3204: result: o
configure:3208: checking whether we are using the GNU C compiler
configure:3237: gcc -c   conftest.c >&5
configure:3243: $? = 0
configure:3260: result: yes
configure:3265: checking whether gcc accepts -g
configure:3295: gcc -c -g  conftest.c >&5
configure:3301: $? = 0
configure:3400: result: yes
configure:3417: checking for gcc option to accept ISO C89
configure:3491: gcc  -c -g -O2  conftest.c >&5
configure:3497: $? = 0
configure:3520: result: none needed
configure:3540: checking dependency style of gcc
configure:3630: result: gcc3
configure:3647: checking for a sed that does not truncate output
configure:3701: result: /bin/sed
configure:3704: checking for grep that handles long lines and -e
configure:3778: result: /bin/grep
configure:3783: checking for egrep
configure:3861: result: /bin/grep -E
configure:3877: checking for ld used by gcc
configure:3944: result: /usr/bin/ld
configure:3953: checking if the linker (/usr/bin/ld) is GNU ld
configure:3968: result: yes
configure:3973: checking for /usr/bin/ld option to reload object files
configure:3980: result: -r
configure:3998: checking for BSD-compatible nm
configure:4047: result: /usr/bin/nm -B
configure:4051: checking whether ln -s works
configure:4055: result: yes
configure:4062: checking how to recognise dependent libraries
configure:4238: result: pass_all
configure:4472: checking how to run the C preprocessor
configure:4512: gcc -E  conftest.c
configure:4518: $? = 0
configure:4549: gcc -E  conftest.c
conftest.c:10:28: error: ac_nonexistent.h: No such file or directory
configure:4555: $? = 1
configure: failed program was:
| /* confdefs.h.  */
| #define PACKAGE_NAME "libedit"
| #define PACKAGE_TARNAME "libedit-20070409"
| #define PACKAGE_VERSION "2.10"
| #define PACKAGE_STRING "libedit 2.10"
| #define PACKAGE_BUGREPORT ""
| #define PACKAGE "libedit-20070409"
| #define VERSION "2.10"
| /* end confdefs.h.  */
| #include <ac_nonexistent.h>
configure:4588: result: gcc -E
configure:4617: gcc -E  conftest.c
configure:4623: $? = 0
configure:4654: gcc -E  conftest.c
conftest.c:10:28: error: ac_nonexistent.h: No such file or directory
configure:4660: $? = 1
configure: failed program was:
| /* confdefs.h.  */
| #define PACKAGE_NAME "libedit"
| #define PACKAGE_TARNAME "libedit-20070409"
| #define PACKAGE_VERSION "2.10"
| #define PACKAGE_STRING "libedit 2.10"
| #define PACKAGE_BUGREPORT ""
| #define PACKAGE "libedit-20070409"
| #define VERSION "2.10"
| /* end confdefs.h.  */
| #include <ac_nonexistent.h>
configure:4698: checking for ANSI C header files
configure:4728: gcc -c -g -O2  conftest.c >&5
configure:4734: $? = 0
configure:4833: gcc -o conftest -g -O2   conftest.c  >&5
configure:4836: $? = 0
configure:4842: ./conftest
configure:4845: $? = 0
configure:4862: result: yes
configure:4886: checking for sys/types.h
configure:4907: gcc -c -g -O2  conftest.c >&5
configure:4913: $? = 0
configure:4929: result: yes
configure:4886: checking for sys/stat.h
configure:4907: gcc -c -g -O2  conftest.c >&5
configure:4913: $? = 0
configure:4929: result: yes
configure:4886: checking for stdlib.h
configure:4907: gcc -c -g -O2  conftest.c >&5
configure:4913: $? = 0
configure:4929: result: yes
configure:4886: checking for string.h
configure:4907: gcc -c -g -O2  conftest.c >&5
configure:4913: $? = 0
configure:4929: result: yes
configure:4886: checking for memory.h
configure:4907: gcc -c -g -O2  conftest.c >&5
configure:4913: $? = 0
configure:4929: result: yes
configure:4886: checking for strings.h
configure:4907: gcc -c -g -O2  conftest.c >&5
configure:4913: $? = 0
configure:4929: result: yes
configure:4886: checking for inttypes.h
configure:4907: gcc -c -g -O2  conftest.c >&5
configure:4913: $? = 0
configure:4929: result: yes
configure:4886: checking for stdint.h
configure:4907: gcc -c -g -O2  conftest.c >&5
configure:4913: $? = 0
configure:4929: result: yes
configure:4886: checking for unistd.h
configure:4907: gcc -c -g -O2  conftest.c >&5
configure:4913: $? = 0
configure:4929: result: yes
configure:4956: checking dlfcn.h usability
configure:4973: gcc -c -g -O2  conftest.c >&5
configure:4979: $? = 0
configure:4993: result: yes
configure:4997: checking dlfcn.h presence
configure:5012: gcc -E  conftest.c
configure:5018: $? = 0
configure:5032: result: yes
configure:5060: checking for dlfcn.h
configure:5068: result: yes
configure:5139: checking for g++
configure:5155: found /usr/bin/g++
configure:5166: result: g++
configure:5197: checking for C++ compiler version
configure:5204: g++ --version >&5
i586-alt-linux-g++ (GCC) 4.1.1 20070105 (ALT Linux, build 4.1.1-alt11)
Copyright (C) 2006 Free Software Foundation, Inc.
This is free software; see the source for copying conditions.  There is NO
warranty; not even for MERCHANTABILITY or FITNESS FOR A PARTICULAR PURPOSE.

configure:5207: $? = 0
configure:5214: g++ -v >&5
Using built-in specs.
Target: i586-alt-linux
Configured with: ../configure --host=i586-alt-linux --build=i586-alt-linux --target=i586-alt-linux --prefix=/usr --exec-prefix=/usr --bindir=/usr/bin --sbindir=/usr/sbin --sysconfdir=/etc --datadir=/usr/share --includedir=/usr/include --libdir=/usr/lib --libexecdir=/usr/libexec --localstatedir=/var/lib --sharedstatedir=/usr/com --mandir=/usr/share/man --infodir=/usr/share/info --disable-dependency-tracking --without-included-gettext --program-suffix=-4.1 --with-slibdir=/lib --enable-shared --enable-__cxa_atexit --enable-threads=posix --enable-checking=release --with-system-zlib --without-included-gettext --disable-multilib --enable-languages=c,c++,fortran,objc,obj-c++,treelang,java,ada --enable-java-awt=gtk --disable-plugin --with-native-libdir=/usr/lib/gcj-4.1 --enable-libgcj-multifile --with-cpu=i586 --with-arch=i586 --with-tune=pentium4
Thread model: posix
gcc version 4.1.1 20070105 (ALT Linux, build 4.1.1-alt11)
configure:5217: $? = 0
configure:5224: g++ -V >&5
i586-alt-linux-g++: '-V' option must have argument
configure:5227: $? = 1
configure:5230: checking whether we are using the GNU C++ compiler
configure:5259: g++ -c   conftest.cpp >&5
configure:5265: $? = 0
configure:5282: result: yes
configure:5287: checking whether g++ accepts -g
configure:5317: g++ -c -g  conftest.cpp >&5
configure:5323: $? = 0
configure:5422: result: yes
configure:5447: checking dependency style of g++
configure:5537: result: gcc3
configure:5564: checking how to run the C++ preprocessor
configure:5600: g++ -E  conftest.cpp
configure:5606: $? = 0
configure:5637: g++ -E  conftest.cpp
conftest.cpp:21:28: error: ac_nonexistent.h: No such file or directory
configure:5643: $? = 1
configure: failed program was:
| /* confdefs.h.  */
| #define PACKAGE_NAME "libedit"
| #define PACKAGE_TARNAME "libedit-20070409"
| #define PACKAGE_VERSION "2.10"
| #define PACKAGE_STRING "libedit 2.10"
| #define PACKAGE_BUGREPORT ""
| #define PACKAGE "libedit-20070409"
| #define VERSION "2.10"
| #define STDC_HEADERS 1
| #define HAVE_SYS_TYPES_H 1
| #define HAVE_SYS_STAT_H 1
| #define HAVE_STDLIB_H 1
| #define HAVE_STRING_H 1
| #define HAVE_MEMORY_H 1
| #define HAVE_STRINGS_H 1
| #define HAVE_INTTYPES_H 1
| #define HAVE_STDINT_H 1
| #define HAVE_UNISTD_H 1
| #define HAVE_DLFCN_H 1
| /* end confdefs.h.  */
| #include <ac_nonexistent.h>
configure:5676: result: g++ -E
configure:5705: g++ -E  conftest.cpp
configure:5711: $? = 0
configure:5742: g++ -E  conftest.cpp
conftest.cpp:21:28: error: ac_nonexistent.h: No such file or directory
configure:5748: $? = 1
configure: failed program was:
| /* confdefs.h.  */
| #define PACKAGE_NAME "libedit"
| #define PACKAGE_TARNAME "libedit-20070409"
| #define PACKAGE_VERSION "2.10"
| #define PACKAGE_STRING "libedit 2.10"
| #define PACKAGE_BUGREPORT ""
| #define PACKAGE "libedit-20070409"
| #define VERSION "2.10"
| #define STDC_HEADERS 1
| #define HAVE_SYS_TYPES_H 1
| #define HAVE_SYS_STAT_H 1
| #define HAVE_STDLIB_H 1
| #define HAVE_STRING_H 1
| #define HAVE_MEMORY_H 1
| #define HAVE_STRINGS_H 1
| #define HAVE_INTTYPES_H 1
| #define HAVE_STDINT_H 1
| #define HAVE_UNISTD_H 1
| #define HAVE_DLFCN_H 1
| /* end confdefs.h.  */
| #include <ac_nonexistent.h>
configure:5841: checking for g77
configure:5871: result: no
configure:5841: checking for xlf
configure:5871: result: no
configure:5841: checking for f77
configure:5871: result: no
configure:5841: checking for frt
configure:5871: result: no
configure:5841: checking for pgf77
configure:5871: result: no
configure:5841: checking for cf77
configure:5871: result: no
configure:5841: checking for fort77
configure:5871: result: no
configure:5841: checking for fl32
configure:5871: result: no
configure:5841: checking for af77
configure:5871: result: no
configure:5841: checking for xlf90
configure:5871: result: no
configure:5841: checking for f90
configure:5871: result: no
configure:5841: checking for pgf90
configure:5871: result: no
configure:5841: checking for pghpf
configure:5871: result: no
configure:5841: checking for epcf90
configure:5871: result: no
configure:5841: checking for gfortran
configure:5871: result: no
configure:5841: checking for g95
configure:5871: result: no
configure:5841: checking for xlf95
configure:5871: result: no
configure:5841: checking for f95
configure:5871: result: no
configure:5841: checking for fort
configure:5871: result: no
configure:5841: checking for ifort
configure:5871: result: no
configure:5841: checking for ifc
configure:5871: result: no
configure:5841: checking for efc
configure:5871: result: no
configure:5841: checking for pgf95
configure:5871: result: no
configure:5841: checking for lf95
configure:5871: result: no
configure:5841: checking for ftn
configure:5871: result: no
configure:5898: checking for Fortran 77 compiler version
configure:5905:  --version >&5
./configure: line 5906: --version: command not found
configure:5908: $? = 127
configure:5915:  -v >&5
./configure: line 5916: -v: command not found
configure:5918: $? = 127
configure:5925:  -V >&5
./configure: line 5926: -V: command not found
configure:5928: $? = 127
configure:5936: checking whether we are using the GNU Fortran 77 compiler
configure:5955:  -c  conftest.F >&5
./configure: line 5956: -c: command not found
configure:5961: $? = 127
configure: failed program was:
|       program main
| #ifndef __GNUC__
|        choke me
| #endif
| 
|       end
configure:5978: result: no
configure:5984: checking whether  accepts -g
configure:6001:  -c -g conftest.f >&5
./configure: line 6002: -c: command not found
configure:6007: $? = 127
configure: failed program was:
|       program main
| 
|       end
configure:6023: result: no
configure:6053: checking the maximum length of command line arguments
configure:6162: result: 32768
configure:6173: checking command to parse /usr/bin/nm -B output from gcc object
configure:6278: gcc -c -g -O2  conftest.c >&5
configure:6281: $? = 0
configure:6285: /usr/bin/nm -B conftest.o \| sed -n -e 's/^.*[ 	]\([ABCDGIRSTW][ABCDGIRSTW]*\)[ 	][ 	]*\([_A-Za-z][_A-Za-z0-9]*\)$/\1 \2 \2/p' \> conftest.nm
configure:6288: $? = 0
configure:6340: gcc -o conftest -g -O2   conftest.c conftstm.o >&5
configure:6343: $? = 0
configure:6381: result: ok
configure:6385: checking for objdir
configure:6400: result: .libs
configure:6492: checking for ar
configure:6508: found /usr/bin/ar
configure:6519: result: ar
configure:6588: checking for ranlib
configure:6604: found /usr/bin/ranlib
configure:6615: result: ranlib
configure:6684: checking for strip
configure:6700: found /usr/bin/strip
configure:6711: result: strip
configure:6948: checking for correct ltmain.sh version
configure:6998: result: yes
configure:7058: checking if gcc supports -fno-rtti -fno-exceptions
configure:7076: gcc -c -g -O2  -fno-rtti -fno-exceptions conftest.c >&5
cc1: warning: command line option "-fno-rtti" is valid for C++/ObjC++ but not for C
configure:7080: $? = 0
configure:7093: result: no
configure:7108: checking for gcc option to produce PIC
configure:7318: result: -fPIC
configure:7326: checking if gcc PIC flag -fPIC works
configure:7344: gcc -c -g -O2  -fPIC -DPIC conftest.c >&5
configure:7348: $? = 0
configure:7361: result: yes
configure:7389: checking if gcc static flag -static works
configure:7417: result: no
configure:7427: checking if gcc supports -c -o file.o
configure:7448: gcc -c -g -O2  -o out/conftest2.o conftest.c >&5
configure:7452: $? = 0
configure:7474: result: yes
configure:7500: checking whether the gcc linker (/usr/bin/ld) supports shared libraries
configure:8454: result: yes
configure:8521: checking dynamic linker characteristics
configure:9146: result: GNU/Linux ld.so
configure:9155: checking how to hardcode library paths into programs
configure:9180: result: immediate
configure:9194: checking whether stripping libraries is possible
configure:9199: result: yes
configure:10000: checking if libtool supports shared libraries
configure:10002: result: yes
configure:10005: checking whether to build shared libraries
configure:10026: result: no
configure:10029: checking whether to build static libraries
configure:10033: result: yes
configure:10125: creating libtool
configure:10713: checking for ld used by g++
configure:10780: result: /usr/bin/ld
configure:10789: checking if the linker (/usr/bin/ld) is GNU ld
configure:10804: result: yes
configure:10855: checking whether the g++ linker (/usr/bin/ld) supports shared libraries
configure:11789: result: yes
configure:11807: g++ -c -g -O2  conftest.cpp >&5
configure:11810: $? = 0
configure:11929: checking for g++ option to produce PIC
configure:12203: result: -fPIC
configure:12211: checking if g++ PIC flag -fPIC works
configure:12229: g++ -c -g -O2  -fPIC -DPIC conftest.cpp >&5
configure:12233: $? = 0
configure:12246: result: yes
configure:12274: checking if g++ static flag -static works
configure:12302: result: no
configure:12312: checking if g++ supports -c -o file.o
configure:12333: g++ -c -g -O2  -o out/conftest2.o conftest.cpp >&5
configure:12337: $? = 0
configure:12359: result: yes
configure:12385: checking whether the g++ linker (/usr/bin/ld) supports shared libraries
configure:12410: result: yes
configure:12477: checking dynamic linker characteristics
configure:13102: result: GNU/Linux ld.so
configure:13111: checking how to hardcode library paths into programs
configure:13136: result: immediate
configure:19481: checking for C++ compiler version
configure:19488: g++ --version >&5
i586-alt-linux-g++ (GCC) 4.1.1 20070105 (ALT Linux, build 4.1.1-alt11)
Copyright (C) 2006 Free Software Foundation, Inc.
This is free software; see the source for copying conditions.  There is NO
warranty; not even for MERCHANTABILITY or FITNESS FOR A PARTICULAR PURPOSE.

configure:19491: $? = 0
configure:19498: g++ -v >&5
Using built-in specs.
Target: i586-alt-linux
Configured with: ../configure --host=i586-alt-linux --build=i586-alt-linux --target=i586-alt-linux --prefix=/usr --exec-prefix=/usr --bindir=/usr/bin --sbindir=/usr/sbin --sysconfdir=/etc --datadir=/usr/share --includedir=/usr/include --libdir=/usr/lib --libexecdir=/usr/libexec --localstatedir=/var/lib --sharedstatedir=/usr/com --mandir=/usr/share/man --infodir=/usr/share/info --disable-dependency-tracking --without-included-gettext --program-suffix=-4.1 --with-slibdir=/lib --enable-shared --enable-__cxa_atexit --enable-threads=posix --enable-checking=release --with-system-zlib --without-included-gettext --disable-multilib --enable-languages=c,c++,fortran,objc,obj-c++,treelang,java,ada --enable-java-awt=gtk --disable-plugin --with-native-libdir=/usr/lib/gcj-4.1 --enable-libgcj-multifile --with-cpu=i586 --with-arch=i586 --with-tune=pentium4
Thread model: posix
gcc version 4.1.1 20070105 (ALT Linux, build 4.1.1-alt11)
configure:19501: $? = 0
configure:19508: g++ -V >&5
i586-alt-linux-g++: '-V' option must have argument
configure:19511: $? = 1
configure:19514: checking whether we are using the GNU C++ compiler
configure:19566: result: yes
configure:19571: checking whether g++ accepts -g
configure:19706: result: yes
configure:19731: checking dependency style of g++
configure:19821: result: gcc3
configure:19886: checking for gcc
configure:19913: result: gcc
configure:20151: checking for C compiler version
configure:20158: gcc --version >&5
i586-alt-linux-gcc (GCC) 4.1.1 20070105 (ALT Linux, build 4.1.1-alt11)
Copyright (C) 2006 Free Software Foundation, Inc.
This is free software; see the source for copying conditions.  There is NO
warranty; not even for MERCHANTABILITY or FITNESS FOR A PARTICULAR PURPOSE.

configure:20161: $? = 0
configure:20168: gcc -v >&5
Using built-in specs.
Target: i586-alt-linux
Configured with: ../configure --host=i586-alt-linux --build=i586-alt-linux --target=i586-alt-linux --prefix=/usr --exec-prefix=/usr --bindir=/usr/bin --sbindir=/usr/sbin --sysconfdir=/etc --datadir=/usr/share --includedir=/usr/include --libdir=/usr/lib --libexecdir=/usr/libexec --localstatedir=/var/lib --sharedstatedir=/usr/com --mandir=/usr/share/man --infodir=/usr/share/info --disable-dependency-tracking --without-included-gettext --program-suffix=-4.1 --with-slibdir=/lib --enable-shared --enable-__cxa_atexit --enable-threads=posix --enable-checking=release --with-system-zlib --without-included-gettext --disable-multilib --enable-languages=c,c++,fortran,objc,obj-c++,treelang,java,ada --enable-java-awt=gtk --disable-plugin --with-native-libdir=/usr/lib/gcj-4.1 --enable-libgcj-multifile --with-cpu=i586 --with-arch=i586 --with-tune=pentium4
Thread model: posix
gcc version 4.1.1 20070105 (ALT Linux, build 4.1.1-alt11)
configure:20171: $? = 0
configure:20178: gcc -V >&5
i586-alt-linux-gcc: '-V' option must have argument
configure:20181: $? = 1
configure:20184: checking whether we are using the GNU C compiler
configure:20236: result: yes
configure:20241: checking whether gcc accepts -g
configure:20376: result: yes
configure:20393: checking for gcc option to accept ISO C89
configure:20496: result: none needed
configure:20516: checking dependency style of gcc
configure:20606: result: gcc3
configure:20623: checking whether ln -s works
configure:20627: result: yes
configure:20638: checking for gawk
configure:20665: result: gawk
configure:20683: checking for nroff
configure:20701: found /usr/bin/nroff
configure:20713: result: /usr/bin/nroff
configure:20732: checking for tgetent in -lcurses
configure:20767: gcc -o conftest -g -O2   conftest.c -lcurses   >&5
configure:20773: $? = 0
configure:20791: result: yes
configure:20882: checking for working alloca.h
configure:20909: gcc -o conftest -g -O2   conftest.c -lcurses  >&5
configure:20915: $? = 0
configure:20932: result: yes
configure:20942: checking for alloca
configure:20989: gcc -o conftest -g -O2   conftest.c -lcurses  >&5
configure:20995: $? = 0
configure:21012: result: yes
configure:21247: checking for dirent.h that defines DIR
configure:21276: gcc -c -g -O2  conftest.c >&5
configure:21282: $? = 0
configure:21298: result: yes
configure:21311: checking for library containing opendir
configure:21352: gcc -o conftest -g -O2   conftest.c -lcurses  >&5
configure:21358: $? = 0
configure:21386: result: none required
configure:21480: checking for ANSI C header files
configure:21644: result: yes
configure:21654: checking for sys/wait.h that is POSIX.1 compatible
configure:21690: gcc -c -g -O2  conftest.c >&5
configure:21696: $? = 0
configure:21711: result: yes
configure:21746: checking fcntl.h usability
configure:21763: gcc -c -g -O2  conftest.c >&5
configure:21769: $? = 0
configure:21783: result: yes
configure:21787: checking fcntl.h presence
configure:21802: gcc -E  conftest.c
configure:21808: $? = 0
configure:21822: result: yes
configure:21850: checking for fcntl.h
configure:21858: result: yes
configure:21746: checking limits.h usability
configure:21763: gcc -c -g -O2  conftest.c >&5
configure:21769: $? = 0
configure:21783: result: yes
configure:21787: checking limits.h presence
configure:21802: gcc -E  conftest.c
configure:21808: $? = 0
configure:21822: result: yes
configure:21850: checking for limits.h
configure:21858: result: yes
configure:21746: checking malloc.h usability
configure:21763: gcc -c -g -O2  conftest.c >&5
configure:21769: $? = 0
configure:21783: result: yes
configure:21787: checking malloc.h presence
configure:21802: gcc -E  conftest.c
configure:21808: $? = 0
configure:21822: result: yes
configure:21850: checking for malloc.h
configure:21858: result: yes
configure:21736: checking for stdlib.h
configure:21742: result: yes
configure:21736: checking for string.h
configure:21742: result: yes
configure:21746: checking sys/ioctl.h usability
configure:21763: gcc -c -g -O2  conftest.c >&5
configure:21769: $? = 0
configure:21783: result: yes
configure:21787: checking sys/ioctl.h presence
configure:21802: gcc -E  conftest.c
configure:21808: $? = 0
configure:21822: result: yes
configure:21850: checking for sys/ioctl.h
configure:21858: result: yes
configure:21746: checking sys/param.h usability
configure:21763: gcc -c -g -O2  conftest.c >&5
configure:21769: $? = 0
configure:21783: result: yes
configure:21787: checking sys/param.h presence
configure:21802: gcc -E  conftest.c
configure:21808: $? = 0
configure:21822: result: yes
configure:21850: checking for sys/param.h
configure:21858: result: yes
configure:21736: checking for unistd.h
configure:21742: result: yes
configure:21746: checking curses.h usability
configure:21763: gcc -c -g -O2  conftest.c >&5
configure:21769: $? = 0
configure:21783: result: yes
configure:21787: checking curses.h presence
configure:21802: gcc -E  conftest.c
configure:21808: $? = 0
configure:21822: result: yes
configure:21850: checking for curses.h
configure:21858: result: yes
configure:21746: checking ncurses.h usability
configure:21763: gcc -c -g -O2  conftest.c >&5
configure:21769: $? = 0
configure:21783: result: yes
configure:21787: checking ncurses.h presence
configure:21802: gcc -E  conftest.c
configure:21808: $? = 0
configure:21822: result: yes
configure:21850: checking for ncurses.h
configure:21858: result: yes
configure:21746: checking sys/cdefs.h usability
configure:21763: gcc -c -g -O2  conftest.c >&5
configure:21769: $? = 0
configure:21783: result: yes
configure:21787: checking sys/cdefs.h presence
configure:21802: gcc -E  conftest.c
configure:21808: $? = 0
configure:21822: result: yes
configure:21850: checking for sys/cdefs.h
configure:21858: result: yes
configure:21882: checking termios.h usability
configure:21899: gcc -c -g -O2  conftest.c >&5
configure:21905: $? = 0
configure:21919: result: yes
configure:21923: checking termios.h presence
configure:21938: gcc -E  conftest.c
configure:21944: $? = 0
configure:21958: result: yes
configure:21986: checking for termios.h
configure:21993: result: yes
configure:22012: checking for term.h
configure:22038: gcc -c -g -O2  conftest.c >&5
configure:22044: $? = 0
configure:22060: result: yes
configure:22073: checking for an ANSI C-conforming const
configure:22148: gcc -c -g -O2  conftest.c >&5
configure:22154: $? = 0
configure:22169: result: yes
configure:22179: checking for pid_t
configure:22209: gcc -c -g -O2  conftest.c >&5
configure:22215: $? = 0
configure:22230: result: yes
configure:22242: checking for size_t
configure:22272: gcc -c -g -O2  conftest.c >&5
configure:22278: $? = 0
configure:22293: result: yes
configure:22305: checking for u_int32_t
configure:22335: gcc -c -g -O2  conftest.c >&5
configure:22341: $? = 0
configure:22356: result: yes
configure:22369: checking whether closedir returns void
configure:22403: gcc -o conftest -g -O2   conftest.c -lcurses  >&5
configure:22406: $? = 0
configure:22412: ./conftest
configure:22415: $? = 0
configure:22431: result: no
configure:22456: checking vfork.h usability
configure:22473: gcc -c -g -O2  conftest.c >&5
conftest.c:73:19: error: vfork.h: No such file or directory
configure:22479: $? = 1
configure: failed program was:
| /* confdefs.h.  */
| #define PACKAGE_NAME "libedit"
| #define PACKAGE_TARNAME "libedit-20070409"
| #define PACKAGE_VERSION "2.10"
| #define PACKAGE_STRING "libedit 2.10"
| #define PACKAGE_BUGREPORT ""
| #define PACKAGE "libedit-20070409"
| #define VERSION "2.10"
| #define STDC_HEADERS 1
| #define HAVE_SYS_TYPES_H 1
| #define HAVE_SYS_STAT_H 1
| #define HAVE_STDLIB_H 1
| #define HAVE_STRING_H 1
| #define HAVE_MEMORY_H 1
| #define HAVE_STRINGS_H 1
| #define HAVE_INTTYPES_H 1
| #define HAVE_STDINT_H 1
| #define HAVE_UNISTD_H 1
| #define HAVE_DLFCN_H 1
| #define HAVE_LIBCURSES 1
| #define HAVE_ALLOCA_H 1
| #define HAVE_ALLOCA 1
| #define HAVE_DIRENT_H 1
| #define STDC_HEADERS 1
| #define HAVE_SYS_WAIT_H 1
| #define HAVE_FCNTL_H 1
| #define HAVE_LIMITS_H 1
| #define HAVE_MALLOC_H 1
| #define HAVE_STDLIB_H 1
| #define HAVE_STRING_H 1
| #define HAVE_SYS_IOCTL_H 1
| #define HAVE_SYS_PARAM_H 1
| #define HAVE_UNISTD_H 1
| #define HAVE_CURSES_H 1
| #define HAVE_NCURSES_H 1
| #define HAVE_SYS_CDEFS_H 1
| #define HAVE_TERM_H 1
| #define HAVE_U_INT32_T 1
| /* end confdefs.h.  */
| #include <stdio.h>
| #ifdef HAVE_SYS_TYPES_H
| # include <sys/types.h>
| #endif
| #ifdef HAVE_SYS_STAT_H
| # include <sys/stat.h>
| #endif
| #ifdef STDC_HEADERS
| # include <stdlib.h>
| # include <stddef.h>
| #else
| # ifdef HAVE_STDLIB_H
| #  include <stdlib.h>
| # endif
| #endif
| #ifdef HAVE_STRING_H
| # if !defined STDC_HEADERS && defined HAVE_MEMORY_H
| #  include <memory.h>
| # endif
| # include <string.h>
| #endif
| #ifdef HAVE_STRINGS_H
| # include <strings.h>
| #endif
| #ifdef HAVE_INTTYPES_H
| # include <inttypes.h>
| #endif
| #ifdef HAVE_STDINT_H
| # include <stdint.h>
| #endif
| #ifdef HAVE_UNISTD_H
| # include <unistd.h>
| #endif
| #include <vfork.h>
configure:22493: result: no
configure:22497: checking vfork.h presence
configure:22512: gcc -E  conftest.c
conftest.c:40:19: error: vfork.h: No such file or directory
configure:22518: $? = 1
configure: failed program was:
| /* confdefs.h.  */
| #define PACKAGE_NAME "libedit"
| #define PACKAGE_TARNAME "libedit-20070409"
| #define PACKAGE_VERSION "2.10"
| #define PACKAGE_STRING "libedit 2.10"
| #define PACKAGE_BUGREPORT ""
| #define PACKAGE "libedit-20070409"
| #define VERSION "2.10"
| #define STDC_HEADERS 1
| #define HAVE_SYS_TYPES_H 1
| #define HAVE_SYS_STAT_H 1
| #define HAVE_STDLIB_H 1
| #define HAVE_STRING_H 1
| #define HAVE_MEMORY_H 1
| #define HAVE_STRINGS_H 1
| #define HAVE_INTTYPES_H 1
| #define HAVE_STDINT_H 1
| #define HAVE_UNISTD_H 1
| #define HAVE_DLFCN_H 1
| #define HAVE_LIBCURSES 1
| #define HAVE_ALLOCA_H 1
| #define HAVE_ALLOCA 1
| #define HAVE_DIRENT_H 1
| #define STDC_HEADERS 1
| #define HAVE_SYS_WAIT_H 1
| #define HAVE_FCNTL_H 1
| #define HAVE_LIMITS_H 1
| #define HAVE_MALLOC_H 1
| #define HAVE_STDLIB_H 1
| #define HAVE_STRING_H 1
| #define HAVE_SYS_IOCTL_H 1
| #define HAVE_SYS_PARAM_H 1
| #define HAVE_UNISTD_H 1
| #define HAVE_CURSES_H 1
| #define HAVE_NCURSES_H 1
| #define HAVE_SYS_CDEFS_H 1
| #define HAVE_TERM_H 1
| #define HAVE_U_INT32_T 1
| /* end confdefs.h.  */
| #include <vfork.h>
configure:22532: result: no
configure:22560: checking for vfork.h
configure:22568: result: no
configure:22586: checking for fork
configure:22642: gcc -o conftest -g -O2   conftest.c -lcurses  >&5
conftest.c:63: warning: conflicting types for built-in function 'fork'
configure:22648: $? = 0
configure:22666: result: yes
configure:22586: checking for vfork
configure:22642: gcc -o conftest -g -O2   conftest.c -lcurses  >&5
configure:22648: $? = 0
configure:22666: result: yes
configure:22677: checking for working fork
configure:22709: gcc -o conftest -g -O2   conftest.c -lcurses  >&5
configure:22712: $? = 0
configure:22718: ./conftest
configure:22721: $? = 0
configure:22737: result: yes
configure:22758: checking for working vfork
configure:22896: result: yes
configure:22928: checking whether gcc needs -traditional
configure:22970: result: no
configure:22980: checking return type of signal handlers
configure:23008: gcc -c -g -O2  conftest.c >&5
conftest.c: In function 'main':
conftest.c:50: error: void value not ignored as it ought to be
configure:23014: $? = 1
configure: failed program was:
| /* confdefs.h.  */
| #define PACKAGE_NAME "libedit"
| #define PACKAGE_TARNAME "libedit-20070409"
| #define PACKAGE_VERSION "2.10"
| #define PACKAGE_STRING "libedit 2.10"
| #define PACKAGE_BUGREPORT ""
| #define PACKAGE "libedit-20070409"
| #define VERSION "2.10"
| #define STDC_HEADERS 1
| #define HAVE_SYS_TYPES_H 1
| #define HAVE_SYS_STAT_H 1
| #define HAVE_STDLIB_H 1
| #define HAVE_STRING_H 1
| #define HAVE_MEMORY_H 1
| #define HAVE_STRINGS_H 1
| #define HAVE_INTTYPES_H 1
| #define HAVE_STDINT_H 1
| #define HAVE_UNISTD_H 1
| #define HAVE_DLFCN_H 1
| #define HAVE_LIBCURSES 1
| #define HAVE_ALLOCA_H 1
| #define HAVE_ALLOCA 1
| #define HAVE_DIRENT_H 1
| #define STDC_HEADERS 1
| #define HAVE_SYS_WAIT_H 1
| #define HAVE_FCNTL_H 1
| #define HAVE_LIMITS_H 1
| #define HAVE_MALLOC_H 1
| #define HAVE_STDLIB_H 1
| #define HAVE_STRING_H 1
| #define HAVE_SYS_IOCTL_H 1
| #define HAVE_SYS_PARAM_H 1
| #define HAVE_UNISTD_H 1
| #define HAVE_CURSES_H 1
| #define HAVE_NCURSES_H 1
| #define HAVE_SYS_CDEFS_H 1
| #define HAVE_TERM_H 1
| #define HAVE_U_INT32_T 1
| #define HAVE_FORK 1
| #define HAVE_VFORK 1
| #define HAVE_WORKING_VFORK 1
| #define HAVE_WORKING_FORK 1
| /* end confdefs.h.  */
| #include <sys/types.h>
| #include <signal.h>
| 
| int
| main ()
| {
| return *(signal (0, 0)) (0) == 1;
|   ;
|   return 0;
| }
configure:23029: result: void
configure:23037: checking whether lstat dereferences a symlink specified with a trailing slash
configure:23073: gcc -o conftest -g -O2   conftest.c -lcurses  >&5
configure:23076: $? = 0
configure:23082: ./conftest
configure:23085: $? = 0
configure:23108: result: yes
configure:23127: checking whether stat accepts an empty string
configure:23157: gcc -o conftest -g -O2   conftest.c -lcurses  >&5
configure:23160: $? = 0
configure:23166: ./conftest
configure:23169: $? = 0
configure:23185: result: no
configure:23219: checking for endpwent
configure:23275: gcc -o conftest -g -O2   conftest.c -lcurses  >&5
configure:23281: $? = 0
configure:23299: result: yes
configure:23219: checking for isascii
configure:23275: gcc -o conftest -g -O2   conftest.c -lcurses  >&5
conftest.c:70: warning: conflicting types for built-in function 'isascii'
configure:23281: $? = 0
configure:23299: result: yes
configure:23219: checking for memchr
configure:23275: gcc -o conftest -g -O2   conftest.c -lcurses  >&5
configure:23281: $? = 0
configure:23299: result: yes
configure:23219: checking for memset
configure:23275: gcc -o conftest -g -O2   conftest.c -lcurses  >&5
conftest.c:72: warning: conflicting types for built-in function 'memset'
configure:23281: $? = 0
configure:23299: result: yes
configure:23219: checking for re_comp
configure:23275: gcc -o conftest -g -O2   conftest.c -lcurses  >&5
configure:23281: $? = 0
configure:23299: result: yes
configure:23219: checking for regcomp
configure:23275: gcc -o conftest -g -O2   conftest.c -lcurses  >&5
configure:23281: $? = 0
configure:23299: result: yes
configure:23219: checking for strcasecmp
configure:23275: gcc -o conftest -g -O2   conftest.c -lcurses  >&5
conftest.c:75: warning: conflicting types for built-in function 'strcasecmp'
configure:23281: $? = 0
configure:23299: result: yes
configure:23219: checking for strchr
configure:23275: gcc -o conftest -g -O2   conftest.c -lcurses  >&5
conftest.c:76: warning: conflicting types for built-in function 'strchr'
configure:23281: $? = 0
configure:23299: result: yes
configure:23219: checking for strcspn
configure:23275: gcc -o conftest -g -O2   conftest.c -lcurses  >&5
conftest.c:77: warning: conflicting types for built-in function 'strcspn'
configure:23281: $? = 0
configure:23299: result: yes
configure:23219: checking for strdup
configure:23275: gcc -o conftest -g -O2   conftest.c -lcurses  >&5
conftest.c:78: warning: conflicting types for built-in function 'strdup'
configure:23281: $? = 0
configure:23299: result: yes
configure:23219: checking for strerror
configure:23275: gcc -o conftest -g -O2   conftest.c -lcurses  >&5
configure:23281: $? = 0
configure:23299: result: yes
configure:23219: checking for strrchr
configure:23275: gcc -o conftest -g -O2   conftest.c -lcurses  >&5
conftest.c:80: warning: conflicting types for built-in function 'strrchr'
configure:23281: $? = 0
configure:23299: result: yes
configure:23219: checking for strstr
configure:23275: gcc -o conftest -g -O2   conftest.c -lcurses  >&5
conftest.c:81: warning: conflicting types for built-in function 'strstr'
configure:23281: $? = 0
configure:23299: result: yes
configure:23219: checking for strtol
configure:23275: gcc -o conftest -g -O2   conftest.c -lcurses  >&5
configure:23281: $? = 0
configure:23299: result: yes
configure:23219: checking for issetugid
configure:23275: gcc -o conftest -g -O2   conftest.c -lcurses  >&5
/tmp/.private/root/ccCZpllw.o: In function `main':
/usr/src/Firebird-2.1.0.16780-Beta2/extern/editline/conftest.c:94: undefined reference to `issetugid'
collect2: ld returned 1 exit status
configure:23281: $? = 1
configure: failed program was:
| /* confdefs.h.  */
| #define PACKAGE_NAME "libedit"
| #define PACKAGE_TARNAME "libedit-20070409"
| #define PACKAGE_VERSION "2.10"
| #define PACKAGE_STRING "libedit 2.10"
| #define PACKAGE_BUGREPORT ""
| #define PACKAGE "libedit-20070409"
| #define VERSION "2.10"
| #define STDC_HEADERS 1
| #define HAVE_SYS_TYPES_H 1
| #define HAVE_SYS_STAT_H 1
| #define HAVE_STDLIB_H 1
| #define HAVE_STRING_H 1
| #define HAVE_MEMORY_H 1
| #define HAVE_STRINGS_H 1
| #define HAVE_INTTYPES_H 1
| #define HAVE_STDINT_H 1
| #define HAVE_UNISTD_H 1
| #define HAVE_DLFCN_H 1
| #define HAVE_LIBCURSES 1
| #define HAVE_ALLOCA_H 1
| #define HAVE_ALLOCA 1
| #define HAVE_DIRENT_H 1
| #define STDC_HEADERS 1
| #define HAVE_SYS_WAIT_H 1
| #define HAVE_FCNTL_H 1
| #define HAVE_LIMITS_H 1
| #define HAVE_MALLOC_H 1
| #define HAVE_STDLIB_H 1
| #define HAVE_STRING_H 1
| #define HAVE_SYS_IOCTL_H 1
| #define HAVE_SYS_PARAM_H 1
| #define HAVE_UNISTD_H 1
| #define HAVE_CURSES_H 1
| #define HAVE_NCURSES_H 1
| #define HAVE_SYS_CDEFS_H 1
| #define HAVE_TERM_H 1
| #define HAVE_U_INT32_T 1
| #define HAVE_FORK 1
| #define HAVE_VFORK 1
| #define HAVE_WORKING_VFORK 1
| #define HAVE_WORKING_FORK 1
| #define RETSIGTYPE void
| #define LSTAT_FOLLOWS_SLASHED_SYMLINK 1
| #define HAVE_ENDPWENT 1
| #define HAVE_ISASCII 1
| #define HAVE_MEMCHR 1
| #define HAVE_MEMSET 1
| #define HAVE_RE_COMP 1
| #define HAVE_REGCOMP 1
| #define HAVE_STRCASECMP 1
| #define HAVE_STRCHR 1
| #define HAVE_STRCSPN 1
| #define HAVE_STRDUP 1
| #define HAVE_STRERROR 1
| #define HAVE_STRRCHR 1
| #define HAVE_STRSTR 1
| #define HAVE_STRTOL 1
| /* end confdefs.h.  */
| /* Define issetugid to an innocuous variant, in case <limits.h> declares issetugid.
|    For example, HP-UX 11i <limits.h> declares gettimeofday.  */
| #define issetugid innocuous_issetugid
| 
| /* System header to define __stub macros and hopefully few prototypes,
|     which can conflict with char issetugid (); below.
|     Prefer <limits.h> to <assert.h> if __STDC__ is defined, since
|     <limits.h> exists even on freestanding compilers.  */
| 
| #ifdef __STDC__
| # include <limits.h>
| #else
| # include <assert.h>
| #endif
| 
| #undef issetugid
| 
| /* Override any GCC internal prototype to avoid an error.
|    Use char because int might match the return type of a GCC
|    builtin and then its argument prototype would still apply.  */
| #ifdef __cplusplus
| extern "C"
| #endif
| char issetugid ();
| /* The GNU C library defines this for functions which it implements
|     to always fail with ENOSYS.  Some functions are actually named
|     something starting with __ and the normal name is an alias.  */
| #if defined __stub_issetugid || defined __stub___issetugid
| choke me
| #endif
| 
| int
| main ()
| {
| return issetugid ();
|   ;
|   return 0;
| }
configure:23299: result: no
configure:23310: checking whether getpwnam_r and getpwuid_r are posix like
configure:23339: gcc -o conftest -g -O2   conftest.c -lcurses  >&5
configure:23345: $? = 0
configure:23356: result: yes
configure:23370: checking whether getpwnam_r and getpwuid_r are posix _draft_ like
configure:23399: gcc -o conftest -g -O2   conftest.c -lcurses  >&5
conftest.c: In function 'main':
conftest.c:67: error: too few arguments to function 'getpwnam_r'
conftest.c:68: error: too few arguments to function 'getpwuid_r'
configure:23405: $? = 1
configure: failed program was:
| /* confdefs.h.  */
| #define PACKAGE_NAME "libedit"
| #define PACKAGE_TARNAME "libedit-20070409"
| #define PACKAGE_VERSION "2.10"
| #define PACKAGE_STRING "libedit 2.10"
| #define PACKAGE_BUGREPORT ""
| #define PACKAGE "libedit-20070409"
| #define VERSION "2.10"
| #define STDC_HEADERS 1
| #define HAVE_SYS_TYPES_H 1
| #define HAVE_SYS_STAT_H 1
| #define HAVE_STDLIB_H 1
| #define HAVE_STRING_H 1
| #define HAVE_MEMORY_H 1
| #define HAVE_STRINGS_H 1
| #define HAVE_INTTYPES_H 1
| #define HAVE_STDINT_H 1
| #define HAVE_UNISTD_H 1
| #define HAVE_DLFCN_H 1
| #define HAVE_LIBCURSES 1
| #define HAVE_ALLOCA_H 1
| #define HAVE_ALLOCA 1
| #define HAVE_DIRENT_H 1
| #define STDC_HEADERS 1
| #define HAVE_SYS_WAIT_H 1
| #define HAVE_FCNTL_H 1
| #define HAVE_LIMITS_H 1
| #define HAVE_MALLOC_H 1
| #define HAVE_STDLIB_H 1
| #define HAVE_STRING_H 1
| #define HAVE_SYS_IOCTL_H 1
| #define HAVE_SYS_PARAM_H 1
| #define HAVE_UNISTD_H 1
| #define HAVE_CURSES_H 1
| #define HAVE_NCURSES_H 1
| #define HAVE_SYS_CDEFS_H 1
| #define HAVE_TERM_H 1
| #define HAVE_U_INT32_T 1
| #define HAVE_FORK 1
| #define HAVE_VFORK 1
| #define HAVE_WORKING_VFORK 1
| #define HAVE_WORKING_FORK 1
| #define RETSIGTYPE void
| #define LSTAT_FOLLOWS_SLASHED_SYMLINK 1
| #define HAVE_ENDPWENT 1
| #define HAVE_ISASCII 1
| #define HAVE_MEMCHR 1
| #define HAVE_MEMSET 1
| #define HAVE_RE_COMP 1
| #define HAVE_REGCOMP 1
| #define HAVE_STRCASECMP 1
| #define HAVE_STRCHR 1
| #define HAVE_STRCSPN 1
| #define HAVE_STRDUP 1
| #define HAVE_STRERROR 1
| #define HAVE_STRRCHR 1
| #define HAVE_STRSTR 1
| #define HAVE_STRTOL 1
| #define HAVE_GETPW_R_POSIX 1
| /* end confdefs.h.  */
| #include <stdlib.h>
|                 #include <sys/types.h>
|                 #include <pwd.h>
| int
| main ()
| {
| getpwnam_r(NULL, NULL, NULL, (size_t)0);
|                 getpwuid_r((uid_t)0, NULL, NULL, (size_t)0);
|   ;
|   return 0;
| }
configure:23422: result: no
configure:23570: creating ./config.status

## ---------------------- ##
## Running config.status. ##
## ---------------------- ##

This file was extended by libedit config.status 2.10, which was
generated by GNU Autoconf 2.61.  Invocation command line was

  CONFIG_FILES    = 
  CONFIG_HEADERS  = 
  CONFIG_LINKS    = 
  CONFIG_COMMANDS = 
  $ ./config.status 

on selena.inform.snu

config.status:664: creating Makefile
config.status:664: creating src/Makefile
config.status:664: creating config.h
config.status:979: executing depfiles commands

## ---------------- ##
## Cache variables. ##
## ---------------- ##

ac_cv_build=i686-pc-linux-gnu
ac_cv_c_compiler_gnu=yes
ac_cv_c_const=yes
ac_cv_cxx_compiler_gnu=yes
ac_cv_env_CCC_set=
ac_cv_env_CCC_value=
ac_cv_env_CC_set=
ac_cv_env_CC_value=
ac_cv_env_CFLAGS_set=
ac_cv_env_CFLAGS_value=
ac_cv_env_CPPFLAGS_set=
ac_cv_env_CPPFLAGS_value=
ac_cv_env_CPP_set=
ac_cv_env_CPP_value=
ac_cv_env_CXXCPP_set=
ac_cv_env_CXXCPP_value=
ac_cv_env_CXXFLAGS_set=
ac_cv_env_CXXFLAGS_value=
ac_cv_env_CXX_set=
ac_cv_env_CXX_value=
ac_cv_env_F77_set=
ac_cv_env_F77_value=
ac_cv_env_FFLAGS_set=
ac_cv_env_FFLAGS_value=
ac_cv_env_LDFLAGS_set=
ac_cv_env_LDFLAGS_value=
ac_cv_env_LIBS_set=
ac_cv_env_LIBS_value=
ac_cv_env_build_alias_set=
ac_cv_env_build_alias_value=
ac_cv_env_host_alias_set=
ac_cv_env_host_alias_value=
ac_cv_env_target_alias_set=
ac_cv_env_target_alias_value=
ac_cv_f77_compiler_gnu=no
ac_cv_func_alloca_works=yes
ac_cv_func_closedir_void=no
ac_cv_func_endpwent=yes
ac_cv_func_fork=yes
ac_cv_func_fork_works=yes
ac_cv_func_isascii=yes
ac_cv_func_issetugid=no
ac_cv_func_lstat_dereferences_slashed_symlink=yes
ac_cv_func_memchr=yes
ac_cv_func_memset=yes
ac_cv_func_re_comp=yes
ac_cv_func_regcomp=yes
ac_cv_func_stat_empty_string_bug=no
ac_cv_func_strcasecmp=yes
ac_cv_func_strchr=yes
ac_cv_func_strcspn=yes
ac_cv_func_strdup=yes
ac_cv_func_strerror=yes
ac_cv_func_strrchr=yes
ac_cv_func_strstr=yes
ac_cv_func_strtol=yes
ac_cv_func_vfork=yes
ac_cv_func_vfork_works=yes
ac_cv_header_curses_h=yes
ac_cv_header_dirent_dirent_h=yes
ac_cv_header_dlfcn_h=yes
ac_cv_header_fcntl_h=yes
ac_cv_header_inttypes_h=yes
ac_cv_header_limits_h=yes
ac_cv_header_malloc_h=yes
ac_cv_header_memory_h=yes
ac_cv_header_ncurses_h=yes
ac_cv_header_stdc=yes
ac_cv_header_stdint_h=yes
ac_cv_header_stdlib_h=yes
ac_cv_header_string_h=yes
ac_cv_header_strings_h=yes
ac_cv_header_sys_cdefs_h=yes
ac_cv_header_sys_ioctl_h=yes
ac_cv_header_sys_param_h=yes
ac_cv_header_sys_stat_h=yes
ac_cv_header_sys_types_h=yes
ac_cv_header_sys_wait_h=yes
ac_cv_header_term_h=yes
ac_cv_header_termios_h=yes
ac_cv_header_unistd_h=yes
ac_cv_header_vfork_h=no
ac_cv_host=i686-pc-linux-gnu
ac_cv_lib_curses_tgetent=yes
ac_cv_objext=o
ac_cv_path_EGREP='/bin/grep -E'
ac_cv_path_GREP=/bin/grep
ac_cv_path_NROFF=/usr/bin/nroff
ac_cv_path_install='/bin/install -c'
ac_cv_prog_AWK=gawk
ac_cv_prog_CPP='gcc -E'
ac_cv_prog_CXXCPP='g++ -E'
ac_cv_prog_ac_ct_AR=ar
ac_cv_prog_ac_ct_CC=gcc
ac_cv_prog_ac_ct_CXX=g++
ac_cv_prog_ac_ct_RANLIB=ranlib
ac_cv_prog_ac_ct_STRIP=strip
ac_cv_prog_cc_c89=
ac_cv_prog_cc_g=yes
ac_cv_prog_cxx_g=yes
ac_cv_prog_f77_g=no
ac_cv_prog_gcc_traditional=no
ac_cv_prog_make_make_set=yes
ac_cv_search_opendir='none required'
ac_cv_type_pid_t=yes
ac_cv_type_signal=void
ac_cv_type_size_t=yes
ac_cv_type_u_int32_t=yes
ac_cv_working_alloca_h=yes
am_cv_CC_dependencies_compiler_type=gcc3
am_cv_CXX_dependencies_compiler_type=gcc3
lt_cv_deplibs_check_method=pass_all
lt_cv_file_magic_cmd='$MAGIC_CMD'
lt_cv_file_magic_test_file=
lt_cv_ld_reload_flag=-r
lt_cv_objdir=.libs
lt_cv_path_LD=/usr/bin/ld
lt_cv_path_LDCXX=/usr/bin/ld
lt_cv_path_NM='/usr/bin/nm -B'
lt_cv_path_SED=/bin/sed
lt_cv_prog_compiler_c_o=yes
lt_cv_prog_compiler_c_o_CXX=yes
lt_cv_prog_compiler_rtti_exceptions=no
lt_cv_prog_gnu_ld=yes
lt_cv_prog_gnu_ldcxx=yes
lt_cv_sys_global_symbol_pipe='sed -n -e '\''s/^.*[ 	]\([ABCDGIRSTW][ABCDGIRSTW]*\)[ 	][ 	]*\([_A-Za-z][_A-Za-z0-9]*\)$/\1 \2 \2/p'\'''
lt_cv_sys_global_symbol_to_c_name_address='sed -n -e '\''s/^: \([^ ]*\) $/  {\"\1\", (lt_ptr) 0},/p'\'' -e '\''s/^[BCDEGRST] \([^ ]*\) \([^ ]*\)$/  {"\2", (lt_ptr) \&\2},/p'\'''
lt_cv_sys_global_symbol_to_cdecl='sed -n -e '\''s/^. .* \(.*\)$/extern int \1;/p'\'''
lt_cv_sys_max_cmd_len=32768
lt_lt_cv_prog_compiler_c_o='"yes"'
lt_lt_cv_prog_compiler_c_o_CXX='"yes"'
lt_lt_cv_sys_global_symbol_pipe='"sed -n -e '\''s/^.*[ 	]\\([ABCDGIRSTW][ABCDGIRSTW]*\\)[ 	][ 	]*\\([_A-Za-z][_A-Za-z0-9]*\\)\$/\\1 \\2 \\2/p'\''"'
lt_lt_cv_sys_global_symbol_to_c_name_address='"sed -n -e '\''s/^: \\([^ ]*\\) \$/  {\\\"\\1\\\", (lt_ptr) 0},/p'\'' -e '\''s/^[BCDEGRST] \\([^ ]*\\) \\([^ ]*\\)\$/  {\"\\2\", (lt_ptr) \\&\\2},/p'\''"'
lt_lt_cv_sys_global_symbol_to_cdecl='"sed -n -e '\''s/^. .* \\(.*\\)\$/extern int \\1;/p'\''"'

## ----------------- ##
## Output variables. ##
## ----------------- ##

ACLOCAL='${SHELL} /usr/src/Firebird-2.1.0.16780-Beta2/extern/editline/missing --run aclocal-1.9'
ALLOCA=''
AMDEPBACKSLASH='\'
AMDEP_FALSE='#'
AMDEP_TRUE=''
AMTAR='${SHELL} /usr/src/Firebird-2.1.0.16780-Beta2/extern/editline/missing --run tar'
AR='ar'
AUTOCONF='${SHELL} /usr/src/Firebird-2.1.0.16780-Beta2/extern/editline/missing --run autoconf'
AUTOHEADER='${SHELL} /usr/src/Firebird-2.1.0.16780-Beta2/extern/editline/missing --run autoheader'
AUTOMAKE='${SHELL} /usr/src/Firebird-2.1.0.16780-Beta2/extern/editline/missing --run automake-1.9'
AWK='gawk'
CC='gcc'
CCDEPMODE='depmode=gcc3'
CFLAGS='-g -O2'
CPP='gcc -E'
CPPFLAGS=''
CXX='g++'
CXXCPP='g++ -E'
CXXDEPMODE='depmode=gcc3'
CXXFLAGS='-g -O2'
CYGPATH_W='echo'
DEFS='-DHAVE_CONFIG_H'
DEPDIR='.deps'
ECHO='echo'
ECHO_C=''
ECHO_N='-n'
ECHO_T=''
EGREP='/bin/grep -E'
EXEEXT=''
F77=''
FFLAGS=''
GREP='/bin/grep'
INSTALL_DATA='${INSTALL} -m 644'
INSTALL_PROGRAM='${INSTALL}'
INSTALL_SCRIPT='${INSTALL}'
INSTALL_STRIP_PROGRAM='${SHELL} $(install_sh) -c -s'
LDFLAGS=''
LIBOBJS=''
LIBS='-lcurses '
LIBTOOL='$(SHELL) $(top_builddir)/libtool'
LN_S='ln -s'
LTLIBOBJS=''
LT_VERSION='0:24:0'
MAKEINFO='${SHELL} /usr/src/Firebird-2.1.0.16780-Beta2/extern/editline/missing --run makeinfo'
MANTYPE=''
NROFF='/usr/bin/nroff'
OBJEXT='o'
PACKAGE='libedit-20070409'
PACKAGE_BUGREPORT=''
PACKAGE_NAME='libedit'
PACKAGE_STRING='libedit 2.10'
PACKAGE_TARNAME='libedit-20070409'
PACKAGE_VERSION='2.10'
PATH_SEPARATOR=':'
RANLIB='ranlib'
SET_MAKE=''
SHELL='/bin/sh'
STRIP='strip'
VERSION='2.10'
ac_ct_CC='gcc'
ac_ct_CXX='g++'
ac_ct_F77=''
am__fastdepCC_FALSE='#'
am__fastdepCC_TRUE=''
am__fastdepCXX_FALSE='#'
am__fastdepCXX_TRUE=''
am__include='include'
am__leading_dot='.'
am__quote=''
am__tar='${AMTAR} chof - "$$tardir"'
am__untar='${AMTAR} xf -'
bindir='${exec_prefix}/bin'
build='i686-pc-linux-gnu'
build_alias=''
build_cpu='i686'
build_os='linux-gnu'
build_vendor='pc'
datadir='${datarootdir}'
datarootdir='${prefix}/share'
docdir='${datarootdir}/doc/${PACKAGE_TARNAME}'
dvidir='${docdir}'
exec_prefix='${prefix}'
host='i686-pc-linux-gnu'
host_alias=''
host_cpu='i686'
host_os='linux-gnu'
host_vendor='pc'
htmldir='${docdir}'
includedir='${prefix}/include'
infodir='${datarootdir}/info'
install_sh='/usr/src/Firebird-2.1.0.16780-Beta2/extern/editline/install-sh'
libdir='${exec_prefix}/lib'
libexecdir='${exec_prefix}/libexec'
localedir='${datarootdir}/locale'
localstatedir='${prefix}/var'
mandir='${datarootdir}/man'
mkdir_p='mkdir -p --'
oldincludedir='/usr/include'
pdfdir='${docdir}'
prefix='/usr/local'
program_transform_name='s,x,x,'
psdir='${docdir}'
sbindir='${exec_prefix}/sbin'
sharedstatedir='${prefix}/com'
sysconfdir='${prefix}/etc'
target_alias=''

## ----------- ##
## confdefs.h. ##
## ----------- ##

#define PACKAGE_NAME "libedit"
#define PACKAGE_TARNAME "libedit-20070409"
#define PACKAGE_VERSION "2.10"
#define PACKAGE_STRING "libedit 2.10"
#define PACKAGE_BUGREPORT ""
#define PACKAGE "libedit-20070409"
#define VERSION "2.10"
#define STDC_HEADERS 1
#define HAVE_SYS_TYPES_H 1
#define HAVE_SYS_STAT_H 1
#define HAVE_STDLIB_H 1
#define HAVE_STRING_H 1
#define HAVE_MEMORY_H 1
#define HAVE_STRINGS_H 1
#define HAVE_INTTYPES_H 1
#define HAVE_STDINT_H 1
#define HAVE_UNISTD_H 1
#define HAVE_DLFCN_H 1
#define HAVE_LIBCURSES 1
#define HAVE_ALLOCA_H 1
#define HAVE_ALLOCA 1
#define HAVE_DIRENT_H 1
#define STDC_HEADERS 1
#define HAVE_SYS_WAIT_H 1
#define HAVE_FCNTL_H 1
#define HAVE_LIMITS_H 1
#define HAVE_MALLOC_H 1
#define HAVE_STDLIB_H 1
#define HAVE_STRING_H 1
#define HAVE_SYS_IOCTL_H 1
#define HAVE_SYS_PARAM_H 1
#define HAVE_UNISTD_H 1
#define HAVE_CURSES_H 1
#define HAVE_NCURSES_H 1
#define HAVE_SYS_CDEFS_H 1
#define HAVE_TERM_H 1
#define HAVE_U_INT32_T 1
#define HAVE_FORK 1
#define HAVE_VFORK 1
#define HAVE_WORKING_VFORK 1
#define HAVE_WORKING_FORK 1
#define RETSIGTYPE void
#define LSTAT_FOLLOWS_SLASHED_SYMLINK 1
#define HAVE_ENDPWENT 1
#define HAVE_ISASCII 1
#define HAVE_MEMCHR 1
#define HAVE_MEMSET 1
#define HAVE_RE_COMP 1
#define HAVE_REGCOMP 1
#define HAVE_STRCASECMP 1
#define HAVE_STRCHR 1
#define HAVE_STRCSPN 1
#define HAVE_STRDUP 1
#define HAVE_STRERROR 1
#define HAVE_STRRCHR 1
#define HAVE_STRSTR 1
#define HAVE_STRTOL 1
#define HAVE_GETPW_R_POSIX 1

configure: exit 0
