
HOME4	Thu Nov 24 08:10:31 2016
	Authentication error
	no permission for read-write access to database D:\PROGRAM FILES\FIREBIRD_3_0_X64\SECURITY3.FDB


HOME4	Thu Nov 24 08:10:31 2016
	Authentication error
	no permission for read-write access to database D:\PROGRAM FILES\FIREBIRD_3_0_X64\SECURITY3.FDB


HOME4	Thu Nov 24 08:10:31 2016
	Authentication error
	no permission for read-write access to database D:\PROGRAM FILES\FIREBIRD_3_0_X64\SECURITY3.FDB


HOME4	Thu Nov 24 08:10:39 2016
	Authentication error
	no permission for read-write access to database D:\PROGRAM FILES\FIREBIRD_3_0_X64\SECURITY3.FDB


HOME4	Thu Nov 24 08:10:40 2016
	Authentication error
	no permission for read-write access to database D:\PROGRAM FILES\FIREBIRD_3_0_X64\SECURITY3.FDB


HOME4	Thu Nov 24 08:10:40 2016
	Authentication error
	no permission for read-write access to database D:\PROGRAM FILES\FIREBIRD_3_0_X64\SECURITY3.FDB


HOME4	Thu Nov 24 08:10:40 2016
	Authentication error
	no permission for read-write access to database D:\PROGRAM FILES\FIREBIRD_3_0_X64\SECURITY3.FDB


HOME4	Thu Nov 24 08:10:48 2016
	Authentication error
	no permission for read-write access to database D:\PROGRAM FILES\FIREBIRD_3_0_X64\SECURITY3.FDB


HOME4	Thu Nov 24 08:10:48 2016
	Authentication error
	no permission for read-write access to database D:\PROGRAM FILES\FIREBIRD_3_0_X64\SECURITY3.FDB


HOME4	Thu Nov 24 08:10:49 2016
	Authentication error
	no permission for read-write access to database D:\PROGRAM FILES\FIREBIRD_3_0_X64\SECURITY3.FDB


HOME4	Thu Nov 24 08:10:57 2016
	Authentication error
	no permission for read-write access to database D:\PROGRAM FILES\FIREBIRD_3_0_X64\SECURITY3.FDB


HOME4	Thu Nov 24 08:10:57 2016
	Authentication error
	no permission for read-write access to database D:\PROGRAM FILES\FIREBIRD_3_0_X64\SECURITY3.FDB


HOME4	Thu Nov 24 08:10:57 2016
	Authentication error
	no permission for read-write access to database D:\PROGRAM FILES\FIREBIRD_3_0_X64\SECURITY3.FDB


HOME4	Thu Nov 24 08:10:57 2016
	Authentication error
	no permission for read-write access to database D:\PROGRAM FILES\FIREBIRD_3_0_X64\SECURITY3.FDB


HOME4	Thu Nov 24 08:11:05 2016
	Authentication error
	no permission for read-write access to database D:\PROGRAM FILES\FIREBIRD_3_0_X64\SECURITY3.FDB


HOME4	Thu Nov 24 08:11:05 2016
	Authentication error
	no permission for read-write access to database D:\PROGRAM FILES\FIREBIRD_3_0_X64\SECURITY3.FDB


HOME4	Thu Nov 24 08:11:05 2016
	Authentication error
	no permission for read-write access to database D:\PROGRAM FILES\FIREBIRD_3_0_X64\SECURITY3.FDB


HOME4	Thu Nov 24 08:11:13 2016
	Authentication error
	no permission for read-write access to database D:\PROGRAM FILES\FIREBIRD_3_0_X64\SECURITY3.FDB


HOME4	Thu Nov 24 08:11:14 2016
	Authentication error
	no permission for read-write access to database D:\PROGRAM FILES\FIREBIRD_3_0_X64\SECURITY3.FDB


HOME4	Thu Nov 24 08:11:14 2016
	Authentication error
	no permission for read-write access to database D:\PROGRAM FILES\FIREBIRD_3_0_X64\SECURITY3.FDB


HOME4	Thu Nov 24 08:11:14 2016
	Authentication error
	no permission for read-write access to database D:\PROGRAM FILES\FIREBIRD_3_0_X64\SECURITY3.FDB


HOME4	Thu Nov 24 08:11:22 2016
	Authentication error
	no permission for read-write access to database D:\PROGRAM FILES\FIREBIRD_3_0_X64\SECURITY3.FDB


HOME4	Thu Nov 24 08:11:22 2016
	Authentication error
	no permission for read-write access to database D:\PROGRAM FILES\FIREBIRD_3_0_X64\SECURITY3.FDB


HOME4	Thu Nov 24 08:11:22 2016
	Authentication error
	no permission for read-write access to database D:\PROGRAM FILES\FIREBIRD_3_0_X64\SECURITY3.FDB


HOME4	Thu Nov 24 08:11:30 2016
	Authentication error
	no permission for read-write access to database D:\PROGRAM FILES\FIREBIRD_3_0_X64\SECURITY3.FDB


HOME4	Thu Nov 24 08:11:30 2016
	Authentication error
	no permission for read-write access to database D:\PROGRAM FILES\FIREBIRD_3_0_X64\SECURITY3.FDB


HOME4	Thu Nov 24 08:11:31 2016
	Authentication error
	no permission for read-write access to database D:\PROGRAM FILES\FIREBIRD_3_0_X64\SECURITY3.FDB


HOME4	Thu Nov 24 08:11:31 2016
	Authentication error
	no permission for read-write access to database D:\PROGRAM FILES\FIREBIRD_3_0_X64\SECURITY3.FDB


HOME4	Thu Nov 24 08:11:39 2016
	Authentication error
	no permission for read-write access to database D:\PROGRAM FILES\FIREBIRD_3_0_X64\SECURITY3.FDB


HOME4	Thu Nov 24 08:11:39 2016
	Authentication error
	no permission for read-write access to database D:\PROGRAM FILES\FIREBIRD_3_0_X64\SECURITY3.FDB


HOME4	Thu Nov 24 08:11:39 2016
	Authentication error
	no permission for read-write access to database D:\PROGRAM FILES\FIREBIRD_3_0_X64\SECURITY3.FDB


HOME4	Thu Nov 24 08:11:47 2016
	Authentication error
	no permission for read-write access to database D:\PROGRAM FILES\FIREBIRD_3_0_X64\SECURITY3.FDB


HOME4	Thu Nov 24 08:11:47 2016
	Authentication error
	no permission for read-write access to database D:\PROGRAM FILES\FIREBIRD_3_0_X64\SECURITY3.FDB


HOME4	Thu Nov 24 08:11:47 2016
	Authentication error
	no permission for read-write access to database D:\PROGRAM FILES\FIREBIRD_3_0_X64\SECURITY3.FDB


HOME4	Thu Nov 24 08:11:47 2016
	Authentication error
	no permission for read-write access to database D:\PROGRAM FILES\FIREBIRD_3_0_X64\SECURITY3.FDB


HOME4	Thu Nov 24 08:11:55 2016
	Authentication error
	no permission for read-write access to database D:\PROGRAM FILES\FIREBIRD_3_0_X64\SECURITY3.FDB


HOME4	Thu Nov 24 08:11:55 2016
	Authentication error
	no permission for read-write access to database D:\PROGRAM FILES\FIREBIRD_3_0_X64\SECURITY3.FDB


HOME4	Thu Nov 24 08:11:55 2016
	Authentication error
	no permission for read-write access to database D:\PROGRAM FILES\FIREBIRD_3_0_X64\SECURITY3.FDB


HOME4	Thu Nov 24 08:12:04 2016
	Authentication error
	no permission for read-write access to database D:\PROGRAM FILES\FIREBIRD_3_0_X64\SECURITY3.FDB


HOME4	Thu Nov 24 08:12:04 2016
	Authentication error
	no permission for read-write access to database D:\PROGRAM FILES\FIREBIRD_3_0_X64\SECURITY3.FDB


HOME4	Thu Nov 24 08:12:04 2016
	Authentication error
	no permission for read-write access to database D:\PROGRAM FILES\FIREBIRD_3_0_X64\SECURITY3.FDB


HOME4	Thu Nov 24 08:12:04 2016
	Authentication error
	no permission for read-write access to database D:\PROGRAM FILES\FIREBIRD_3_0_X64\SECURITY3.FDB


HOME4	Thu Nov 24 08:12:12 2016
	Authentication error
	no permission for read-write access to database D:\PROGRAM FILES\FIREBIRD_3_0_X64\SECURITY3.FDB


HOME4	Thu Nov 24 08:12:12 2016
	Authentication error
	no permission for read-write access to database D:\PROGRAM FILES\FIREBIRD_3_0_X64\SECURITY3.FDB


HOME4	Thu Nov 24 08:12:12 2016
	Authentication error
	no permission for read-write access to database D:\PROGRAM FILES\FIREBIRD_3_0_X64\SECURITY3.FDB


HOME4	Thu Nov 24 08:12:20 2016
	Authentication error
	no permission for read-write access to database D:\PROGRAM FILES\FIREBIRD_3_0_X64\SECURITY3.FDB


HOME4	Thu Nov 24 08:12:20 2016
	Authentication error
	no permission for read-write access to database D:\PROGRAM FILES\FIREBIRD_3_0_X64\SECURITY3.FDB


HOME4	Thu Nov 24 08:12:20 2016
	Authentication error
	no permission for read-write access to database D:\PROGRAM FILES\FIREBIRD_3_0_X64\SECURITY3.FDB


HOME4	Thu Nov 24 08:12:20 2016
	Authentication error
	no permission for read-write access to database D:\PROGRAM FILES\FIREBIRD_3_0_X64\SECURITY3.FDB


HOME4	Thu Nov 24 08:12:28 2016
	Authentication error
	no permission for read-write access to database D:\PROGRAM FILES\FIREBIRD_3_0_X64\SECURITY3.FDB


HOME4	Thu Nov 24 08:12:29 2016
	Authentication error
	no permission for read-write access to database D:\PROGRAM FILES\FIREBIRD_3_0_X64\SECURITY3.FDB


HOME4	Thu Nov 24 08:12:29 2016
	Authentication error
	no permission for read-write access to database D:\PROGRAM FILES\FIREBIRD_3_0_X64\SECURITY3.FDB


HOME4	Thu Nov 24 08:12:37 2016
	Authentication error
	no permission for read-write access to database D:\PROGRAM FILES\FIREBIRD_3_0_X64\SECURITY3.FDB


HOME4	Thu Nov 24 08:12:38 2016
	Authentication error
	no permission for read-write access to database D:\PROGRAM FILES\FIREBIRD_3_0_X64\SECURITY3.FDB


HOME4	Thu Nov 24 08:12:38 2016
	Authentication error
	no permission for read-write access to database D:\PROGRAM FILES\FIREBIRD_3_0_X64\SECURITY3.FDB


HOME4	Thu Nov 24 08:12:38 2016
	Authentication error
	no permission for read-write access to database D:\PROGRAM FILES\FIREBIRD_3_0_X64\SECURITY3.FDB


HOME4	Thu Nov 24 08:12:46 2016
	Authentication error
	no permission for read-write access to database D:\PROGRAM FILES\FIREBIRD_3_0_X64\SECURITY3.FDB


HOME4	Thu Nov 24 08:12:46 2016
	Authentication error
	no permission for read-write access to database D:\PROGRAM FILES\FIREBIRD_3_0_X64\SECURITY3.FDB


HOME4	Thu Nov 24 08:12:47 2016
	Authentication error
	no permission for read-write access to database D:\PROGRAM FILES\FIREBIRD_3_0_X64\SECURITY3.FDB


HOME4	Thu Nov 24 08:12:55 2016
	Authentication error
	no permission for read-write access to database D:\PROGRAM FILES\FIREBIRD_3_0_X64\SECURITY3.FDB


HOME4	Thu Nov 24 08:14:03 2016
	Authentication error
	no permission for read-write access to database D:\PROGRAM FILES\FIREBIRD_3_0_X64\SECURITY3.FDB


HOME4	Thu Nov 24 08:14:03 2016
	Authentication error
	no permission for read-write access to database D:\PROGRAM FILES\FIREBIRD_3_0_X64\SECURITY3.FDB


HOME4	Thu Nov 24 08:14:03 2016
	Authentication error
	no permission for read-write access to database D:\PROGRAM FILES\FIREBIRD_3_0_X64\SECURITY3.FDB


HOME4	Thu Nov 24 08:14:11 2016
	Authentication error
	no permission for read-write access to database D:\PROGRAM FILES\FIREBIRD_3_0_X64\SECURITY3.FDB


HOME4	Thu Nov 24 08:14:12 2016
	Authentication error
	no permission for read-write access to database D:\PROGRAM FILES\FIREBIRD_3_0_X64\SECURITY3.FDB


HOME4	Thu Nov 24 08:14:12 2016
	Authentication error
	no permission for read-write access to database D:\PROGRAM FILES\FIREBIRD_3_0_X64\SECURITY3.FDB


HOME4	Thu Nov 24 08:14:12 2016
	Authentication error
	no permission for read-write access to database D:\PROGRAM FILES\FIREBIRD_3_0_X64\SECURITY3.FDB


HOME4	Thu Nov 24 08:14:20 2016
	Authentication error
	no permission for read-write access to database D:\PROGRAM FILES\FIREBIRD_3_0_X64\SECURITY3.FDB


HOME4	Thu Nov 24 08:14:20 2016
	Authentication error
	no permission for read-write access to database D:\PROGRAM FILES\FIREBIRD_3_0_X64\SECURITY3.FDB


HOME4	Thu Nov 24 08:14:20 2016
	Authentication error
	no permission for read-write access to database D:\PROGRAM FILES\FIREBIRD_3_0_X64\SECURITY3.FDB


HOME4	Thu Nov 24 08:14:28 2016
	Authentication error
	no permission for read-write access to database D:\PROGRAM FILES\FIREBIRD_3_0_X64\SECURITY3.FDB


HOME4	Thu Nov 24 08:14:46 2016
	Authentication error
	no permission for read-write access to database D:\PROGRAM FILES\FIREBIRD_3_0_X64\SECURITY3.FDB


HOME4	Thu Nov 24 08:14:47 2016
	Authentication error
	no permission for read-write access to database D:\PROGRAM FILES\FIREBIRD_3_0_X64\SECURITY3.FDB


HOME4	Thu Nov 24 08:14:47 2016
	Authentication error
	no permission for read-write access to database D:\PROGRAM FILES\FIREBIRD_3_0_X64\SECURITY3.FDB


HOME4	Thu Nov 24 08:15:17 2016
	Authentication error
	no permission for read-write access to database D:\PROGRAM FILES\FIREBIRD_3_0_X64\SECURITY3.FDB


HOME4	Thu Nov 24 08:15:17 2016
	Authentication error
	no permission for read-write access to database D:\PROGRAM FILES\FIREBIRD_3_0_X64\SECURITY3.FDB


HOME4	Fri Nov 25 08:41:35 2016
	Authentication error
	No matching plugins on server


HOME4	Fri Nov 25 08:41:35 2016
	Authentication error
	No matching plugins on server


HOME4	Sat Nov 26 00:22:50 2016
	Sweep is started by SWEEPER
	Database "D:\PROGRAM_FILES\FIREBIRD_3_0_X64\SECURITY3.FDB" 
	OIT 429, OAT 20430, OST 20430, Next 20431


HOME4	Sat Nov 26 00:22:50 2016
	Sweep is finished
	Database "D:\PROGRAM_FILES\FIREBIRD_3_0_X64\SECURITY3.FDB" 
	OIT 20431, OAT 20433, OST 20433, Next 20434


HOME4	Fri Dec  2 15:46:59 2016
	INET/inet_error: read errno = 10054, client host = home4, address = ::1/56011, user = DIMA


HOME4	Fri Dec  2 15:46:59 2016
	INET/inet_error: read errno = 10054, client host = home4, address = ::1/56037, user = DIMA


HOME4	Fri Dec  2 15:46:59 2016
	INET/inet_error: read errno = 10054, client host = home4, address = ::1/56015, user = DIMA


HOME4	Fri Dec  2 15:46:59 2016
	INET/inet_error: read errno = 10054, client host = home4, address = ::1/56012, user = DIMA


HOME4	Fri Dec  2 20:08:44 2016
	Authentication error
	No matching plugins on server


HOME4	Fri Dec  2 20:09:47 2016
	Authentication error
	No matching plugins on server


HOME4	Fri Dec  2 20:09:57 2016
	Authentication error
	No matching plugins on server


HOME4	Fri Dec  2 20:10:32 2016
	Authentication error
	No matching plugins on server


HOME4	Sun Dec  4 21:37:02 2016
	Authentication error
	No matching plugins on server


HOME4	Sun Dec  4 21:37:02 2016
	Authentication error
	No matching plugins on server


HOME4	Sun Dec  4 23:55:57 2016
	Authentication error
	database file appears corrupt (D:\PROGRAM_FILES\FIREBIRD_3_0_X64\SECURITY3.FDB)
	wrong page type
	page 16 is of wrong type (expected pointer, found index root)


HOME4	Sun Dec  4 23:55:57 2016
	Authentication error
	database file appears corrupt (D:\PROGRAM_FILES\FIREBIRD_3_0_X64\SECURITY3.FDB)
	wrong page type
	page 16 is of wrong type (expected pointer, found index root)


HOME4	Sun Dec  4 23:55:57 2016
	Authentication error
	database file appears corrupt (D:\PROGRAM_FILES\FIREBIRD_3_0_X64\SECURITY3.FDB)
	wrong page type
	page 16 is of wrong type (expected pointer, found index root)


HOME4	Mon Dec  5 03:14:06 2016
	Authentication error
	database file appears corrupt (D:\PROGRAM_FILES\FIREBIRD_3_0_X64\SECURITY3.FDB)
	wrong page type
	page 22 is of wrong type (expected pointer, found index root)


HOME4	Mon Dec  5 11:09:33 2016
	INET/inet_error: read errno = 10054, client host = home4, address = 127.0.0.1/65495, user = TEST


HOME4	Mon Dec  5 11:09:33 2016
	INET/inet_error: read errno = 10054


HOME4	Mon Dec  5 11:09:33 2016
	INET/inet_error: read errno = 10054, client host = home4, address = 127.0.0.1/49166, user = TEST


HOME4	Mon Dec  5 11:09:33 2016
	INET/inet_error: read errno = 10054, client host = home4, address = 127.0.0.1/65497, user = TEST


HOME4	Mon Dec  5 20:37:23 2016
	Authentication error
	No matching plugins on server


HOME4	Mon Dec  5 20:37:24 2016
	Authentication error
	No matching plugins on server


HOME4	Wed Dec  7 01:22:37 2016
	Authentication error
	database file appears corrupt (D:\PROGRAM_FILES\FIREBIRD_3_0_X64\SECURITY3.FDB)
	wrong page type
	page 22 is of wrong type (expected pointer, found index root)


HOME4	Wed Dec  7 07:15:48 2016
	Authentication error
	database file appears corrupt (D:\PROGRAM_FILES\FIREBIRD_3_0_X64\SECURITY3.FDB)
	wrong page type
	page 22 is of wrong type (expected pointer, found index root)


HOME4	Thu Dec  8 22:10:18 2016
	Authentication error
	database file appears corrupt (D:\PROGRAM_FILES\FIREBIRD_3_0_X64\SECURITY3.FDB)
	wrong page type
	page 16 is of wrong type (expected pointer, found index root)


HOME4	Thu Dec  8 22:53:35 2016
	Authentication error
	No matching plugins on server


HOME4	Thu Dec  8 22:53:35 2016
	Authentication error
	No matching plugins on server


HOME4	Fri Dec  9 12:49:23 2016
	Authentication error
	No matching plugins on server


HOME4	Fri Dec  9 20:15:24 2016
	Database: D:\DATABASE\FB_03_0_0\SECURITY3__COPY.FDB
	Validation started


HOME4	Fri Dec  9 20:15:24 2016
	Database: D:\DATABASE\FB_03_0_0\SECURITY3__COPY.FDB
	Validation finished: 0 errors, 0 warnings, 0 fixed

