RBSERVER	Tue Aug 21 10:10:59 2012
	INET/inet_error: send errno = 10054


RBSERVER	Tue Aug 21 10:10:59 2012
	INET/inet_error: send errno = 10054


RBSERVER	Tue Aug 21 10:10:59 2012
	INET/inet_error: send errno = 10054


RBSERVER	Tue Aug 21 10:10:59 2012
	SERVER/process_packet: broken port, server exiting


RBSERVER	Tue Aug 21 10:10:59 2012
	SERVER/process_packet: broken port, server exiting


RBSERVER	Tue Aug 21 10:10:59 2012
	SERVER/process_packet: broken port, server exiting


RBSERVER (Client)	Tue Aug 21 10:11:38 2012
	XNET error: Server failed to respond on connect request


RBSERVER (Client)	Tue Aug 21 10:12:38 2012
	XNET error: Server failed to respond on connect request


RBSERVER (Client)	Tue Aug 21 10:13:38 2012
	XNET error: Server failed to respond on connect request


RBSERVER (Client)	Tue Aug 21 10:14:38 2012
	XNET error: Server failed to respond on connect request


RBSERVER (Client)	Tue Aug 21 10:15:38 2012
	XNET error: Server failed to respond on connect request


RBSERVER (Client)	Tue Aug 21 10:16:38 2012
	XNET error: Server failed to respond on connect request


RBSERVER	Tue Aug 21 10:17:08 2012
	INET/inet_error: read errno = 10054


RBSERVER	Tue Aug 21 10:17:08 2012
	INET/inet_error: read errno = 10054


RBSERVER	Tue Aug 21 10:17:31 2012
	INET/inet_error: send errno = 10054


RBSERVER	Tue Aug 21 10:17:31 2012
	SERVER/process_packet: broken port, server exiting


RBSERVER	Tue Aug 21 10:17:33 2012
	INET/inet_error: read errno = 10054


RBSERVER (Client)	Tue Aug 21 10:17:38 2012
	XNET error: Server failed to respond on connect request


RBSERVER (Client)	Tue Aug 21 10:18:03 2012
	XNET error: Server failed to respond on connect request


RBSERVER (Client)	Tue Aug 21 10:18:38 2012
	XNET error: Server failed to respond on connect request


RBSERVER (Client)	Tue Aug 21 10:18:58 2012
	XNET error: Server failed to respond on connect request


RBSERVER (Client)	Tue Aug 21 10:19:12 2012
	XNET error: Server failed to respond on connect request


RBSERVER (Client)	Tue Aug 21 10:19:58 2012
	XNET error: Server failed to respond on connect request


RBSERVER (Client)	Tue Aug 21 10:20:58 2012
	XNET error: Server failed to respond on connect request


RBSERVER (Client)	Tue Aug 21 10:21:58 2012
	XNET error: Server failed to respond on connect request


RBSERVER (Client)	Tue Aug 21 10:22:10 2012
	XNET error: Server failed to respond on connect request


RBSERVER (Client)	Tue Aug 21 10:22:27 2012
	XNET error: Server failed to respond on connect request


RBSERVER (Client)	Tue Aug 21 10:22:58 2012
	XNET error: Server failed to respond on connect request