execve("/opt/firebird/bin/gfix", ["gfix", "-housekeeping", "0", "/shfirma/shfirma.gdb"], [/* 22 vars */]) = 0
brk(0)                                  = 0x9f02000
mmap2(NULL, 4096, PROT_READ|PROT_WRITE, MAP_PRIVATE|MAP_ANONYMOUS, -1, 0) = 0x110000
access("/etc/ld.so.preload", R_OK)      = -1 ENOENT (No such file or directory)
open("/etc/ld.so.cache", O_RDONLY)      = 3
fstat64(3, {st_mode=S_IFREG|0644, st_size=43356, ...}) = 0
mmap2(NULL, 43356, PROT_READ, MAP_PRIVATE, 3, 0) = 0x61d000
close(3)                                = 0
open("/lib/tls/i686/sse2/libfbembed.so.1", O_RDONLY) = -1 ENOENT (No such file or directory)
stat64("/lib/tls/i686/sse2", 0xbfc215a8) = -1 ENOENT (No such file or directory)
open("/lib/tls/i686/libfbembed.so.1", O_RDONLY) = -1 ENOENT (No such file or directory)
stat64("/lib/tls/i686", 0xbfc215a8)     = -1 ENOENT (No such file or directory)
open("/lib/tls/sse2/libfbembed.so.1", O_RDONLY) = -1 ENOENT (No such file or directory)
stat64("/lib/tls/sse2", 0xbfc215a8)     = -1 ENOENT (No such file or directory)
open("/lib/tls/libfbembed.so.1", O_RDONLY) = -1 ENOENT (No such file or directory)
stat64("/lib/tls", {st_mode=S_IFDIR|0755, st_size=4096, ...}) = 0
open("/lib/i686/sse2/libfbembed.so.1", O_RDONLY) = -1 ENOENT (No such file or directory)
stat64("/lib/i686/sse2", 0xbfc215a8)    = -1 ENOENT (No such file or directory)
open("/lib/i686/libfbembed.so.1", O_RDONLY) = -1 ENOENT (No such file or directory)
stat64("/lib/i686", {st_mode=S_IFDIR|0755, st_size=4096, ...}) = 0
open("/lib/sse2/libfbembed.so.1", O_RDONLY) = -1 ENOENT (No such file or directory)
stat64("/lib/sse2", 0xbfc215a8)         = -1 ENOENT (No such file or directory)
open("/lib/libfbembed.so.1", O_RDONLY)  = -1 ENOENT (No such file or directory)
stat64("/lib", {st_mode=S_IFDIR|0755, st_size=4096, ...}) = 0
open("/usr/lib/tls/i686/sse2/libfbembed.so.1", O_RDONLY) = -1 ENOENT (No such file or directory)
stat64("/usr/lib/tls/i686/sse2", 0xbfc215a8) = -1 ENOENT (No such file or directory)
open("/usr/lib/tls/i686/libfbembed.so.1", O_RDONLY) = -1 ENOENT (No such file or directory)
stat64("/usr/lib/tls/i686", 0xbfc215a8) = -1 ENOENT (No such file or directory)
open("/usr/lib/tls/sse2/libfbembed.so.1", O_RDONLY) = -1 ENOENT (No such file or directory)
stat64("/usr/lib/tls/sse2", 0xbfc215a8) = -1 ENOENT (No such file or directory)
open("/usr/lib/tls/libfbembed.so.1", O_RDONLY) = -1 ENOENT (No such file or directory)
stat64("/usr/lib/tls", {st_mode=S_IFDIR|0755, st_size=4096, ...}) = 0
open("/usr/lib/i686/sse2/libfbembed.so.1", O_RDONLY) = -1 ENOENT (No such file or directory)
stat64("/usr/lib/i686/sse2", 0xbfc215a8) = -1 ENOENT (No such file or directory)
open("/usr/lib/i686/libfbembed.so.1", O_RDONLY) = -1 ENOENT (No such file or directory)
stat64("/usr/lib/i686", 0xbfc215a8)     = -1 ENOENT (No such file or directory)
open("/usr/lib/sse2/libfbembed.so.1", O_RDONLY) = -1 ENOENT (No such file or directory)
stat64("/usr/lib/sse2", {st_mode=S_IFDIR|0755, st_size=4096, ...}) = 0
open("/usr/lib/libfbembed.so.1", O_RDONLY) = 3
read(3, "\177ELF\1\1\1\0\0\0\0\0\0\0\0\0\3\0\3\0\1\0\0\0\0\351\0"..., 512) = 512
fstat64(3, {st_mode=S_IFREG|0444, st_size=1885308, ...}) = 0
mmap2(NULL, 1895808, PROT_READ|PROT_EXEC, MAP_PRIVATE|MAP_DENYWRITE, 3, 0) = 0x22d000
mmap2(0x3ce000, 163840, PROT_READ|PROT_WRITE, MAP_PRIVATE|MAP_FIXED|MAP_DENYWRITE, 3, 0x1a0) = 0x3ce000
mmap2(0x3f6000, 23936, PROT_READ|PROT_WRITE, MAP_PRIVATE|MAP_FIXED|MAP_ANONYMOUS, -1, 0) = 0x3f6000
close(3)                                = 0
open("/usr/lib/libstdc++.so.5", O_RDONLY) = 3
read(3, "\177ELF\1\1\1\0\0\0\0\0\0\0\0\0\3\0\3\0\1\0\0\0\300\277"..., 512) = 512
fstat64(3, {st_mode=S_IFREG|0755, st_size=733456, ...}) = 0
mmap2(NULL, 756980, PROT_READ|PROT_EXEC, MAP_PRIVATE|MAP_DENYWRITE, 3, 0) = 0x863000
mmap2(0x912000, 20480, PROT_READ|PROT_WRITE, MAP_PRIVATE|MAP_FIXED|MAP_DENYWRITE, 3, 0xae) = 0x912000
mmap2(0x917000, 19700, PROT_READ|PROT_WRITE, MAP_PRIVATE|MAP_FIXED|MAP_ANONYMOUS, -1, 0) = 0x917000
close(3)                                = 0
open("/usr/lib/libncurses.so.5", O_RDONLY) = 3
read(3, "\177ELF\1\1\1\0\0\0\0\0\0\0\0\0\3\0\3\0\1\0\0\0`t\201\005"..., 512) = 512
fstat64(3, {st_mode=S_IFREG|0755, st_size=297464, ...}) = 0
mmap2(0x5809000, 297220, PROT_READ|PROT_EXEC, MAP_PRIVATE|MAP_DENYWRITE, 3, 0) = 0x5809000
mmap2(0x5849000, 32768, PROT_READ|PROT_WRITE, MAP_PRIVATE|MAP_FIXED|MAP_DENYWRITE, 3, 0x40) = 0x5849000
mmap2(0x5851000, 2308, PROT_READ|PROT_WRITE, MAP_PRIVATE|MAP_FIXED|MAP_ANONYMOUS, -1, 0) = 0x5851000
close(3)                                = 0
open("/lib/libcrypt.so.1", O_RDONLY)    = 3
read(3, "\177ELF\1\1\1\0\0\0\0\0\0\0\0\0\3\0\3\0\1\0\0\0PWO\000"..., 512) = 512
fstat64(3, {st_mode=S_IFREG|0755, st_size=27836, ...}) = 0
mmap2(0x4f5000, 184636, PROT_READ|PROT_EXEC, MAP_PRIVATE|MAP_DENYWRITE, 3, 0) = 0x4f5000
mmap2(0x4fa000, 8192, PROT_READ|PROT_WRITE, MAP_PRIVATE|MAP_FIXED|MAP_DENYWRITE, 3, 0x4) = 0x4fa000
mmap2(0x4fc000, 155964, PROT_READ|PROT_WRITE, MAP_PRIVATE|MAP_FIXED|MAP_ANONYMOUS, -1, 0) = 0x4fc000
close(3)                                = 0
open("/lib/libdl.so.2", O_RDONLY)       = 3
read(3, "\177ELF\1\1\1\0\0\0\0\0\0\0\0\0\3\0\3\0\1\0\0\0000;\320"..., 512) = 512
fstat64(3, {st_mode=S_IFREG|0755, st_size=16528, ...}) = 0
mmap2(NULL, 4096, PROT_READ|PROT_WRITE, MAP_PRIVATE|MAP_ANONYMOUS, -1, 0) = 0x111000
mmap2(0xd03000, 12408, PROT_READ|PROT_EXEC, MAP_PRIVATE|MAP_DENYWRITE, 3, 0) = 0xd03000
mmap2(0xd05000, 8192, PROT_READ|PROT_WRITE, MAP_PRIVATE|MAP_FIXED|MAP_DENYWRITE, 3, 0x1) = 0xd05000
close(3)                                = 0
open("/lib/libm.so.6", O_RDONLY)        = 3
read(3, "\177ELF\1\1\1\0\0\0\0\0\0\0\0\0\3\0\3\0\1\0\0\0\0\305\320"..., 512) = 512
fstat64(3, {st_mode=S_IFREG|0755, st_size=208344, ...}) = 0
mmap2(0xd09000, 155776, PROT_READ|PROT_EXEC, MAP_PRIVATE|MAP_DENYWRITE, 3, 0) = 0xd09000
mmap2(0xd2e000, 8192, PROT_READ|PROT_WRITE, MAP_PRIVATE|MAP_FIXED|MAP_DENYWRITE, 3, 0x24) = 0xd2e000
close(3)                                = 0
open("/lib/libc.so.6", O_RDONLY)        = 3
read(3, "\177ELF\1\1\1\0\0\0\0\0\0\0\0\0\3\0\3\0\1\0\0\0p\240\275"..., 512) = 512
fstat64(3, {st_mode=S_IFREG|0755, st_size=1577052, ...}) = 0
mmap2(0xbc4000, 1295780, PROT_READ|PROT_EXEC, MAP_PRIVATE|MAP_DENYWRITE, 3, 0) = 0xbc4000
mmap2(0xcfb000, 12288, PROT_READ|PROT_WRITE, MAP_PRIVATE|MAP_FIXED|MAP_DENYWRITE, 3, 0x137) = 0xcfb000
mmap2(0xcfe000, 9636, PROT_READ|PROT_WRITE, MAP_PRIVATE|MAP_FIXED|MAP_ANONYMOUS, -1, 0) = 0xcfe000
close(3)                                = 0
open("/lib/libgcc_s.so.1", O_RDONLY)    = 3
read(3, "\177ELF\1\1\1\0\0\0\0\0\0\0\0\0\3\0\3\0\1\0\0\0@\227\213"..., 512) = 512
fstat64(3, {st_mode=S_IFREG|0755, st_size=46492, ...}) = 0
mmap2(0x8b8000, 48068, PROT_READ|PROT_EXEC, MAP_PRIVATE|MAP_DENYWRITE, 3, 0) = 0x112000
mmap2(0x11d000, 4096, PROT_READ|PROT_WRITE, MAP_PRIVATE|MAP_FIXED|MAP_DENYWRITE, 3, 0xa) = 0x11d000
close(3)                                = 0
mmap2(NULL, 4096, PROT_READ|PROT_WRITE, MAP_PRIVATE|MAP_ANONYMOUS, -1, 0) = 0x11e000
mmap2(NULL, 4096, PROT_READ|PROT_WRITE, MAP_PRIVATE|MAP_ANONYMOUS, -1, 0) = 0x11f000
set_thread_area({entry_number:-1 -> 6, base_addr:0x11eba0, limit:1048575, seg_32bit:1, contents:0, read_exec_only:0, limit_in_pages:1, seg_not_present:0, useable:1}) = 0
mprotect(0xcfb000, 8192, PROT_READ)     = 0
mprotect(0xd2e000, 4096, PROT_READ)     = 0
mprotect(0xd05000, 4096, PROT_READ)     = 0
mprotect(0x4fa000, 4096, PROT_READ)     = 0
mprotect(0xbc0000, 4096, PROT_READ)     = 0
munmap(0x61d000, 43356)                 = 0
brk(0)                                  = 0x9f02000
brk(0x9f27000)                          = 0x9f27000
getpid()                                = 6064
rt_sigaction(SIGFPE, {0x24b0e0, [], SA_RESTART}, {SIG_DFL}, 8) = 0
readlink("/shfirma", 0xbfc1e380, 4096)  = -1 EINVAL (Invalid argument)
readlink("/shfirma/shfirma.gdb", 0xbfc1e380, 4096) = -1 EINVAL (Invalid argument)
access("/shfirma/shfirma.gdb_m", F_OK)  = -1 ENOENT (No such file or directory)
open("/opt/firebird/firebird.conf", O_RDONLY|O_LARGEFILE) = 3
fstat64(3, {st_mode=S_IFREG|0644, st_size=19846, ...}) = 0
mmap2(NULL, 4096, PROT_READ|PROT_WRITE, MAP_PRIVATE|MAP_ANONYMOUS, -1, 0) = 0x120000
read(3, "################################"..., 4096) = 4096
_llseek(3, -4056, [40], SEEK_CUR)       = 0
read(3, "#\n# Firebird configuration file\n"..., 4096) = 4096
_llseek(3, 4136, [4136], SEEK_SET)      = 0
_llseek(3, 4136, [4136], SEEK_SET)      = 0
_llseek(3, 4136, [4136], SEEK_SET)      = 0
_llseek(3, 4136, [4136], SEEK_SET)      = 0
_llseek(3, 4136, [4136], SEEK_SET)      = 0
_llseek(3, 4136, [4136], SEEK_SET)      = 0
_llseek(3, 4136, [4136], SEEK_SET)      = 0
_llseek(3, 4136, [4136], SEEK_SET)      = 0
_llseek(3, 4136, [4136], SEEK_SET)      = 0
_llseek(3, 4136, [4136], SEEK_SET)      = 0
_llseek(3, 4136, [4136], SEEK_SET)      = 0
_llseek(3, 4136, [4136], SEEK_SET)      = 0
_llseek(3, 4136, [4136], SEEK_SET)      = 0
_llseek(3, 4136, [4136], SEEK_SET)      = 0
_llseek(3, 4136, [4136], SEEK_SET)      = 0
_llseek(3, 4136, [4136], SEEK_SET)      = 0
_llseek(3, 4136, [4136], SEEK_SET)      = 0
_llseek(3, 4136, [4136], SEEK_SET)      = 0
_llseek(3, 4136, [4136], SEEK_SET)      = 0
_llseek(3, 4136, [4136], SEEK_SET)      = 0
_llseek(3, 4136, [4136], SEEK_SET)      = 0
_llseek(3, 4136, [4136], SEEK_SET)      = 0
_llseek(3, 4136, [4136], SEEK_SET)      = 0
_llseek(3, 4136, [4136], SEEK_SET)      = 0
_llseek(3, 4136, [4136], SEEK_SET)      = 0
_llseek(3, 4136, [4136], SEEK_SET)      = 0
_llseek(3, 4136, [4136], SEEK_SET)      = 0
_llseek(3, 4136, [4136], SEEK_SET)      = 0
_llseek(3, 4136, [4136], SEEK_SET)      = 0
_llseek(3, 4136, [4136], SEEK_SET)      = 0
_llseek(3, 4136, [4136], SEEK_SET)      = 0
_llseek(3, 4136, [4136], SEEK_SET)      = 0
_llseek(3, 4136, [4136], SEEK_SET)      = 0
_llseek(3, 4136, [4136], SEEK_SET)      = 0
_llseek(3, 4136, [4136], SEEK_SET)      = 0
_llseek(3, 4136, [4136], SEEK_SET)      = 0
_llseek(3, 4136, [4136], SEEK_SET)      = 0
_llseek(3, 4136, [4136], SEEK_SET)      = 0
_llseek(3, 4136, [4136], SEEK_SET)      = 0
_llseek(3, 4136, [4136], SEEK_SET)      = 0
_llseek(3, 4136, [4136], SEEK_SET)      = 0
_llseek(3, 4136, [4136], SEEK_SET)      = 0
_llseek(3, 4136, [4136], SEEK_SET)      = 0
_llseek(3, 4136, [4136], SEEK_SET)      = 0
_llseek(3, 4136, [4136], SEEK_SET)      = 0
_llseek(3, 4136, [4136], SEEK_SET)      = 0
_llseek(3, 4136, [4136], SEEK_SET)      = 0
_llseek(3, 4136, [4136], SEEK_SET)      = 0
_llseek(3, 4136, [4136], SEEK_SET)      = 0
_llseek(3, 4136, [4136], SEEK_SET)      = 0
_llseek(3, 4136, [4136], SEEK_SET)      = 0
_llseek(3, 4136, [4136], SEEK_SET)      = 0
_llseek(3, 4136, [4136], SEEK_SET)      = 0
_llseek(3, 4136, [4136], SEEK_SET)      = 0
_llseek(3, 4136, [4136], SEEK_SET)      = 0
_llseek(3, 4136, [4136], SEEK_SET)      = 0
_llseek(3, 4136, [4136], SEEK_SET)      = 0
_llseek(3, 4136, [4136], SEEK_SET)      = 0
_llseek(3, 4136, [4136], SEEK_SET)      = 0
_llseek(3, 4136, [4136], SEEK_SET)      = 0
_llseek(3, 4136, [4136], SEEK_SET)      = 0
_llseek(3, 4136, [4136], SEEK_SET)      = 0
_llseek(3, 4136, [4136], SEEK_SET)      = 0
_llseek(3, 4136, [4136], SEEK_SET)      = 0
_llseek(3, 4136, [4136], SEEK_SET)      = 0
_llseek(3, 4136, [4136], SEEK_SET)      = 0
_llseek(3, 4136, [4136], SEEK_SET)      = 0
_llseek(3, 4136, [4136], SEEK_SET)      = 0
_llseek(3, 4136, [4136], SEEK_SET)      = 0
_llseek(3, 4136, [4136], SEEK_SET)      = 0
_llseek(3, 4136, [4136], SEEK_SET)      = 0
_llseek(3, 4136, [4136], SEEK_SET)      = 0
_llseek(3, 4136, [4136], SEEK_SET)      = 0
_llseek(3, 4136, [4136], SEEK_SET)      = 0
_llseek(3, 4136, [4136], SEEK_SET)      = 0
_llseek(3, 4136, [4136], SEEK_SET)      = 0
_llseek(3, 4136, [4136], SEEK_SET)      = 0
_llseek(3, 4136, [4136], SEEK_SET)      = 0
_llseek(3, 4136, [4136], SEEK_SET)      = 0
_llseek(3, 4136, [4136], SEEK_SET)      = 0
_llseek(3, 4136, [4136], SEEK_SET)      = 0
_llseek(3, 4136, [4136], SEEK_SET)      = 0
_llseek(3, 4136, [4136], SEEK_SET)      = 0
_llseek(3, 4136, [4136], SEEK_SET)      = 0
_llseek(3, 4136, [4136], SEEK_SET)      = 0
_llseek(3, 4136, [4136], SEEK_SET)      = 0
_llseek(3, 4136, [4136], SEEK_SET)      = 0
_llseek(3, 4136, [4136], SEEK_SET)      = 0
_llseek(3, 4136, [4136], SEEK_SET)      = 0
_llseek(3, 4136, [4136], SEEK_SET)      = 0
_llseek(3, 4136, [4136], SEEK_SET)      = 0
_llseek(3, 4136, [4136], SEEK_SET)      = 0
_llseek(3, 4136, [4136], SEEK_SET)      = 0
_llseek(3, 4136, [4136], SEEK_SET)      = 0
_llseek(3, 4136, [4136], SEEK_SET)      = 0
_llseek(3, 4136, [4136], SEEK_SET)      = 0
_llseek(3, 4136, [4136], SEEK_SET)      = 0
_llseek(3, 4136, [4136], SEEK_SET)      = 0
_llseek(3, 4136, [4136], SEEK_SET)      = 0
_llseek(3, 4136, [4136], SEEK_SET)      = 0
_llseek(3, 4136, [4136], SEEK_SET)      = 0
_llseek(3, 4136, [4136], SEEK_SET)      = 0
_llseek(3, 4136, [4136], SEEK_SET)      = 0
_llseek(3, 4136, [4136], SEEK_SET)      = 0
_llseek(3, 4136, [4136], SEEK_SET)      = 0
_llseek(3, 4136, [4136], SEEK_SET)      = 0
_llseek(3, 4136, [4136], SEEK_SET)      = 0
_llseek(3, 4136, [4136], SEEK_SET)      = 0
_llseek(3, 4136, [4136], SEEK_SET)      = 0
_llseek(3, 4136, [4136], SEEK_SET)      = 0
_llseek(3, 4136, [4136], SEEK_SET)      = 0
_llseek(3, 4136, [4136], SEEK_SET)      = 0
_llseek(3, 4136, [4136], SEEK_SET)      = 0
_llseek(3, 4136, [4136], SEEK_SET)      = 0
_llseek(3, 4136, [4136], SEEK_SET)      = 0
_llseek(3, 4136, [4136], SEEK_SET)      = 0
_llseek(3, 4136, [4136], SEEK_SET)      = 0
_llseek(3, 4136, [4136], SEEK_SET)      = 0
_llseek(3, 4136, [4136], SEEK_SET)      = 0
_llseek(3, 4136, [4136], SEEK_SET)      = 0
_llseek(3, 4136, [4136], SEEK_SET)      = 0
_llseek(3, 4136, [4136], SEEK_SET)      = 0
_llseek(3, 4136, [4136], SEEK_SET)      = 0
read(3, "cial format)\n#\n#UdfAccess = Rest"..., 4096) = 4096
_llseek(3, 4096, [4096], SEEK_SET)      = 0
read(3, "ternalFileAccess !\n#\n# Type: str"..., 4096) = 4096
_llseek(3, 8192, [8192], SEEK_SET)      = 0
_llseek(3, 8192, [8192], SEEK_SET)      = 0
_llseek(3, 8192, [8192], SEEK_SET)      = 0
_llseek(3, 8192, [8192], SEEK_SET)      = 0
_llseek(3, 8192, [8192], SEEK_SET)      = 0
_llseek(3, 8192, [8192], SEEK_SET)      = 0
_llseek(3, 8192, [8192], SEEK_SET)      = 0
_llseek(3, 8192, [8192], SEEK_SET)      = 0
_llseek(3, 8192, [8192], SEEK_SET)      = 0
_llseek(3, 8192, [8192], SEEK_SET)      = 0
_llseek(3, 8192, [8192], SEEK_SET)      = 0
_llseek(3, 8192, [8192], SEEK_SET)      = 0
_llseek(3, 8192, [8192], SEEK_SET)      = 0
_llseek(3, 8192, [8192], SEEK_SET)      = 0
_llseek(3, 8192, [8192], SEEK_SET)      = 0
_llseek(3, 8192, [8192], SEEK_SET)      = 0
_llseek(3, 8192, [8192], SEEK_SET)      = 0
_llseek(3, 8192, [8192], SEEK_SET)      = 0
_llseek(3, 8192, [8192], SEEK_SET)      = 0
_llseek(3, 8192, [8192], SEEK_SET)      = 0
_llseek(3, 8192, [8192], SEEK_SET)      = 0
_llseek(3, 8192, [8192], SEEK_SET)      = 0
_llseek(3, 8192, [8192], SEEK_SET)      = 0
_llseek(3, 8192, [8192], SEEK_SET)      = 0
_llseek(3, 8192, [8192], SEEK_SET)      = 0
_llseek(3, 8192, [8192], SEEK_SET)      = 0
_llseek(3, 8192, [8192], SEEK_SET)      = 0
_llseek(3, 8192, [8192], SEEK_SET)      = 0
_llseek(3, 8192, [8192], SEEK_SET)      = 0
_llseek(3, 8192, [8192], SEEK_SET)      = 0
_llseek(3, 8192, [8192], SEEK_SET)      = 0
_llseek(3, 8192, [8192], SEEK_SET)      = 0
_llseek(3, 8192, [8192], SEEK_SET)      = 0
_llseek(3, 8192, [8192], SEEK_SET)      = 0
_llseek(3, 8192, [8192], SEEK_SET)      = 0
_llseek(3, 8192, [8192], SEEK_SET)      = 0
_llseek(3, 8192, [8192], SEEK_SET)      = 0
_llseek(3, 8192, [8192], SEEK_SET)      = 0
_llseek(3, 8192, [8192], SEEK_SET)      = 0
_llseek(3, 8192, [8192], SEEK_SET)      = 0
_llseek(3, 8192, [8192], SEEK_SET)      = 0
_llseek(3, 8192, [8192], SEEK_SET)      = 0
_llseek(3, 8192, [8192], SEEK_SET)      = 0
_llseek(3, 8192, [8192], SEEK_SET)      = 0
_llseek(3, 8192, [8192], SEEK_SET)      = 0
_llseek(3, 8192, [8192], SEEK_SET)      = 0
_llseek(3, 8192, [8192], SEEK_SET)      = 0
_llseek(3, 8192, [8192], SEEK_SET)      = 0
_llseek(3, 8192, [8192], SEEK_SET)      = 0
_llseek(3, 8192, [8192], SEEK_SET)      = 0
_llseek(3, 8192, [8192], SEEK_SET)      = 0
_llseek(3, 8192, [8192], SEEK_SET)      = 0
_llseek(3, 8192, [8192], SEEK_SET)      = 0
_llseek(3, 8192, [8192], SEEK_SET)      = 0
_llseek(3, 8192, [8192], SEEK_SET)      = 0
_llseek(3, 8192, [8192], SEEK_SET)      = 0
_llseek(3, 8192, [8192], SEEK_SET)      = 0
_llseek(3, 8192, [8192], SEEK_SET)      = 0
_llseek(3, 8192, [8192], SEEK_SET)      = 0
_llseek(3, 8192, [8192], SEEK_SET)      = 0
_llseek(3, 8192, [8192], SEEK_SET)      = 0
_llseek(3, 8192, [8192], SEEK_SET)      = 0
_llseek(3, 8192, [8192], SEEK_SET)      = 0
_llseek(3, 8192, [8192], SEEK_SET)      = 0
_llseek(3, 8192, [8192], SEEK_SET)      = 0
_llseek(3, 8192, [8192], SEEK_SET)      = 0
_llseek(3, 8192, [8192], SEEK_SET)      = 0
_llseek(3, 8192, [8192], SEEK_SET)      = 0
_llseek(3, 8192, [8192], SEEK_SET)      = 0
_llseek(3, 8192, [8192], SEEK_SET)      = 0
_llseek(3, 8192, [8192], SEEK_SET)      = 0
_llseek(3, 8192, [8192], SEEK_SET)      = 0
_llseek(3, 8192, [8192], SEEK_SET)      = 0
_llseek(3, 8192, [8192], SEEK_SET)      = 0
_llseek(3, 8192, [8192], SEEK_SET)      = 0
_llseek(3, 8192, [8192], SEEK_SET)      = 0
_llseek(3, 8192, [8192], SEEK_SET)      = 0
_llseek(3, 8192, [8192], SEEK_SET)      = 0
_llseek(3, 8192, [8192], SEEK_SET)      = 0
_llseek(3, 8192, [8192], SEEK_SET)      = 0
_llseek(3, 8192, [8192], SEEK_SET)      = 0
_llseek(3, 8192, [8192], SEEK_SET)      = 0
_llseek(3, 8192, [8192], SEEK_SET)      = 0
_llseek(3, 8192, [8192], SEEK_SET)      = 0
_llseek(3, 8192, [8192], SEEK_SET)      = 0
_llseek(3, 8192, [8192], SEEK_SET)      = 0
_llseek(3, 8192, [8192], SEEK_SET)      = 0
_llseek(3, 8192, [8192], SEEK_SET)      = 0
_llseek(3, 8192, [8192], SEEK_SET)      = 0
_llseek(3, 8192, [8192], SEEK_SET)      = 0
_llseek(3, 8192, [8192], SEEK_SET)      = 0
_llseek(3, 8192, [8192], SEEK_SET)      = 0
_llseek(3, 8192, [8192], SEEK_SET)      = 0
_llseek(3, 8192, [8192], SEEK_SET)      = 0
_llseek(3, 8192, [8192], SEEK_SET)      = 0
_llseek(3, 8192, [8192], SEEK_SET)      = 0
_llseek(3, 8192, [8192], SEEK_SET)      = 0
_llseek(3, 8192, [8192], SEEK_SET)      = 0
_llseek(3, 8192, [8192], SEEK_SET)      = 0
_llseek(3, 8192, [8192], SEEK_SET)      = 0
_llseek(3, 8192, [8192], SEEK_SET)      = 0
_llseek(3, 8192, [8192], SEEK_SET)      = 0
_llseek(3, 8192, [8192], SEEK_SET)      = 0
_llseek(3, 8192, [8192], SEEK_SET)      = 0
_llseek(3, 8192, [8192], SEEK_SET)      = 0
_llseek(3, 8192, [8192], SEEK_SET)      = 0
_llseek(3, 8192, [8192], SEEK_SET)      = 0
_llseek(3, 8192, [8192], SEEK_SET)      = 0
_llseek(3, 8192, [8192], SEEK_SET)      = 0
_llseek(3, 8192, [8192], SEEK_SET)      = 0
_llseek(3, 8192, [8192], SEEK_SET)      = 0
_llseek(3, 8192, [8192], SEEK_SET)      = 0
_llseek(3, 8192, [8192], SEEK_SET)      = 0
_llseek(3, 8192, [8192], SEEK_SET)      = 0
_llseek(3, 8192, [8192], SEEK_SET)      = 0
_llseek(3, 8192, [8192], SEEK_SET)      = 0
_llseek(3, 8192, [8192], SEEK_SET)      = 0
_llseek(3, 8192, [8192], SEEK_SET)      = 0
_llseek(3, 8192, [8192], SEEK_SET)      = 0
_llseek(3, 8192, [8192], SEEK_SET)      = 0
_llseek(3, 8192, [8192], SEEK_SET)      = 0
_llseek(3, 8192, [8192], SEEK_SET)      = 0
_llseek(3, 8192, [8192], SEEK_SET)      = 0
_llseek(3, 8192, [8192], SEEK_SET)      = 0
_llseek(3, 8192, [8192], SEEK_SET)      = 0
_llseek(3, 8192, [8192], SEEK_SET)      = 0
_llseek(3, 8192, [8192], SEEK_SET)      = 0
_llseek(3, 8192, [8192], SEEK_SET)      = 0
_llseek(3, 8192, [8192], SEEK_SET)      = 0
_llseek(3, 8192, [8192], SEEK_SET)      = 0
_llseek(3, 8192, [8192], SEEK_SET)      = 0
_llseek(3, 8192, [8192], SEEK_SET)      = 0
_llseek(3, 8192, [8192], SEEK_SET)      = 0
_llseek(3, 8192, [8192], SEEK_SET)      = 0
_llseek(3, 8192, [8192], SEEK_SET)      = 0
_llseek(3, 8192, [8192], SEEK_SET)      = 0
_llseek(3, 8192, [8192], SEEK_SET)      = 0
_llseek(3, 8192, [8192], SEEK_SET)      = 0
_llseek(3, 8192, [8192], SEEK_SET)      = 0
_llseek(3, 8192, [8192], SEEK_SET)      = 0
_llseek(3, 8192, [8192], SEEK_SET)      = 0
_llseek(3, 8192, [8192], SEEK_SET)      = 0
read(3, "ult aliases for these unnamed co"..., 4096) = 4096
_llseek(3, 4096, [4096], SEEK_SET)      = 0
read(3, "ternalFileAccess !\n#\n# Type: str"..., 4096) = 4096
read(3, "ult aliases for these unnamed co"..., 4096) = 4096
_llseek(3, 12288, [12288], SEEK_SET)    = 0
_llseek(3, 12288, [12288], SEEK_SET)    = 0
_llseek(3, 12288, [12288], SEEK_SET)    = 0
_llseek(3, 12288, [12288], SEEK_SET)    = 0
_llseek(3, 12288, [12288], SEEK_SET)    = 0
_llseek(3, 12288, [12288], SEEK_SET)    = 0
_llseek(3, 12288, [12288], SEEK_SET)    = 0
_llseek(3, 12288, [12288], SEEK_SET)    = 0
_llseek(3, 12288, [12288], SEEK_SET)    = 0
_llseek(3, 12288, [12288], SEEK_SET)    = 0
_llseek(3, 12288, [12288], SEEK_SET)    = 0
_llseek(3, 12288, [12288], SEEK_SET)    = 0
_llseek(3, 12288, [12288], SEEK_SET)    = 0
_llseek(3, 12288, [12288], SEEK_SET)    = 0
_llseek(3, 12288, [12288], SEEK_SET)    = 0
_llseek(3, 12288, [12288], SEEK_SET)    = 0
_llseek(3, 12288, [12288], SEEK_SET)    = 0
_llseek(3, 12288, [12288], SEEK_SET)    = 0
_llseek(3, 12288, [12288], SEEK_SET)    = 0
_llseek(3, 12288, [12288], SEEK_SET)    = 0
_llseek(3, 12288, [12288], SEEK_SET)    = 0
_llseek(3, 12288, [12288], SEEK_SET)    = 0
_llseek(3, 12288, [12288], SEEK_SET)    = 0
_llseek(3, 12288, [12288], SEEK_SET)    = 0
_llseek(3, 12288, [12288], SEEK_SET)    = 0
_llseek(3, 12288, [12288], SEEK_SET)    = 0
_llseek(3, 12288, [12288], SEEK_SET)    = 0
_llseek(3, 12288, [12288], SEEK_SET)    = 0
_llseek(3, 12288, [12288], SEEK_SET)    = 0
_llseek(3, 12288, [12288], SEEK_SET)    = 0
_llseek(3, 12288, [12288], SEEK_SET)    = 0
_llseek(3, 12288, [12288], SEEK_SET)    = 0
_llseek(3, 12288, [12288], SEEK_SET)    = 0
_llseek(3, 12288, [12288], SEEK_SET)    = 0
_llseek(3, 12288, [12288], SEEK_SET)    = 0
_llseek(3, 12288, [12288], SEEK_SET)    = 0
_llseek(3, 12288, [12288], SEEK_SET)    = 0
_llseek(3, 12288, [12288], SEEK_SET)    = 0
_llseek(3, 12288, [12288], SEEK_SET)    = 0
_llseek(3, 12288, [12288], SEEK_SET)    = 0
_llseek(3, 12288, [12288], SEEK_SET)    = 0
_llseek(3, 12288, [12288], SEEK_SET)    = 0
_llseek(3, 12288, [12288], SEEK_SET)    = 0
_llseek(3, 12288, [12288], SEEK_SET)    = 0
_llseek(3, 12288, [12288], SEEK_SET)    = 0
_llseek(3, 12288, [12288], SEEK_SET)    = 0
_llseek(3, 12288, [12288], SEEK_SET)    = 0
_llseek(3, 12288, [12288], SEEK_SET)    = 0
_llseek(3, 12288, [12288], SEEK_SET)    = 0
_llseek(3, 12288, [12288], SEEK_SET)    = 0
_llseek(3, 12288, [12288], SEEK_SET)    = 0
_llseek(3, 12288, [12288], SEEK_SET)    = 0
_llseek(3, 12288, [12288], SEEK_SET)    = 0
_llseek(3, 12288, [12288], SEEK_SET)    = 0
_llseek(3, 12288, [12288], SEEK_SET)    = 0
_llseek(3, 12288, [12288], SEEK_SET)    = 0
_llseek(3, 12288, [12288], SEEK_SET)    = 0
_llseek(3, 12288, [12288], SEEK_SET)    = 0
_llseek(3, 12288, [12288], SEEK_SET)    = 0
_llseek(3, 12288, [12288], SEEK_SET)    = 0
_llseek(3, 12288, [12288], SEEK_SET)    = 0
_llseek(3, 12288, [12288], SEEK_SET)    = 0
_llseek(3, 12288, [12288], SEEK_SET)    = 0
_llseek(3, 12288, [12288], SEEK_SET)    = 0
_llseek(3, 12288, [12288], SEEK_SET)    = 0
_llseek(3, 12288, [12288], SEEK_SET)    = 0
_llseek(3, 12288, [12288], SEEK_SET)    = 0
_llseek(3, 12288, [12288], SEEK_SET)    = 0
_llseek(3, 12288, [12288], SEEK_SET)    = 0
_llseek(3, 12288, [12288], SEEK_SET)    = 0
_llseek(3, 12288, [12288], SEEK_SET)    = 0
_llseek(3, 12288, [12288], SEEK_SET)    = 0
_llseek(3, 12288, [12288], SEEK_SET)    = 0
_llseek(3, 12288, [12288], SEEK_SET)    = 0
_llseek(3, 12288, [12288], SEEK_SET)    = 0
_llseek(3, 12288, [12288], SEEK_SET)    = 0
_llseek(3, 12288, [12288], SEEK_SET)    = 0
_llseek(3, 12288, [12288], SEEK_SET)    = 0
_llseek(3, 12288, [12288], SEEK_SET)    = 0
_llseek(3, 12288, [12288], SEEK_SET)    = 0
_llseek(3, 12288, [12288], SEEK_SET)    = 0
_llseek(3, 12288, [12288], SEEK_SET)    = 0
_llseek(3, 12288, [12288], SEEK_SET)    = 0
_llseek(3, 12288, [12288], SEEK_SET)    = 0
_llseek(3, 12288, [12288], SEEK_SET)    = 0
_llseek(3, 12288, [12288], SEEK_SET)    = 0
_llseek(3, 12288, [12288], SEEK_SET)    = 0
_llseek(3, 12288, [12288], SEEK_SET)    = 0
_llseek(3, 12288, [12288], SEEK_SET)    = 0
_llseek(3, 12288, [12288], SEEK_SET)    = 0
_llseek(3, 12288, [12288], SEEK_SET)    = 0
_llseek(3, 12288, [12288], SEEK_SET)    = 0
_llseek(3, 12288, [12288], SEEK_SET)    = 0
_llseek(3, 12288, [12288], SEEK_SET)    = 0
_llseek(3, 12288, [12288], SEEK_SET)    = 0
_llseek(3, 12288, [12288], SEEK_SET)    = 0
_llseek(3, 12288, [12288], SEEK_SET)    = 0
_llseek(3, 12288, [12288], SEEK_SET)    = 0
_llseek(3, 12288, [12288], SEEK_SET)    = 0
_llseek(3, 12288, [12288], SEEK_SET)    = 0
_llseek(3, 12288, [12288], SEEK_SET)    = 0
_llseek(3, 12288, [12288], SEEK_SET)    = 0
_llseek(3, 12288, [12288], SEEK_SET)    = 0
_llseek(3, 12288, [12288], SEEK_SET)    = 0
_llseek(3, 12288, [12288], SEEK_SET)    = 0
_llseek(3, 12288, [12288], SEEK_SET)    = 0
_llseek(3, 12288, [12288], SEEK_SET)    = 0
_llseek(3, 12288, [12288], SEEK_SET)    = 0
_llseek(3, 12288, [12288], SEEK_SET)    = 0
_llseek(3, 12288, [12288], SEEK_SET)    = 0
_llseek(3, 12288, [12288], SEEK_SET)    = 0
_llseek(3, 12288, [12288], SEEK_SET)    = 0
_llseek(3, 12288, [12288], SEEK_SET)    = 0
_llseek(3, 12288, [12288], SEEK_SET)    = 0
_llseek(3, 12288, [12288], SEEK_SET)    = 0
_llseek(3, 12288, [12288], SEEK_SET)    = 0
_llseek(3, 12288, [12288], SEEK_SET)    = 0
_llseek(3, 12288, [12288], SEEK_SET)    = 0
_llseek(3, 12288, [12288], SEEK_SET)    = 0
_llseek(3, 12288, [12288], SEEK_SET)    = 0
_llseek(3, 12288, [12288], SEEK_SET)    = 0
_llseek(3, 12288, [12288], SEEK_SET)    = 0
_llseek(3, 12288, [12288], SEEK_SET)    = 0
_llseek(3, 12288, [12288], SEEK_SET)    = 0
_llseek(3, 12288, [12288], SEEK_SET)    = 0
_llseek(3, 12288, [12288], SEEK_SET)    = 0
_llseek(3, 12288, [12288], SEEK_SET)    = 0
_llseek(3, 12288, [12288], SEEK_SET)    = 0
_llseek(3, 12288, [12288], SEEK_SET)    = 0
_llseek(3, 12288, [12288], SEEK_SET)    = 0
_llseek(3, 12288, [12288], SEEK_SET)    = 0
_llseek(3, 12288, [12288], SEEK_SET)    = 0
_llseek(3, 12288, [12288], SEEK_SET)    = 0
read(3, "equest\n#       starvation.\n#\n# T"..., 4096) = 4096
_llseek(3, 16384, [16384], SEEK_SET)    = 0
_llseek(3, 16384, [16384], SEEK_SET)    = 0
_llseek(3, 16384, [16384], SEEK_SET)    = 0
_llseek(3, 16384, [16384], SEEK_SET)    = 0
_llseek(3, 16384, [16384], SEEK_SET)    = 0
_llseek(3, 16384, [16384], SEEK_SET)    = 0
_llseek(3, 16384, [16384], SEEK_SET)    = 0
_llseek(3, 16384, [16384], SEEK_SET)    = 0
_llseek(3, 16384, [16384], SEEK_SET)    = 0
_llseek(3, 16384, [16384], SEEK_SET)    = 0
_llseek(3, 16384, [16384], SEEK_SET)    = 0
_llseek(3, 16384, [16384], SEEK_SET)    = 0
_llseek(3, 16384, [16384], SEEK_SET)    = 0
_llseek(3, 16384, [16384], SEEK_SET)    = 0
_llseek(3, 16384, [16384], SEEK_SET)    = 0
_llseek(3, 16384, [16384], SEEK_SET)    = 0
_llseek(3, 16384, [16384], SEEK_SET)    = 0
_llseek(3, 16384, [16384], SEEK_SET)    = 0
_llseek(3, 16384, [16384], SEEK_SET)    = 0
_llseek(3, 16384, [16384], SEEK_SET)    = 0
_llseek(3, 16384, [16384], SEEK_SET)    = 0
_llseek(3, 16384, [16384], SEEK_SET)    = 0
_llseek(3, 16384, [16384], SEEK_SET)    = 0
_llseek(3, 16384, [16384], SEEK_SET)    = 0
_llseek(3, 16384, [16384], SEEK_SET)    = 0
_llseek(3, 16384, [16384], SEEK_SET)    = 0
_llseek(3, 16384, [16384], SEEK_SET)    = 0
_llseek(3, 16384, [16384], SEEK_SET)    = 0
_llseek(3, 16384, [16384], SEEK_SET)    = 0
_llseek(3, 16384, [16384], SEEK_SET)    = 0
_llseek(3, 16384, [16384], SEEK_SET)    = 0
_llseek(3, 16384, [16384], SEEK_SET)    = 0
_llseek(3, 16384, [16384], SEEK_SET)    = 0
_llseek(3, 16384, [16384], SEEK_SET)    = 0
_llseek(3, 16384, [16384], SEEK_SET)    = 0
_llseek(3, 16384, [16384], SEEK_SET)    = 0
_llseek(3, 16384, [16384], SEEK_SET)    = 0
_llseek(3, 16384, [16384], SEEK_SET)    = 0
_llseek(3, 16384, [16384], SEEK_SET)    = 0
_llseek(3, 16384, [16384], SEEK_SET)    = 0
_llseek(3, 16384, [16384], SEEK_SET)    = 0
_llseek(3, 16384, [16384], SEEK_SET)    = 0
_llseek(3, 16384, [16384], SEEK_SET)    = 0
_llseek(3, 16384, [16384], SEEK_SET)    = 0
_llseek(3, 16384, [16384], SEEK_SET)    = 0
_llseek(3, 16384, [16384], SEEK_SET)    = 0
_llseek(3, 16384, [16384], SEEK_SET)    = 0
_llseek(3, 16384, [16384], SEEK_SET)    = 0
_llseek(3, 16384, [16384], SEEK_SET)    = 0
_llseek(3, 16384, [16384], SEEK_SET)    = 0
_llseek(3, 16384, [16384], SEEK_SET)    = 0
_llseek(3, 16384, [16384], SEEK_SET)    = 0
_llseek(3, 16384, [16384], SEEK_SET)    = 0
_llseek(3, 16384, [16384], SEEK_SET)    = 0
_llseek(3, 16384, [16384], SEEK_SET)    = 0
_llseek(3, 16384, [16384], SEEK_SET)    = 0
_llseek(3, 16384, [16384], SEEK_SET)    = 0
_llseek(3, 16384, [16384], SEEK_SET)    = 0
_llseek(3, 16384, [16384], SEEK_SET)    = 0
_llseek(3, 16384, [16384], SEEK_SET)    = 0
_llseek(3, 16384, [16384], SEEK_SET)    = 0
_llseek(3, 16384, [16384], SEEK_SET)    = 0
_llseek(3, 16384, [16384], SEEK_SET)    = 0
_llseek(3, 16384, [16384], SEEK_SET)    = 0
_llseek(3, 16384, [16384], SEEK_SET)    = 0
_llseek(3, 16384, [16384], SEEK_SET)    = 0
_llseek(3, 16384, [16384], SEEK_SET)    = 0
_llseek(3, 16384, [16384], SEEK_SET)    = 0
_llseek(3, 16384, [16384], SEEK_SET)    = 0
_llseek(3, 16384, [16384], SEEK_SET)    = 0
_llseek(3, 16384, [16384], SEEK_SET)    = 0
_llseek(3, 16384, [16384], SEEK_SET)    = 0
_llseek(3, 16384, [16384], SEEK_SET)    = 0
_llseek(3, 16384, [16384], SEEK_SET)    = 0
_llseek(3, 16384, [16384], SEEK_SET)    = 0
_llseek(3, 16384, [16384], SEEK_SET)    = 0
_llseek(3, 16384, [16384], SEEK_SET)    = 0
_llseek(3, 16384, [16384], SEEK_SET)    = 0
_llseek(3, 16384, [16384], SEEK_SET)    = 0
_llseek(3, 16384, [16384], SEEK_SET)    = 0
_llseek(3, 16384, [16384], SEEK_SET)    = 0
_llseek(3, 16384, [16384], SEEK_SET)    = 0
_llseek(3, 16384, [16384], SEEK_SET)    = 0
_llseek(3, 16384, [16384], SEEK_SET)    = 0
_llseek(3, 16384, [16384], SEEK_SET)    = 0
_llseek(3, 16384, [16384], SEEK_SET)    = 0
_llseek(3, 16384, [16384], SEEK_SET)    = 0
_llseek(3, 16384, [16384], SEEK_SET)    = 0
_llseek(3, 16384, [16384], SEEK_SET)    = 0
_llseek(3, 16384, [16384], SEEK_SET)    = 0
_llseek(3, 16384, [16384], SEEK_SET)    = 0
_llseek(3, 16384, [16384], SEEK_SET)    = 0
_llseek(3, 16384, [16384], SEEK_SET)    = 0
_llseek(3, 16384, [16384], SEEK_SET)    = 0
_llseek(3, 16384, [16384], SEEK_SET)    = 0
_llseek(3, 16384, [16384], SEEK_SET)    = 0
_llseek(3, 16384, [16384], SEEK_SET)    = 0
_llseek(3, 16384, [16384], SEEK_SET)    = 0
_llseek(3, 16384, [16384], SEEK_SET)    = 0
_llseek(3, 16384, [16384], SEEK_SET)    = 0
_llseek(3, 16384, [16384], SEEK_SET)    = 0
_llseek(3, 16384, [16384], SEEK_SET)    = 0
_llseek(3, 16384, [16384], SEEK_SET)    = 0
_llseek(3, 16384, [16384], SEEK_SET)    = 0
_llseek(3, 16384, [16384], SEEK_SET)    = 0
_llseek(3, 16384, [16384], SEEK_SET)    = 0
_llseek(3, 16384, [16384], SEEK_SET)    = 0
_llseek(3, 16384, [16384], SEEK_SET)    = 0
_llseek(3, 16384, [16384], SEEK_SET)    = 0
_llseek(3, 16384, [16384], SEEK_SET)    = 0
_llseek(3, 16384, [16384], SEEK_SET)    = 0
_llseek(3, 16384, [16384], SEEK_SET)    = 0
_llseek(3, 16384, [16384], SEEK_SET)    = 0
_llseek(3, 16384, [16384], SEEK_SET)    = 0
_llseek(3, 16384, [16384], SEEK_SET)    = 0
_llseek(3, 16384, [16384], SEEK_SET)    = 0
_llseek(3, 16384, [16384], SEEK_SET)    = 0
_llseek(3, 16384, [16384], SEEK_SET)    = 0
_llseek(3, 16384, [16384], SEEK_SET)    = 0
_llseek(3, 16384, [16384], SEEK_SET)    = 0
_llseek(3, 16384, [16384], SEEK_SET)    = 0
_llseek(3, 16384, [16384], SEEK_SET)    = 0
_llseek(3, 16384, [16384], SEEK_SET)    = 0
_llseek(3, 16384, [16384], SEEK_SET)    = 0
_llseek(3, 16384, [16384], SEEK_SET)    = 0
_llseek(3, 16384, [16384], SEEK_SET)    = 0
_llseek(3, 16384, [16384], SEEK_SET)    = 0
_llseek(3, 16384, [16384], SEEK_SET)    = 0
_llseek(3, 16384, [16384], SEEK_SET)    = 0
_llseek(3, 16384, [16384], SEEK_SET)    = 0
_llseek(3, 16384, [16384], SEEK_SET)    = 0
_llseek(3, 16384, [16384], SEEK_SET)    = 0
_llseek(3, 16384, [16384], SEEK_SET)    = 0
_llseek(3, 16384, [16384], SEEK_SET)    = 0
_llseek(3, 16384, [16384], SEEK_SET)    = 0
_llseek(3, 16384, [16384], SEEK_SET)    = 0
_llseek(3, 16384, [16384], SEEK_SET)    = 0
_llseek(3, 16384, [16384], SEEK_SET)    = 0
_llseek(3, 16384, [16384], SEEK_SET)    = 0
_llseek(3, 16384, [16384], SEEK_SET)    = 0
_llseek(3, 16384, [16384], SEEK_SET)    = 0
_llseek(3, 16384, [16384], SEEK_SET)    = 0
_llseek(3, 16384, [16384], SEEK_SET)    = 0
_llseek(3, 16384, [16384], SEEK_SET)    = 0
_llseek(3, 16384, [16384], SEEK_SET)    = 0
_llseek(3, 16384, [16384], SEEK_SET)    = 0
_llseek(3, 16384, [16384], SEEK_SET)    = 0
_llseek(3, 16384, [16384], SEEK_SET)    = 0
_llseek(3, 16384, [16384], SEEK_SET)    = 0
_llseek(3, 16384, [16384], SEEK_SET)    = 0
read(3, "ocol.\n# Has the same meaning as "..., 4096) = 3462
_llseek(3, 12288, [12288], SEEK_SET)    = 0
read(3, "equest\n#       starvation.\n#\n# T"..., 4096) = 4096
read(3, "ocol.\n# Has the same meaning as "..., 4096) = 3462
_llseek(3, 12288, [12288], SEEK_SET)    = 0
read(3, "equest\n#       starvation.\n#\n# T"..., 4096) = 4096
read(3, "ocol.\n# Has the same meaning as "..., 4096) = 3462
_llseek(3, 12288, [12288], SEEK_SET)    = 0
read(3, "equest\n#       starvation.\n#\n# T"..., 4096) = 4096
read(3, "ocol.\n# Has the same meaning as "..., 4096) = 3462
_llseek(3, 12288, [12288], SEEK_SET)    = 0
read(3, "equest\n#       starvation.\n#\n# T"..., 4096) = 4096
read(3, "ocol.\n# Has the same meaning as "..., 4096) = 3462
_llseek(3, 19846, [19846], SEEK_SET)    = 0
_llseek(3, 19846, [19846], SEEK_SET)    = 0
_llseek(3, 19846, [19846], SEEK_SET)    = 0
_llseek(3, 19846, [19846], SEEK_SET)    = 0
_llseek(3, 19846, [19846], SEEK_SET)    = 0
_llseek(3, 19846, [19846], SEEK_SET)    = 0
_llseek(3, 19846, [19846], SEEK_SET)    = 0
_llseek(3, 19846, [19846], SEEK_SET)    = 0
_llseek(3, 19846, [19846], SEEK_SET)    = 0
_llseek(3, 19846, [19846], SEEK_SET)    = 0
_llseek(3, 19846, [19846], SEEK_SET)    = 0
_llseek(3, 19846, [19846], SEEK_SET)    = 0
_llseek(3, 19846, [19846], SEEK_SET)    = 0
_llseek(3, 19846, [19846], SEEK_SET)    = 0
_llseek(3, 19846, [19846], SEEK_SET)    = 0
_llseek(3, 19846, [19846], SEEK_SET)    = 0
_llseek(3, 19846, [19846], SEEK_SET)    = 0
_llseek(3, 19846, [19846], SEEK_SET)    = 0
_llseek(3, 19846, [19846], SEEK_SET)    = 0
_llseek(3, 19846, [19846], SEEK_SET)    = 0
_llseek(3, 19846, [19846], SEEK_SET)    = 0
_llseek(3, 19846, [19846], SEEK_SET)    = 0
_llseek(3, 19846, [19846], SEEK_SET)    = 0
_llseek(3, 19846, [19846], SEEK_SET)    = 0
_llseek(3, 19846, [19846], SEEK_SET)    = 0
_llseek(3, 19846, [19846], SEEK_SET)    = 0
_llseek(3, 19846, [19846], SEEK_SET)    = 0
_llseek(3, 19846, [19846], SEEK_SET)    = 0
_llseek(3, 19846, [19846], SEEK_SET)    = 0
_llseek(3, 19846, [19846], SEEK_SET)    = 0
_llseek(3, 19846, [19846], SEEK_SET)    = 0
_llseek(3, 19846, [19846], SEEK_SET)    = 0
_llseek(3, 19846, [19846], SEEK_SET)    = 0
_llseek(3, 19846, [19846], SEEK_SET)    = 0
_llseek(3, 19846, [19846], SEEK_SET)    = 0
_llseek(3, 19846, [19846], SEEK_SET)    = 0
_llseek(3, 19846, [19846], SEEK_SET)    = 0
_llseek(3, 19846, [19846], SEEK_SET)    = 0
_llseek(3, 19846, [19846], SEEK_SET)    = 0
_llseek(3, 19846, [19846], SEEK_SET)    = 0
_llseek(3, 19846, [19846], SEEK_SET)    = 0
_llseek(3, 19846, [19846], SEEK_SET)    = 0
_llseek(3, 19846, [19846], SEEK_SET)    = 0
_llseek(3, 19846, [19846], SEEK_SET)    = 0
_llseek(3, 19846, [19846], SEEK_SET)    = 0
_llseek(3, 19846, [19846], SEEK_SET)    = 0
_llseek(3, 19846, [19846], SEEK_SET)    = 0
_llseek(3, 19846, [19846], SEEK_SET)    = 0
_llseek(3, 19846, [19846], SEEK_SET)    = 0
_llseek(3, 19846, [19846], SEEK_SET)    = 0
_llseek(3, 19846, [19846], SEEK_SET)    = 0
_llseek(3, 19846, [19846], SEEK_SET)    = 0
_llseek(3, 19846, [19846], SEEK_SET)    = 0
_llseek(3, 19846, [19846], SEEK_SET)    = 0
_llseek(3, 19846, [19846], SEEK_SET)    = 0
_llseek(3, 19846, [19846], SEEK_SET)    = 0
_llseek(3, 19846, [19846], SEEK_SET)    = 0
_llseek(3, 19846, [19846], SEEK_SET)    = 0
_llseek(3, 19846, [19846], SEEK_SET)    = 0
_llseek(3, 19846, [19846], SEEK_SET)    = 0
_llseek(3, 19846, [19846], SEEK_SET)    = 0
_llseek(3, 19846, [19846], SEEK_SET)    = 0
_llseek(3, 19846, [19846], SEEK_SET)    = 0
_llseek(3, 19846, [19846], SEEK_SET)    = 0
_llseek(3, 19846, [19846], SEEK_SET)    = 0
_llseek(3, 19846, [19846], SEEK_SET)    = 0
_llseek(3, 19846, [19846], SEEK_SET)    = 0
_llseek(3, 19846, [19846], SEEK_SET)    = 0
_llseek(3, 19846, [19846], SEEK_SET)    = 0
_llseek(3, 19846, [19846], SEEK_SET)    = 0
_llseek(3, 19846, [19846], SEEK_SET)    = 0
_llseek(3, 19846, [19846], SEEK_SET)    = 0
_llseek(3, 19846, [19846], SEEK_SET)    = 0
_llseek(3, 19846, [19846], SEEK_SET)    = 0
_llseek(3, 19846, [19846], SEEK_SET)    = 0
_llseek(3, 19846, [19846], SEEK_SET)    = 0
_llseek(3, 19846, [19846], SEEK_SET)    = 0
_llseek(3, 19846, [19846], SEEK_SET)    = 0
_llseek(3, 19846, [19846], SEEK_SET)    = 0
_llseek(3, 19846, [19846], SEEK_SET)    = 0
_llseek(3, 19846, [19846], SEEK_SET)    = 0
_llseek(3, 19846, [19846], SEEK_SET)    = 0
_llseek(3, 19846, [19846], SEEK_SET)    = 0
_llseek(3, 19846, [19846], SEEK_SET)    = 0
_llseek(3, 19846, [19846], SEEK_SET)    = 0
_llseek(3, 19846, [19846], SEEK_SET)    = 0
_llseek(3, 19846, [19846], SEEK_SET)    = 0
_llseek(3, 19846, [19846], SEEK_SET)    = 0
_llseek(3, 19846, [19846], SEEK_SET)    = 0
_llseek(3, 19846, [19846], SEEK_SET)    = 0
_llseek(3, 19846, [19846], SEEK_SET)    = 0
_llseek(3, 19846, [19846], SEEK_SET)    = 0
read(3, "", 4096)                       = 0
_llseek(3, 16384, [16384], SEEK_SET)    = 0
read(3, "ocol.\n# Has the same meaning as "..., 3460) = 3460
read(3, "#\n", 4096)                    = 2
read(3, "", 4096)                       = 0
_llseek(3, 16384, [16384], SEEK_SET)    = 0
read(3, "ocol.\n# Has the same meaning as "..., 3462) = 3462
read(3, "", 4096)                       = 0
close(3)                                = 0
munmap(0x120000, 4096)                  = 0
open("/opt/firebird/aliases.conf", O_RDONLY|O_LARGEFILE) = 3
fstat64(3, {st_mode=S_IFREG|0644, st_size=166, ...}) = 0
mmap2(NULL, 4096, PROT_READ|PROT_WRITE, MAP_PRIVATE|MAP_ANONYMOUS, -1, 0) = 0x1be000
read(3, "#\n# List of known database alias"..., 4096) = 166
_llseek(3, -164, [2], SEEK_CUR)         = 0
read(3, "# List of known database aliases"..., 4096) = 164
_llseek(3, 166, [166], SEEK_SET)        = 0
_llseek(3, 166, [166], SEEK_SET)        = 0
read(3, "", 4096)                       = 0
_llseek(3, 0, [0], SEEK_SET)            = 0
read(3, "#\n# List of known database alias"..., 70) = 70
read(3, "# Example Databases:\n#\n\nemployee"..., 4096) = 96
read(3, "", 4096)                       = 0
_llseek(3, 0, [0], SEEK_SET)            = 0
read(3, "#\n# List of known database alias"..., 91) = 91
read(3, "#\n\nemployee.fdb = /opt/firebird/"..., 4096) = 75
read(3, "", 4096)                       = 0
_llseek(3, 0, [0], SEEK_SET)            = 0
read(3, "#\n# List of known database alias"..., 93) = 93
read(3, "\nemployee.fdb = /opt/firebird/ex"..., 4096) = 73
read(3, "", 4096)                       = 0
_llseek(3, 0, [0], SEEK_SET)            = 0
read(3, "#\n# List of known database alias"..., 94) = 94
read(3, "employee.fdb = /opt/firebird/exa"..., 4096) = 72
read(3, "", 4096)                       = 0
_llseek(3, 0, [0], SEEK_SET)            = 0
read(3, "#\n# List of known database alias"..., 145) = 145
read(3, "\n\n# Live Databases:\n\n", 4096) = 21
read(3, "", 4096)                       = 0
_llseek(3, 0, [0], SEEK_SET)            = 0
read(3, "#\n# List of known database alias"..., 146) = 146
read(3, "\n# Live Databases:\n\n", 4096) = 20
read(3, "", 4096)                       = 0
_llseek(3, 0, [0], SEEK_SET)            = 0
read(3, "#\n# List of known database alias"..., 147) = 147
read(3, "# Live Databases:\n\n", 4096)  = 19
read(3, "", 4096)                       = 0
_llseek(3, 0, [0], SEEK_SET)            = 0
read(3, "#\n# List of known database alias"..., 165) = 165
read(3, "\n", 4096)                     = 1
read(3, "", 4096)                       = 0
_llseek(3, 0, [0], SEEK_SET)            = 0
read(3, "#\n# List of known database alias"..., 166) = 166
read(3, "", 4096)                       = 0
close(3)                                = 0
munmap(0x1be000, 4096)                  = 0
readlink("/opt", 0xbfc18700, 4096)      = -1 EINVAL (Invalid argument)
readlink("/opt/firebird", 0xbfc18700, 4096) = -1 EINVAL (Invalid argument)
readlink("/opt/firebird/security.fdb", 0xbfc18700, 4096) = -1 EINVAL (Invalid argument)
open("/opt/firebird/plugins", O_RDONLY|O_NONBLOCK|O_LARGEFILE|O_DIRECTORY) = -1 ENOENT (No such file or directory)
stat64("/opt/firebird/plugins/fbcrypt", 0xbfc18430) = -1 ENOENT (No such file or directory)
stat64("/opt/firebird/plugins/fbcrypt.so", 0xbfc18430) = -1 ENOENT (No such file or directory)
uname({sys="Linux", node="localhost.localdomain", ...}) = 0
umask(0)                                = 022
stat64("/opt/firebird/isc_lock1.localhost.localdomain", {st_mode=S_IFREG|0660, st_size=10813440, ...}) = 0
open("/opt/firebird/isc_init1.localhost.localdomain", O_RDWR|O_CREAT|O_LARGEFILE, 0666) = 3
flock(3, LOCK_EX)                       = 0
open("/opt/firebird/isc_lock1.localhost.localdomain", O_RDWR|O_CREAT|O_LARGEFILE, 0666) = 4
umask(022)                              = 0
mmap2(NULL, 262144, PROT_READ|PROT_WRITE, MAP_SHARED, 4, 0) = 0xdaf000
flock(4, LOCK_EX|LOCK_NB)               = -1 EAGAIN (Resource temporarily unavailable)
flock(4, LOCK_SH)                       = 0
semget(252011617, 0, 0666)              = 0
semctl(0, 0, IPC_64|IPC_STAT, 0xbfc15478) = 0
flock(3, LOCK_UN)                       = 0
close(3)                                = 0
getuid32()                              = 0
semop(0, 0xbfc19550, 1)                 = 0
mmap2(NULL, 10813440, PROT_READ|PROT_WRITE, MAP_SHARED, 4, 0) = 0xdef000
munmap(0xdaf000, 262144)                = 0
getuid32()                              = 0
kill(2358, SIG_0)                       = 0
kill(5373, SIG_0)                       = -1 ESRCH (No such process)
