execve("/opt/firebird/bin/fb_lock_print", ["fb_lock_print", "-a"], [/* 21 vars */]) = 0
brk(0)                                  = 0x9c37000
mmap2(NULL, 4096, PROT_READ|PROT_WRITE, MAP_PRIVATE|MAP_ANONYMOUS, -1, 0) = 0x110000
access("/etc/ld.so.preload", R_OK)      = -1 ENOENT (No such file or directory)
open("/etc/ld.so.cache", O_RDONLY)      = 3
fstat64(3, {st_mode=S_IFREG|0644, st_size=43356, ...}) = 0
mmap2(NULL, 43356, PROT_READ, MAP_PRIVATE, 3, 0) = 0x9e9000
close(3)                                = 0
open("/lib/tls/i686/sse2/libfbembed.so.1", O_RDONLY) = -1 ENOENT (No such file or directory)
stat64("/lib/tls/i686/sse2", 0xbfea8868) = -1 ENOENT (No such file or directory)
open("/lib/tls/i686/libfbembed.so.1", O_RDONLY) = -1 ENOENT (No such file or directory)
stat64("/lib/tls/i686", 0xbfea8868)     = -1 ENOENT (No such file or directory)
open("/lib/tls/sse2/libfbembed.so.1", O_RDONLY) = -1 ENOENT (No such file or directory)
stat64("/lib/tls/sse2", 0xbfea8868)     = -1 ENOENT (No such file or directory)
open("/lib/tls/libfbembed.so.1", O_RDONLY) = -1 ENOENT (No such file or directory)
stat64("/lib/tls", {st_mode=S_IFDIR|0755, st_size=4096, ...}) = 0
open("/lib/i686/sse2/libfbembed.so.1", O_RDONLY) = -1 ENOENT (No such file or directory)
stat64("/lib/i686/sse2", 0xbfea8868)    = -1 ENOENT (No such file or directory)
open("/lib/i686/libfbembed.so.1", O_RDONLY) = -1 ENOENT (No such file or directory)
stat64("/lib/i686", {st_mode=S_IFDIR|0755, st_size=4096, ...}) = 0
open("/lib/sse2/libfbembed.so.1", O_RDONLY) = -1 ENOENT (No such file or directory)
stat64("/lib/sse2", 0xbfea8868)         = -1 ENOENT (No such file or directory)
open("/lib/libfbembed.so.1", O_RDONLY)  = -1 ENOENT (No such file or directory)
stat64("/lib", {st_mode=S_IFDIR|0755, st_size=4096, ...}) = 0
open("/usr/lib/tls/i686/sse2/libfbembed.so.1", O_RDONLY) = -1 ENOENT (No such file or directory)
stat64("/usr/lib/tls/i686/sse2", 0xbfea8868) = -1 ENOENT (No such file or directory)
open("/usr/lib/tls/i686/libfbembed.so.1", O_RDONLY) = -1 ENOENT (No such file or directory)
stat64("/usr/lib/tls/i686", 0xbfea8868) = -1 ENOENT (No such file or directory)
open("/usr/lib/tls/sse2/libfbembed.so.1", O_RDONLY) = -1 ENOENT (No such file or directory)
stat64("/usr/lib/tls/sse2", 0xbfea8868) = -1 ENOENT (No such file or directory)
open("/usr/lib/tls/libfbembed.so.1", O_RDONLY) = -1 ENOENT (No such file or directory)
stat64("/usr/lib/tls", {st_mode=S_IFDIR|0755, st_size=4096, ...}) = 0
open("/usr/lib/i686/sse2/libfbembed.so.1", O_RDONLY) = -1 ENOENT (No such file or directory)
stat64("/usr/lib/i686/sse2", 0xbfea8868) = -1 ENOENT (No such file or directory)
open("/usr/lib/i686/libfbembed.so.1", O_RDONLY) = -1 ENOENT (No such file or directory)
stat64("/usr/lib/i686", 0xbfea8868)     = -1 ENOENT (No such file or directory)
open("/usr/lib/sse2/libfbembed.so.1", O_RDONLY) = -1 ENOENT (No such file or directory)
stat64("/usr/lib/sse2", {st_mode=S_IFDIR|0755, st_size=4096, ...}) = 0
open("/usr/lib/libfbembed.so.1", O_RDONLY) = 3
read(3, "\177ELF\1\1\1\0\0\0\0\0\0\0\0\0\3\0\3\0\1\0\0\0\0\351\0"..., 512) = 512
fstat64(3, {st_mode=S_IFREG|0444, st_size=1885308, ...}) = 0
mmap2(NULL, 1895808, PROT_READ|PROT_EXEC, MAP_PRIVATE|MAP_DENYWRITE, 3, 0) = 0xde4000
mmap2(0xf85000, 163840, PROT_READ|PROT_WRITE, MAP_PRIVATE|MAP_FIXED|MAP_DENYWRITE, 3, 0x1a0) = 0xf85000
mmap2(0xfad000, 23936, PROT_READ|PROT_WRITE, MAP_PRIVATE|MAP_FIXED|MAP_ANONYMOUS, -1, 0) = 0xfad000
close(3)                                = 0
open("/usr/lib/libstdc++.so.5", O_RDONLY) = 3
read(3, "\177ELF\1\1\1\0\0\0\0\0\0\0\0\0\3\0\3\0\1\0\0\0\300\277"..., 512) = 512
fstat64(3, {st_mode=S_IFREG|0755, st_size=733456, ...}) = 0
mmap2(NULL, 756980, PROT_READ|PROT_EXEC, MAP_PRIVATE|MAP_DENYWRITE, 3, 0) = 0x75d000
mmap2(0x80c000, 20480, PROT_READ|PROT_WRITE, MAP_PRIVATE|MAP_FIXED|MAP_DENYWRITE, 3, 0xae) = 0x80c000
mmap2(0x811000, 19700, PROT_READ|PROT_WRITE, MAP_PRIVATE|MAP_FIXED|MAP_ANONYMOUS, -1, 0) = 0x811000
close(3)                                = 0
open("/usr/lib/libncurses.so.5", O_RDONLY) = 3
read(3, "\177ELF\1\1\1\0\0\0\0\0\0\0\0\0\3\0\3\0\1\0\0\0`t\201\005"..., 512) = 512
fstat64(3, {st_mode=S_IFREG|0755, st_size=297464, ...}) = 0
mmap2(0x5809000, 297220, PROT_READ|PROT_EXEC, MAP_PRIVATE|MAP_DENYWRITE, 3, 0) = 0x5809000
mmap2(0x5849000, 32768, PROT_READ|PROT_WRITE, MAP_PRIVATE|MAP_FIXED|MAP_DENYWRITE, 3, 0x40) = 0x5849000
mmap2(0x5851000, 2308, PROT_READ|PROT_WRITE, MAP_PRIVATE|MAP_FIXED|MAP_ANONYMOUS, -1, 0) = 0x5851000
close(3)                                = 0
open("/lib/libcrypt.so.1", O_RDONLY)    = 3
read(3, "\177ELF\1\1\1\0\0\0\0\0\0\0\0\0\3\0\3\0\1\0\0\0PWO\000"..., 512) = 512
fstat64(3, {st_mode=S_IFREG|0755, st_size=27836, ...}) = 0
mmap2(0x4f5000, 184636, PROT_READ|PROT_EXEC, MAP_PRIVATE|MAP_DENYWRITE, 3, 0) = 0x4f5000
mmap2(0x4fa000, 8192, PROT_READ|PROT_WRITE, MAP_PRIVATE|MAP_FIXED|MAP_DENYWRITE, 3, 0x4) = 0x4fa000
mmap2(0x4fc000, 155964, PROT_READ|PROT_WRITE, MAP_PRIVATE|MAP_FIXED|MAP_ANONYMOUS, -1, 0) = 0x4fc000
close(3)                                = 0
open("/lib/libdl.so.2", O_RDONLY)       = 3
read(3, "\177ELF\1\1\1\0\0\0\0\0\0\0\0\0\3\0\3\0\1\0\0\0000;\320"..., 512) = 512
fstat64(3, {st_mode=S_IFREG|0755, st_size=16528, ...}) = 0
mmap2(NULL, 4096, PROT_READ|PROT_WRITE, MAP_PRIVATE|MAP_ANONYMOUS, -1, 0) = 0xbfe000
mmap2(0xd03000, 12408, PROT_READ|PROT_EXEC, MAP_PRIVATE|MAP_DENYWRITE, 3, 0) = 0xd03000
mmap2(0xd05000, 8192, PROT_READ|PROT_WRITE, MAP_PRIVATE|MAP_FIXED|MAP_DENYWRITE, 3, 0x1) = 0xd05000
close(3)                                = 0
open("/lib/libm.so.6", O_RDONLY)        = 3
read(3, "\177ELF\1\1\1\0\0\0\0\0\0\0\0\0\3\0\3\0\1\0\0\0\0\305\320"..., 512) = 512
fstat64(3, {st_mode=S_IFREG|0755, st_size=208344, ...}) = 0
mmap2(0xd09000, 155776, PROT_READ|PROT_EXEC, MAP_PRIVATE|MAP_DENYWRITE, 3, 0) = 0xd09000
mmap2(0xd2e000, 8192, PROT_READ|PROT_WRITE, MAP_PRIVATE|MAP_FIXED|MAP_DENYWRITE, 3, 0x24) = 0xd2e000
close(3)                                = 0
open("/lib/libc.so.6", O_RDONLY)        = 3
read(3, "\177ELF\1\1\1\0\0\0\0\0\0\0\0\0\3\0\3\0\1\0\0\0p\240\275"..., 512) = 512
fstat64(3, {st_mode=S_IFREG|0755, st_size=1577052, ...}) = 0
mmap2(0xbc4000, 1295780, PROT_READ|PROT_EXEC, MAP_PRIVATE|MAP_DENYWRITE, 3, 0) = 0x111000
mmap2(0x248000, 12288, PROT_READ|PROT_WRITE, MAP_PRIVATE|MAP_FIXED|MAP_DENYWRITE, 3, 0x137) = 0x248000
mmap2(0x24b000, 9636, PROT_READ|PROT_WRITE, MAP_PRIVATE|MAP_FIXED|MAP_ANONYMOUS, -1, 0) = 0x24b000
close(3)                                = 0
open("/lib/libgcc_s.so.1", O_RDONLY)    = 3
read(3, "\177ELF\1\1\1\0\0\0\0\0\0\0\0\0\3\0\3\0\1\0\0\0@\227\213"..., 512) = 512
fstat64(3, {st_mode=S_IFREG|0755, st_size=46492, ...}) = 0
mmap2(0x8b8000, 48068, PROT_READ|PROT_EXEC, MAP_PRIVATE|MAP_DENYWRITE, 3, 0) = 0x8b8000
mmap2(0x8c3000, 4096, PROT_READ|PROT_WRITE, MAP_PRIVATE|MAP_FIXED|MAP_DENYWRITE, 3, 0xa) = 0x8c3000
close(3)                                = 0
mmap2(NULL, 4096, PROT_READ|PROT_WRITE, MAP_PRIVATE|MAP_ANONYMOUS, -1, 0) = 0x8dc000
mmap2(NULL, 4096, PROT_READ|PROT_WRITE, MAP_PRIVATE|MAP_ANONYMOUS, -1, 0) = 0x24e000
set_thread_area({entry_number:-1 -> 6, base_addr:0x24e6c0, limit:1048575, seg_32bit:1, contents:0, read_exec_only:0, limit_in_pages:1, seg_not_present:0, useable:1}) = 0
mprotect(0x248000, 8192, PROT_READ)     = 0
mprotect(0xd2e000, 4096, PROT_READ)     = 0
mprotect(0xd05000, 4096, PROT_READ)     = 0
mprotect(0x4fa000, 4096, PROT_READ)     = 0
mprotect(0xbc0000, 4096, PROT_READ)     = 0
munmap(0x9e9000, 43356)                 = 0
brk(0)                                  = 0x9c37000
brk(0x9c5c000)                          = 0x9c5c000
open("/opt/firebird/firebird.conf", O_RDONLY|O_LARGEFILE) = 3
fstat64(3, {st_mode=S_IFREG|0644, st_size=19846, ...}) = 0
mmap2(NULL, 4096, PROT_READ|PROT_WRITE, MAP_PRIVATE|MAP_ANONYMOUS, -1, 0) = 0x24f000
read(3, "################################"..., 4096) = 4096
_llseek(3, -4056, [40], SEEK_CUR)       = 0
read(3, "#\n# Firebird configuration file\n"..., 4096) = 4096
_llseek(3, 4136, [4136], SEEK_SET)      = 0
_llseek(3, 4136, [4136], SEEK_SET)      = 0
_llseek(3, 4136, [4136], SEEK_SET)      = 0
_llseek(3, 4136, [4136], SEEK_SET)      = 0
_llseek(3, 4136, [4136], SEEK_SET)      = 0
_llseek(3, 4136, [4136], SEEK_SET)      = 0
_llseek(3, 4136, [4136], SEEK_SET)      = 0
_llseek(3, 4136, [4136], SEEK_SET)      = 0
_llseek(3, 4136, [4136], SEEK_SET)      = 0
_llseek(3, 4136, [4136], SEEK_SET)      = 0
_llseek(3, 4136, [4136], SEEK_SET)      = 0
_llseek(3, 4136, [4136], SEEK_SET)      = 0
_llseek(3, 4136, [4136], SEEK_SET)      = 0
_llseek(3, 4136, [4136], SEEK_SET)      = 0
_llseek(3, 4136, [4136], SEEK_SET)      = 0
_llseek(3, 4136, [4136], SEEK_SET)      = 0
_llseek(3, 4136, [4136], SEEK_SET)      = 0
_llseek(3, 4136, [4136], SEEK_SET)      = 0
_llseek(3, 4136, [4136], SEEK_SET)      = 0
_llseek(3, 4136, [4136], SEEK_SET)      = 0
_llseek(3, 4136, [4136], SEEK_SET)      = 0
_llseek(3, 4136, [4136], SEEK_SET)      = 0
_llseek(3, 4136, [4136], SEEK_SET)      = 0
_llseek(3, 4136, [4136], SEEK_SET)      = 0
_llseek(3, 4136, [4136], SEEK_SET)      = 0
_llseek(3, 4136, [4136], SEEK_SET)      = 0
_llseek(3, 4136, [4136], SEEK_SET)      = 0
_llseek(3, 4136, [4136], SEEK_SET)      = 0
_llseek(3, 4136, [4136], SEEK_SET)      = 0
_llseek(3, 4136, [4136], SEEK_SET)      = 0
_llseek(3, 4136, [4136], SEEK_SET)      = 0
_llseek(3, 4136, [4136], SEEK_SET)      = 0
_llseek(3, 4136, [4136], SEEK_SET)      = 0
_llseek(3, 4136, [4136], SEEK_SET)      = 0
_llseek(3, 4136, [4136], SEEK_SET)      = 0
_llseek(3, 4136, [4136], SEEK_SET)      = 0
_llseek(3, 4136, [4136], SEEK_SET)      = 0
_llseek(3, 4136, [4136], SEEK_SET)      = 0
_llseek(3, 4136, [4136], SEEK_SET)      = 0
_llseek(3, 4136, [4136], SEEK_SET)      = 0
_llseek(3, 4136, [4136], SEEK_SET)      = 0
_llseek(3, 4136, [4136], SEEK_SET)      = 0
_llseek(3, 4136, [4136], SEEK_SET)      = 0
_llseek(3, 4136, [4136], SEEK_SET)      = 0
_llseek(3, 4136, [4136], SEEK_SET)      = 0
_llseek(3, 4136, [4136], SEEK_SET)      = 0
_llseek(3, 4136, [4136], SEEK_SET)      = 0
_llseek(3, 4136, [4136], SEEK_SET)      = 0
_llseek(3, 4136, [4136], SEEK_SET)      = 0
_llseek(3, 4136, [4136], SEEK_SET)      = 0
_llseek(3, 4136, [4136], SEEK_SET)      = 0
_llseek(3, 4136, [4136], SEEK_SET)      = 0
_llseek(3, 4136, [4136], SEEK_SET)      = 0
_llseek(3, 4136, [4136], SEEK_SET)      = 0
_llseek(3, 4136, [4136], SEEK_SET)      = 0
_llseek(3, 4136, [4136], SEEK_SET)      = 0
_llseek(3, 4136, [4136], SEEK_SET)      = 0
_llseek(3, 4136, [4136], SEEK_SET)      = 0
_llseek(3, 4136, [4136], SEEK_SET)      = 0
_llseek(3, 4136, [4136], SEEK_SET)      = 0
_llseek(3, 4136, [4136], SEEK_SET)      = 0
_llseek(3, 4136, [4136], SEEK_SET)      = 0
_llseek(3, 4136, [4136], SEEK_SET)      = 0
_llseek(3, 4136, [4136], SEEK_SET)      = 0
_llseek(3, 4136, [4136], SEEK_SET)      = 0
_llseek(3, 4136, [4136], SEEK_SET)      = 0
_llseek(3, 4136, [4136], SEEK_SET)      = 0
_llseek(3, 4136, [4136], SEEK_SET)      = 0
_llseek(3, 4136, [4136], SEEK_SET)      = 0
_llseek(3, 4136, [4136], SEEK_SET)      = 0
_llseek(3, 4136, [4136], SEEK_SET)      = 0
_llseek(3, 4136, [4136], SEEK_SET)      = 0
_llseek(3, 4136, [4136], SEEK_SET)      = 0
_llseek(3, 4136, [4136], SEEK_SET)      = 0
_llseek(3, 4136, [4136], SEEK_SET)      = 0
_llseek(3, 4136, [4136], SEEK_SET)      = 0
_llseek(3, 4136, [4136], SEEK_SET)      = 0
_llseek(3, 4136, [4136], SEEK_SET)      = 0
_llseek(3, 4136, [4136], SEEK_SET)      = 0
_llseek(3, 4136, [4136], SEEK_SET)      = 0
_llseek(3, 4136, [4136], SEEK_SET)      = 0
_llseek(3, 4136, [4136], SEEK_SET)      = 0
_llseek(3, 4136, [4136], SEEK_SET)      = 0
_llseek(3, 4136, [4136], SEEK_SET)      = 0
_llseek(3, 4136, [4136], SEEK_SET)      = 0
_llseek(3, 4136, [4136], SEEK_SET)      = 0
_llseek(3, 4136, [4136], SEEK_SET)      = 0
_llseek(3, 4136, [4136], SEEK_SET)      = 0
_llseek(3, 4136, [4136], SEEK_SET)      = 0
_llseek(3, 4136, [4136], SEEK_SET)      = 0
_llseek(3, 4136, [4136], SEEK_SET)      = 0
_llseek(3, 4136, [4136], SEEK_SET)      = 0
_llseek(3, 4136, [4136], SEEK_SET)      = 0
_llseek(3, 4136, [4136], SEEK_SET)      = 0
_llseek(3, 4136, [4136], SEEK_SET)      = 0
_llseek(3, 4136, [4136], SEEK_SET)      = 0
_llseek(3, 4136, [4136], SEEK_SET)      = 0
_llseek(3, 4136, [4136], SEEK_SET)      = 0
_llseek(3, 4136, [4136], SEEK_SET)      = 0
_llseek(3, 4136, [4136], SEEK_SET)      = 0
_llseek(3, 4136, [4136], SEEK_SET)      = 0
_llseek(3, 4136, [4136], SEEK_SET)      = 0
_llseek(3, 4136, [4136], SEEK_SET)      = 0
_llseek(3, 4136, [4136], SEEK_SET)      = 0
_llseek(3, 4136, [4136], SEEK_SET)      = 0
_llseek(3, 4136, [4136], SEEK_SET)      = 0
_llseek(3, 4136, [4136], SEEK_SET)      = 0
_llseek(3, 4136, [4136], SEEK_SET)      = 0
_llseek(3, 4136, [4136], SEEK_SET)      = 0
_llseek(3, 4136, [4136], SEEK_SET)      = 0
_llseek(3, 4136, [4136], SEEK_SET)      = 0
_llseek(3, 4136, [4136], SEEK_SET)      = 0
_llseek(3, 4136, [4136], SEEK_SET)      = 0
_llseek(3, 4136, [4136], SEEK_SET)      = 0
_llseek(3, 4136, [4136], SEEK_SET)      = 0
_llseek(3, 4136, [4136], SEEK_SET)      = 0
_llseek(3, 4136, [4136], SEEK_SET)      = 0
_llseek(3, 4136, [4136], SEEK_SET)      = 0
_llseek(3, 4136, [4136], SEEK_SET)      = 0
_llseek(3, 4136, [4136], SEEK_SET)      = 0
_llseek(3, 4136, [4136], SEEK_SET)      = 0
_llseek(3, 4136, [4136], SEEK_SET)      = 0
_llseek(3, 4136, [4136], SEEK_SET)      = 0
read(3, "cial format)\n#\n#UdfAccess = Rest"..., 4096) = 4096
_llseek(3, 4096, [4096], SEEK_SET)      = 0
read(3, "ternalFileAccess !\n#\n# Type: str"..., 4096) = 4096
_llseek(3, 8192, [8192], SEEK_SET)      = 0
_llseek(3, 8192, [8192], SEEK_SET)      = 0
_llseek(3, 8192, [8192], SEEK_SET)      = 0
_llseek(3, 8192, [8192], SEEK_SET)      = 0
_llseek(3, 8192, [8192], SEEK_SET)      = 0
_llseek(3, 8192, [8192], SEEK_SET)      = 0
_llseek(3, 8192, [8192], SEEK_SET)      = 0
_llseek(3, 8192, [8192], SEEK_SET)      = 0
_llseek(3, 8192, [8192], SEEK_SET)      = 0
_llseek(3, 8192, [8192], SEEK_SET)      = 0
_llseek(3, 8192, [8192], SEEK_SET)      = 0
_llseek(3, 8192, [8192], SEEK_SET)      = 0
_llseek(3, 8192, [8192], SEEK_SET)      = 0
_llseek(3, 8192, [8192], SEEK_SET)      = 0
_llseek(3, 8192, [8192], SEEK_SET)      = 0
_llseek(3, 8192, [8192], SEEK_SET)      = 0
_llseek(3, 8192, [8192], SEEK_SET)      = 0
_llseek(3, 8192, [8192], SEEK_SET)      = 0
_llseek(3, 8192, [8192], SEEK_SET)      = 0
_llseek(3, 8192, [8192], SEEK_SET)      = 0
_llseek(3, 8192, [8192], SEEK_SET)      = 0
_llseek(3, 8192, [8192], SEEK_SET)      = 0
_llseek(3, 8192, [8192], SEEK_SET)      = 0
_llseek(3, 8192, [8192], SEEK_SET)      = 0
_llseek(3, 8192, [8192], SEEK_SET)      = 0
_llseek(3, 8192, [8192], SEEK_SET)      = 0
_llseek(3, 8192, [8192], SEEK_SET)      = 0
_llseek(3, 8192, [8192], SEEK_SET)      = 0
_llseek(3, 8192, [8192], SEEK_SET)      = 0
_llseek(3, 8192, [8192], SEEK_SET)      = 0
_llseek(3, 8192, [8192], SEEK_SET)      = 0
_llseek(3, 8192, [8192], SEEK_SET)      = 0
_llseek(3, 8192, [8192], SEEK_SET)      = 0
_llseek(3, 8192, [8192], SEEK_SET)      = 0
_llseek(3, 8192, [8192], SEEK_SET)      = 0
_llseek(3, 8192, [8192], SEEK_SET)      = 0
_llseek(3, 8192, [8192], SEEK_SET)      = 0
_llseek(3, 8192, [8192], SEEK_SET)      = 0
_llseek(3, 8192, [8192], SEEK_SET)      = 0
_llseek(3, 8192, [8192], SEEK_SET)      = 0
_llseek(3, 8192, [8192], SEEK_SET)      = 0
_llseek(3, 8192, [8192], SEEK_SET)      = 0
_llseek(3, 8192, [8192], SEEK_SET)      = 0
_llseek(3, 8192, [8192], SEEK_SET)      = 0
_llseek(3, 8192, [8192], SEEK_SET)      = 0
_llseek(3, 8192, [8192], SEEK_SET)      = 0
_llseek(3, 8192, [8192], SEEK_SET)      = 0
_llseek(3, 8192, [8192], SEEK_SET)      = 0
_llseek(3, 8192, [8192], SEEK_SET)      = 0
_llseek(3, 8192, [8192], SEEK_SET)      = 0
_llseek(3, 8192, [8192], SEEK_SET)      = 0
_llseek(3, 8192, [8192], SEEK_SET)      = 0
_llseek(3, 8192, [8192], SEEK_SET)      = 0
_llseek(3, 8192, [8192], SEEK_SET)      = 0
_llseek(3, 8192, [8192], SEEK_SET)      = 0
_llseek(3, 8192, [8192], SEEK_SET)      = 0
_llseek(3, 8192, [8192], SEEK_SET)      = 0
_llseek(3, 8192, [8192], SEEK_SET)      = 0
_llseek(3, 8192, [8192], SEEK_SET)      = 0
_llseek(3, 8192, [8192], SEEK_SET)      = 0
_llseek(3, 8192, [8192], SEEK_SET)      = 0
_llseek(3, 8192, [8192], SEEK_SET)      = 0
_llseek(3, 8192, [8192], SEEK_SET)      = 0
_llseek(3, 8192, [8192], SEEK_SET)      = 0
_llseek(3, 8192, [8192], SEEK_SET)      = 0
_llseek(3, 8192, [8192], SEEK_SET)      = 0
_llseek(3, 8192, [8192], SEEK_SET)      = 0
_llseek(3, 8192, [8192], SEEK_SET)      = 0
_llseek(3, 8192, [8192], SEEK_SET)      = 0
_llseek(3, 8192, [8192], SEEK_SET)      = 0
_llseek(3, 8192, [8192], SEEK_SET)      = 0
_llseek(3, 8192, [8192], SEEK_SET)      = 0
_llseek(3, 8192, [8192], SEEK_SET)      = 0
_llseek(3, 8192, [8192], SEEK_SET)      = 0
_llseek(3, 8192, [8192], SEEK_SET)      = 0
_llseek(3, 8192, [8192], SEEK_SET)      = 0
_llseek(3, 8192, [8192], SEEK_SET)      = 0
_llseek(3, 8192, [8192], SEEK_SET)      = 0
_llseek(3, 8192, [8192], SEEK_SET)      = 0
_llseek(3, 8192, [8192], SEEK_SET)      = 0
_llseek(3, 8192, [8192], SEEK_SET)      = 0
_llseek(3, 8192, [8192], SEEK_SET)      = 0
_llseek(3, 8192, [8192], SEEK_SET)      = 0
_llseek(3, 8192, [8192], SEEK_SET)      = 0
_llseek(3, 8192, [8192], SEEK_SET)      = 0
_llseek(3, 8192, [8192], SEEK_SET)      = 0
_llseek(3, 8192, [8192], SEEK_SET)      = 0
_llseek(3, 8192, [8192], SEEK_SET)      = 0
_llseek(3, 8192, [8192], SEEK_SET)      = 0
_llseek(3, 8192, [8192], SEEK_SET)      = 0
_llseek(3, 8192, [8192], SEEK_SET)      = 0
_llseek(3, 8192, [8192], SEEK_SET)      = 0
_llseek(3, 8192, [8192], SEEK_SET)      = 0
_llseek(3, 8192, [8192], SEEK_SET)      = 0
_llseek(3, 8192, [8192], SEEK_SET)      = 0
_llseek(3, 8192, [8192], SEEK_SET)      = 0
_llseek(3, 8192, [8192], SEEK_SET)      = 0
_llseek(3, 8192, [8192], SEEK_SET)      = 0
_llseek(3, 8192, [8192], SEEK_SET)      = 0
_llseek(3, 8192, [8192], SEEK_SET)      = 0
_llseek(3, 8192, [8192], SEEK_SET)      = 0
_llseek(3, 8192, [8192], SEEK_SET)      = 0
_llseek(3, 8192, [8192], SEEK_SET)      = 0
_llseek(3, 8192, [8192], SEEK_SET)      = 0
_llseek(3, 8192, [8192], SEEK_SET)      = 0
_llseek(3, 8192, [8192], SEEK_SET)      = 0
_llseek(3, 8192, [8192], SEEK_SET)      = 0
_llseek(3, 8192, [8192], SEEK_SET)      = 0
_llseek(3, 8192, [8192], SEEK_SET)      = 0
_llseek(3, 8192, [8192], SEEK_SET)      = 0
_llseek(3, 8192, [8192], SEEK_SET)      = 0
_llseek(3, 8192, [8192], SEEK_SET)      = 0
_llseek(3, 8192, [8192], SEEK_SET)      = 0
_llseek(3, 8192, [8192], SEEK_SET)      = 0
_llseek(3, 8192, [8192], SEEK_SET)      = 0
_llseek(3, 8192, [8192], SEEK_SET)      = 0
_llseek(3, 8192, [8192], SEEK_SET)      = 0
_llseek(3, 8192, [8192], SEEK_SET)      = 0
_llseek(3, 8192, [8192], SEEK_SET)      = 0
_llseek(3, 8192, [8192], SEEK_SET)      = 0
_llseek(3, 8192, [8192], SEEK_SET)      = 0
_llseek(3, 8192, [8192], SEEK_SET)      = 0
_llseek(3, 8192, [8192], SEEK_SET)      = 0
_llseek(3, 8192, [8192], SEEK_SET)      = 0
_llseek(3, 8192, [8192], SEEK_SET)      = 0
_llseek(3, 8192, [8192], SEEK_SET)      = 0
_llseek(3, 8192, [8192], SEEK_SET)      = 0
_llseek(3, 8192, [8192], SEEK_SET)      = 0
_llseek(3, 8192, [8192], SEEK_SET)      = 0
_llseek(3, 8192, [8192], SEEK_SET)      = 0
_llseek(3, 8192, [8192], SEEK_SET)      = 0
_llseek(3, 8192, [8192], SEEK_SET)      = 0
_llseek(3, 8192, [8192], SEEK_SET)      = 0
_llseek(3, 8192, [8192], SEEK_SET)      = 0
_llseek(3, 8192, [8192], SEEK_SET)      = 0
_llseek(3, 8192, [8192], SEEK_SET)      = 0
_llseek(3, 8192, [8192], SEEK_SET)      = 0
_llseek(3, 8192, [8192], SEEK_SET)      = 0
_llseek(3, 8192, [8192], SEEK_SET)      = 0
_llseek(3, 8192, [8192], SEEK_SET)      = 0
_llseek(3, 8192, [8192], SEEK_SET)      = 0
_llseek(3, 8192, [8192], SEEK_SET)      = 0
read(3, "ult aliases for these unnamed co"..., 4096) = 4096
_llseek(3, 4096, [4096], SEEK_SET)      = 0
read(3, "ternalFileAccess !\n#\n# Type: str"..., 4096) = 4096
read(3, "ult aliases for these unnamed co"..., 4096) = 4096
_llseek(3, 12288, [12288], SEEK_SET)    = 0
_llseek(3, 12288, [12288], SEEK_SET)    = 0
_llseek(3, 12288, [12288], SEEK_SET)    = 0
_llseek(3, 12288, [12288], SEEK_SET)    = 0
_llseek(3, 12288, [12288], SEEK_SET)    = 0
_llseek(3, 12288, [12288], SEEK_SET)    = 0
_llseek(3, 12288, [12288], SEEK_SET)    = 0
_llseek(3, 12288, [12288], SEEK_SET)    = 0
_llseek(3, 12288, [12288], SEEK_SET)    = 0
_llseek(3, 12288, [12288], SEEK_SET)    = 0
_llseek(3, 12288, [12288], SEEK_SET)    = 0
_llseek(3, 12288, [12288], SEEK_SET)    = 0
_llseek(3, 12288, [12288], SEEK_SET)    = 0
_llseek(3, 12288, [12288], SEEK_SET)    = 0
_llseek(3, 12288, [12288], SEEK_SET)    = 0
_llseek(3, 12288, [12288], SEEK_SET)    = 0
_llseek(3, 12288, [12288], SEEK_SET)    = 0
_llseek(3, 12288, [12288], SEEK_SET)    = 0
_llseek(3, 12288, [12288], SEEK_SET)    = 0
_llseek(3, 12288, [12288], SEEK_SET)    = 0
_llseek(3, 12288, [12288], SEEK_SET)    = 0
_llseek(3, 12288, [12288], SEEK_SET)    = 0
_llseek(3, 12288, [12288], SEEK_SET)    = 0
_llseek(3, 12288, [12288], SEEK_SET)    = 0
_llseek(3, 12288, [12288], SEEK_SET)    = 0
_llseek(3, 12288, [12288], SEEK_SET)    = 0
_llseek(3, 12288, [12288], SEEK_SET)    = 0
_llseek(3, 12288, [12288], SEEK_SET)    = 0
_llseek(3, 12288, [12288], SEEK_SET)    = 0
_llseek(3, 12288, [12288], SEEK_SET)    = 0
_llseek(3, 12288, [12288], SEEK_SET)    = 0
_llseek(3, 12288, [12288], SEEK_SET)    = 0
_llseek(3, 12288, [12288], SEEK_SET)    = 0
_llseek(3, 12288, [12288], SEEK_SET)    = 0
_llseek(3, 12288, [12288], SEEK_SET)    = 0
_llseek(3, 12288, [12288], SEEK_SET)    = 0
_llseek(3, 12288, [12288], SEEK_SET)    = 0
_llseek(3, 12288, [12288], SEEK_SET)    = 0
_llseek(3, 12288, [12288], SEEK_SET)    = 0
_llseek(3, 12288, [12288], SEEK_SET)    = 0
_llseek(3, 12288, [12288], SEEK_SET)    = 0
_llseek(3, 12288, [12288], SEEK_SET)    = 0
_llseek(3, 12288, [12288], SEEK_SET)    = 0
_llseek(3, 12288, [12288], SEEK_SET)    = 0
_llseek(3, 12288, [12288], SEEK_SET)    = 0
_llseek(3, 12288, [12288], SEEK_SET)    = 0
_llseek(3, 12288, [12288], SEEK_SET)    = 0
_llseek(3, 12288, [12288], SEEK_SET)    = 0
_llseek(3, 12288, [12288], SEEK_SET)    = 0
_llseek(3, 12288, [12288], SEEK_SET)    = 0
_llseek(3, 12288, [12288], SEEK_SET)    = 0
_llseek(3, 12288, [12288], SEEK_SET)    = 0
_llseek(3, 12288, [12288], SEEK_SET)    = 0
_llseek(3, 12288, [12288], SEEK_SET)    = 0
_llseek(3, 12288, [12288], SEEK_SET)    = 0
_llseek(3, 12288, [12288], SEEK_SET)    = 0
_llseek(3, 12288, [12288], SEEK_SET)    = 0
_llseek(3, 12288, [12288], SEEK_SET)    = 0
_llseek(3, 12288, [12288], SEEK_SET)    = 0
_llseek(3, 12288, [12288], SEEK_SET)    = 0
_llseek(3, 12288, [12288], SEEK_SET)    = 0
_llseek(3, 12288, [12288], SEEK_SET)    = 0
_llseek(3, 12288, [12288], SEEK_SET)    = 0
_llseek(3, 12288, [12288], SEEK_SET)    = 0
_llseek(3, 12288, [12288], SEEK_SET)    = 0
_llseek(3, 12288, [12288], SEEK_SET)    = 0
_llseek(3, 12288, [12288], SEEK_SET)    = 0
_llseek(3, 12288, [12288], SEEK_SET)    = 0
_llseek(3, 12288, [12288], SEEK_SET)    = 0
_llseek(3, 12288, [12288], SEEK_SET)    = 0
_llseek(3, 12288, [12288], SEEK_SET)    = 0
_llseek(3, 12288, [12288], SEEK_SET)    = 0
_llseek(3, 12288, [12288], SEEK_SET)    = 0
_llseek(3, 12288, [12288], SEEK_SET)    = 0
_llseek(3, 12288, [12288], SEEK_SET)    = 0
_llseek(3, 12288, [12288], SEEK_SET)    = 0
_llseek(3, 12288, [12288], SEEK_SET)    = 0
_llseek(3, 12288, [12288], SEEK_SET)    = 0
_llseek(3, 12288, [12288], SEEK_SET)    = 0
_llseek(3, 12288, [12288], SEEK_SET)    = 0
_llseek(3, 12288, [12288], SEEK_SET)    = 0
_llseek(3, 12288, [12288], SEEK_SET)    = 0
_llseek(3, 12288, [12288], SEEK_SET)    = 0
_llseek(3, 12288, [12288], SEEK_SET)    = 0
_llseek(3, 12288, [12288], SEEK_SET)    = 0
_llseek(3, 12288, [12288], SEEK_SET)    = 0
_llseek(3, 12288, [12288], SEEK_SET)    = 0
_llseek(3, 12288, [12288], SEEK_SET)    = 0
_llseek(3, 12288, [12288], SEEK_SET)    = 0
_llseek(3, 12288, [12288], SEEK_SET)    = 0
_llseek(3, 12288, [12288], SEEK_SET)    = 0
_llseek(3, 12288, [12288], SEEK_SET)    = 0
_llseek(3, 12288, [12288], SEEK_SET)    = 0
_llseek(3, 12288, [12288], SEEK_SET)    = 0
_llseek(3, 12288, [12288], SEEK_SET)    = 0
_llseek(3, 12288, [12288], SEEK_SET)    = 0
_llseek(3, 12288, [12288], SEEK_SET)    = 0
_llseek(3, 12288, [12288], SEEK_SET)    = 0
_llseek(3, 12288, [12288], SEEK_SET)    = 0
_llseek(3, 12288, [12288], SEEK_SET)    = 0
_llseek(3, 12288, [12288], SEEK_SET)    = 0
_llseek(3, 12288, [12288], SEEK_SET)    = 0
_llseek(3, 12288, [12288], SEEK_SET)    = 0
_llseek(3, 12288, [12288], SEEK_SET)    = 0
_llseek(3, 12288, [12288], SEEK_SET)    = 0
_llseek(3, 12288, [12288], SEEK_SET)    = 0
_llseek(3, 12288, [12288], SEEK_SET)    = 0
_llseek(3, 12288, [12288], SEEK_SET)    = 0
_llseek(3, 12288, [12288], SEEK_SET)    = 0
_llseek(3, 12288, [12288], SEEK_SET)    = 0
_llseek(3, 12288, [12288], SEEK_SET)    = 0
_llseek(3, 12288, [12288], SEEK_SET)    = 0
_llseek(3, 12288, [12288], SEEK_SET)    = 0
_llseek(3, 12288, [12288], SEEK_SET)    = 0
_llseek(3, 12288, [12288], SEEK_SET)    = 0
_llseek(3, 12288, [12288], SEEK_SET)    = 0
_llseek(3, 12288, [12288], SEEK_SET)    = 0
_llseek(3, 12288, [12288], SEEK_SET)    = 0
_llseek(3, 12288, [12288], SEEK_SET)    = 0
_llseek(3, 12288, [12288], SEEK_SET)    = 0
_llseek(3, 12288, [12288], SEEK_SET)    = 0
_llseek(3, 12288, [12288], SEEK_SET)    = 0
_llseek(3, 12288, [12288], SEEK_SET)    = 0
_llseek(3, 12288, [12288], SEEK_SET)    = 0
_llseek(3, 12288, [12288], SEEK_SET)    = 0
_llseek(3, 12288, [12288], SEEK_SET)    = 0
_llseek(3, 12288, [12288], SEEK_SET)    = 0
_llseek(3, 12288, [12288], SEEK_SET)    = 0
_llseek(3, 12288, [12288], SEEK_SET)    = 0
_llseek(3, 12288, [12288], SEEK_SET)    = 0
_llseek(3, 12288, [12288], SEEK_SET)    = 0
_llseek(3, 12288, [12288], SEEK_SET)    = 0
_llseek(3, 12288, [12288], SEEK_SET)    = 0
read(3, "equest\n#       starvation.\n#\n# T"..., 4096) = 4096
_llseek(3, 16384, [16384], SEEK_SET)    = 0
_llseek(3, 16384, [16384], SEEK_SET)    = 0
_llseek(3, 16384, [16384], SEEK_SET)    = 0
_llseek(3, 16384, [16384], SEEK_SET)    = 0
_llseek(3, 16384, [16384], SEEK_SET)    = 0
_llseek(3, 16384, [16384], SEEK_SET)    = 0
_llseek(3, 16384, [16384], SEEK_SET)    = 0
_llseek(3, 16384, [16384], SEEK_SET)    = 0
_llseek(3, 16384, [16384], SEEK_SET)    = 0
_llseek(3, 16384, [16384], SEEK_SET)    = 0
_llseek(3, 16384, [16384], SEEK_SET)    = 0
_llseek(3, 16384, [16384], SEEK_SET)    = 0
_llseek(3, 16384, [16384], SEEK_SET)    = 0
_llseek(3, 16384, [16384], SEEK_SET)    = 0
_llseek(3, 16384, [16384], SEEK_SET)    = 0
_llseek(3, 16384, [16384], SEEK_SET)    = 0
_llseek(3, 16384, [16384], SEEK_SET)    = 0
_llseek(3, 16384, [16384], SEEK_SET)    = 0
_llseek(3, 16384, [16384], SEEK_SET)    = 0
_llseek(3, 16384, [16384], SEEK_SET)    = 0
_llseek(3, 16384, [16384], SEEK_SET)    = 0
_llseek(3, 16384, [16384], SEEK_SET)    = 0
_llseek(3, 16384, [16384], SEEK_SET)    = 0
_llseek(3, 16384, [16384], SEEK_SET)    = 0
_llseek(3, 16384, [16384], SEEK_SET)    = 0
_llseek(3, 16384, [16384], SEEK_SET)    = 0
_llseek(3, 16384, [16384], SEEK_SET)    = 0
_llseek(3, 16384, [16384], SEEK_SET)    = 0
_llseek(3, 16384, [16384], SEEK_SET)    = 0
_llseek(3, 16384, [16384], SEEK_SET)    = 0
_llseek(3, 16384, [16384], SEEK_SET)    = 0
_llseek(3, 16384, [16384], SEEK_SET)    = 0
_llseek(3, 16384, [16384], SEEK_SET)    = 0
_llseek(3, 16384, [16384], SEEK_SET)    = 0
_llseek(3, 16384, [16384], SEEK_SET)    = 0
_llseek(3, 16384, [16384], SEEK_SET)    = 0
_llseek(3, 16384, [16384], SEEK_SET)    = 0
_llseek(3, 16384, [16384], SEEK_SET)    = 0
_llseek(3, 16384, [16384], SEEK_SET)    = 0
_llseek(3, 16384, [16384], SEEK_SET)    = 0
_llseek(3, 16384, [16384], SEEK_SET)    = 0
_llseek(3, 16384, [16384], SEEK_SET)    = 0
_llseek(3, 16384, [16384], SEEK_SET)    = 0
_llseek(3, 16384, [16384], SEEK_SET)    = 0
_llseek(3, 16384, [16384], SEEK_SET)    = 0
_llseek(3, 16384, [16384], SEEK_SET)    = 0
_llseek(3, 16384, [16384], SEEK_SET)    = 0
_llseek(3, 16384, [16384], SEEK_SET)    = 0
_llseek(3, 16384, [16384], SEEK_SET)    = 0
_llseek(3, 16384, [16384], SEEK_SET)    = 0
_llseek(3, 16384, [16384], SEEK_SET)    = 0
_llseek(3, 16384, [16384], SEEK_SET)    = 0
_llseek(3, 16384, [16384], SEEK_SET)    = 0
_llseek(3, 16384, [16384], SEEK_SET)    = 0
_llseek(3, 16384, [16384], SEEK_SET)    = 0
_llseek(3, 16384, [16384], SEEK_SET)    = 0
_llseek(3, 16384, [16384], SEEK_SET)    = 0
_llseek(3, 16384, [16384], SEEK_SET)    = 0
_llseek(3, 16384, [16384], SEEK_SET)    = 0
_llseek(3, 16384, [16384], SEEK_SET)    = 0
_llseek(3, 16384, [16384], SEEK_SET)    = 0
_llseek(3, 16384, [16384], SEEK_SET)    = 0
_llseek(3, 16384, [16384], SEEK_SET)    = 0
_llseek(3, 16384, [16384], SEEK_SET)    = 0
_llseek(3, 16384, [16384], SEEK_SET)    = 0
_llseek(3, 16384, [16384], SEEK_SET)    = 0
_llseek(3, 16384, [16384], SEEK_SET)    = 0
_llseek(3, 16384, [16384], SEEK_SET)    = 0
_llseek(3, 16384, [16384], SEEK_SET)    = 0
_llseek(3, 16384, [16384], SEEK_SET)    = 0
_llseek(3, 16384, [16384], SEEK_SET)    = 0
_llseek(3, 16384, [16384], SEEK_SET)    = 0
_llseek(3, 16384, [16384], SEEK_SET)    = 0
_llseek(3, 16384, [16384], SEEK_SET)    = 0
_llseek(3, 16384, [16384], SEEK_SET)    = 0
_llseek(3, 16384, [16384], SEEK_SET)    = 0
_llseek(3, 16384, [16384], SEEK_SET)    = 0
_llseek(3, 16384, [16384], SEEK_SET)    = 0
_llseek(3, 16384, [16384], SEEK_SET)    = 0
_llseek(3, 16384, [16384], SEEK_SET)    = 0
_llseek(3, 16384, [16384], SEEK_SET)    = 0
_llseek(3, 16384, [16384], SEEK_SET)    = 0
_llseek(3, 16384, [16384], SEEK_SET)    = 0
_llseek(3, 16384, [16384], SEEK_SET)    = 0
_llseek(3, 16384, [16384], SEEK_SET)    = 0
_llseek(3, 16384, [16384], SEEK_SET)    = 0
_llseek(3, 16384, [16384], SEEK_SET)    = 0
_llseek(3, 16384, [16384], SEEK_SET)    = 0
_llseek(3, 16384, [16384], SEEK_SET)    = 0
_llseek(3, 16384, [16384], SEEK_SET)    = 0
_llseek(3, 16384, [16384], SEEK_SET)    = 0
_llseek(3, 16384, [16384], SEEK_SET)    = 0
_llseek(3, 16384, [16384], SEEK_SET)    = 0
_llseek(3, 16384, [16384], SEEK_SET)    = 0
_llseek(3, 16384, [16384], SEEK_SET)    = 0
_llseek(3, 16384, [16384], SEEK_SET)    = 0
_llseek(3, 16384, [16384], SEEK_SET)    = 0
_llseek(3, 16384, [16384], SEEK_SET)    = 0
_llseek(3, 16384, [16384], SEEK_SET)    = 0
_llseek(3, 16384, [16384], SEEK_SET)    = 0
_llseek(3, 16384, [16384], SEEK_SET)    = 0
_llseek(3, 16384, [16384], SEEK_SET)    = 0
_llseek(3, 16384, [16384], SEEK_SET)    = 0
_llseek(3, 16384, [16384], SEEK_SET)    = 0
_llseek(3, 16384, [16384], SEEK_SET)    = 0
_llseek(3, 16384, [16384], SEEK_SET)    = 0
_llseek(3, 16384, [16384], SEEK_SET)    = 0
_llseek(3, 16384, [16384], SEEK_SET)    = 0
_llseek(3, 16384, [16384], SEEK_SET)    = 0
_llseek(3, 16384, [16384], SEEK_SET)    = 0
_llseek(3, 16384, [16384], SEEK_SET)    = 0
_llseek(3, 16384, [16384], SEEK_SET)    = 0
_llseek(3, 16384, [16384], SEEK_SET)    = 0
_llseek(3, 16384, [16384], SEEK_SET)    = 0
_llseek(3, 16384, [16384], SEEK_SET)    = 0
_llseek(3, 16384, [16384], SEEK_SET)    = 0
_llseek(3, 16384, [16384], SEEK_SET)    = 0
_llseek(3, 16384, [16384], SEEK_SET)    = 0
_llseek(3, 16384, [16384], SEEK_SET)    = 0
_llseek(3, 16384, [16384], SEEK_SET)    = 0
_llseek(3, 16384, [16384], SEEK_SET)    = 0
_llseek(3, 16384, [16384], SEEK_SET)    = 0
_llseek(3, 16384, [16384], SEEK_SET)    = 0
_llseek(3, 16384, [16384], SEEK_SET)    = 0
_llseek(3, 16384, [16384], SEEK_SET)    = 0
_llseek(3, 16384, [16384], SEEK_SET)    = 0
_llseek(3, 16384, [16384], SEEK_SET)    = 0
_llseek(3, 16384, [16384], SEEK_SET)    = 0
_llseek(3, 16384, [16384], SEEK_SET)    = 0
_llseek(3, 16384, [16384], SEEK_SET)    = 0
_llseek(3, 16384, [16384], SEEK_SET)    = 0
_llseek(3, 16384, [16384], SEEK_SET)    = 0
_llseek(3, 16384, [16384], SEEK_SET)    = 0
_llseek(3, 16384, [16384], SEEK_SET)    = 0
_llseek(3, 16384, [16384], SEEK_SET)    = 0
_llseek(3, 16384, [16384], SEEK_SET)    = 0
_llseek(3, 16384, [16384], SEEK_SET)    = 0
_llseek(3, 16384, [16384], SEEK_SET)    = 0
_llseek(3, 16384, [16384], SEEK_SET)    = 0
_llseek(3, 16384, [16384], SEEK_SET)    = 0
_llseek(3, 16384, [16384], SEEK_SET)    = 0
_llseek(3, 16384, [16384], SEEK_SET)    = 0
_llseek(3, 16384, [16384], SEEK_SET)    = 0
_llseek(3, 16384, [16384], SEEK_SET)    = 0
_llseek(3, 16384, [16384], SEEK_SET)    = 0
_llseek(3, 16384, [16384], SEEK_SET)    = 0
_llseek(3, 16384, [16384], SEEK_SET)    = 0
_llseek(3, 16384, [16384], SEEK_SET)    = 0
_llseek(3, 16384, [16384], SEEK_SET)    = 0
_llseek(3, 16384, [16384], SEEK_SET)    = 0
read(3, "ocol.\n# Has the same meaning as "..., 4096) = 3462
_llseek(3, 12288, [12288], SEEK_SET)    = 0
read(3, "equest\n#       starvation.\n#\n# T"..., 4096) = 4096
read(3, "ocol.\n# Has the same meaning as "..., 4096) = 3462
_llseek(3, 12288, [12288], SEEK_SET)    = 0
read(3, "equest\n#       starvation.\n#\n# T"..., 4096) = 4096
read(3, "ocol.\n# Has the same meaning as "..., 4096) = 3462
_llseek(3, 12288, [12288], SEEK_SET)    = 0
read(3, "equest\n#       starvation.\n#\n# T"..., 4096) = 4096
read(3, "ocol.\n# Has the same meaning as "..., 4096) = 3462
_llseek(3, 12288, [12288], SEEK_SET)    = 0
read(3, "equest\n#       starvation.\n#\n# T"..., 4096) = 4096
read(3, "ocol.\n# Has the same meaning as "..., 4096) = 3462
_llseek(3, 19846, [19846], SEEK_SET)    = 0
_llseek(3, 19846, [19846], SEEK_SET)    = 0
_llseek(3, 19846, [19846], SEEK_SET)    = 0
_llseek(3, 19846, [19846], SEEK_SET)    = 0
_llseek(3, 19846, [19846], SEEK_SET)    = 0
_llseek(3, 19846, [19846], SEEK_SET)    = 0
_llseek(3, 19846, [19846], SEEK_SET)    = 0
_llseek(3, 19846, [19846], SEEK_SET)    = 0
_llseek(3, 19846, [19846], SEEK_SET)    = 0
_llseek(3, 19846, [19846], SEEK_SET)    = 0
_llseek(3, 19846, [19846], SEEK_SET)    = 0
_llseek(3, 19846, [19846], SEEK_SET)    = 0
_llseek(3, 19846, [19846], SEEK_SET)    = 0
_llseek(3, 19846, [19846], SEEK_SET)    = 0
_llseek(3, 19846, [19846], SEEK_SET)    = 0
_llseek(3, 19846, [19846], SEEK_SET)    = 0
_llseek(3, 19846, [19846], SEEK_SET)    = 0
_llseek(3, 19846, [19846], SEEK_SET)    = 0
_llseek(3, 19846, [19846], SEEK_SET)    = 0
_llseek(3, 19846, [19846], SEEK_SET)    = 0
_llseek(3, 19846, [19846], SEEK_SET)    = 0
_llseek(3, 19846, [19846], SEEK_SET)    = 0
_llseek(3, 19846, [19846], SEEK_SET)    = 0
_llseek(3, 19846, [19846], SEEK_SET)    = 0
_llseek(3, 19846, [19846], SEEK_SET)    = 0
_llseek(3, 19846, [19846], SEEK_SET)    = 0
_llseek(3, 19846, [19846], SEEK_SET)    = 0
_llseek(3, 19846, [19846], SEEK_SET)    = 0
_llseek(3, 19846, [19846], SEEK_SET)    = 0
_llseek(3, 19846, [19846], SEEK_SET)    = 0
_llseek(3, 19846, [19846], SEEK_SET)    = 0
_llseek(3, 19846, [19846], SEEK_SET)    = 0
_llseek(3, 19846, [19846], SEEK_SET)    = 0
_llseek(3, 19846, [19846], SEEK_SET)    = 0
_llseek(3, 19846, [19846], SEEK_SET)    = 0
_llseek(3, 19846, [19846], SEEK_SET)    = 0
_llseek(3, 19846, [19846], SEEK_SET)    = 0
_llseek(3, 19846, [19846], SEEK_SET)    = 0
_llseek(3, 19846, [19846], SEEK_SET)    = 0
_llseek(3, 19846, [19846], SEEK_SET)    = 0
_llseek(3, 19846, [19846], SEEK_SET)    = 0
_llseek(3, 19846, [19846], SEEK_SET)    = 0
_llseek(3, 19846, [19846], SEEK_SET)    = 0
_llseek(3, 19846, [19846], SEEK_SET)    = 0
_llseek(3, 19846, [19846], SEEK_SET)    = 0
_llseek(3, 19846, [19846], SEEK_SET)    = 0
_llseek(3, 19846, [19846], SEEK_SET)    = 0
_llseek(3, 19846, [19846], SEEK_SET)    = 0
_llseek(3, 19846, [19846], SEEK_SET)    = 0
_llseek(3, 19846, [19846], SEEK_SET)    = 0
_llseek(3, 19846, [19846], SEEK_SET)    = 0
_llseek(3, 19846, [19846], SEEK_SET)    = 0
_llseek(3, 19846, [19846], SEEK_SET)    = 0
_llseek(3, 19846, [19846], SEEK_SET)    = 0
_llseek(3, 19846, [19846], SEEK_SET)    = 0
_llseek(3, 19846, [19846], SEEK_SET)    = 0
_llseek(3, 19846, [19846], SEEK_SET)    = 0
_llseek(3, 19846, [19846], SEEK_SET)    = 0
_llseek(3, 19846, [19846], SEEK_SET)    = 0
_llseek(3, 19846, [19846], SEEK_SET)    = 0
_llseek(3, 19846, [19846], SEEK_SET)    = 0
_llseek(3, 19846, [19846], SEEK_SET)    = 0
_llseek(3, 19846, [19846], SEEK_SET)    = 0
_llseek(3, 19846, [19846], SEEK_SET)    = 0
_llseek(3, 19846, [19846], SEEK_SET)    = 0
_llseek(3, 19846, [19846], SEEK_SET)    = 0
_llseek(3, 19846, [19846], SEEK_SET)    = 0
_llseek(3, 19846, [19846], SEEK_SET)    = 0
_llseek(3, 19846, [19846], SEEK_SET)    = 0
_llseek(3, 19846, [19846], SEEK_SET)    = 0
_llseek(3, 19846, [19846], SEEK_SET)    = 0
_llseek(3, 19846, [19846], SEEK_SET)    = 0
_llseek(3, 19846, [19846], SEEK_SET)    = 0
_llseek(3, 19846, [19846], SEEK_SET)    = 0
_llseek(3, 19846, [19846], SEEK_SET)    = 0
_llseek(3, 19846, [19846], SEEK_SET)    = 0
_llseek(3, 19846, [19846], SEEK_SET)    = 0
_llseek(3, 19846, [19846], SEEK_SET)    = 0
_llseek(3, 19846, [19846], SEEK_SET)    = 0
_llseek(3, 19846, [19846], SEEK_SET)    = 0
_llseek(3, 19846, [19846], SEEK_SET)    = 0
_llseek(3, 19846, [19846], SEEK_SET)    = 0
_llseek(3, 19846, [19846], SEEK_SET)    = 0
_llseek(3, 19846, [19846], SEEK_SET)    = 0
_llseek(3, 19846, [19846], SEEK_SET)    = 0
_llseek(3, 19846, [19846], SEEK_SET)    = 0
_llseek(3, 19846, [19846], SEEK_SET)    = 0
_llseek(3, 19846, [19846], SEEK_SET)    = 0
_llseek(3, 19846, [19846], SEEK_SET)    = 0
_llseek(3, 19846, [19846], SEEK_SET)    = 0
_llseek(3, 19846, [19846], SEEK_SET)    = 0
_llseek(3, 19846, [19846], SEEK_SET)    = 0
read(3, "", 4096)                       = 0
_llseek(3, 16384, [16384], SEEK_SET)    = 0
read(3, "ocol.\n# Has the same meaning as "..., 3460) = 3460
read(3, "#\n", 4096)                    = 2
read(3, "", 4096)                       = 0
_llseek(3, 16384, [16384], SEEK_SET)    = 0
read(3, "ocol.\n# Has the same meaning as "..., 3462) = 3462
read(3, "", 4096)                       = 0
close(3)                                = 0
munmap(0x24f000, 4096)                  = 0
uname({sys="Linux", node="localhost.localdomain", ...}) = 0
umask(0)                                = 022
stat64("/opt/firebird/isc_lock1.localhost.localdomain", {st_mode=S_IFREG|0660, st_size=10813440, ...}) = 0
open("/opt/firebird/isc_init1.localhost.localdomain", O_RDWR|O_CREAT|O_LARGEFILE, 0666) = 3
flock(3, LOCK_EX)                       = 0
open("/opt/firebird/isc_lock1.localhost.localdomain", O_RDWR|O_CREAT|O_LARGEFILE, 0666) = 4
umask(022)                              = 0
fstat64(4, {st_mode=S_IFREG|0660, st_size=10813440, ...}) = 0
mmap2(NULL, 10813440, PROT_READ|PROT_WRITE, MAP_SHARED, 4, 0) = 0xfb3000
flock(4, LOCK_EX|LOCK_NB)               = -1 EAGAIN (Resource temporarily unavailable)
flock(4, LOCK_SH)                       = 0
flock(3, LOCK_UN)                       = 0
close(3)                                = 0
uname({sys="Linux", node="localhost.localdomain", ...}) = 0
fstat64(1, {st_mode=S_IFCHR|0620, st_rdev=makedev(136, 1), ...}) = 0
mmap2(NULL, 4096, PROT_READ|PROT_WRITE, MAP_PRIVATE|MAP_ANONYMOUS, -1, 0) = 0x5f6000
write(1, "LOCK_HEADER BLOCK\n", 18)     = 18
write(1, "\tVersion: 15, Active owner:     "..., 69) = 69
write(1, "\tLock manager pid:   2358\n", 26) = 26
write(1, "\tSemmask: 0x2C74, Flags: 0x0001\n", 32) = 32
write(1, "\tEnqs: 29399066, Converts:  3435"..., 67) = 67
write(1, "\tDeadlock scans:      0, Deadloc"..., 63) = 63
write(1, "\tAcquires: 35171411, Acquire blo"..., 61) = 61
write(1, "\tMutex wait: 0.6%\n", 18)    = 18
write(1, "\tHash slots:  101, Hash lengths "..., 62) = 62
write(1, "\tRemove node:      0, Insert que"..., 65) = 65
write(1, "\tOwners (14):\tforward:  11704, b"..., 50) = 50
write(1, "\tFree owners (24):\tforward: 4119"..., 55) = 55
